[2019-05-03 09:27:49] System.INFO: Hooks component initialized [] []
[2019-05-03 09:27:49] System.DEBUG: Adding definition for hook 'coinritual.route.beforeDispatch' for the first time. [] []
[2019-05-03 09:27:49] System.INFO: Route Container initialized [] []
[2019-05-03 09:27:49] System.INFO: Route successfully added to Container {"uri":"~^language$~"} []
[2019-05-03 09:27:49] System.INFO: Route successfully added to Container {"uri":"~^[:params:]?/?oathmaster/?[:named:]?$|^[:params:]?/?observer/?[:named:]?$~"} []
[2019-05-03 09:27:49] System.INFO: Route successfully added to Container {"uri":"~^[:params:]?/?rules/?$~"} []
[2019-05-03 09:27:49] System.INFO: Route successfully added to Container {"uri":"~^[:params:]?/?bloodnamed/?$~"} []
[2019-05-03 09:27:49] System.INFO: Route successfully added to Container {"uri":"~^coinMachine/getResult/?$~"} []
[2019-05-03 09:27:49] System.INFO: Route successfully added to Container {"uri":"~^[:params:]?/?tables/?$~"} []
[2019-05-03 09:27:49] System.INFO: Route successfully added to Container {"uri":"~^fight/save/?$~"} []
[2019-05-03 09:27:49] System.INFO: Route successfully added to Container {"uri":"~^[:params:]?/?$|^[:params:]?/?fame/?$~"} []
[2019-05-03 09:27:49] System.INFO: Shutdown and error handlers have been registered [] []
[2019-05-03 09:27:49] System.INFO: Output manager initialized [] []
[2019-05-03 09:27:49] System.INFO: Application initialized [] []
[2019-05-03 09:27:49] System.DEBUG: No hook definitions found for 'application.init.after'. Available hook definitions [["coinritual.route.beforeDispatch"]] []
[2019-05-03 09:27:49] System.INFO: Beginning process for request. ["[object] (SlaxWeb\\Router\\Request: GET /apps/ToB/index.php HTTP/1.0\r\nAccept:                    text/html,application/xhtml+xml,application/xml;q=0.9,image/webp,image/apng,*/*;q=0.8,application/signed-exchange;v=b3\r\nAccept-Encoding:           gzip, deflate, br\r\nAccept-Language:           de-DE,de;q=0.9\r\nConnection:                close\r\nCookie:                    sid=k555l9d38qhpod95e94mn2oga6; cookieconsent_status=dismiss; fusionCWG_visited=yes; acpState=1; usertbl_results=user_timezone%2Cuser_joined%2Cuser_lastvisit%2Cuser_groups; usertbl_status=0; PHPSESSID=iec133gvh3deqka19bslr74os2; fusionCWG_session=1caq2u4eeemedtovp0am3fralr; cwg_setting_planets=true; cwg_setting_mechs=true; cwg_setting_stars=true; cwg_setting_vessels=true; cw_user=55390d9e5fb674fa545276faf102e1781a357376b03c107f715725f48751d3408883\r\nDnt:                       1\r\nHost:                      www.clanwolf.net\r\nReferer:                   https://www.clanwolf.net/index.php\r\nUpgrade-Insecure-Requests: 1\r\nUser-Agent:                Mozilla/5.0 (Windows NT 10.0; Win64; x64) AppleWebKit/537.36 (KHTML, like Gecko) Chrome/73.0.3683.103 Safari/537.36\r\nX-Accel-Internal:          /internal-nginx-static-location\r\nX-Forwarded-For:           212.88.152.150\r\nX-Real-Ip:                 212.88.152.150\r\n\r\n)"] []
[2019-05-03 09:27:49] System.DEBUG: No hook definitions found for 'application.dispatch.before'. Available hook definitions [["coinritual.route.beforeDispatch"]] []
[2019-05-03 09:27:49] System.INFO: Router Dispatcher initialized [] []
[2019-05-03 09:27:49] System.INFO: Trying to find match for (GET) '' [] []
[2019-05-03 09:27:49] System.INFO: Route match found [] []
[2019-05-03 09:27:49] System.INFO: Calling definition for hook 'coinritual.route.beforeDispatch' [] []
[2019-05-03 09:27:49] System.DEBUG: Hook definition parameters ["[object] (SlaxWeb\\Bootstrap\\Application: {})","[object] (SlaxWeb\\Router\\Route: {})"] []
[2019-05-03 09:28:21] System.INFO: Hooks component initialized [] []
[2019-05-03 09:28:21] System.DEBUG: Adding definition for hook 'coinritual.route.beforeDispatch' for the first time. [] []
[2019-05-03 09:28:21] System.INFO: Route Container initialized [] []
[2019-05-03 09:28:21] System.INFO: Route successfully added to Container {"uri":"~^language$~"} []
[2019-05-03 09:28:21] System.INFO: Route successfully added to Container {"uri":"~^[:params:]?/?oathmaster/?[:named:]?$|^[:params:]?/?observer/?[:named:]?$~"} []
[2019-05-03 09:28:21] System.INFO: Route successfully added to Container {"uri":"~^[:params:]?/?rules/?$~"} []
[2019-05-03 09:28:21] System.INFO: Route successfully added to Container {"uri":"~^[:params:]?/?bloodnamed/?$~"} []
[2019-05-03 09:28:21] System.INFO: Route successfully added to Container {"uri":"~^coinMachine/getResult/?$~"} []
[2019-05-03 09:28:21] System.INFO: Route successfully added to Container {"uri":"~^[:params:]?/?tables/?$~"} []
[2019-05-03 09:28:21] System.INFO: Route successfully added to Container {"uri":"~^fight/save/?$~"} []
[2019-05-03 09:28:21] System.INFO: Route successfully added to Container {"uri":"~^[:params:]?/?$|^[:params:]?/?fame/?$~"} []
[2019-05-03 09:28:21] System.INFO: Shutdown and error handlers have been registered [] []
[2019-05-03 09:28:21] System.INFO: Output manager initialized [] []
[2019-05-03 09:28:21] System.INFO: Application initialized [] []
[2019-05-03 09:28:21] System.DEBUG: No hook definitions found for 'application.init.after'. Available hook definitions [["coinritual.route.beforeDispatch"]] []
[2019-05-03 09:28:21] System.INFO: Beginning process for request. ["[object] (SlaxWeb\\Router\\Request: GET /apps/ToB/index.php HTTP/1.0\r\nAccept:                    text/html,application/xhtml+xml,application/xml;q=0.9,image/webp,image/apng,*/*;q=0.8,application/signed-exchange;v=b3\r\nAccept-Encoding:           gzip, deflate, br\r\nAccept-Language:           de-DE,de;q=0.9\r\nConnection:                close\r\nCookie:                    sid=k555l9d38qhpod95e94mn2oga6; cookieconsent_status=dismiss; fusionCWG_visited=yes; acpState=1; usertbl_results=user_timezone%2Cuser_joined%2Cuser_lastvisit%2Cuser_groups; usertbl_status=0; PHPSESSID=iec133gvh3deqka19bslr74os2; fusionCWG_session=1caq2u4eeemedtovp0am3fralr; cwg_setting_planets=true; cwg_setting_mechs=true; cwg_setting_stars=true; cwg_setting_vessels=true; cw_user=55390d9e5fb674fa545276faf102e1781a357376b03c107f715725f48751d3408883\r\nDnt:                       1\r\nHost:                      www.clanwolf.net\r\nReferer:                   https://www.clanwolf.net/index.php\r\nUpgrade-Insecure-Requests: 1\r\nUser-Agent:                Mozilla/5.0 (Windows NT 10.0; Win64; x64) AppleWebKit/537.36 (KHTML, like Gecko) Chrome/73.0.3683.103 Safari/537.36\r\nX-Accel-Internal:          /internal-nginx-static-location\r\nX-Forwarded-For:           212.88.152.150\r\nX-Real-Ip:                 212.88.152.150\r\n\r\n)"] []
[2019-05-03 09:28:21] System.DEBUG: No hook definitions found for 'application.dispatch.before'. Available hook definitions [["coinritual.route.beforeDispatch"]] []
[2019-05-03 09:28:21] System.INFO: Router Dispatcher initialized [] []
[2019-05-03 09:28:21] System.INFO: Trying to find match for (GET) '' [] []
[2019-05-03 09:28:21] System.INFO: Route match found [] []
[2019-05-03 09:28:21] System.INFO: Calling definition for hook 'coinritual.route.beforeDispatch' [] []
[2019-05-03 09:28:21] System.DEBUG: Hook definition parameters ["[object] (SlaxWeb\\Bootstrap\\Application: {})","[object] (SlaxWeb\\Router\\Route: {})"] []
[2019-05-03 09:28:27] System.INFO: Hooks component initialized [] []
[2019-05-03 09:28:27] System.DEBUG: Adding definition for hook 'coinritual.route.beforeDispatch' for the first time. [] []
[2019-05-03 09:28:27] System.INFO: Route Container initialized [] []
[2019-05-03 09:28:27] System.INFO: Route successfully added to Container {"uri":"~^language$~"} []
[2019-05-03 09:28:27] System.INFO: Route successfully added to Container {"uri":"~^[:params:]?/?oathmaster/?[:named:]?$|^[:params:]?/?observer/?[:named:]?$~"} []
[2019-05-03 09:28:27] System.INFO: Route successfully added to Container {"uri":"~^[:params:]?/?rules/?$~"} []
[2019-05-03 09:28:27] System.INFO: Route successfully added to Container {"uri":"~^[:params:]?/?bloodnamed/?$~"} []
[2019-05-03 09:28:27] System.INFO: Route successfully added to Container {"uri":"~^coinMachine/getResult/?$~"} []
[2019-05-03 09:28:27] System.INFO: Route successfully added to Container {"uri":"~^[:params:]?/?tables/?$~"} []
[2019-05-03 09:28:27] System.INFO: Route successfully added to Container {"uri":"~^fight/save/?$~"} []
[2019-05-03 09:28:27] System.INFO: Route successfully added to Container {"uri":"~^[:params:]?/?$|^[:params:]?/?fame/?$~"} []
[2019-05-03 09:28:27] System.INFO: Shutdown and error handlers have been registered [] []
[2019-05-03 09:28:27] System.INFO: Output manager initialized [] []
[2019-05-03 09:28:27] System.INFO: Application initialized [] []
[2019-05-03 09:28:27] System.DEBUG: No hook definitions found for 'application.init.after'. Available hook definitions [["coinritual.route.beforeDispatch"]] []
[2019-05-03 09:28:27] System.INFO: Beginning process for request. ["[object] (SlaxWeb\\Router\\Request: GET /apps/ToB/index.php HTTP/1.0\r\nAccept:                    text/html,application/xhtml+xml,application/xml;q=0.9,image/webp,image/apng,*/*;q=0.8,application/signed-exchange;v=b3\r\nAccept-Encoding:           gzip, deflate, br\r\nAccept-Language:           de-DE,de;q=0.9\r\nConnection:                close\r\nCookie:                    sid=k555l9d38qhpod95e94mn2oga6; cookieconsent_status=dismiss; fusionCWG_visited=yes; acpState=1; usertbl_results=user_timezone%2Cuser_joined%2Cuser_lastvisit%2Cuser_groups; usertbl_status=0; PHPSESSID=iec133gvh3deqka19bslr74os2; fusionCWG_session=1caq2u4eeemedtovp0am3fralr; cwg_setting_planets=true; cwg_setting_mechs=true; cwg_setting_stars=true; cwg_setting_vessels=true; cw_user=55390d9e5fb674fa545276faf102e1781a357376b03c107f715725f48751d3408883\r\nDnt:                       1\r\nHost:                      www.clanwolf.net\r\nReferer:                   https://www.clanwolf.net/index.php\r\nUpgrade-Insecure-Requests: 1\r\nUser-Agent:                Mozilla/5.0 (Windows NT 10.0; Win64; x64) AppleWebKit/537.36 (KHTML, like Gecko) Chrome/73.0.3683.103 Safari/537.36\r\nX-Accel-Internal:          /internal-nginx-static-location\r\nX-Forwarded-For:           212.88.152.150\r\nX-Real-Ip:                 212.88.152.150\r\n\r\n)"] []
[2019-05-03 09:28:27] System.DEBUG: No hook definitions found for 'application.dispatch.before'. Available hook definitions [["coinritual.route.beforeDispatch"]] []
[2019-05-03 09:28:27] System.INFO: Router Dispatcher initialized [] []
[2019-05-03 09:28:27] System.INFO: Trying to find match for (GET) '' [] []
[2019-05-03 09:28:27] System.INFO: Route match found [] []
[2019-05-03 09:28:27] System.INFO: Calling definition for hook 'coinritual.route.beforeDispatch' [] []
[2019-05-03 09:28:27] System.DEBUG: Hook definition parameters ["[object] (SlaxWeb\\Bootstrap\\Application: {})","[object] (SlaxWeb\\Router\\Route: {})"] []
[2019-05-03 17:16:21] System.INFO: Hooks component initialized [] []
[2019-05-03 17:16:21] System.DEBUG: Adding definition for hook 'coinritual.route.beforeDispatch' for the first time. [] []
[2019-05-03 17:16:21] System.INFO: Route Container initialized [] []
[2019-05-03 17:16:21] System.INFO: Route successfully added to Container {"uri":"~^language$~"} []
[2019-05-03 17:16:21] System.INFO: Route successfully added to Container {"uri":"~^[:params:]?/?oathmaster/?[:named:]?$|^[:params:]?/?observer/?[:named:]?$~"} []
[2019-05-03 17:16:21] System.INFO: Route successfully added to Container {"uri":"~^[:params:]?/?rules/?$~"} []
[2019-05-03 17:16:21] System.INFO: Route successfully added to Container {"uri":"~^[:params:]?/?bloodnamed/?$~"} []
[2019-05-03 17:16:21] System.INFO: Route successfully added to Container {"uri":"~^coinMachine/getResult/?$~"} []
[2019-05-03 17:16:21] System.INFO: Route successfully added to Container {"uri":"~^[:params:]?/?tables/?$~"} []
[2019-05-03 17:16:21] System.INFO: Route successfully added to Container {"uri":"~^fight/save/?$~"} []
[2019-05-03 17:16:21] System.INFO: Route successfully added to Container {"uri":"~^[:params:]?/?$|^[:params:]?/?fame/?$~"} []
[2019-05-03 17:16:21] System.INFO: Shutdown and error handlers have been registered [] []
[2019-05-03 17:16:21] System.INFO: Output manager initialized [] []
[2019-05-03 17:16:21] System.INFO: Application initialized [] []
[2019-05-03 17:16:21] System.DEBUG: No hook definitions found for 'application.init.after'. Available hook definitions [["coinritual.route.beforeDispatch"]] []
[2019-05-03 17:16:21] System.INFO: Beginning process for request. ["[object] (SlaxWeb\\Router\\Request: GET /apps/ToB/index.php HTTP/1.0\r\nAccept:                    text/html,application/xhtml+xml,application/xml;q=0.9,image/webp,image/apng,*/*;q=0.8,application/signed-exchange;v=b3\r\nAccept-Encoding:           gzip, deflate, br\r\nAccept-Language:           de-DE,de;q=0.9\r\nConnection:                close\r\nCookie:                    cookieconsent_status=dismiss; fusionCWG_visited=yes; fusionCWG_session=l0jfo7q7l0kfq69okqa9qt255n; cwg_setting_stars=false; sid=4os6qmim3avfnh68uir4viqqd7; cw_user=55390d9e5fb674fa545276faf102e1781a357376b03c107f715725f48751d3408883\r\nDnt:                       1\r\nHost:                      www.clanwolf.net\r\nReferer:                   https://www.clanwolf.net/index.php\r\nUpgrade-Insecure-Requests: 1\r\nUser-Agent:                Mozilla/5.0 (Linux; Android 9; H3113) AppleWebKit/537.36 (KHTML, like Gecko) Chrome/73.0.3683.90 Mobile Safari/537.36\r\nX-Accel-Internal:          /internal-nginx-static-location\r\nX-Forwarded-For:           128.0.100.152\r\nX-Real-Ip:                 128.0.100.152\r\n\r\n)"] []
[2019-05-03 17:16:21] System.DEBUG: No hook definitions found for 'application.dispatch.before'. Available hook definitions [["coinritual.route.beforeDispatch"]] []
[2019-05-03 17:16:21] System.INFO: Router Dispatcher initialized [] []
[2019-05-03 17:16:21] System.INFO: Trying to find match for (GET) '' [] []
[2019-05-03 17:16:21] System.INFO: Route match found [] []
[2019-05-03 17:16:21] System.INFO: Calling definition for hook 'coinritual.route.beforeDispatch' [] []
[2019-05-03 17:16:21] System.DEBUG: Hook definition parameters ["[object] (SlaxWeb\\Bootstrap\\Application: {})","[object] (SlaxWeb\\Router\\Route: {})"] []
[2019-05-03 17:54:52] System.INFO: Hooks component initialized [] []
[2019-05-03 17:54:52] System.DEBUG: Adding definition for hook 'coinritual.route.beforeDispatch' for the first time. [] []
[2019-05-03 17:54:52] System.INFO: Route Container initialized [] []
[2019-05-03 17:54:52] System.INFO: Route successfully added to Container {"uri":"~^language$~"} []
[2019-05-03 17:54:52] System.INFO: Route successfully added to Container {"uri":"~^[:params:]?/?oathmaster/?[:named:]?$|^[:params:]?/?observer/?[:named:]?$~"} []
[2019-05-03 17:54:52] System.INFO: Route successfully added to Container {"uri":"~^[:params:]?/?rules/?$~"} []
[2019-05-03 17:54:52] System.INFO: Route successfully added to Container {"uri":"~^[:params:]?/?bloodnamed/?$~"} []
[2019-05-03 17:54:52] System.INFO: Route successfully added to Container {"uri":"~^coinMachine/getResult/?$~"} []
[2019-05-03 17:54:52] System.INFO: Route successfully added to Container {"uri":"~^[:params:]?/?tables/?$~"} []
[2019-05-03 17:54:52] System.INFO: Route successfully added to Container {"uri":"~^fight/save/?$~"} []
[2019-05-03 17:54:52] System.INFO: Route successfully added to Container {"uri":"~^[:params:]?/?$|^[:params:]?/?fame/?$~"} []
[2019-05-03 17:54:52] System.INFO: Shutdown and error handlers have been registered [] []
[2019-05-03 17:54:52] System.INFO: Output manager initialized [] []
[2019-05-03 17:54:52] System.INFO: Application initialized [] []
[2019-05-03 17:54:52] System.DEBUG: No hook definitions found for 'application.init.after'. Available hook definitions [["coinritual.route.beforeDispatch"]] []
[2019-05-03 17:54:52] System.INFO: Beginning process for request. ["[object] (SlaxWeb\\Router\\Request: GET /apps/ToB/index.php HTTP/1.0\r\nAccept:                    text/html,application/xhtml+xml,application/xml;q=0.9,image/webp,image/apng,*/*;q=0.8,application/signed-exchange;v=b3\r\nAccept-Encoding:           gzip, deflate, br\r\nAccept-Language:           de-DE,de;q=0.9\r\nConnection:                close\r\nCookie:                    cookieconsent_status=dismiss; fusionCWG_visited=yes; PHPSESSID=d1uu00s4iqi7ogbv6csvu246u0; acpState=1; sid=3rjiepcvtrafs39f3ob6jhub4b; fusionCWG_session=8sah7mfdk2srkh0rlpvmlb8j4m; cwg_setting_vessels=true; cwg_setting_mechs=true; cwg_setting_stars=true; cw_user=55390d9e5fb674fa545276faf102e1781a357376b03c107f715725f48751d3408883\r\nDnt:                       1\r\nHost:                      www.clanwolf.net\r\nReferer:                   https://www.clanwolf.net/index.php\r\nUpgrade-Insecure-Requests: 1\r\nUser-Agent:                Mozilla/5.0 (Windows NT 10.0; Win64; x64) AppleWebKit/537.36 (KHTML, like Gecko) Chrome/74.0.3729.131 Safari/537.36\r\nX-Accel-Internal:          /internal-nginx-static-location\r\nX-Forwarded-For:           128.0.100.152\r\nX-Real-Ip:                 128.0.100.152\r\n\r\n)"] []
[2019-05-03 17:54:52] System.DEBUG: No hook definitions found for 'application.dispatch.before'. Available hook definitions [["coinritual.route.beforeDispatch"]] []
[2019-05-03 17:54:52] System.INFO: Router Dispatcher initialized [] []
[2019-05-03 17:54:52] System.INFO: Trying to find match for (GET) '' [] []
[2019-05-03 17:54:52] System.INFO: Route match found [] []
[2019-05-03 17:54:52] System.INFO: Calling definition for hook 'coinritual.route.beforeDispatch' [] []
[2019-05-03 17:54:52] System.DEBUG: Hook definition parameters ["[object] (SlaxWeb\\Bootstrap\\Application: {})","[object] (SlaxWeb\\Router\\Route: {})"] []
[2019-05-03 21:21:00] System.INFO: Hooks component initialized [] []
[2019-05-03 21:21:00] System.DEBUG: Adding definition for hook 'coinritual.route.beforeDispatch' for the first time. [] []
[2019-05-03 21:21:00] System.INFO: Route Container initialized [] []
[2019-05-03 21:21:00] System.INFO: Route successfully added to Container {"uri":"~^language$~"} []
[2019-05-03 21:21:00] System.INFO: Route successfully added to Container {"uri":"~^[:params:]?/?oathmaster/?[:named:]?$|^[:params:]?/?observer/?[:named:]?$~"} []
[2019-05-03 21:21:00] System.INFO: Route successfully added to Container {"uri":"~^[:params:]?/?rules/?$~"} []
[2019-05-03 21:21:00] System.INFO: Route successfully added to Container {"uri":"~^[:params:]?/?bloodnamed/?$~"} []
[2019-05-03 21:21:00] System.INFO: Route successfully added to Container {"uri":"~^coinMachine/getResult/?$~"} []
[2019-05-03 21:21:00] System.INFO: Route successfully added to Container {"uri":"~^[:params:]?/?tables/?$~"} []
[2019-05-03 21:21:00] System.INFO: Route successfully added to Container {"uri":"~^fight/save/?$~"} []
[2019-05-03 21:21:00] System.INFO: Route successfully added to Container {"uri":"~^[:params:]?/?$|^[:params:]?/?fame/?$~"} []
[2019-05-03 21:21:00] System.INFO: Shutdown and error handlers have been registered [] []
[2019-05-03 21:21:00] System.INFO: Output manager initialized [] []
[2019-05-03 21:21:00] System.INFO: Application initialized [] []
[2019-05-03 21:21:00] System.DEBUG: No hook definitions found for 'application.init.after'. Available hook definitions [["coinritual.route.beforeDispatch"]] []
[2019-05-03 21:21:00] System.INFO: Beginning process for request. ["[object] (SlaxWeb\\Router\\Request: GET /apps/ToB/index.php HTTP/1.0\r\nAccept:                    text/html,application/xhtml+xml,application/xml;q=0.9,*/*;q=0.8\r\nAccept-Encoding:           gzip, deflate, br\r\nAccept-Language:           de,en-US;q=0.7,en;q=0.3\r\nConnection:                close\r\nCookie:                    cookieconsent_status=dismiss; cwg_setting_stars=false; cwg_setting_vessels=true; cwg_setting_mechs=true; sid=mcjn47einebfr67bmj20n2ru9m; cw_user=54210f7961a936384e52b89eb308e57819edb2acb4e45b816f1c31a0a399d14c877d7b04\r\nDnt:                       1\r\nHost:                      www.clanwolf.net\r\nReferer:                   https://www.clanwolf.net/index.php\r\nUpgrade-Insecure-Requests: 1\r\nUser-Agent:                Mozilla/5.0 (Windows NT 6.1; Win64; x64; rv:66.0) Gecko/20100101 Firefox/66.0\r\nX-Accel-Internal:          /internal-nginx-static-location\r\nX-Forwarded-For:           90.186.49.114\r\nX-Real-Ip:                 90.186.49.114\r\n\r\n)"] []
[2019-05-03 21:21:00] System.DEBUG: No hook definitions found for 'application.dispatch.before'. Available hook definitions [["coinritual.route.beforeDispatch"]] []
[2019-05-03 21:21:00] System.INFO: Router Dispatcher initialized [] []
[2019-05-03 21:21:00] System.INFO: Trying to find match for (GET) '' [] []
[2019-05-03 21:21:00] System.INFO: Route match found [] []
[2019-05-03 21:21:00] System.INFO: Calling definition for hook 'coinritual.route.beforeDispatch' [] []
[2019-05-03 21:21:00] System.DEBUG: Hook definition parameters ["[object] (SlaxWeb\\Bootstrap\\Application: {})","[object] (SlaxWeb\\Router\\Route: {})"] []
