[2019-05-01 01:02:53] System.INFO: Hooks component initialized [] []
[2019-05-01 01:02:53] System.DEBUG: Adding definition for hook 'coinritual.route.beforeDispatch' for the first time. [] []
[2019-05-01 01:02:53] System.INFO: Route Container initialized [] []
[2019-05-01 01:02:53] System.INFO: Route successfully added to Container {"uri":"~^language$~"} []
[2019-05-01 01:02:53] System.INFO: Route successfully added to Container {"uri":"~^[:params:]?/?oathmaster/?[:named:]?$|^[:params:]?/?observer/?[:named:]?$~"} []
[2019-05-01 01:02:53] System.INFO: Route successfully added to Container {"uri":"~^[:params:]?/?rules/?$~"} []
[2019-05-01 01:02:53] System.INFO: Route successfully added to Container {"uri":"~^[:params:]?/?bloodnamed/?$~"} []
[2019-05-01 01:02:53] System.INFO: Route successfully added to Container {"uri":"~^coinMachine/getResult/?$~"} []
[2019-05-01 01:02:53] System.INFO: Route successfully added to Container {"uri":"~^[:params:]?/?tables/?$~"} []
[2019-05-01 01:02:53] System.INFO: Route successfully added to Container {"uri":"~^fight/save/?$~"} []
[2019-05-01 01:02:53] System.INFO: Route successfully added to Container {"uri":"~^[:params:]?/?$|^[:params:]?/?fame/?$~"} []
[2019-05-01 01:02:53] System.INFO: Shutdown and error handlers have been registered [] []
[2019-05-01 01:02:53] System.INFO: Output manager initialized [] []
[2019-05-01 01:02:53] System.INFO: Application initialized [] []
[2019-05-01 01:02:53] System.DEBUG: No hook definitions found for 'application.init.after'. Available hook definitions [["coinritual.route.beforeDispatch"]] []
[2019-05-01 01:02:53] System.INFO: Beginning process for request. ["[object] (SlaxWeb\\Router\\Request: GET /apps/ToB/index.php HTTP/1.0\r\nAccept:           */*\r\nAccept-Encoding:  gzip, deflate\r\nAccept-Language:  ru,by;q=0.7,en;q=0.7,kz;q=0.7,ua;q=0.7,*;q=0.1\r\nConnection:       close\r\nHost:             www.clanwolf.net\r\nUser-Agent:       Mozilla/5.0 (compatible; Linux x86_64; Mail.RU_Bot/2.0; +http://go.mail.ru/help/robots)\r\nX-Accel-Internal: /internal-nginx-static-location\r\nX-Forwarded-For:  95.163.255.18\r\nX-Real-Ip:        95.163.255.18\r\n\r\n)"] []
[2019-05-01 01:02:53] System.DEBUG: No hook definitions found for 'application.dispatch.before'. Available hook definitions [["coinritual.route.beforeDispatch"]] []
[2019-05-01 01:02:53] System.INFO: Router Dispatcher initialized [] []
[2019-05-01 01:02:53] System.INFO: Trying to find match for (GET) '' [] []
[2019-05-01 01:02:53] System.INFO: Route match found [] []
[2019-05-01 01:02:53] System.INFO: Calling definition for hook 'coinritual.route.beforeDispatch' [] []
[2019-05-01 01:02:53] System.DEBUG: Hook definition parameters ["[object] (SlaxWeb\\Bootstrap\\Application: {})","[object] (SlaxWeb\\Router\\Route: {})"] []
