[2019-04-29 01:18:31] System.INFO: Hooks component initialized [] []
[2019-04-29 01:18:31] System.DEBUG: Adding definition for hook 'coinritual.route.beforeDispatch' for the first time. [] []
[2019-04-29 01:18:31] System.INFO: Route Container initialized [] []
[2019-04-29 01:18:31] System.INFO: Route successfully added to Container {"uri":"~^language$~"} []
[2019-04-29 01:18:31] System.INFO: Route successfully added to Container {"uri":"~^[:params:]?/?oathmaster/?[:named:]?$|^[:params:]?/?observer/?[:named:]?$~"} []
[2019-04-29 01:18:31] System.INFO: Route successfully added to Container {"uri":"~^[:params:]?/?rules/?$~"} []
[2019-04-29 01:18:31] System.INFO: Route successfully added to Container {"uri":"~^[:params:]?/?bloodnamed/?$~"} []
[2019-04-29 01:18:31] System.INFO: Route successfully added to Container {"uri":"~^coinMachine/getResult/?$~"} []
[2019-04-29 01:18:31] System.INFO: Route successfully added to Container {"uri":"~^[:params:]?/?tables/?$~"} []
[2019-04-29 01:18:31] System.INFO: Route successfully added to Container {"uri":"~^fight/save/?$~"} []
[2019-04-29 01:18:31] System.INFO: Route successfully added to Container {"uri":"~^[:params:]?/?$|^[:params:]?/?fame/?$~"} []
[2019-04-29 01:18:31] System.INFO: Shutdown and error handlers have been registered [] []
[2019-04-29 01:18:31] System.INFO: Output manager initialized [] []
[2019-04-29 01:18:31] System.INFO: Application initialized [] []
[2019-04-29 01:18:31] System.DEBUG: No hook definitions found for 'application.init.after'. Available hook definitions [["coinritual.route.beforeDispatch"]] []
[2019-04-29 01:18:31] System.INFO: Beginning process for request. ["[object] (SlaxWeb\\Router\\Request: GET /apps/ToB/index.php HTTP/1.0\r\nAccept:              text/html,application/xhtml+xml,application/xml;q=0.9,*/*;q=0.8,text/html,application/xhtml+xml,application/signed-exchange;v=b3,application/xml;q=0.9,*/*;q=0.8\r\nAccept-Encoding:     gzip,deflate,br\r\nAmp-Cache-Transform: google;v=\"1\"\r\nConnection:          close\r\nFrom:                googlebot(at)googlebot.com\r\nHost:                www.clanwolf.net\r\nUser-Agent:          Mozilla/5.0 (Linux; Android 6.0.1; Nexus 5X Build/MMB29P) AppleWebKit/537.36 (KHTML, like Gecko) Chrome/41.0.2272.96 Mobile Safari/537.36 (compatible; Googlebot/2.1; +http://www.google.com/bot.html)\r\nX-Accel-Internal:    /internal-nginx-static-location\r\nX-Forwarded-For:     66.249.66.203\r\nX-Real-Ip:           66.249.66.203\r\n\r\n)"] []
[2019-04-29 01:18:31] System.DEBUG: No hook definitions found for 'application.dispatch.before'. Available hook definitions [["coinritual.route.beforeDispatch"]] []
[2019-04-29 01:18:31] System.INFO: Router Dispatcher initialized [] []
[2019-04-29 01:18:31] System.INFO: Trying to find match for (GET) '' [] []
[2019-04-29 01:18:31] System.INFO: Route match found [] []
[2019-04-29 01:18:31] System.INFO: Calling definition for hook 'coinritual.route.beforeDispatch' [] []
[2019-04-29 01:18:31] System.DEBUG: Hook definition parameters ["[object] (SlaxWeb\\Bootstrap\\Application: {})","[object] (SlaxWeb\\Router\\Route: {})"] []
[2019-04-29 11:53:52] System.INFO: Hooks component initialized [] []
[2019-04-29 11:53:52] System.DEBUG: Adding definition for hook 'coinritual.route.beforeDispatch' for the first time. [] []
[2019-04-29 11:53:52] System.INFO: Route Container initialized [] []
[2019-04-29 11:53:52] System.INFO: Route successfully added to Container {"uri":"~^language$~"} []
[2019-04-29 11:53:52] System.INFO: Route successfully added to Container {"uri":"~^[:params:]?/?oathmaster/?[:named:]?$|^[:params:]?/?observer/?[:named:]?$~"} []
[2019-04-29 11:53:52] System.INFO: Route successfully added to Container {"uri":"~^[:params:]?/?rules/?$~"} []
[2019-04-29 11:53:52] System.INFO: Route successfully added to Container {"uri":"~^[:params:]?/?bloodnamed/?$~"} []
[2019-04-29 11:53:52] System.INFO: Route successfully added to Container {"uri":"~^coinMachine/getResult/?$~"} []
[2019-04-29 11:53:52] System.INFO: Route successfully added to Container {"uri":"~^[:params:]?/?tables/?$~"} []
[2019-04-29 11:53:52] System.INFO: Route successfully added to Container {"uri":"~^fight/save/?$~"} []
[2019-04-29 11:53:52] System.INFO: Route successfully added to Container {"uri":"~^[:params:]?/?$|^[:params:]?/?fame/?$~"} []
[2019-04-29 11:53:52] System.INFO: Shutdown and error handlers have been registered [] []
[2019-04-29 11:53:52] System.INFO: Output manager initialized [] []
[2019-04-29 11:53:52] System.INFO: Application initialized [] []
[2019-04-29 11:53:52] System.DEBUG: No hook definitions found for 'application.init.after'. Available hook definitions [["coinritual.route.beforeDispatch"]] []
[2019-04-29 11:53:52] System.INFO: Beginning process for request. ["[object] (SlaxWeb\\Router\\Request: GET /apps/ToB/index.php HTTP/1.0\r\nAccept:                    text/html,application/xhtml+xml,application/xml;q=0.9,image/webp,image/apng,*/*;q=0.8,application/signed-exchange;v=b3\r\nAccept-Encoding:           gzip, deflate, br\r\nAccept-Language:           de-DE,de;q=0.9\r\nConnection:                close\r\nCookie:                    sid=k555l9d38qhpod95e94mn2oga6; cookieconsent_status=dismiss; fusionCWG_visited=yes; acpState=1; usertbl_results=user_timezone%2Cuser_joined%2Cuser_lastvisit%2Cuser_groups; usertbl_status=0; PHPSESSID=iec133gvh3deqka19bslr74os2; cw_user=55390d9e5fb674fa545276faf102e1781a357376b03c107f715725f48751d3408883\r\nDnt:                       1\r\nHost:                      www.clanwolf.net\r\nUpgrade-Insecure-Requests: 1\r\nUser-Agent:                Mozilla/5.0 (Windows NT 10.0; Win64; x64) AppleWebKit/537.36 (KHTML, like Gecko) Chrome/73.0.3683.103 Safari/537.36\r\nX-Accel-Internal:          /internal-nginx-static-location\r\nX-Forwarded-For:           212.88.152.150\r\nX-Real-Ip:                 212.88.152.150\r\n\r\n)"] []
[2019-04-29 11:53:52] System.DEBUG: No hook definitions found for 'application.dispatch.before'. Available hook definitions [["coinritual.route.beforeDispatch"]] []
[2019-04-29 11:53:52] System.INFO: Router Dispatcher initialized [] []
[2019-04-29 11:53:52] System.INFO: Trying to find match for (GET) '' [] []
[2019-04-29 11:53:52] System.INFO: Route match found [] []
[2019-04-29 11:53:52] System.INFO: Calling definition for hook 'coinritual.route.beforeDispatch' [] []
[2019-04-29 11:53:52] System.DEBUG: Hook definition parameters ["[object] (SlaxWeb\\Bootstrap\\Application: {})","[object] (SlaxWeb\\Router\\Route: {})"] []
[2019-04-29 11:58:01] System.INFO: Hooks component initialized [] []
[2019-04-29 11:58:01] System.DEBUG: Adding definition for hook 'coinritual.route.beforeDispatch' for the first time. [] []
[2019-04-29 11:58:01] System.INFO: Route Container initialized [] []
[2019-04-29 11:58:01] System.INFO: Route successfully added to Container {"uri":"~^apps/ToB/language$~"} []
[2019-04-29 11:58:01] System.INFO: Route successfully added to Container {"uri":"~^[:params:]?/?oathmaster/?[:named:]?$|^[:params:]?/?observer/?[:named:]?$~"} []
[2019-04-29 11:58:01] System.INFO: Route successfully added to Container {"uri":"~^[:params:]?/?rules/?$~"} []
[2019-04-29 11:58:01] System.INFO: Route successfully added to Container {"uri":"~^[:params:]?/?bloodnamed/?$~"} []
[2019-04-29 11:58:01] System.INFO: Route successfully added to Container {"uri":"~^coinMachine/getResult/?$~"} []
[2019-04-29 11:58:01] System.INFO: Route successfully added to Container {"uri":"~^[:params:]?/?tables/?$~"} []
[2019-04-29 11:58:01] System.INFO: Route successfully added to Container {"uri":"~^fight/save/?$~"} []
[2019-04-29 11:58:01] System.INFO: Route successfully added to Container {"uri":"~^[:params:]?/?$|^[:params:]?/?fame/?$~"} []
[2019-04-29 11:58:01] System.INFO: Shutdown and error handlers have been registered [] []
[2019-04-29 11:58:01] System.INFO: Output manager initialized [] []
[2019-04-29 11:58:01] System.INFO: Application initialized [] []
[2019-04-29 11:58:01] System.DEBUG: No hook definitions found for 'application.init.after'. Available hook definitions [["coinritual.route.beforeDispatch"]] []
[2019-04-29 11:58:01] System.INFO: Beginning process for request. ["[object] (SlaxWeb\\Router\\Request: GET /apps/ToB/index.php HTTP/1.0\r\nAccept:                    text/html,application/xhtml+xml,application/xml;q=0.9,image/webp,image/apng,*/*;q=0.8,application/signed-exchange;v=b3\r\nAccept-Encoding:           gzip, deflate, br\r\nAccept-Language:           de-DE,de;q=0.9\r\nConnection:                close\r\nCookie:                    sid=k555l9d38qhpod95e94mn2oga6; cookieconsent_status=dismiss; fusionCWG_visited=yes; acpState=1; usertbl_results=user_timezone%2Cuser_joined%2Cuser_lastvisit%2Cuser_groups; usertbl_status=0; PHPSESSID=iec133gvh3deqka19bslr74os2; cw_user=55390d9e5fb674fa545276faf102e1781a357376b03c107f715725f48751d3408883\r\nDnt:                       1\r\nHost:                      www.clanwolf.net\r\nUpgrade-Insecure-Requests: 1\r\nUser-Agent:                Mozilla/5.0 (Windows NT 10.0; Win64; x64) AppleWebKit/537.36 (KHTML, like Gecko) Chrome/73.0.3683.103 Safari/537.36\r\nX-Accel-Internal:          /internal-nginx-static-location\r\nX-Forwarded-For:           212.88.152.150\r\nX-Real-Ip:                 212.88.152.150\r\n\r\n)"] []
[2019-04-29 11:58:01] System.DEBUG: No hook definitions found for 'application.dispatch.before'. Available hook definitions [["coinritual.route.beforeDispatch"]] []
[2019-04-29 11:58:01] System.INFO: Router Dispatcher initialized [] []
[2019-04-29 11:58:01] System.INFO: Trying to find match for (GET) '' [] []
[2019-04-29 11:58:01] System.INFO: Route match found [] []
[2019-04-29 11:58:01] System.INFO: Calling definition for hook 'coinritual.route.beforeDispatch' [] []
[2019-04-29 11:58:01] System.DEBUG: Hook definition parameters ["[object] (SlaxWeb\\Bootstrap\\Application: {})","[object] (SlaxWeb\\Router\\Route: {})"] []
[2019-04-29 11:58:32] System.INFO: Hooks component initialized [] []
[2019-04-29 11:58:32] System.DEBUG: Adding definition for hook 'coinritual.route.beforeDispatch' for the first time. [] []
[2019-04-29 11:58:32] System.INFO: Route Container initialized [] []
[2019-04-29 11:58:32] System.INFO: Route successfully added to Container {"uri":"~^/apps/ToB/language$~"} []
[2019-04-29 11:58:32] System.INFO: Route successfully added to Container {"uri":"~^[:params:]?/?oathmaster/?[:named:]?$|^[:params:]?/?observer/?[:named:]?$~"} []
[2019-04-29 11:58:32] System.INFO: Route successfully added to Container {"uri":"~^[:params:]?/?rules/?$~"} []
[2019-04-29 11:58:32] System.INFO: Route successfully added to Container {"uri":"~^[:params:]?/?bloodnamed/?$~"} []
[2019-04-29 11:58:32] System.INFO: Route successfully added to Container {"uri":"~^coinMachine/getResult/?$~"} []
[2019-04-29 11:58:32] System.INFO: Route successfully added to Container {"uri":"~^[:params:]?/?tables/?$~"} []
[2019-04-29 11:58:32] System.INFO: Route successfully added to Container {"uri":"~^fight/save/?$~"} []
[2019-04-29 11:58:32] System.INFO: Route successfully added to Container {"uri":"~^[:params:]?/?$|^[:params:]?/?fame/?$~"} []
[2019-04-29 11:58:32] System.INFO: Shutdown and error handlers have been registered [] []
[2019-04-29 11:58:32] System.INFO: Output manager initialized [] []
[2019-04-29 11:58:32] System.INFO: Application initialized [] []
[2019-04-29 11:58:32] System.DEBUG: No hook definitions found for 'application.init.after'. Available hook definitions [["coinritual.route.beforeDispatch"]] []
[2019-04-29 11:58:32] System.INFO: Beginning process for request. ["[object] (SlaxWeb\\Router\\Request: GET /apps/ToB/index.php HTTP/1.0\r\nAccept:                    text/html,application/xhtml+xml,application/xml;q=0.9,image/webp,image/apng,*/*;q=0.8,application/signed-exchange;v=b3\r\nAccept-Encoding:           gzip, deflate, br\r\nAccept-Language:           de-DE,de;q=0.9\r\nConnection:                close\r\nCookie:                    sid=k555l9d38qhpod95e94mn2oga6; cookieconsent_status=dismiss; fusionCWG_visited=yes; acpState=1; usertbl_results=user_timezone%2Cuser_joined%2Cuser_lastvisit%2Cuser_groups; usertbl_status=0; PHPSESSID=iec133gvh3deqka19bslr74os2; cw_user=55390d9e5fb674fa545276faf102e1781a357376b03c107f715725f48751d3408883\r\nDnt:                       1\r\nHost:                      www.clanwolf.net\r\nUpgrade-Insecure-Requests: 1\r\nUser-Agent:                Mozilla/5.0 (Windows NT 10.0; Win64; x64) AppleWebKit/537.36 (KHTML, like Gecko) Chrome/73.0.3683.103 Safari/537.36\r\nX-Accel-Internal:          /internal-nginx-static-location\r\nX-Forwarded-For:           212.88.152.150\r\nX-Real-Ip:                 212.88.152.150\r\n\r\n)"] []
[2019-04-29 11:58:32] System.DEBUG: No hook definitions found for 'application.dispatch.before'. Available hook definitions [["coinritual.route.beforeDispatch"]] []
[2019-04-29 11:58:32] System.INFO: Router Dispatcher initialized [] []
[2019-04-29 11:58:32] System.INFO: Trying to find match for (GET) '' [] []
[2019-04-29 11:58:32] System.INFO: Route match found [] []
[2019-04-29 11:58:32] System.INFO: Calling definition for hook 'coinritual.route.beforeDispatch' [] []
[2019-04-29 11:58:32] System.DEBUG: Hook definition parameters ["[object] (SlaxWeb\\Bootstrap\\Application: {})","[object] (SlaxWeb\\Router\\Route: {})"] []
[2019-04-29 20:44:58] System.INFO: Hooks component initialized [] []
[2019-04-29 20:44:58] System.DEBUG: Adding definition for hook 'coinritual.route.beforeDispatch' for the first time. [] []
[2019-04-29 20:44:58] System.INFO: Route Container initialized [] []
[2019-04-29 20:44:58] System.INFO: Route successfully added to Container {"uri":"~^language$~"} []
[2019-04-29 20:44:58] System.INFO: Route successfully added to Container {"uri":"~^[:params:]?/?oathmaster/?[:named:]?$|^[:params:]?/?observer/?[:named:]?$~"} []
[2019-04-29 20:44:58] System.INFO: Route successfully added to Container {"uri":"~^[:params:]?/?rules/?$~"} []
[2019-04-29 20:44:58] System.INFO: Route successfully added to Container {"uri":"~^[:params:]?/?bloodnamed/?$~"} []
[2019-04-29 20:44:58] System.INFO: Route successfully added to Container {"uri":"~^coinMachine/getResult/?$~"} []
[2019-04-29 20:44:58] System.INFO: Route successfully added to Container {"uri":"~^[:params:]?/?tables/?$~"} []
[2019-04-29 20:44:58] System.INFO: Route successfully added to Container {"uri":"~^fight/save/?$~"} []
[2019-04-29 20:44:58] System.INFO: Route successfully added to Container {"uri":"~^[:params:]?/?$|^[:params:]?/?fame/?$~"} []
[2019-04-29 20:44:58] System.INFO: Shutdown and error handlers have been registered [] []
[2019-04-29 20:44:58] System.INFO: Output manager initialized [] []
[2019-04-29 20:44:58] System.INFO: Application initialized [] []
[2019-04-29 20:44:58] System.DEBUG: No hook definitions found for 'application.init.after'. Available hook definitions [["coinritual.route.beforeDispatch"]] []
[2019-04-29 20:44:58] System.INFO: Beginning process for request. ["[object] (SlaxWeb\\Router\\Request: GET /apps/ToB/index.php HTTP/1.0\r\nAccept:           */*\r\nAccept-Encoding:  gzip, deflate\r\nAccept-Language:  ru,by;q=0.7,en;q=0.7,kz;q=0.7,ua;q=0.7,*;q=0.1\r\nConnection:       close\r\nHost:             www.clanwolf.net\r\nUser-Agent:       Mozilla/5.0 (compatible; Linux x86_64; Mail.RU_Bot/2.0; +http://go.mail.ru/help/robots)\r\nX-Accel-Internal: /internal-nginx-static-location\r\nX-Forwarded-For:  95.163.255.15\r\nX-Real-Ip:        95.163.255.15\r\n\r\n)"] []
[2019-04-29 20:44:58] System.DEBUG: No hook definitions found for 'application.dispatch.before'. Available hook definitions [["coinritual.route.beforeDispatch"]] []
[2019-04-29 20:44:58] System.INFO: Router Dispatcher initialized [] []
[2019-04-29 20:44:58] System.INFO: Trying to find match for (GET) '' [] []
[2019-04-29 20:44:58] System.INFO: Route match found [] []
[2019-04-29 20:44:58] System.INFO: Calling definition for hook 'coinritual.route.beforeDispatch' [] []
[2019-04-29 20:44:58] System.DEBUG: Hook definition parameters ["[object] (SlaxWeb\\Bootstrap\\Application: {})","[object] (SlaxWeb\\Router\\Route: {})"] []
