[2018-11-03 01:42:03] System.INFO: Hooks component initialized [] []
[2018-11-03 01:42:03] System.DEBUG: Adding definition for hook 'coinritual.route.beforeDispatch' for the first time. [] []
[2018-11-03 01:42:03] System.INFO: Route Container initialized [] []
[2018-11-03 01:42:03] System.INFO: Route successfully added to Container {"uri":"~^language$~"} []
[2018-11-03 01:42:03] System.INFO: Route successfully added to Container {"uri":"~^[:params:]?/?oathmaster/?[:named:]?$|^[:params:]?/?observer/?[:named:]?$~"} []
[2018-11-03 01:42:03] System.INFO: Route successfully added to Container {"uri":"~^[:params:]?/?rules/?$~"} []
[2018-11-03 01:42:03] System.INFO: Route successfully added to Container {"uri":"~^[:params:]?/?bloodnamed/?$~"} []
[2018-11-03 01:42:03] System.INFO: Route successfully added to Container {"uri":"~^coinMachine/getResult/?$~"} []
[2018-11-03 01:42:03] System.INFO: Route successfully added to Container {"uri":"~^[:params:]?/?tables/?$~"} []
[2018-11-03 01:42:03] System.INFO: Route successfully added to Container {"uri":"~^fight/save/?$~"} []
[2018-11-03 01:42:03] System.INFO: Route successfully added to Container {"uri":"~^[:params:]?/?$|^[:params:]?/?fame/?$~"} []
[2018-11-03 01:42:03] System.INFO: Shutdown and error handlers have been registered [] []
[2018-11-03 01:42:03] System.INFO: Output manager initialized [] []
[2018-11-03 01:42:03] System.INFO: Application initialized [] []
[2018-11-03 01:42:03] System.DEBUG: No hook definitions found for 'application.init.after'. Available hook definitions [["coinritual.route.beforeDispatch"]] []
[2018-11-03 01:42:03] System.INFO: Beginning process for request. ["[object] (SlaxWeb\\Router\\Request: GET / HTTP/1.0\r\nAccept:           */*\r\nAccept-Encoding:  gzip, deflate\r\nCache-Control:    no-cache\r\nConnection:       close\r\nFrom:             bingbot(at)microsoft.com\r\nHost:             tob.clanwolf.net\r\nPragma:           no-cache\r\nUser-Agent:       Mozilla/5.0 (compatible; bingbot/2.0; +http://www.bing.com/bingbot.htm)\r\nX-Accel-Internal: /internal-nginx-static-location\r\nX-Forwarded-For:  207.46.13.29\r\nX-Real-Ip:        207.46.13.29\r\n\r\n)"] []
[2018-11-03 01:42:03] System.DEBUG: No hook definitions found for 'application.dispatch.before'. Available hook definitions [["coinritual.route.beforeDispatch"]] []
[2018-11-03 01:42:03] System.INFO: Router Dispatcher initialized [] []
[2018-11-03 01:42:03] System.INFO: Trying to find match for (GET) '' [] []
[2018-11-03 01:42:03] System.INFO: Route match found [] []
[2018-11-03 01:42:03] System.INFO: Calling definition for hook 'coinritual.route.beforeDispatch' [] []
[2018-11-03 01:42:03] System.DEBUG: Hook definition parameters ["[object] (SlaxWeb\\Bootstrap\\Application: {})","[object] (SlaxWeb\\Router\\Route: {})"] []
[2018-11-03 02:14:00] System.INFO: Hooks component initialized [] []
[2018-11-03 02:14:00] System.DEBUG: Adding definition for hook 'coinritual.route.beforeDispatch' for the first time. [] []
[2018-11-03 02:14:00] System.INFO: Route Container initialized [] []
[2018-11-03 02:14:00] System.INFO: Route successfully added to Container {"uri":"~^language$~"} []
[2018-11-03 02:14:00] System.INFO: Route successfully added to Container {"uri":"~^[:params:]?/?oathmaster/?[:named:]?$|^[:params:]?/?observer/?[:named:]?$~"} []
[2018-11-03 02:14:00] System.INFO: Route successfully added to Container {"uri":"~^[:params:]?/?rules/?$~"} []
[2018-11-03 02:14:00] System.INFO: Route successfully added to Container {"uri":"~^[:params:]?/?bloodnamed/?$~"} []
[2018-11-03 02:14:00] System.INFO: Route successfully added to Container {"uri":"~^coinMachine/getResult/?$~"} []
[2018-11-03 02:14:00] System.INFO: Route successfully added to Container {"uri":"~^[:params:]?/?tables/?$~"} []
[2018-11-03 02:14:00] System.INFO: Route successfully added to Container {"uri":"~^fight/save/?$~"} []
[2018-11-03 02:14:00] System.INFO: Route successfully added to Container {"uri":"~^[:params:]?/?$|^[:params:]?/?fame/?$~"} []
[2018-11-03 02:14:00] System.INFO: Shutdown and error handlers have been registered [] []
[2018-11-03 02:14:00] System.INFO: Output manager initialized [] []
[2018-11-03 02:14:00] System.INFO: Application initialized [] []
[2018-11-03 02:14:00] System.DEBUG: No hook definitions found for 'application.init.after'. Available hook definitions [["coinritual.route.beforeDispatch"]] []
[2018-11-03 02:14:00] System.INFO: Beginning process for request. ["[object] (SlaxWeb\\Router\\Request: GET / HTTP/1.0\r\nConnection:       close\r\nHost:             tob.clanwolf.net\r\nUser-Agent:       SAMSUNG-SGH-E250/1.0 Profile/MIDP-2.0 Configuration/CLDC-1.1 UP.Browser/6.2.3.3.c.1.101 (GUI) MMP/2.0 (compatible; Googlebot-Mobile/2.1;  http://www.google.com/bot.html)\r\nX-Accel-Internal: /internal-nginx-static-location\r\nX-Forwarded-For:  91.204.24.253\r\nX-Real-Ip:        91.204.24.253\r\n\r\n)"] []
[2018-11-03 02:14:00] System.DEBUG: No hook definitions found for 'application.dispatch.before'. Available hook definitions [["coinritual.route.beforeDispatch"]] []
[2018-11-03 02:14:00] System.INFO: Router Dispatcher initialized [] []
[2018-11-03 02:14:00] System.INFO: Trying to find match for (GET) '' [] []
[2018-11-03 02:14:00] System.INFO: Route match found [] []
[2018-11-03 02:14:00] System.INFO: Calling definition for hook 'coinritual.route.beforeDispatch' [] []
[2018-11-03 02:14:00] System.DEBUG: Hook definition parameters ["[object] (SlaxWeb\\Bootstrap\\Application: {})","[object] (SlaxWeb\\Router\\Route: {})"] []
[2018-11-03 02:20:47] System.INFO: Hooks component initialized [] []
[2018-11-03 02:20:47] System.DEBUG: Adding definition for hook 'coinritual.route.beforeDispatch' for the first time. [] []
[2018-11-03 02:20:47] System.INFO: Route Container initialized [] []
[2018-11-03 02:20:47] System.INFO: Route successfully added to Container {"uri":"~^language$~"} []
[2018-11-03 02:20:47] System.INFO: Route successfully added to Container {"uri":"~^[:params:]?/?oathmaster/?[:named:]?$|^[:params:]?/?observer/?[:named:]?$~"} []
[2018-11-03 02:20:47] System.INFO: Route successfully added to Container {"uri":"~^[:params:]?/?rules/?$~"} []
[2018-11-03 02:20:47] System.INFO: Route successfully added to Container {"uri":"~^[:params:]?/?bloodnamed/?$~"} []
[2018-11-03 02:20:47] System.INFO: Route successfully added to Container {"uri":"~^coinMachine/getResult/?$~"} []
[2018-11-03 02:20:47] System.INFO: Route successfully added to Container {"uri":"~^[:params:]?/?tables/?$~"} []
[2018-11-03 02:20:47] System.INFO: Route successfully added to Container {"uri":"~^fight/save/?$~"} []
[2018-11-03 02:20:47] System.INFO: Route successfully added to Container {"uri":"~^[:params:]?/?$|^[:params:]?/?fame/?$~"} []
[2018-11-03 02:20:47] System.INFO: Shutdown and error handlers have been registered [] []
[2018-11-03 02:20:47] System.INFO: Output manager initialized [] []
[2018-11-03 02:20:47] System.INFO: Application initialized [] []
[2018-11-03 02:20:47] System.DEBUG: No hook definitions found for 'application.init.after'. Available hook definitions [["coinritual.route.beforeDispatch"]] []
[2018-11-03 02:20:47] System.INFO: Beginning process for request. ["[object] (SlaxWeb\\Router\\Request: GET /index.php?/fame HTTP/1.0\r\nAccept:           */*\r\nAccept-Encoding:  gzip,deflate\r\nConnection:       close\r\nFrom:             support@search.yandex.ru\r\nHost:             tob.clanwolf.net\r\nUser-Agent:       Mozilla/5.0 (compatible; YandexBot/3.0; +http://yandex.com/bots)\r\nX-Accel-Internal: /internal-nginx-static-location\r\nX-Forwarded-For:  5.255.251.11\r\nX-Real-Ip:        5.255.251.11\r\n\r\n)"] []
[2018-11-03 02:20:47] System.DEBUG: No hook definitions found for 'application.dispatch.before'. Available hook definitions [["coinritual.route.beforeDispatch"]] []
[2018-11-03 02:20:47] System.INFO: Router Dispatcher initialized [] []
[2018-11-03 02:20:47] System.INFO: Trying to find match for (GET) '' [] []
[2018-11-03 02:20:47] System.INFO: Route match found [] []
[2018-11-03 02:20:47] System.INFO: Calling definition for hook 'coinritual.route.beforeDispatch' [] []
[2018-11-03 02:20:47] System.DEBUG: Hook definition parameters ["[object] (SlaxWeb\\Bootstrap\\Application: {})","[object] (SlaxWeb\\Router\\Route: {})"] []
[2018-11-03 05:55:45] System.INFO: Hooks component initialized [] []
[2018-11-03 05:55:45] System.DEBUG: Adding definition for hook 'coinritual.route.beforeDispatch' for the first time. [] []
[2018-11-03 05:55:45] System.INFO: Route Container initialized [] []
[2018-11-03 05:55:45] System.INFO: Route successfully added to Container {"uri":"~^language$~"} []
[2018-11-03 05:55:45] System.INFO: Route successfully added to Container {"uri":"~^[:params:]?/?oathmaster/?[:named:]?$|^[:params:]?/?observer/?[:named:]?$~"} []
[2018-11-03 05:55:45] System.INFO: Route successfully added to Container {"uri":"~^[:params:]?/?rules/?$~"} []
[2018-11-03 05:55:45] System.INFO: Route successfully added to Container {"uri":"~^[:params:]?/?bloodnamed/?$~"} []
[2018-11-03 05:55:45] System.INFO: Route successfully added to Container {"uri":"~^coinMachine/getResult/?$~"} []
[2018-11-03 05:55:45] System.INFO: Route successfully added to Container {"uri":"~^[:params:]?/?tables/?$~"} []
[2018-11-03 05:55:45] System.INFO: Route successfully added to Container {"uri":"~^fight/save/?$~"} []
[2018-11-03 05:55:45] System.INFO: Route successfully added to Container {"uri":"~^[:params:]?/?$|^[:params:]?/?fame/?$~"} []
[2018-11-03 05:55:45] System.INFO: Shutdown and error handlers have been registered [] []
[2018-11-03 05:55:45] System.INFO: Output manager initialized [] []
[2018-11-03 05:55:45] System.INFO: Application initialized [] []
[2018-11-03 05:55:45] System.DEBUG: No hook definitions found for 'application.init.after'. Available hook definitions [["coinritual.route.beforeDispatch"]] []
[2018-11-03 05:55:45] System.INFO: Beginning process for request. ["[object] (SlaxWeb\\Router\\Request: GET / HTTP/1.0\r\nAccept:           text/html,application/xhtml+xml,application/xml;q=0.9,*/*;q=0.8\r\nAccept-Encoding:  gzip,deflate,br\r\nConnection:       close\r\nFrom:             googlebot(at)googlebot.com\r\nHost:             tob.clanwolf.net\r\nUser-Agent:       Mozilla/5.0 (compatible; Googlebot/2.1; +http://www.google.com/bot.html)\r\nX-Accel-Internal: /internal-nginx-static-location\r\nX-Forwarded-For:  66.249.66.94\r\nX-Real-Ip:        66.249.66.94\r\n\r\n)"] []
[2018-11-03 05:55:45] System.DEBUG: No hook definitions found for 'application.dispatch.before'. Available hook definitions [["coinritual.route.beforeDispatch"]] []
[2018-11-03 05:55:45] System.INFO: Router Dispatcher initialized [] []
[2018-11-03 05:55:45] System.INFO: Trying to find match for (GET) '' [] []
[2018-11-03 05:55:45] System.INFO: Route match found [] []
[2018-11-03 05:55:45] System.INFO: Calling definition for hook 'coinritual.route.beforeDispatch' [] []
[2018-11-03 05:55:45] System.DEBUG: Hook definition parameters ["[object] (SlaxWeb\\Bootstrap\\Application: {})","[object] (SlaxWeb\\Router\\Route: {})"] []
[2018-11-03 05:55:45] System.INFO: Hooks component initialized [] []
[2018-11-03 05:55:45] System.DEBUG: Adding definition for hook 'coinritual.route.beforeDispatch' for the first time. [] []
[2018-11-03 05:55:45] System.INFO: Route Container initialized [] []
[2018-11-03 05:55:45] System.INFO: Route successfully added to Container {"uri":"~^language$~"} []
[2018-11-03 05:55:45] System.INFO: Route successfully added to Container {"uri":"~^[:params:]?/?oathmaster/?[:named:]?$|^[:params:]?/?observer/?[:named:]?$~"} []
[2018-11-03 05:55:45] System.INFO: Route successfully added to Container {"uri":"~^[:params:]?/?rules/?$~"} []
[2018-11-03 05:55:45] System.INFO: Route successfully added to Container {"uri":"~^[:params:]?/?bloodnamed/?$~"} []
[2018-11-03 05:55:45] System.INFO: Route successfully added to Container {"uri":"~^coinMachine/getResult/?$~"} []
[2018-11-03 05:55:45] System.INFO: Route successfully added to Container {"uri":"~^[:params:]?/?tables/?$~"} []
[2018-11-03 05:55:45] System.INFO: Route successfully added to Container {"uri":"~^fight/save/?$~"} []
[2018-11-03 05:55:45] System.INFO: Route successfully added to Container {"uri":"~^[:params:]?/?$|^[:params:]?/?fame/?$~"} []
[2018-11-03 05:55:45] System.INFO: Shutdown and error handlers have been registered [] []
[2018-11-03 05:55:45] System.INFO: Output manager initialized [] []
[2018-11-03 05:55:45] System.INFO: Application initialized [] []
[2018-11-03 05:55:45] System.DEBUG: No hook definitions found for 'application.init.after'. Available hook definitions [["coinritual.route.beforeDispatch"]] []
[2018-11-03 05:55:45] System.INFO: Beginning process for request. ["[object] (SlaxWeb\\Router\\Request: GET /language HTTP/1.0\r\nAccept:           text/html,application/xhtml+xml,application/xml;q=0.9,*/*;q=0.8\r\nAccept-Encoding:  gzip,deflate,br\r\nConnection:       close\r\nCookie:           PHPSESSID=01n7fhedi3o1qrchb4486agp13\r\nFrom:             googlebot(at)googlebot.com\r\nHost:             tob.clanwolf.net\r\nUser-Agent:       Mozilla/5.0 (compatible; Googlebot/2.1; +http://www.google.com/bot.html)\r\nX-Accel-Internal: /internal-nginx-static-location\r\nX-Forwarded-For:  66.249.66.93\r\nX-Real-Ip:        66.249.66.93\r\n\r\n)"] []
[2018-11-03 05:55:45] System.DEBUG: No hook definitions found for 'application.dispatch.before'. Available hook definitions [["coinritual.route.beforeDispatch"]] []
[2018-11-03 05:55:45] System.INFO: Router Dispatcher initialized [] []
[2018-11-03 05:55:45] System.INFO: Trying to find match for (GET) 'language' [] []
[2018-11-03 05:55:45] System.INFO: Route match found [] []
[2018-11-03 05:55:45] System.DEBUG: No hook definitions found for 'router.dispatcher.beforeDispatch'. Available hook definitions [["coinritual.route.beforeDispatch"]] []
[2018-11-03 05:55:45] System.INFO: Executing route definition {"name":"~^language$~","action":"[object] (Closure: {})"} []
[2018-11-03 05:55:45] System.DEBUG: No hook definitions found for 'model.translation.before.init'. Available hook definitions [["coinritual.route.beforeDispatch"]] []
[2018-11-03 05:55:45] System.DEBUG: No hook definitions found for 'model.translation.after.init'. Available hook definitions [["coinritual.route.beforeDispatch"]] []
[2018-11-03 05:55:45] System.DEBUG: No hook definitions found for 'model.translation.before.select'. Available hook definitions [["coinritual.route.beforeDispatch"]] []
[2018-11-03 05:55:45] System.DEBUG: No hook definitions found for 'model.translation.after.select'. Available hook definitions [["coinritual.route.beforeDispatch"]] []
[2018-11-03 05:55:45] System.DEBUG: No hook definitions found for 'router.dispatcher.afterDispatch'. Available hook definitions [["coinritual.route.beforeDispatch"]] []
[2018-11-03 05:55:45] System.INFO: Request has finished processing, Response is ready to be sent to caller. [] []
[2018-11-03 05:55:45] System.DEBUG: No hook definitions found for 'application.dispatch.after'. Available hook definitions [["coinritual.route.beforeDispatch"]] []
[2018-11-03 05:55:45] System.DEBUG: Time taken to finish Request processing {"start":1541224545.808338,"end":1541224545.832262,"elapsed":0.02392411231994629,"uri":"/language"} []
[2018-11-03 08:29:19] System.INFO: Hooks component initialized [] []
[2018-11-03 08:29:19] System.DEBUG: Adding definition for hook 'coinritual.route.beforeDispatch' for the first time. [] []
[2018-11-03 08:29:19] System.INFO: Route Container initialized [] []
[2018-11-03 08:29:19] System.INFO: Route successfully added to Container {"uri":"~^language$~"} []
[2018-11-03 08:29:19] System.INFO: Route successfully added to Container {"uri":"~^[:params:]?/?oathmaster/?[:named:]?$|^[:params:]?/?observer/?[:named:]?$~"} []
[2018-11-03 08:29:19] System.INFO: Route successfully added to Container {"uri":"~^[:params:]?/?rules/?$~"} []
[2018-11-03 08:29:19] System.INFO: Route successfully added to Container {"uri":"~^[:params:]?/?bloodnamed/?$~"} []
[2018-11-03 08:29:19] System.INFO: Route successfully added to Container {"uri":"~^coinMachine/getResult/?$~"} []
[2018-11-03 08:29:19] System.INFO: Route successfully added to Container {"uri":"~^[:params:]?/?tables/?$~"} []
[2018-11-03 08:29:19] System.INFO: Route successfully added to Container {"uri":"~^fight/save/?$~"} []
[2018-11-03 08:29:19] System.INFO: Route successfully added to Container {"uri":"~^[:params:]?/?$|^[:params:]?/?fame/?$~"} []
[2018-11-03 08:29:19] System.INFO: Shutdown and error handlers have been registered [] []
[2018-11-03 08:29:19] System.INFO: Output manager initialized [] []
[2018-11-03 08:29:19] System.INFO: Application initialized [] []
[2018-11-03 08:29:19] System.DEBUG: No hook definitions found for 'application.init.after'. Available hook definitions [["coinritual.route.beforeDispatch"]] []
[2018-11-03 08:29:19] System.INFO: Beginning process for request. ["[object] (SlaxWeb\\Router\\Request: GET / HTTP/1.0\r\nAccept:           text/html,application/xhtml+xml,application/xml;q=0.9,*/*;q=0.8\r\nAccept-Encoding:  gzip,deflate,br\r\nConnection:       close\r\nFrom:             googlebot(at)googlebot.com\r\nHost:             tob.clanwolf.net\r\nUser-Agent:       Mozilla/5.0 (Linux; Android 6.0.1; Nexus 5X Build/MMB29P) AppleWebKit/537.36 (KHTML, like Gecko) Chrome/41.0.2272.96 Mobile Safari/537.36 (compatible; Googlebot/2.1; +http://www.google.com/bot.html)\r\nX-Accel-Internal: /internal-nginx-static-location\r\nX-Forwarded-For:  66.249.66.92\r\nX-Real-Ip:        66.249.66.92\r\n\r\n)"] []
[2018-11-03 08:29:19] System.DEBUG: No hook definitions found for 'application.dispatch.before'. Available hook definitions [["coinritual.route.beforeDispatch"]] []
[2018-11-03 08:29:19] System.INFO: Router Dispatcher initialized [] []
[2018-11-03 08:29:19] System.INFO: Trying to find match for (GET) '' [] []
[2018-11-03 08:29:19] System.INFO: Route match found [] []
[2018-11-03 08:29:19] System.INFO: Calling definition for hook 'coinritual.route.beforeDispatch' [] []
[2018-11-03 08:29:19] System.DEBUG: Hook definition parameters ["[object] (SlaxWeb\\Bootstrap\\Application: {})","[object] (SlaxWeb\\Router\\Route: {})"] []
[2018-11-03 08:29:19] System.INFO: Hooks component initialized [] []
[2018-11-03 08:29:19] System.DEBUG: Adding definition for hook 'coinritual.route.beforeDispatch' for the first time. [] []
[2018-11-03 08:29:19] System.INFO: Route Container initialized [] []
[2018-11-03 08:29:19] System.INFO: Route successfully added to Container {"uri":"~^language$~"} []
[2018-11-03 08:29:19] System.INFO: Route successfully added to Container {"uri":"~^[:params:]?/?oathmaster/?[:named:]?$|^[:params:]?/?observer/?[:named:]?$~"} []
[2018-11-03 08:29:19] System.INFO: Route successfully added to Container {"uri":"~^[:params:]?/?rules/?$~"} []
[2018-11-03 08:29:19] System.INFO: Route successfully added to Container {"uri":"~^[:params:]?/?bloodnamed/?$~"} []
[2018-11-03 08:29:19] System.INFO: Route successfully added to Container {"uri":"~^coinMachine/getResult/?$~"} []
[2018-11-03 08:29:19] System.INFO: Route successfully added to Container {"uri":"~^[:params:]?/?tables/?$~"} []
[2018-11-03 08:29:19] System.INFO: Route successfully added to Container {"uri":"~^fight/save/?$~"} []
[2018-11-03 08:29:19] System.INFO: Route successfully added to Container {"uri":"~^[:params:]?/?$|^[:params:]?/?fame/?$~"} []
[2018-11-03 08:29:19] System.INFO: Shutdown and error handlers have been registered [] []
[2018-11-03 08:29:19] System.INFO: Output manager initialized [] []
[2018-11-03 08:29:19] System.INFO: Application initialized [] []
[2018-11-03 08:29:19] System.DEBUG: No hook definitions found for 'application.init.after'. Available hook definitions [["coinritual.route.beforeDispatch"]] []
[2018-11-03 08:29:19] System.INFO: Beginning process for request. ["[object] (SlaxWeb\\Router\\Request: GET /language HTTP/1.0\r\nAccept:           text/html,application/xhtml+xml,application/xml;q=0.9,*/*;q=0.8\r\nAccept-Encoding:  gzip,deflate,br\r\nConnection:       close\r\nCookie:           PHPSESSID=k89ksa1qjdc5667seibbremhjh\r\nFrom:             googlebot(at)googlebot.com\r\nHost:             tob.clanwolf.net\r\nUser-Agent:       Mozilla/5.0 (Linux; Android 6.0.1; Nexus 5X Build/MMB29P) AppleWebKit/537.36 (KHTML, like Gecko) Chrome/41.0.2272.96 Mobile Safari/537.36 (compatible; Googlebot/2.1; +http://www.google.com/bot.html)\r\nX-Accel-Internal: /internal-nginx-static-location\r\nX-Forwarded-For:  66.249.66.92\r\nX-Real-Ip:        66.249.66.92\r\n\r\n)"] []
[2018-11-03 08:29:19] System.DEBUG: No hook definitions found for 'application.dispatch.before'. Available hook definitions [["coinritual.route.beforeDispatch"]] []
[2018-11-03 08:29:19] System.INFO: Router Dispatcher initialized [] []
[2018-11-03 08:29:19] System.INFO: Trying to find match for (GET) 'language' [] []
[2018-11-03 08:29:19] System.INFO: Route match found [] []
[2018-11-03 08:29:19] System.DEBUG: No hook definitions found for 'router.dispatcher.beforeDispatch'. Available hook definitions [["coinritual.route.beforeDispatch"]] []
[2018-11-03 08:29:19] System.INFO: Executing route definition {"name":"~^language$~","action":"[object] (Closure: {})"} []
[2018-11-03 08:29:19] System.DEBUG: No hook definitions found for 'model.translation.before.init'. Available hook definitions [["coinritual.route.beforeDispatch"]] []
[2018-11-03 08:29:19] System.DEBUG: No hook definitions found for 'model.translation.after.init'. Available hook definitions [["coinritual.route.beforeDispatch"]] []
[2018-11-03 08:29:19] System.DEBUG: No hook definitions found for 'model.translation.before.select'. Available hook definitions [["coinritual.route.beforeDispatch"]] []
[2018-11-03 08:29:19] System.DEBUG: No hook definitions found for 'model.translation.after.select'. Available hook definitions [["coinritual.route.beforeDispatch"]] []
[2018-11-03 08:29:19] System.DEBUG: No hook definitions found for 'router.dispatcher.afterDispatch'. Available hook definitions [["coinritual.route.beforeDispatch"]] []
[2018-11-03 08:29:19] System.INFO: Request has finished processing, Response is ready to be sent to caller. [] []
[2018-11-03 08:29:19] System.DEBUG: No hook definitions found for 'application.dispatch.after'. Available hook definitions [["coinritual.route.beforeDispatch"]] []
[2018-11-03 08:29:19] System.DEBUG: Time taken to finish Request processing {"start":1541233759.858799,"end":1541233759.876738,"elapsed":0.017939090728759766,"uri":"/language"} []
[2018-11-03 12:18:30] System.INFO: Hooks component initialized [] []
[2018-11-03 12:18:30] System.DEBUG: Adding definition for hook 'coinritual.route.beforeDispatch' for the first time. [] []
[2018-11-03 12:18:30] System.INFO: Route Container initialized [] []
[2018-11-03 12:18:30] System.INFO: Route successfully added to Container {"uri":"~^language$~"} []
[2018-11-03 12:18:30] System.INFO: Route successfully added to Container {"uri":"~^[:params:]?/?oathmaster/?[:named:]?$|^[:params:]?/?observer/?[:named:]?$~"} []
[2018-11-03 12:18:30] System.INFO: Route successfully added to Container {"uri":"~^[:params:]?/?rules/?$~"} []
[2018-11-03 12:18:30] System.INFO: Route successfully added to Container {"uri":"~^[:params:]?/?bloodnamed/?$~"} []
[2018-11-03 12:18:30] System.INFO: Route successfully added to Container {"uri":"~^coinMachine/getResult/?$~"} []
[2018-11-03 12:18:30] System.INFO: Route successfully added to Container {"uri":"~^[:params:]?/?tables/?$~"} []
[2018-11-03 12:18:30] System.INFO: Route successfully added to Container {"uri":"~^fight/save/?$~"} []
[2018-11-03 12:18:30] System.INFO: Route successfully added to Container {"uri":"~^[:params:]?/?$|^[:params:]?/?fame/?$~"} []
[2018-11-03 12:18:30] System.INFO: Shutdown and error handlers have been registered [] []
[2018-11-03 12:18:30] System.INFO: Output manager initialized [] []
[2018-11-03 12:18:30] System.INFO: Application initialized [] []
[2018-11-03 12:18:30] System.DEBUG: No hook definitions found for 'application.init.after'. Available hook definitions [["coinritual.route.beforeDispatch"]] []
[2018-11-03 12:18:30] System.INFO: Beginning process for request. ["[object] (SlaxWeb\\Router\\Request: GET /index.php?/speech HTTP/1.0\r\nAccept:           */*\r\nAccept-Encoding:  gzip,deflate\r\nConnection:       close\r\nFrom:             support@search.yandex.ru\r\nHost:             tob.clanwolf.net\r\nUser-Agent:       Mozilla/5.0 (compatible; YandexBot/3.0; +http://yandex.com/bots)\r\nX-Accel-Internal: /internal-nginx-static-location\r\nX-Forwarded-For:  5.255.251.11\r\nX-Real-Ip:        5.255.251.11\r\n\r\n)"] []
[2018-11-03 12:18:30] System.DEBUG: No hook definitions found for 'application.dispatch.before'. Available hook definitions [["coinritual.route.beforeDispatch"]] []
[2018-11-03 12:18:30] System.INFO: Router Dispatcher initialized [] []
[2018-11-03 12:18:30] System.INFO: Trying to find match for (GET) '' [] []
[2018-11-03 12:18:30] System.INFO: Route match found [] []
[2018-11-03 12:18:30] System.INFO: Calling definition for hook 'coinritual.route.beforeDispatch' [] []
[2018-11-03 12:18:30] System.DEBUG: Hook definition parameters ["[object] (SlaxWeb\\Bootstrap\\Application: {})","[object] (SlaxWeb\\Router\\Route: {})"] []
[2018-11-03 16:38:52] System.INFO: Hooks component initialized [] []
[2018-11-03 16:38:52] System.DEBUG: Adding definition for hook 'coinritual.route.beforeDispatch' for the first time. [] []
[2018-11-03 16:38:52] System.INFO: Route Container initialized [] []
[2018-11-03 16:38:52] System.INFO: Route successfully added to Container {"uri":"~^language$~"} []
[2018-11-03 16:38:52] System.INFO: Route successfully added to Container {"uri":"~^[:params:]?/?oathmaster/?[:named:]?$|^[:params:]?/?observer/?[:named:]?$~"} []
[2018-11-03 16:38:52] System.INFO: Route successfully added to Container {"uri":"~^[:params:]?/?rules/?$~"} []
[2018-11-03 16:38:52] System.INFO: Route successfully added to Container {"uri":"~^[:params:]?/?bloodnamed/?$~"} []
[2018-11-03 16:38:52] System.INFO: Route successfully added to Container {"uri":"~^coinMachine/getResult/?$~"} []
[2018-11-03 16:38:52] System.INFO: Route successfully added to Container {"uri":"~^[:params:]?/?tables/?$~"} []
[2018-11-03 16:38:52] System.INFO: Route successfully added to Container {"uri":"~^fight/save/?$~"} []
[2018-11-03 16:38:52] System.INFO: Route successfully added to Container {"uri":"~^[:params:]?/?$|^[:params:]?/?fame/?$~"} []
[2018-11-03 16:38:52] System.INFO: Shutdown and error handlers have been registered [] []
[2018-11-03 16:38:52] System.INFO: Output manager initialized [] []
[2018-11-03 16:38:52] System.INFO: Application initialized [] []
[2018-11-03 16:38:52] System.DEBUG: No hook definitions found for 'application.init.after'. Available hook definitions [["coinritual.route.beforeDispatch"]] []
[2018-11-03 16:38:52] System.INFO: Beginning process for request. ["[object] (SlaxWeb\\Router\\Request: GET / HTTP/1.0\r\nAccept:           */*\r\nAccept-Encoding:  gzip, deflate\r\nCache-Control:    no-cache\r\nConnection:       close\r\nFrom:             bingbot(at)microsoft.com\r\nHost:             tob.clanwolf.net\r\nPragma:           no-cache\r\nUser-Agent:       Mozilla/5.0 (compatible; bingbot/2.0; +http://www.bing.com/bingbot.htm)\r\nX-Accel-Internal: /internal-nginx-static-location\r\nX-Forwarded-For:  207.46.13.29\r\nX-Real-Ip:        207.46.13.29\r\n\r\n)"] []
[2018-11-03 16:38:52] System.DEBUG: No hook definitions found for 'application.dispatch.before'. Available hook definitions [["coinritual.route.beforeDispatch"]] []
[2018-11-03 16:38:52] System.INFO: Router Dispatcher initialized [] []
[2018-11-03 16:38:52] System.INFO: Trying to find match for (GET) '' [] []
[2018-11-03 16:38:52] System.INFO: Route match found [] []
[2018-11-03 16:38:52] System.INFO: Calling definition for hook 'coinritual.route.beforeDispatch' [] []
[2018-11-03 16:38:52] System.DEBUG: Hook definition parameters ["[object] (SlaxWeb\\Bootstrap\\Application: {})","[object] (SlaxWeb\\Router\\Route: {})"] []
[2018-11-03 18:23:26] System.INFO: Hooks component initialized [] []
[2018-11-03 18:23:26] System.DEBUG: Adding definition for hook 'coinritual.route.beforeDispatch' for the first time. [] []
[2018-11-03 18:23:26] System.INFO: Route Container initialized [] []
[2018-11-03 18:23:26] System.INFO: Route successfully added to Container {"uri":"~^language$~"} []
[2018-11-03 18:23:26] System.INFO: Route successfully added to Container {"uri":"~^[:params:]?/?oathmaster/?[:named:]?$|^[:params:]?/?observer/?[:named:]?$~"} []
[2018-11-03 18:23:26] System.INFO: Route successfully added to Container {"uri":"~^[:params:]?/?rules/?$~"} []
[2018-11-03 18:23:26] System.INFO: Route successfully added to Container {"uri":"~^[:params:]?/?bloodnamed/?$~"} []
[2018-11-03 18:23:26] System.INFO: Route successfully added to Container {"uri":"~^coinMachine/getResult/?$~"} []
[2018-11-03 18:23:26] System.INFO: Route successfully added to Container {"uri":"~^[:params:]?/?tables/?$~"} []
[2018-11-03 18:23:26] System.INFO: Route successfully added to Container {"uri":"~^fight/save/?$~"} []
[2018-11-03 18:23:26] System.INFO: Route successfully added to Container {"uri":"~^[:params:]?/?$|^[:params:]?/?fame/?$~"} []
[2018-11-03 18:23:26] System.INFO: Shutdown and error handlers have been registered [] []
[2018-11-03 18:23:26] System.INFO: Output manager initialized [] []
[2018-11-03 18:23:26] System.INFO: Application initialized [] []
[2018-11-03 18:23:26] System.DEBUG: No hook definitions found for 'application.init.after'. Available hook definitions [["coinritual.route.beforeDispatch"]] []
[2018-11-03 18:23:26] System.INFO: Beginning process for request. ["[object] (SlaxWeb\\Router\\Request: GET / HTTP/1.0\r\nAccept:           text/html,application/xhtml+xml,application/xml;q=0.9,*/*;q=0.8\r\nAccept-Encoding:  gzip,deflate,br\r\nConnection:       close\r\nFrom:             googlebot(at)googlebot.com\r\nHost:             tob.clanwolf.net\r\nUser-Agent:       Mozilla/5.0 (Linux; Android 6.0.1; Nexus 5X Build/MMB29P) AppleWebKit/537.36 (KHTML, like Gecko) Chrome/41.0.2272.96 Mobile Safari/537.36 (compatible; Googlebot/2.1; +http://www.google.com/bot.html)\r\nX-Accel-Internal: /internal-nginx-static-location\r\nX-Forwarded-For:  66.249.66.93\r\nX-Real-Ip:        66.249.66.93\r\n\r\n)"] []
[2018-11-03 18:23:26] System.DEBUG: No hook definitions found for 'application.dispatch.before'. Available hook definitions [["coinritual.route.beforeDispatch"]] []
[2018-11-03 18:23:26] System.INFO: Router Dispatcher initialized [] []
[2018-11-03 18:23:26] System.INFO: Trying to find match for (GET) '' [] []
[2018-11-03 18:23:26] System.INFO: Route match found [] []
[2018-11-03 18:23:26] System.INFO: Calling definition for hook 'coinritual.route.beforeDispatch' [] []
[2018-11-03 18:23:26] System.DEBUG: Hook definition parameters ["[object] (SlaxWeb\\Bootstrap\\Application: {})","[object] (SlaxWeb\\Router\\Route: {})"] []
[2018-11-03 18:23:32] System.INFO: Hooks component initialized [] []
[2018-11-03 18:23:32] System.DEBUG: Adding definition for hook 'coinritual.route.beforeDispatch' for the first time. [] []
[2018-11-03 18:23:32] System.INFO: Route Container initialized [] []
[2018-11-03 18:23:32] System.INFO: Route successfully added to Container {"uri":"~^language$~"} []
[2018-11-03 18:23:32] System.INFO: Route successfully added to Container {"uri":"~^[:params:]?/?oathmaster/?[:named:]?$|^[:params:]?/?observer/?[:named:]?$~"} []
[2018-11-03 18:23:32] System.INFO: Route successfully added to Container {"uri":"~^[:params:]?/?rules/?$~"} []
[2018-11-03 18:23:32] System.INFO: Route successfully added to Container {"uri":"~^[:params:]?/?bloodnamed/?$~"} []
[2018-11-03 18:23:32] System.INFO: Route successfully added to Container {"uri":"~^coinMachine/getResult/?$~"} []
[2018-11-03 18:23:32] System.INFO: Route successfully added to Container {"uri":"~^[:params:]?/?tables/?$~"} []
[2018-11-03 18:23:32] System.INFO: Route successfully added to Container {"uri":"~^fight/save/?$~"} []
[2018-11-03 18:23:32] System.INFO: Route successfully added to Container {"uri":"~^[:params:]?/?$|^[:params:]?/?fame/?$~"} []
[2018-11-03 18:23:32] System.INFO: Shutdown and error handlers have been registered [] []
[2018-11-03 18:23:32] System.INFO: Output manager initialized [] []
[2018-11-03 18:23:32] System.INFO: Application initialized [] []
[2018-11-03 18:23:32] System.DEBUG: No hook definitions found for 'application.init.after'. Available hook definitions [["coinritual.route.beforeDispatch"]] []
[2018-11-03 18:23:32] System.INFO: Beginning process for request. ["[object] (SlaxWeb\\Router\\Request: GET /language HTTP/1.0\r\nAccept:           text/html,application/xhtml+xml,application/xml;q=0.9,*/*;q=0.8\r\nAccept-Encoding:  gzip,deflate,br\r\nConnection:       close\r\nCookie:           PHPSESSID=jk0gq6be0kethdgm8s2mdf37h6\r\nFrom:             googlebot(at)googlebot.com\r\nHost:             tob.clanwolf.net\r\nUser-Agent:       Mozilla/5.0 (Linux; Android 6.0.1; Nexus 5X Build/MMB29P) AppleWebKit/537.36 (KHTML, like Gecko) Chrome/41.0.2272.96 Mobile Safari/537.36 (compatible; Googlebot/2.1; +http://www.google.com/bot.html)\r\nX-Accel-Internal: /internal-nginx-static-location\r\nX-Forwarded-For:  66.249.66.92\r\nX-Real-Ip:        66.249.66.92\r\n\r\n)"] []
[2018-11-03 18:23:32] System.DEBUG: No hook definitions found for 'application.dispatch.before'. Available hook definitions [["coinritual.route.beforeDispatch"]] []
[2018-11-03 18:23:32] System.INFO: Router Dispatcher initialized [] []
[2018-11-03 18:23:32] System.INFO: Trying to find match for (GET) 'language' [] []
[2018-11-03 18:23:32] System.INFO: Route match found [] []
[2018-11-03 18:23:32] System.DEBUG: No hook definitions found for 'router.dispatcher.beforeDispatch'. Available hook definitions [["coinritual.route.beforeDispatch"]] []
[2018-11-03 18:23:32] System.INFO: Executing route definition {"name":"~^language$~","action":"[object] (Closure: {})"} []
[2018-11-03 18:23:32] System.DEBUG: No hook definitions found for 'model.translation.before.init'. Available hook definitions [["coinritual.route.beforeDispatch"]] []
[2018-11-03 18:23:32] System.DEBUG: No hook definitions found for 'model.translation.after.init'. Available hook definitions [["coinritual.route.beforeDispatch"]] []
[2018-11-03 18:23:32] System.DEBUG: No hook definitions found for 'model.translation.before.select'. Available hook definitions [["coinritual.route.beforeDispatch"]] []
[2018-11-03 18:23:32] System.DEBUG: No hook definitions found for 'model.translation.after.select'. Available hook definitions [["coinritual.route.beforeDispatch"]] []
[2018-11-03 18:23:32] System.DEBUG: No hook definitions found for 'router.dispatcher.afterDispatch'. Available hook definitions [["coinritual.route.beforeDispatch"]] []
[2018-11-03 18:23:32] System.INFO: Request has finished processing, Response is ready to be sent to caller. [] []
[2018-11-03 18:23:32] System.DEBUG: No hook definitions found for 'application.dispatch.after'. Available hook definitions [["coinritual.route.beforeDispatch"]] []
[2018-11-03 18:23:32] System.DEBUG: Time taken to finish Request processing {"start":1541269412.299328,"end":1541269412.320273,"elapsed":0.020944833755493164,"uri":"/language"} []
[2018-11-03 21:02:31] System.INFO: Hooks component initialized [] []
[2018-11-03 21:02:31] System.DEBUG: Adding definition for hook 'coinritual.route.beforeDispatch' for the first time. [] []
[2018-11-03 21:02:31] System.INFO: Route Container initialized [] []
[2018-11-03 21:02:31] System.INFO: Route successfully added to Container {"uri":"~^language$~"} []
[2018-11-03 21:02:31] System.INFO: Route successfully added to Container {"uri":"~^[:params:]?/?oathmaster/?[:named:]?$|^[:params:]?/?observer/?[:named:]?$~"} []
[2018-11-03 21:02:31] System.INFO: Route successfully added to Container {"uri":"~^[:params:]?/?rules/?$~"} []
[2018-11-03 21:02:31] System.INFO: Route successfully added to Container {"uri":"~^[:params:]?/?bloodnamed/?$~"} []
[2018-11-03 21:02:31] System.INFO: Route successfully added to Container {"uri":"~^coinMachine/getResult/?$~"} []
[2018-11-03 21:02:31] System.INFO: Route successfully added to Container {"uri":"~^[:params:]?/?tables/?$~"} []
[2018-11-03 21:02:31] System.INFO: Route successfully added to Container {"uri":"~^fight/save/?$~"} []
[2018-11-03 21:02:31] System.INFO: Route successfully added to Container {"uri":"~^[:params:]?/?$|^[:params:]?/?fame/?$~"} []
[2018-11-03 21:02:31] System.INFO: Shutdown and error handlers have been registered [] []
[2018-11-03 21:02:31] System.INFO: Output manager initialized [] []
[2018-11-03 21:02:31] System.INFO: Application initialized [] []
[2018-11-03 21:02:31] System.DEBUG: No hook definitions found for 'application.init.after'. Available hook definitions [["coinritual.route.beforeDispatch"]] []
[2018-11-03 21:02:31] System.INFO: Beginning process for request. ["[object] (SlaxWeb\\Router\\Request: GET /tables HTTP/1.0\r\nAccept:           */*\r\nAccept-Language:  en-US\r\nConnection:       close\r\nHost:             tob.clanwolf.net\r\nUser-Agent:       Mozilla/5.0 (compatible; Baiduspider/2.0; +http://www.baidu.com/search/spider.html)\r\nX-Accel-Internal: /internal-nginx-static-location\r\nX-Forwarded-For:  180.76.15.145\r\nX-Real-Ip:        180.76.15.145\r\n\r\n)"] []
[2018-11-03 21:02:31] System.DEBUG: No hook definitions found for 'application.dispatch.before'. Available hook definitions [["coinritual.route.beforeDispatch"]] []
[2018-11-03 21:02:31] System.INFO: Router Dispatcher initialized [] []
[2018-11-03 21:02:31] System.INFO: Trying to find match for (GET) 'tables' [] []
[2018-11-03 21:02:31] System.INFO: Route match found [] []
[2018-11-03 21:02:31] System.INFO: Calling definition for hook 'coinritual.route.beforeDispatch' [] []
[2018-11-03 21:02:31] System.DEBUG: Hook definition parameters ["[object] (SlaxWeb\\Bootstrap\\Application: {})","[object] (SlaxWeb\\Router\\Route: {})"] []
[2018-11-03 21:02:32] System.INFO: Hooks component initialized [] []
[2018-11-03 21:02:32] System.DEBUG: Adding definition for hook 'coinritual.route.beforeDispatch' for the first time. [] []
[2018-11-03 21:02:32] System.INFO: Route Container initialized [] []
[2018-11-03 21:02:32] System.INFO: Route successfully added to Container {"uri":"~^language$~"} []
[2018-11-03 21:02:32] System.INFO: Route successfully added to Container {"uri":"~^[:params:]?/?oathmaster/?[:named:]?$|^[:params:]?/?observer/?[:named:]?$~"} []
[2018-11-03 21:02:32] System.INFO: Route successfully added to Container {"uri":"~^[:params:]?/?rules/?$~"} []
[2018-11-03 21:02:32] System.INFO: Route successfully added to Container {"uri":"~^[:params:]?/?bloodnamed/?$~"} []
[2018-11-03 21:02:32] System.INFO: Route successfully added to Container {"uri":"~^coinMachine/getResult/?$~"} []
[2018-11-03 21:02:32] System.INFO: Route successfully added to Container {"uri":"~^[:params:]?/?tables/?$~"} []
[2018-11-03 21:02:32] System.INFO: Route successfully added to Container {"uri":"~^fight/save/?$~"} []
[2018-11-03 21:02:32] System.INFO: Route successfully added to Container {"uri":"~^[:params:]?/?$|^[:params:]?/?fame/?$~"} []
[2018-11-03 21:02:32] System.INFO: Shutdown and error handlers have been registered [] []
[2018-11-03 21:02:32] System.INFO: Output manager initialized [] []
[2018-11-03 21:02:32] System.INFO: Application initialized [] []
[2018-11-03 21:02:32] System.DEBUG: No hook definitions found for 'application.init.after'. Available hook definitions [["coinritual.route.beforeDispatch"]] []
[2018-11-03 21:02:32] System.INFO: Beginning process for request. ["[object] (SlaxWeb\\Router\\Request: GET /index.php?/language HTTP/1.0\r\nAccept:           */*\r\nAccept-Language:  en-US\r\nConnection:       close\r\nCookie:           PHPSESSID=aqpdt97btjlcmk0b72o9rf93kd;\r\nHost:             tob.clanwolf.net\r\nUser-Agent:       Mozilla/5.0 (compatible; Baiduspider/2.0; +http://www.baidu.com/search/spider.html)\r\nX-Accel-Internal: /internal-nginx-static-location\r\nX-Forwarded-For:  180.76.15.25\r\nX-Real-Ip:        180.76.15.25\r\n\r\n)"] []
[2018-11-03 21:02:32] System.DEBUG: No hook definitions found for 'application.dispatch.before'. Available hook definitions [["coinritual.route.beforeDispatch"]] []
[2018-11-03 21:02:32] System.INFO: Router Dispatcher initialized [] []
[2018-11-03 21:02:32] System.INFO: Trying to find match for (GET) '' [] []
[2018-11-03 21:02:32] System.INFO: Route match found [] []
[2018-11-03 21:02:32] System.INFO: Calling definition for hook 'coinritual.route.beforeDispatch' [] []
[2018-11-03 21:02:32] System.DEBUG: Hook definition parameters ["[object] (SlaxWeb\\Bootstrap\\Application: {})","[object] (SlaxWeb\\Router\\Route: {})"] []
[2018-11-03 21:02:33] System.INFO: Hooks component initialized [] []
[2018-11-03 21:02:33] System.DEBUG: Adding definition for hook 'coinritual.route.beforeDispatch' for the first time. [] []
[2018-11-03 21:02:33] System.INFO: Route Container initialized [] []
[2018-11-03 21:02:33] System.INFO: Route successfully added to Container {"uri":"~^language$~"} []
[2018-11-03 21:02:33] System.INFO: Route successfully added to Container {"uri":"~^[:params:]?/?oathmaster/?[:named:]?$|^[:params:]?/?observer/?[:named:]?$~"} []
[2018-11-03 21:02:33] System.INFO: Route successfully added to Container {"uri":"~^[:params:]?/?rules/?$~"} []
[2018-11-03 21:02:33] System.INFO: Route successfully added to Container {"uri":"~^[:params:]?/?bloodnamed/?$~"} []
[2018-11-03 21:02:33] System.INFO: Route successfully added to Container {"uri":"~^coinMachine/getResult/?$~"} []
[2018-11-03 21:02:33] System.INFO: Route successfully added to Container {"uri":"~^[:params:]?/?tables/?$~"} []
[2018-11-03 21:02:33] System.INFO: Route successfully added to Container {"uri":"~^fight/save/?$~"} []
[2018-11-03 21:02:33] System.INFO: Route successfully added to Container {"uri":"~^[:params:]?/?$|^[:params:]?/?fame/?$~"} []
[2018-11-03 21:02:33] System.INFO: Shutdown and error handlers have been registered [] []
[2018-11-03 21:02:33] System.INFO: Output manager initialized [] []
[2018-11-03 21:02:33] System.INFO: Application initialized [] []
[2018-11-03 21:02:33] System.DEBUG: No hook definitions found for 'application.init.after'. Available hook definitions [["coinritual.route.beforeDispatch"]] []
[2018-11-03 21:02:33] System.INFO: Beginning process for request. ["[object] (SlaxWeb\\Router\\Request: GET /language HTTP/1.0\r\nAccept:           */*\r\nAccept-Language:  en-US\r\nConnection:       close\r\nCookie:           PHPSESSID=aqpdt97btjlcmk0b72o9rf93kd;\r\nHost:             tob.clanwolf.net\r\nUser-Agent:       Mozilla/5.0 (compatible; Baiduspider/2.0; +http://www.baidu.com/search/spider.html)\r\nX-Accel-Internal: /internal-nginx-static-location\r\nX-Forwarded-For:  180.76.15.152\r\nX-Real-Ip:        180.76.15.152\r\n\r\n)"] []
[2018-11-03 21:02:33] System.DEBUG: No hook definitions found for 'application.dispatch.before'. Available hook definitions [["coinritual.route.beforeDispatch"]] []
[2018-11-03 21:02:33] System.INFO: Router Dispatcher initialized [] []
[2018-11-03 21:02:33] System.INFO: Trying to find match for (GET) 'language' [] []
[2018-11-03 21:02:33] System.INFO: Route match found [] []
[2018-11-03 21:02:33] System.DEBUG: No hook definitions found for 'router.dispatcher.beforeDispatch'. Available hook definitions [["coinritual.route.beforeDispatch"]] []
[2018-11-03 21:02:33] System.INFO: Executing route definition {"name":"~^language$~","action":"[object] (Closure: {})"} []
[2018-11-03 21:02:33] System.DEBUG: No hook definitions found for 'model.translation.before.init'. Available hook definitions [["coinritual.route.beforeDispatch"]] []
[2018-11-03 21:02:33] System.DEBUG: No hook definitions found for 'model.translation.after.init'. Available hook definitions [["coinritual.route.beforeDispatch"]] []
[2018-11-03 21:02:33] System.DEBUG: No hook definitions found for 'model.translation.before.select'. Available hook definitions [["coinritual.route.beforeDispatch"]] []
[2018-11-03 21:02:33] System.DEBUG: No hook definitions found for 'model.translation.after.select'. Available hook definitions [["coinritual.route.beforeDispatch"]] []
[2018-11-03 21:02:33] System.DEBUG: No hook definitions found for 'router.dispatcher.afterDispatch'. Available hook definitions [["coinritual.route.beforeDispatch"]] []
[2018-11-03 21:02:33] System.INFO: Request has finished processing, Response is ready to be sent to caller. [] []
[2018-11-03 21:02:33] System.DEBUG: No hook definitions found for 'application.dispatch.after'. Available hook definitions [["coinritual.route.beforeDispatch"]] []
[2018-11-03 21:02:33] System.DEBUG: Time taken to finish Request processing {"start":1541278953.884563,"end":1541278953.904917,"elapsed":0.020354032516479492,"uri":"/language"} []
