[2018-11-01 05:39:46] System.INFO: Hooks component initialized [] []
[2018-11-01 05:39:46] System.DEBUG: Adding definition for hook 'coinritual.route.beforeDispatch' for the first time. [] []
[2018-11-01 05:39:46] System.INFO: Route Container initialized [] []
[2018-11-01 05:39:46] System.INFO: Route successfully added to Container {"uri":"~^language$~"} []
[2018-11-01 05:39:46] System.INFO: Route successfully added to Container {"uri":"~^[:params:]?/?oathmaster/?[:named:]?$|^[:params:]?/?observer/?[:named:]?$~"} []
[2018-11-01 05:39:46] System.INFO: Route successfully added to Container {"uri":"~^[:params:]?/?rules/?$~"} []
[2018-11-01 05:39:46] System.INFO: Route successfully added to Container {"uri":"~^[:params:]?/?bloodnamed/?$~"} []
[2018-11-01 05:39:46] System.INFO: Route successfully added to Container {"uri":"~^coinMachine/getResult/?$~"} []
[2018-11-01 05:39:46] System.INFO: Route successfully added to Container {"uri":"~^[:params:]?/?tables/?$~"} []
[2018-11-01 05:39:46] System.INFO: Route successfully added to Container {"uri":"~^fight/save/?$~"} []
[2018-11-01 05:39:46] System.INFO: Route successfully added to Container {"uri":"~^[:params:]?/?$|^[:params:]?/?fame/?$~"} []
[2018-11-01 05:39:46] System.INFO: Shutdown and error handlers have been registered [] []
[2018-11-01 05:39:46] System.INFO: Output manager initialized [] []
[2018-11-01 05:39:46] System.INFO: Application initialized [] []
[2018-11-01 05:39:46] System.DEBUG: No hook definitions found for 'application.init.after'. Available hook definitions [["coinritual.route.beforeDispatch"]] []
[2018-11-01 05:39:46] System.INFO: Beginning process for request. ["[object] (SlaxWeb\\Router\\Request: GET / HTTP/1.0\r\nAccept:           text/html,application/xhtml+xml,application/xml;q=0.9,*/*;q=0.8\r\nAccept-Encoding:  gzip,deflate,br\r\nConnection:       close\r\nFrom:             googlebot(at)googlebot.com\r\nHost:             tob.clanwolf.net\r\nUser-Agent:       Mozilla/5.0 (Linux; Android 6.0.1; Nexus 5X Build/MMB29P) AppleWebKit/537.36 (KHTML, like Gecko) Chrome/41.0.2272.96 Mobile Safari/537.36 (compatible; Googlebot/2.1; +http://www.google.com/bot.html)\r\nX-Accel-Internal: /internal-nginx-static-location\r\nX-Forwarded-For:  66.249.79.95\r\nX-Real-Ip:        66.249.79.95\r\n\r\n)"] []
[2018-11-01 05:39:46] System.DEBUG: No hook definitions found for 'application.dispatch.before'. Available hook definitions [["coinritual.route.beforeDispatch"]] []
[2018-11-01 05:39:46] System.INFO: Router Dispatcher initialized [] []
[2018-11-01 05:39:46] System.INFO: Trying to find match for (GET) '' [] []
[2018-11-01 05:39:46] System.INFO: Route match found [] []
[2018-11-01 05:39:46] System.INFO: Calling definition for hook 'coinritual.route.beforeDispatch' [] []
[2018-11-01 05:39:46] System.DEBUG: Hook definition parameters ["[object] (SlaxWeb\\Bootstrap\\Application: {})","[object] (SlaxWeb\\Router\\Route: {})"] []
[2018-11-01 05:39:47] System.INFO: Hooks component initialized [] []
[2018-11-01 05:39:47] System.DEBUG: Adding definition for hook 'coinritual.route.beforeDispatch' for the first time. [] []
[2018-11-01 05:39:47] System.INFO: Route Container initialized [] []
[2018-11-01 05:39:47] System.INFO: Route successfully added to Container {"uri":"~^language$~"} []
[2018-11-01 05:39:47] System.INFO: Route successfully added to Container {"uri":"~^[:params:]?/?oathmaster/?[:named:]?$|^[:params:]?/?observer/?[:named:]?$~"} []
[2018-11-01 05:39:47] System.INFO: Route successfully added to Container {"uri":"~^[:params:]?/?rules/?$~"} []
[2018-11-01 05:39:47] System.INFO: Route successfully added to Container {"uri":"~^[:params:]?/?bloodnamed/?$~"} []
[2018-11-01 05:39:47] System.INFO: Route successfully added to Container {"uri":"~^coinMachine/getResult/?$~"} []
[2018-11-01 05:39:47] System.INFO: Route successfully added to Container {"uri":"~^[:params:]?/?tables/?$~"} []
[2018-11-01 05:39:47] System.INFO: Route successfully added to Container {"uri":"~^fight/save/?$~"} []
[2018-11-01 05:39:47] System.INFO: Route successfully added to Container {"uri":"~^[:params:]?/?$|^[:params:]?/?fame/?$~"} []
[2018-11-01 05:39:47] System.INFO: Shutdown and error handlers have been registered [] []
[2018-11-01 05:39:47] System.INFO: Output manager initialized [] []
[2018-11-01 05:39:47] System.INFO: Application initialized [] []
[2018-11-01 05:39:47] System.DEBUG: No hook definitions found for 'application.init.after'. Available hook definitions [["coinritual.route.beforeDispatch"]] []
[2018-11-01 05:39:47] System.INFO: Beginning process for request. ["[object] (SlaxWeb\\Router\\Request: GET /language HTTP/1.0\r\nAccept:           text/html,application/xhtml+xml,application/xml;q=0.9,*/*;q=0.8\r\nAccept-Encoding:  gzip,deflate,br\r\nConnection:       close\r\nCookie:           PHPSESSID=mfe18150va995hs84eagihjv4g\r\nFrom:             googlebot(at)googlebot.com\r\nHost:             tob.clanwolf.net\r\nUser-Agent:       Mozilla/5.0 (Linux; Android 6.0.1; Nexus 5X Build/MMB29P) AppleWebKit/537.36 (KHTML, like Gecko) Chrome/41.0.2272.96 Mobile Safari/537.36 (compatible; Googlebot/2.1; +http://www.google.com/bot.html)\r\nX-Accel-Internal: /internal-nginx-static-location\r\nX-Forwarded-For:  66.249.79.68\r\nX-Real-Ip:        66.249.79.68\r\n\r\n)"] []
[2018-11-01 05:39:47] System.DEBUG: No hook definitions found for 'application.dispatch.before'. Available hook definitions [["coinritual.route.beforeDispatch"]] []
[2018-11-01 05:39:47] System.INFO: Router Dispatcher initialized [] []
[2018-11-01 05:39:47] System.INFO: Trying to find match for (GET) 'language' [] []
[2018-11-01 05:39:47] System.INFO: Route match found [] []
[2018-11-01 05:39:47] System.DEBUG: No hook definitions found for 'router.dispatcher.beforeDispatch'. Available hook definitions [["coinritual.route.beforeDispatch"]] []
[2018-11-01 05:39:47] System.INFO: Executing route definition {"name":"~^language$~","action":"[object] (Closure: {})"} []
[2018-11-01 05:39:47] System.DEBUG: No hook definitions found for 'model.translation.before.init'. Available hook definitions [["coinritual.route.beforeDispatch"]] []
[2018-11-01 05:39:47] System.DEBUG: No hook definitions found for 'model.translation.after.init'. Available hook definitions [["coinritual.route.beforeDispatch"]] []
[2018-11-01 05:39:47] System.DEBUG: No hook definitions found for 'model.translation.before.select'. Available hook definitions [["coinritual.route.beforeDispatch"]] []
[2018-11-01 05:39:47] System.DEBUG: No hook definitions found for 'model.translation.after.select'. Available hook definitions [["coinritual.route.beforeDispatch"]] []
[2018-11-01 05:39:47] System.DEBUG: No hook definitions found for 'router.dispatcher.afterDispatch'. Available hook definitions [["coinritual.route.beforeDispatch"]] []
[2018-11-01 05:39:47] System.INFO: Request has finished processing, Response is ready to be sent to caller. [] []
[2018-11-01 05:39:47] System.DEBUG: No hook definitions found for 'application.dispatch.after'. Available hook definitions [["coinritual.route.beforeDispatch"]] []
[2018-11-01 05:39:47] System.DEBUG: Time taken to finish Request processing {"start":1541050787.493937,"end":1541050787.516528,"elapsed":0.02259087562561035,"uri":"/language"} []
[2018-11-01 06:06:45] System.INFO: Hooks component initialized [] []
[2018-11-01 06:06:45] System.DEBUG: Adding definition for hook 'coinritual.route.beforeDispatch' for the first time. [] []
[2018-11-01 06:06:45] System.INFO: Route Container initialized [] []
[2018-11-01 06:06:45] System.INFO: Route successfully added to Container {"uri":"~^language$~"} []
[2018-11-01 06:06:45] System.INFO: Route successfully added to Container {"uri":"~^[:params:]?/?oathmaster/?[:named:]?$|^[:params:]?/?observer/?[:named:]?$~"} []
[2018-11-01 06:06:45] System.INFO: Route successfully added to Container {"uri":"~^[:params:]?/?rules/?$~"} []
[2018-11-01 06:06:45] System.INFO: Route successfully added to Container {"uri":"~^[:params:]?/?bloodnamed/?$~"} []
[2018-11-01 06:06:45] System.INFO: Route successfully added to Container {"uri":"~^coinMachine/getResult/?$~"} []
[2018-11-01 06:06:45] System.INFO: Route successfully added to Container {"uri":"~^[:params:]?/?tables/?$~"} []
[2018-11-01 06:06:45] System.INFO: Route successfully added to Container {"uri":"~^fight/save/?$~"} []
[2018-11-01 06:06:45] System.INFO: Route successfully added to Container {"uri":"~^[:params:]?/?$|^[:params:]?/?fame/?$~"} []
[2018-11-01 06:06:45] System.INFO: Shutdown and error handlers have been registered [] []
[2018-11-01 06:06:45] System.INFO: Output manager initialized [] []
[2018-11-01 06:06:45] System.INFO: Application initialized [] []
[2018-11-01 06:06:45] System.DEBUG: No hook definitions found for 'application.init.after'. Available hook definitions [["coinritual.route.beforeDispatch"]] []
[2018-11-01 06:06:45] System.INFO: Beginning process for request. ["[object] (SlaxWeb\\Router\\Request: GET /tables HTTP/1.0\r\nAccept:           */*\r\nAccept-Encoding:  gzip, deflate\r\nCache-Control:    no-cache\r\nConnection:       close\r\nFrom:             bingbot(at)microsoft.com\r\nHost:             tob.clanwolf.net\r\nPragma:           no-cache\r\nUser-Agent:       Mozilla/5.0 (compatible; bingbot/2.0; +http://www.bing.com/bingbot.htm)\r\nX-Accel-Internal: /internal-nginx-static-location\r\nX-Forwarded-For:  207.46.13.183\r\nX-Real-Ip:        207.46.13.183\r\n\r\n)"] []
[2018-11-01 06:06:45] System.DEBUG: No hook definitions found for 'application.dispatch.before'. Available hook definitions [["coinritual.route.beforeDispatch"]] []
[2018-11-01 06:06:45] System.INFO: Router Dispatcher initialized [] []
[2018-11-01 06:06:45] System.INFO: Trying to find match for (GET) 'tables' [] []
[2018-11-01 06:06:45] System.INFO: Route match found [] []
[2018-11-01 06:06:45] System.INFO: Calling definition for hook 'coinritual.route.beforeDispatch' [] []
[2018-11-01 06:06:45] System.DEBUG: Hook definition parameters ["[object] (SlaxWeb\\Bootstrap\\Application: {})","[object] (SlaxWeb\\Router\\Route: {})"] []
[2018-11-01 06:06:55] System.INFO: Hooks component initialized [] []
[2018-11-01 06:06:55] System.DEBUG: Adding definition for hook 'coinritual.route.beforeDispatch' for the first time. [] []
[2018-11-01 06:06:55] System.INFO: Route Container initialized [] []
[2018-11-01 06:06:55] System.INFO: Route successfully added to Container {"uri":"~^language$~"} []
[2018-11-01 06:06:55] System.INFO: Route successfully added to Container {"uri":"~^[:params:]?/?oathmaster/?[:named:]?$|^[:params:]?/?observer/?[:named:]?$~"} []
[2018-11-01 06:06:55] System.INFO: Route successfully added to Container {"uri":"~^[:params:]?/?rules/?$~"} []
[2018-11-01 06:06:55] System.INFO: Route successfully added to Container {"uri":"~^[:params:]?/?bloodnamed/?$~"} []
[2018-11-01 06:06:55] System.INFO: Route successfully added to Container {"uri":"~^coinMachine/getResult/?$~"} []
[2018-11-01 06:06:55] System.INFO: Route successfully added to Container {"uri":"~^[:params:]?/?tables/?$~"} []
[2018-11-01 06:06:55] System.INFO: Route successfully added to Container {"uri":"~^fight/save/?$~"} []
[2018-11-01 06:06:55] System.INFO: Route successfully added to Container {"uri":"~^[:params:]?/?$|^[:params:]?/?fame/?$~"} []
[2018-11-01 06:06:55] System.INFO: Shutdown and error handlers have been registered [] []
[2018-11-01 06:06:55] System.INFO: Output manager initialized [] []
[2018-11-01 06:06:55] System.INFO: Application initialized [] []
[2018-11-01 06:06:55] System.DEBUG: No hook definitions found for 'application.init.after'. Available hook definitions [["coinritual.route.beforeDispatch"]] []
[2018-11-01 06:06:55] System.INFO: Beginning process for request. ["[object] (SlaxWeb\\Router\\Request: GET /language HTTP/1.0\r\nAccept:           */*\r\nAccept-Encoding:  gzip, deflate\r\nCache-Control:    no-cache\r\nConnection:       close\r\nFrom:             bingbot(at)microsoft.com\r\nHost:             tob.clanwolf.net\r\nPragma:           no-cache\r\nUser-Agent:       Mozilla/5.0 (compatible; bingbot/2.0; +http://www.bing.com/bingbot.htm)\r\nX-Accel-Internal: /internal-nginx-static-location\r\nX-Forwarded-For:  207.46.13.183\r\nX-Real-Ip:        207.46.13.183\r\n\r\n)"] []
[2018-11-01 06:06:55] System.DEBUG: No hook definitions found for 'application.dispatch.before'. Available hook definitions [["coinritual.route.beforeDispatch"]] []
[2018-11-01 06:06:55] System.INFO: Router Dispatcher initialized [] []
[2018-11-01 06:06:55] System.INFO: Trying to find match for (GET) 'language' [] []
[2018-11-01 06:06:55] System.INFO: Route match found [] []
[2018-11-01 06:06:55] System.DEBUG: No hook definitions found for 'router.dispatcher.beforeDispatch'. Available hook definitions [["coinritual.route.beforeDispatch"]] []
[2018-11-01 06:06:55] System.INFO: Executing route definition {"name":"~^language$~","action":"[object] (Closure: {})"} []
[2018-11-01 06:06:55] System.DEBUG: No hook definitions found for 'model.translation.before.init'. Available hook definitions [["coinritual.route.beforeDispatch"]] []
[2018-11-01 06:06:55] System.DEBUG: No hook definitions found for 'model.translation.after.init'. Available hook definitions [["coinritual.route.beforeDispatch"]] []
[2018-11-01 06:06:55] System.DEBUG: No hook definitions found for 'model.translation.before.select'. Available hook definitions [["coinritual.route.beforeDispatch"]] []
[2018-11-01 06:06:55] System.DEBUG: No hook definitions found for 'model.translation.after.select'. Available hook definitions [["coinritual.route.beforeDispatch"]] []
[2018-11-01 06:06:55] System.DEBUG: No hook definitions found for 'router.dispatcher.afterDispatch'. Available hook definitions [["coinritual.route.beforeDispatch"]] []
[2018-11-01 06:06:55] System.INFO: Request has finished processing, Response is ready to be sent to caller. [] []
[2018-11-01 06:06:55] System.DEBUG: No hook definitions found for 'application.dispatch.after'. Available hook definitions [["coinritual.route.beforeDispatch"]] []
[2018-11-01 06:06:55] System.DEBUG: Time taken to finish Request processing {"start":1541052415.93967,"end":1541052415.958839,"elapsed":0.019168853759765625,"uri":"/language"} []
[2018-11-01 11:51:08] System.INFO: Hooks component initialized [] []
[2018-11-01 11:51:08] System.DEBUG: Adding definition for hook 'coinritual.route.beforeDispatch' for the first time. [] []
[2018-11-01 11:51:08] System.INFO: Route Container initialized [] []
[2018-11-01 11:51:08] System.INFO: Route successfully added to Container {"uri":"~^language$~"} []
[2018-11-01 11:51:08] System.INFO: Route successfully added to Container {"uri":"~^[:params:]?/?oathmaster/?[:named:]?$|^[:params:]?/?observer/?[:named:]?$~"} []
[2018-11-01 11:51:08] System.INFO: Route successfully added to Container {"uri":"~^[:params:]?/?rules/?$~"} []
[2018-11-01 11:51:08] System.INFO: Route successfully added to Container {"uri":"~^[:params:]?/?bloodnamed/?$~"} []
[2018-11-01 11:51:08] System.INFO: Route successfully added to Container {"uri":"~^coinMachine/getResult/?$~"} []
[2018-11-01 11:51:08] System.INFO: Route successfully added to Container {"uri":"~^[:params:]?/?tables/?$~"} []
[2018-11-01 11:51:08] System.INFO: Route successfully added to Container {"uri":"~^fight/save/?$~"} []
[2018-11-01 11:51:08] System.INFO: Route successfully added to Container {"uri":"~^[:params:]?/?$|^[:params:]?/?fame/?$~"} []
[2018-11-01 11:51:08] System.INFO: Shutdown and error handlers have been registered [] []
[2018-11-01 11:51:08] System.INFO: Output manager initialized [] []
[2018-11-01 11:51:08] System.INFO: Application initialized [] []
[2018-11-01 11:51:08] System.DEBUG: No hook definitions found for 'application.init.after'. Available hook definitions [["coinritual.route.beforeDispatch"]] []
[2018-11-01 11:51:08] System.INFO: Beginning process for request. ["[object] (SlaxWeb\\Router\\Request: GET /rules HTTP/1.0\r\nAccept:           */*\r\nAccept-Encoding:  gzip, deflate, identity\r\nConnection:       close\r\nDate:             Thu, 1 Nov 2018 11:51:08 GMT\r\nFrom:             crawler@exabot.com\r\nHost:             tob.clanwolf.net\r\nUser-Agent:       Mozilla/5.0 (compatible; Exabot/3.0; +http://www.exabot.com/go/robot)\r\nX-Accel-Internal: /internal-nginx-static-location\r\nX-Forwarded-For:  178.255.215.89\r\nX-Real-Ip:        178.255.215.89\r\n\r\n)"] []
[2018-11-01 11:51:08] System.DEBUG: No hook definitions found for 'application.dispatch.before'. Available hook definitions [["coinritual.route.beforeDispatch"]] []
[2018-11-01 11:51:08] System.INFO: Router Dispatcher initialized [] []
[2018-11-01 11:51:08] System.INFO: Trying to find match for (GET) 'rules' [] []
[2018-11-01 11:51:08] System.INFO: Route match found [] []
[2018-11-01 11:51:08] System.INFO: Calling definition for hook 'coinritual.route.beforeDispatch' [] []
[2018-11-01 11:51:08] System.DEBUG: Hook definition parameters ["[object] (SlaxWeb\\Bootstrap\\Application: {})","[object] (SlaxWeb\\Router\\Route: {})"] []
[2018-11-01 11:51:11] System.INFO: Hooks component initialized [] []
[2018-11-01 11:51:11] System.DEBUG: Adding definition for hook 'coinritual.route.beforeDispatch' for the first time. [] []
[2018-11-01 11:51:11] System.INFO: Route Container initialized [] []
[2018-11-01 11:51:11] System.INFO: Route successfully added to Container {"uri":"~^language$~"} []
[2018-11-01 11:51:11] System.INFO: Route successfully added to Container {"uri":"~^[:params:]?/?oathmaster/?[:named:]?$|^[:params:]?/?observer/?[:named:]?$~"} []
[2018-11-01 11:51:11] System.INFO: Route successfully added to Container {"uri":"~^[:params:]?/?rules/?$~"} []
[2018-11-01 11:51:11] System.INFO: Route successfully added to Container {"uri":"~^[:params:]?/?bloodnamed/?$~"} []
[2018-11-01 11:51:11] System.INFO: Route successfully added to Container {"uri":"~^coinMachine/getResult/?$~"} []
[2018-11-01 11:51:11] System.INFO: Route successfully added to Container {"uri":"~^[:params:]?/?tables/?$~"} []
[2018-11-01 11:51:11] System.INFO: Route successfully added to Container {"uri":"~^fight/save/?$~"} []
[2018-11-01 11:51:11] System.INFO: Route successfully added to Container {"uri":"~^[:params:]?/?$|^[:params:]?/?fame/?$~"} []
[2018-11-01 11:51:11] System.INFO: Shutdown and error handlers have been registered [] []
[2018-11-01 11:51:11] System.INFO: Output manager initialized [] []
[2018-11-01 11:51:11] System.INFO: Application initialized [] []
[2018-11-01 11:51:11] System.DEBUG: No hook definitions found for 'application.init.after'. Available hook definitions [["coinritual.route.beforeDispatch"]] []
[2018-11-01 11:51:11] System.INFO: Beginning process for request. ["[object] (SlaxWeb\\Router\\Request: GET /language HTTP/1.0\r\nAccept:           */*\r\nAccept-Encoding:  gzip, deflate, identity\r\nConnection:       close\r\nDate:             Thu, 1 Nov 2018 11:51:11 GMT\r\nFrom:             crawler@exabot.com\r\nHost:             tob.clanwolf.net\r\nUser-Agent:       Mozilla/5.0 (compatible; Exabot/3.0; +http://www.exabot.com/go/robot)\r\nX-Accel-Internal: /internal-nginx-static-location\r\nX-Forwarded-For:  178.255.215.89\r\nX-Real-Ip:        178.255.215.89\r\n\r\n)"] []
[2018-11-01 11:51:11] System.DEBUG: No hook definitions found for 'application.dispatch.before'. Available hook definitions [["coinritual.route.beforeDispatch"]] []
[2018-11-01 11:51:11] System.INFO: Router Dispatcher initialized [] []
[2018-11-01 11:51:11] System.INFO: Trying to find match for (GET) 'language' [] []
[2018-11-01 11:51:11] System.INFO: Route match found [] []
[2018-11-01 11:51:11] System.DEBUG: No hook definitions found for 'router.dispatcher.beforeDispatch'. Available hook definitions [["coinritual.route.beforeDispatch"]] []
[2018-11-01 11:51:11] System.INFO: Executing route definition {"name":"~^language$~","action":"[object] (Closure: {})"} []
[2018-11-01 11:51:11] System.DEBUG: No hook definitions found for 'model.translation.before.init'. Available hook definitions [["coinritual.route.beforeDispatch"]] []
[2018-11-01 11:51:11] System.DEBUG: No hook definitions found for 'model.translation.after.init'. Available hook definitions [["coinritual.route.beforeDispatch"]] []
[2018-11-01 11:51:11] System.DEBUG: No hook definitions found for 'model.translation.before.select'. Available hook definitions [["coinritual.route.beforeDispatch"]] []
[2018-11-01 11:51:11] System.DEBUG: No hook definitions found for 'model.translation.after.select'. Available hook definitions [["coinritual.route.beforeDispatch"]] []
[2018-11-01 11:51:11] System.DEBUG: No hook definitions found for 'router.dispatcher.afterDispatch'. Available hook definitions [["coinritual.route.beforeDispatch"]] []
[2018-11-01 11:51:11] System.INFO: Request has finished processing, Response is ready to be sent to caller. [] []
[2018-11-01 11:51:11] System.DEBUG: No hook definitions found for 'application.dispatch.after'. Available hook definitions [["coinritual.route.beforeDispatch"]] []
[2018-11-01 11:51:11] System.DEBUG: Time taken to finish Request processing {"start":1541073071.348866,"end":1541073071.372319,"elapsed":0.0234529972076416,"uri":"/language"} []
[2018-11-01 11:51:16] System.INFO: Hooks component initialized [] []
[2018-11-01 11:51:16] System.DEBUG: Adding definition for hook 'coinritual.route.beforeDispatch' for the first time. [] []
[2018-11-01 11:51:16] System.INFO: Route Container initialized [] []
[2018-11-01 11:51:16] System.INFO: Route successfully added to Container {"uri":"~^language$~"} []
[2018-11-01 11:51:16] System.INFO: Route successfully added to Container {"uri":"~^[:params:]?/?oathmaster/?[:named:]?$|^[:params:]?/?observer/?[:named:]?$~"} []
[2018-11-01 11:51:16] System.INFO: Route successfully added to Container {"uri":"~^[:params:]?/?rules/?$~"} []
[2018-11-01 11:51:16] System.INFO: Route successfully added to Container {"uri":"~^[:params:]?/?bloodnamed/?$~"} []
[2018-11-01 11:51:16] System.INFO: Route successfully added to Container {"uri":"~^coinMachine/getResult/?$~"} []
[2018-11-01 11:51:16] System.INFO: Route successfully added to Container {"uri":"~^[:params:]?/?tables/?$~"} []
[2018-11-01 11:51:16] System.INFO: Route successfully added to Container {"uri":"~^fight/save/?$~"} []
[2018-11-01 11:51:16] System.INFO: Route successfully added to Container {"uri":"~^[:params:]?/?$|^[:params:]?/?fame/?$~"} []
[2018-11-01 11:51:16] System.INFO: Shutdown and error handlers have been registered [] []
[2018-11-01 11:51:16] System.INFO: Output manager initialized [] []
[2018-11-01 11:51:16] System.INFO: Application initialized [] []
[2018-11-01 11:51:16] System.DEBUG: No hook definitions found for 'application.init.after'. Available hook definitions [["coinritual.route.beforeDispatch"]] []
[2018-11-01 11:51:16] System.INFO: Beginning process for request. ["[object] (SlaxWeb\\Router\\Request: GET /tables HTTP/1.0\r\nAccept:           */*\r\nAccept-Encoding:  gzip, deflate, identity\r\nConnection:       close\r\nDate:             Thu, 1 Nov 2018 11:51:15 GMT\r\nFrom:             crawler@exabot.com\r\nHost:             tob.clanwolf.net\r\nUser-Agent:       Mozilla/5.0 (compatible; Exabot/3.0; +http://www.exabot.com/go/robot)\r\nX-Accel-Internal: /internal-nginx-static-location\r\nX-Forwarded-For:  178.255.215.89\r\nX-Real-Ip:        178.255.215.89\r\n\r\n)"] []
[2018-11-01 11:51:16] System.DEBUG: No hook definitions found for 'application.dispatch.before'. Available hook definitions [["coinritual.route.beforeDispatch"]] []
[2018-11-01 11:51:16] System.INFO: Router Dispatcher initialized [] []
[2018-11-01 11:51:16] System.INFO: Trying to find match for (GET) 'tables' [] []
[2018-11-01 11:51:16] System.INFO: Route match found [] []
[2018-11-01 11:51:16] System.INFO: Calling definition for hook 'coinritual.route.beforeDispatch' [] []
[2018-11-01 11:51:16] System.DEBUG: Hook definition parameters ["[object] (SlaxWeb\\Bootstrap\\Application: {})","[object] (SlaxWeb\\Router\\Route: {})"] []
[2018-11-01 11:51:18] System.INFO: Hooks component initialized [] []
[2018-11-01 11:51:18] System.DEBUG: Adding definition for hook 'coinritual.route.beforeDispatch' for the first time. [] []
[2018-11-01 11:51:18] System.INFO: Route Container initialized [] []
[2018-11-01 11:51:18] System.INFO: Route successfully added to Container {"uri":"~^language$~"} []
[2018-11-01 11:51:18] System.INFO: Route successfully added to Container {"uri":"~^[:params:]?/?oathmaster/?[:named:]?$|^[:params:]?/?observer/?[:named:]?$~"} []
[2018-11-01 11:51:18] System.INFO: Route successfully added to Container {"uri":"~^[:params:]?/?rules/?$~"} []
[2018-11-01 11:51:18] System.INFO: Route successfully added to Container {"uri":"~^[:params:]?/?bloodnamed/?$~"} []
[2018-11-01 11:51:18] System.INFO: Route successfully added to Container {"uri":"~^coinMachine/getResult/?$~"} []
[2018-11-01 11:51:18] System.INFO: Route successfully added to Container {"uri":"~^[:params:]?/?tables/?$~"} []
[2018-11-01 11:51:18] System.INFO: Route successfully added to Container {"uri":"~^fight/save/?$~"} []
[2018-11-01 11:51:18] System.INFO: Route successfully added to Container {"uri":"~^[:params:]?/?$|^[:params:]?/?fame/?$~"} []
[2018-11-01 11:51:18] System.INFO: Shutdown and error handlers have been registered [] []
[2018-11-01 11:51:18] System.INFO: Output manager initialized [] []
[2018-11-01 11:51:18] System.INFO: Application initialized [] []
[2018-11-01 11:51:18] System.DEBUG: No hook definitions found for 'application.init.after'. Available hook definitions [["coinritual.route.beforeDispatch"]] []
[2018-11-01 11:51:18] System.INFO: Beginning process for request. ["[object] (SlaxWeb\\Router\\Request: GET /rules HTTP/1.0\r\nAccept:           */*\r\nAccept-Encoding:  gzip, deflate, identity\r\nConnection:       close\r\nDate:             Thu, 1 Nov 2018 11:51:18 GMT\r\nFrom:             crawler@exabot.com\r\nHost:             tob.clanwolf.net\r\nUser-Agent:       Mozilla/5.0 (compatible; Exabot/3.0; +http://www.exabot.com/go/robot)\r\nX-Accel-Internal: /internal-nginx-static-location\r\nX-Forwarded-For:  178.255.215.89\r\nX-Real-Ip:        178.255.215.89\r\n\r\n)"] []
[2018-11-01 11:51:18] System.DEBUG: No hook definitions found for 'application.dispatch.before'. Available hook definitions [["coinritual.route.beforeDispatch"]] []
[2018-11-01 11:51:18] System.INFO: Router Dispatcher initialized [] []
[2018-11-01 11:51:18] System.INFO: Trying to find match for (GET) 'rules' [] []
[2018-11-01 11:51:18] System.INFO: Route match found [] []
[2018-11-01 11:51:18] System.INFO: Calling definition for hook 'coinritual.route.beforeDispatch' [] []
[2018-11-01 11:51:18] System.DEBUG: Hook definition parameters ["[object] (SlaxWeb\\Bootstrap\\Application: {})","[object] (SlaxWeb\\Router\\Route: {})"] []
[2018-11-01 13:15:43] System.INFO: Hooks component initialized [] []
[2018-11-01 13:15:43] System.DEBUG: Adding definition for hook 'coinritual.route.beforeDispatch' for the first time. [] []
[2018-11-01 13:15:43] System.INFO: Route Container initialized [] []
[2018-11-01 13:15:43] System.INFO: Route successfully added to Container {"uri":"~^language$~"} []
[2018-11-01 13:15:43] System.INFO: Route successfully added to Container {"uri":"~^[:params:]?/?oathmaster/?[:named:]?$|^[:params:]?/?observer/?[:named:]?$~"} []
[2018-11-01 13:15:43] System.INFO: Route successfully added to Container {"uri":"~^[:params:]?/?rules/?$~"} []
[2018-11-01 13:15:43] System.INFO: Route successfully added to Container {"uri":"~^[:params:]?/?bloodnamed/?$~"} []
[2018-11-01 13:15:43] System.INFO: Route successfully added to Container {"uri":"~^coinMachine/getResult/?$~"} []
[2018-11-01 13:15:43] System.INFO: Route successfully added to Container {"uri":"~^[:params:]?/?tables/?$~"} []
[2018-11-01 13:15:43] System.INFO: Route successfully added to Container {"uri":"~^fight/save/?$~"} []
[2018-11-01 13:15:43] System.INFO: Route successfully added to Container {"uri":"~^[:params:]?/?$|^[:params:]?/?fame/?$~"} []
[2018-11-01 13:15:43] System.INFO: Shutdown and error handlers have been registered [] []
[2018-11-01 13:15:43] System.INFO: Output manager initialized [] []
[2018-11-01 13:15:43] System.INFO: Application initialized [] []
[2018-11-01 13:15:43] System.DEBUG: No hook definitions found for 'application.init.after'. Available hook definitions [["coinritual.route.beforeDispatch"]] []
[2018-11-01 13:15:43] System.INFO: Beginning process for request. ["[object] (SlaxWeb\\Router\\Request: GET /.well-known/assetlinks.json HTTP/1.0\r\nAccept:           text/html,application/xhtml+xml,application/xml;q=0.9,*/*;q=0.8\r\nAccept-Encoding:  gzip,deflate,br\r\nConnection:       close\r\nFrom:             googlebot(at)googlebot.com\r\nHost:             tob.clanwolf.net\r\nUser-Agent:       Mozilla/5.0 (compatible; Googlebot/2.1; +http://www.google.com/bot.html)\r\nX-Accel-Internal: /internal-nginx-static-location\r\nX-Forwarded-For:  66.249.79.95\r\nX-Real-Ip:        66.249.79.95\r\n\r\n)"] []
[2018-11-01 13:15:43] System.DEBUG: No hook definitions found for 'application.dispatch.before'. Available hook definitions [["coinritual.route.beforeDispatch"]] []
[2018-11-01 13:15:43] System.INFO: Router Dispatcher initialized [] []
[2018-11-01 13:15:43] System.INFO: Trying to find match for (GET) '.well-known/assetlinks.json' [] []
[2018-11-01 13:15:43] System.INFO: Route match found [] []
[2018-11-01 13:15:43] System.INFO: Calling definition for hook 'coinritual.route.beforeDispatch' [] []
[2018-11-01 13:15:43] System.DEBUG: Hook definition parameters ["[object] (SlaxWeb\\Bootstrap\\Application: {})","[object] (SlaxWeb\\Router\\Route: {})"] []
[2018-11-01 13:15:44] System.INFO: Hooks component initialized [] []
[2018-11-01 13:15:44] System.DEBUG: Adding definition for hook 'coinritual.route.beforeDispatch' for the first time. [] []
[2018-11-01 13:15:44] System.INFO: Route Container initialized [] []
[2018-11-01 13:15:44] System.INFO: Route successfully added to Container {"uri":"~^language$~"} []
[2018-11-01 13:15:44] System.INFO: Route successfully added to Container {"uri":"~^[:params:]?/?oathmaster/?[:named:]?$|^[:params:]?/?observer/?[:named:]?$~"} []
[2018-11-01 13:15:44] System.INFO: Route successfully added to Container {"uri":"~^[:params:]?/?rules/?$~"} []
[2018-11-01 13:15:44] System.INFO: Route successfully added to Container {"uri":"~^[:params:]?/?bloodnamed/?$~"} []
[2018-11-01 13:15:44] System.INFO: Route successfully added to Container {"uri":"~^coinMachine/getResult/?$~"} []
[2018-11-01 13:15:44] System.INFO: Route successfully added to Container {"uri":"~^[:params:]?/?tables/?$~"} []
[2018-11-01 13:15:44] System.INFO: Route successfully added to Container {"uri":"~^fight/save/?$~"} []
[2018-11-01 13:15:44] System.INFO: Route successfully added to Container {"uri":"~^[:params:]?/?$|^[:params:]?/?fame/?$~"} []
[2018-11-01 13:15:44] System.INFO: Shutdown and error handlers have been registered [] []
[2018-11-01 13:15:44] System.INFO: Output manager initialized [] []
[2018-11-01 13:15:44] System.INFO: Application initialized [] []
[2018-11-01 13:15:44] System.DEBUG: No hook definitions found for 'application.init.after'. Available hook definitions [["coinritual.route.beforeDispatch"]] []
[2018-11-01 13:15:44] System.INFO: Beginning process for request. ["[object] (SlaxWeb\\Router\\Request: GET /language HTTP/1.0\r\nAccept:           text/html,application/xhtml+xml,application/xml;q=0.9,*/*;q=0.8\r\nAccept-Encoding:  gzip,deflate,br\r\nConnection:       close\r\nCookie:           PHPSESSID=464gna53sas7rd8rij04dccatf\r\nFrom:             googlebot(at)googlebot.com\r\nHost:             tob.clanwolf.net\r\nUser-Agent:       Mozilla/5.0 (compatible; Googlebot/2.1; +http://www.google.com/bot.html)\r\nX-Accel-Internal: /internal-nginx-static-location\r\nX-Forwarded-For:  66.249.79.65\r\nX-Real-Ip:        66.249.79.65\r\n\r\n)"] []
[2018-11-01 13:15:44] System.DEBUG: No hook definitions found for 'application.dispatch.before'. Available hook definitions [["coinritual.route.beforeDispatch"]] []
[2018-11-01 13:15:44] System.INFO: Router Dispatcher initialized [] []
[2018-11-01 13:15:44] System.INFO: Trying to find match for (GET) 'language' [] []
[2018-11-01 13:15:44] System.INFO: Route match found [] []
[2018-11-01 13:15:44] System.DEBUG: No hook definitions found for 'router.dispatcher.beforeDispatch'. Available hook definitions [["coinritual.route.beforeDispatch"]] []
[2018-11-01 13:15:44] System.INFO: Executing route definition {"name":"~^language$~","action":"[object] (Closure: {})"} []
[2018-11-01 13:15:44] System.DEBUG: No hook definitions found for 'model.translation.before.init'. Available hook definitions [["coinritual.route.beforeDispatch"]] []
[2018-11-01 13:15:44] System.DEBUG: No hook definitions found for 'model.translation.after.init'. Available hook definitions [["coinritual.route.beforeDispatch"]] []
[2018-11-01 13:15:44] System.DEBUG: No hook definitions found for 'model.translation.before.select'. Available hook definitions [["coinritual.route.beforeDispatch"]] []
[2018-11-01 13:15:44] System.DEBUG: No hook definitions found for 'model.translation.after.select'. Available hook definitions [["coinritual.route.beforeDispatch"]] []
[2018-11-01 13:15:44] System.DEBUG: No hook definitions found for 'router.dispatcher.afterDispatch'. Available hook definitions [["coinritual.route.beforeDispatch"]] []
[2018-11-01 13:15:44] System.INFO: Request has finished processing, Response is ready to be sent to caller. [] []
[2018-11-01 13:15:44] System.DEBUG: No hook definitions found for 'application.dispatch.after'. Available hook definitions [["coinritual.route.beforeDispatch"]] []
[2018-11-01 13:15:44] System.DEBUG: Time taken to finish Request processing {"start":1541078144.141388,"end":1541078144.159865,"elapsed":0.01847696304321289,"uri":"/language"} []
[2018-11-01 18:26:29] System.INFO: Hooks component initialized [] []
[2018-11-01 18:26:29] System.DEBUG: Adding definition for hook 'coinritual.route.beforeDispatch' for the first time. [] []
[2018-11-01 18:26:29] System.INFO: Route Container initialized [] []
[2018-11-01 18:26:29] System.INFO: Route successfully added to Container {"uri":"~^language$~"} []
[2018-11-01 18:26:29] System.INFO: Route successfully added to Container {"uri":"~^[:params:]?/?oathmaster/?[:named:]?$|^[:params:]?/?observer/?[:named:]?$~"} []
[2018-11-01 18:26:29] System.INFO: Route successfully added to Container {"uri":"~^[:params:]?/?rules/?$~"} []
[2018-11-01 18:26:29] System.INFO: Route successfully added to Container {"uri":"~^[:params:]?/?bloodnamed/?$~"} []
[2018-11-01 18:26:29] System.INFO: Route successfully added to Container {"uri":"~^coinMachine/getResult/?$~"} []
[2018-11-01 18:26:29] System.INFO: Route successfully added to Container {"uri":"~^[:params:]?/?tables/?$~"} []
[2018-11-01 18:26:29] System.INFO: Route successfully added to Container {"uri":"~^fight/save/?$~"} []
[2018-11-01 18:26:29] System.INFO: Route successfully added to Container {"uri":"~^[:params:]?/?$|^[:params:]?/?fame/?$~"} []
[2018-11-01 18:26:29] System.INFO: Shutdown and error handlers have been registered [] []
[2018-11-01 18:26:29] System.INFO: Output manager initialized [] []
[2018-11-01 18:26:29] System.INFO: Application initialized [] []
[2018-11-01 18:26:29] System.DEBUG: No hook definitions found for 'application.init.after'. Available hook definitions [["coinritual.route.beforeDispatch"]] []
[2018-11-01 18:26:29] System.INFO: Beginning process for request. ["[object] (SlaxWeb\\Router\\Request: GET / HTTP/1.0\r\nAccept:           text/html,application/xhtml+xml,application/xml;q=0.9,*/*;q=0.8\r\nAccept-Encoding:  gzip,deflate,br\r\nConnection:       close\r\nFrom:             googlebot(at)googlebot.com\r\nHost:             tob.clanwolf.net\r\nUser-Agent:       Mozilla/5.0 (Linux; Android 6.0.1; Nexus 5X Build/MMB29P) AppleWebKit/537.36 (KHTML, like Gecko) Chrome/41.0.2272.96 Mobile Safari/537.36 (compatible; Googlebot/2.1; +http://www.google.com/bot.html)\r\nX-Accel-Internal: /internal-nginx-static-location\r\nX-Forwarded-For:  66.249.66.94\r\nX-Real-Ip:        66.249.66.94\r\n\r\n)"] []
[2018-11-01 18:26:29] System.DEBUG: No hook definitions found for 'application.dispatch.before'. Available hook definitions [["coinritual.route.beforeDispatch"]] []
[2018-11-01 18:26:29] System.INFO: Router Dispatcher initialized [] []
[2018-11-01 18:26:29] System.INFO: Trying to find match for (GET) '' [] []
[2018-11-01 18:26:29] System.INFO: Route match found [] []
[2018-11-01 18:26:29] System.INFO: Calling definition for hook 'coinritual.route.beforeDispatch' [] []
[2018-11-01 18:26:29] System.DEBUG: Hook definition parameters ["[object] (SlaxWeb\\Bootstrap\\Application: {})","[object] (SlaxWeb\\Router\\Route: {})"] []
[2018-11-01 18:26:29] System.INFO: Hooks component initialized [] []
[2018-11-01 18:26:29] System.DEBUG: Adding definition for hook 'coinritual.route.beforeDispatch' for the first time. [] []
[2018-11-01 18:26:29] System.INFO: Route Container initialized [] []
[2018-11-01 18:26:29] System.INFO: Route successfully added to Container {"uri":"~^language$~"} []
[2018-11-01 18:26:29] System.INFO: Route successfully added to Container {"uri":"~^[:params:]?/?oathmaster/?[:named:]?$|^[:params:]?/?observer/?[:named:]?$~"} []
[2018-11-01 18:26:29] System.INFO: Route successfully added to Container {"uri":"~^[:params:]?/?rules/?$~"} []
[2018-11-01 18:26:29] System.INFO: Route successfully added to Container {"uri":"~^[:params:]?/?bloodnamed/?$~"} []
[2018-11-01 18:26:29] System.INFO: Route successfully added to Container {"uri":"~^coinMachine/getResult/?$~"} []
[2018-11-01 18:26:29] System.INFO: Route successfully added to Container {"uri":"~^[:params:]?/?tables/?$~"} []
[2018-11-01 18:26:29] System.INFO: Route successfully added to Container {"uri":"~^fight/save/?$~"} []
[2018-11-01 18:26:29] System.INFO: Route successfully added to Container {"uri":"~^[:params:]?/?$|^[:params:]?/?fame/?$~"} []
[2018-11-01 18:26:29] System.INFO: Shutdown and error handlers have been registered [] []
[2018-11-01 18:26:29] System.INFO: Output manager initialized [] []
[2018-11-01 18:26:29] System.INFO: Application initialized [] []
[2018-11-01 18:26:29] System.DEBUG: No hook definitions found for 'application.init.after'. Available hook definitions [["coinritual.route.beforeDispatch"]] []
[2018-11-01 18:26:29] System.INFO: Beginning process for request. ["[object] (SlaxWeb\\Router\\Request: GET / HTTP/1.0\r\nAccept:           text/html,application/xhtml+xml,application/xml;q=0.9,*/*;q=0.8\r\nAccept-Encoding:  gzip,deflate,br\r\nConnection:       close\r\nFrom:             googlebot(at)googlebot.com\r\nHost:             tob.clanwolf.net\r\nUser-Agent:       Mozilla/5.0 (Linux; Android 6.0.1; Nexus 5X Build/MMB29P) AppleWebKit/537.36 (KHTML, like Gecko) Chrome/41.0.2272.96 Mobile Safari/537.36 (compatible; Googlebot/2.1; +http://www.google.com/bot.html)\r\nX-Accel-Internal: /internal-nginx-static-location\r\nX-Forwarded-For:  66.249.66.93\r\nX-Real-Ip:        66.249.66.93\r\n\r\n)"] []
[2018-11-01 18:26:29] System.DEBUG: No hook definitions found for 'application.dispatch.before'. Available hook definitions [["coinritual.route.beforeDispatch"]] []
[2018-11-01 18:26:29] System.INFO: Router Dispatcher initialized [] []
[2018-11-01 18:26:29] System.INFO: Trying to find match for (GET) '' [] []
[2018-11-01 18:26:29] System.INFO: Route match found [] []
[2018-11-01 18:26:29] System.INFO: Calling definition for hook 'coinritual.route.beforeDispatch' [] []
[2018-11-01 18:26:29] System.DEBUG: Hook definition parameters ["[object] (SlaxWeb\\Bootstrap\\Application: {})","[object] (SlaxWeb\\Router\\Route: {})"] []
[2018-11-01 18:26:30] System.INFO: Hooks component initialized [] []
[2018-11-01 18:26:30] System.DEBUG: Adding definition for hook 'coinritual.route.beforeDispatch' for the first time. [] []
[2018-11-01 18:26:30] System.INFO: Route Container initialized [] []
[2018-11-01 18:26:30] System.INFO: Route successfully added to Container {"uri":"~^language$~"} []
[2018-11-01 18:26:30] System.INFO: Route successfully added to Container {"uri":"~^[:params:]?/?oathmaster/?[:named:]?$|^[:params:]?/?observer/?[:named:]?$~"} []
[2018-11-01 18:26:30] System.INFO: Route successfully added to Container {"uri":"~^[:params:]?/?rules/?$~"} []
[2018-11-01 18:26:30] System.INFO: Route successfully added to Container {"uri":"~^[:params:]?/?bloodnamed/?$~"} []
[2018-11-01 18:26:30] System.INFO: Route successfully added to Container {"uri":"~^coinMachine/getResult/?$~"} []
[2018-11-01 18:26:30] System.INFO: Route successfully added to Container {"uri":"~^[:params:]?/?tables/?$~"} []
[2018-11-01 18:26:30] System.INFO: Route successfully added to Container {"uri":"~^fight/save/?$~"} []
[2018-11-01 18:26:30] System.INFO: Route successfully added to Container {"uri":"~^[:params:]?/?$|^[:params:]?/?fame/?$~"} []
[2018-11-01 18:26:30] System.INFO: Shutdown and error handlers have been registered [] []
[2018-11-01 18:26:30] System.INFO: Output manager initialized [] []
[2018-11-01 18:26:30] System.INFO: Application initialized [] []
[2018-11-01 18:26:30] System.DEBUG: No hook definitions found for 'application.init.after'. Available hook definitions [["coinritual.route.beforeDispatch"]] []
[2018-11-01 18:26:30] System.INFO: Beginning process for request. ["[object] (SlaxWeb\\Router\\Request: GET /language HTTP/1.0\r\nAccept:           text/html,application/xhtml+xml,application/xml;q=0.9,*/*;q=0.8\r\nAccept-Encoding:  gzip,deflate,br\r\nConnection:       close\r\nCookie:           PHPSESSID=48v41n9gbt96ee6tkvtcihk5gq\r\nFrom:             googlebot(at)googlebot.com\r\nHost:             tob.clanwolf.net\r\nUser-Agent:       Mozilla/5.0 (Linux; Android 6.0.1; Nexus 5X Build/MMB29P) AppleWebKit/537.36 (KHTML, like Gecko) Chrome/41.0.2272.96 Mobile Safari/537.36 (compatible; Googlebot/2.1; +http://www.google.com/bot.html)\r\nX-Accel-Internal: /internal-nginx-static-location\r\nX-Forwarded-For:  66.249.66.94\r\nX-Real-Ip:        66.249.66.94\r\n\r\n)"] []
[2018-11-01 18:26:30] System.DEBUG: No hook definitions found for 'application.dispatch.before'. Available hook definitions [["coinritual.route.beforeDispatch"]] []
[2018-11-01 18:26:30] System.INFO: Router Dispatcher initialized [] []
[2018-11-01 18:26:30] System.INFO: Trying to find match for (GET) 'language' [] []
[2018-11-01 18:26:30] System.INFO: Route match found [] []
[2018-11-01 18:26:30] System.DEBUG: No hook definitions found for 'router.dispatcher.beforeDispatch'. Available hook definitions [["coinritual.route.beforeDispatch"]] []
[2018-11-01 18:26:30] System.INFO: Executing route definition {"name":"~^language$~","action":"[object] (Closure: {})"} []
[2018-11-01 18:26:30] System.DEBUG: No hook definitions found for 'model.translation.before.init'. Available hook definitions [["coinritual.route.beforeDispatch"]] []
[2018-11-01 18:26:30] System.DEBUG: No hook definitions found for 'model.translation.after.init'. Available hook definitions [["coinritual.route.beforeDispatch"]] []
[2018-11-01 18:26:30] System.DEBUG: No hook definitions found for 'model.translation.before.select'. Available hook definitions [["coinritual.route.beforeDispatch"]] []
[2018-11-01 18:26:30] System.DEBUG: No hook definitions found for 'model.translation.after.select'. Available hook definitions [["coinritual.route.beforeDispatch"]] []
[2018-11-01 18:26:30] System.DEBUG: No hook definitions found for 'router.dispatcher.afterDispatch'. Available hook definitions [["coinritual.route.beforeDispatch"]] []
[2018-11-01 18:26:30] System.INFO: Request has finished processing, Response is ready to be sent to caller. [] []
[2018-11-01 18:26:30] System.DEBUG: No hook definitions found for 'application.dispatch.after'. Available hook definitions [["coinritual.route.beforeDispatch"]] []
[2018-11-01 18:26:30] System.DEBUG: Time taken to finish Request processing {"start":1541096790.577261,"end":1541096790.600687,"elapsed":0.023426055908203125,"uri":"/language"} []
[2018-11-01 18:26:31] System.INFO: Hooks component initialized [] []
[2018-11-01 18:26:31] System.DEBUG: Adding definition for hook 'coinritual.route.beforeDispatch' for the first time. [] []
[2018-11-01 18:26:31] System.INFO: Route Container initialized [] []
[2018-11-01 18:26:31] System.INFO: Route successfully added to Container {"uri":"~^language$~"} []
[2018-11-01 18:26:31] System.INFO: Route successfully added to Container {"uri":"~^[:params:]?/?oathmaster/?[:named:]?$|^[:params:]?/?observer/?[:named:]?$~"} []
[2018-11-01 18:26:31] System.INFO: Route successfully added to Container {"uri":"~^[:params:]?/?rules/?$~"} []
[2018-11-01 18:26:31] System.INFO: Route successfully added to Container {"uri":"~^[:params:]?/?bloodnamed/?$~"} []
[2018-11-01 18:26:31] System.INFO: Route successfully added to Container {"uri":"~^coinMachine/getResult/?$~"} []
[2018-11-01 18:26:31] System.INFO: Route successfully added to Container {"uri":"~^[:params:]?/?tables/?$~"} []
[2018-11-01 18:26:31] System.INFO: Route successfully added to Container {"uri":"~^fight/save/?$~"} []
[2018-11-01 18:26:31] System.INFO: Route successfully added to Container {"uri":"~^[:params:]?/?$|^[:params:]?/?fame/?$~"} []
[2018-11-01 18:26:31] System.INFO: Shutdown and error handlers have been registered [] []
[2018-11-01 18:26:31] System.INFO: Output manager initialized [] []
[2018-11-01 18:26:31] System.INFO: Application initialized [] []
[2018-11-01 18:26:31] System.DEBUG: No hook definitions found for 'application.init.after'. Available hook definitions [["coinritual.route.beforeDispatch"]] []
[2018-11-01 18:26:31] System.INFO: Beginning process for request. ["[object] (SlaxWeb\\Router\\Request: GET /language HTTP/1.0\r\nAccept:           text/html,application/xhtml+xml,application/xml;q=0.9,*/*;q=0.8\r\nAccept-Encoding:  gzip,deflate,br\r\nConnection:       close\r\nCookie:           PHPSESSID=r8jme2u3cmft3m4f2c4gk0ideh\r\nFrom:             googlebot(at)googlebot.com\r\nHost:             tob.clanwolf.net\r\nUser-Agent:       Mozilla/5.0 (Linux; Android 6.0.1; Nexus 5X Build/MMB29P) AppleWebKit/537.36 (KHTML, like Gecko) Chrome/41.0.2272.96 Mobile Safari/537.36 (compatible; Googlebot/2.1; +http://www.google.com/bot.html)\r\nX-Accel-Internal: /internal-nginx-static-location\r\nX-Forwarded-For:  66.249.66.93\r\nX-Real-Ip:        66.249.66.93\r\n\r\n)"] []
[2018-11-01 18:26:31] System.DEBUG: No hook definitions found for 'application.dispatch.before'. Available hook definitions [["coinritual.route.beforeDispatch"]] []
[2018-11-01 18:26:31] System.INFO: Router Dispatcher initialized [] []
[2018-11-01 18:26:31] System.INFO: Trying to find match for (GET) 'language' [] []
[2018-11-01 18:26:31] System.INFO: Route match found [] []
[2018-11-01 18:26:31] System.DEBUG: No hook definitions found for 'router.dispatcher.beforeDispatch'. Available hook definitions [["coinritual.route.beforeDispatch"]] []
[2018-11-01 18:26:31] System.INFO: Executing route definition {"name":"~^language$~","action":"[object] (Closure: {})"} []
[2018-11-01 18:26:31] System.DEBUG: No hook definitions found for 'model.translation.before.init'. Available hook definitions [["coinritual.route.beforeDispatch"]] []
[2018-11-01 18:26:31] System.DEBUG: No hook definitions found for 'model.translation.after.init'. Available hook definitions [["coinritual.route.beforeDispatch"]] []
[2018-11-01 18:26:31] System.DEBUG: No hook definitions found for 'model.translation.before.select'. Available hook definitions [["coinritual.route.beforeDispatch"]] []
[2018-11-01 18:26:31] System.DEBUG: No hook definitions found for 'model.translation.after.select'. Available hook definitions [["coinritual.route.beforeDispatch"]] []
[2018-11-01 18:26:31] System.DEBUG: No hook definitions found for 'router.dispatcher.afterDispatch'. Available hook definitions [["coinritual.route.beforeDispatch"]] []
[2018-11-01 18:26:31] System.INFO: Request has finished processing, Response is ready to be sent to caller. [] []
[2018-11-01 18:26:31] System.DEBUG: No hook definitions found for 'application.dispatch.after'. Available hook definitions [["coinritual.route.beforeDispatch"]] []
[2018-11-01 18:26:31] System.DEBUG: Time taken to finish Request processing {"start":1541096791.440397,"end":1541096791.452299,"elapsed":0.011902093887329102,"uri":"/language"} []
[2018-11-01 22:44:16] System.INFO: Hooks component initialized [] []
[2018-11-01 22:44:16] System.DEBUG: Adding definition for hook 'coinritual.route.beforeDispatch' for the first time. [] []
[2018-11-01 22:44:16] System.INFO: Route Container initialized [] []
[2018-11-01 22:44:16] System.INFO: Route successfully added to Container {"uri":"~^language$~"} []
[2018-11-01 22:44:16] System.INFO: Route successfully added to Container {"uri":"~^[:params:]?/?oathmaster/?[:named:]?$|^[:params:]?/?observer/?[:named:]?$~"} []
[2018-11-01 22:44:16] System.INFO: Route successfully added to Container {"uri":"~^[:params:]?/?rules/?$~"} []
[2018-11-01 22:44:16] System.INFO: Route successfully added to Container {"uri":"~^[:params:]?/?bloodnamed/?$~"} []
[2018-11-01 22:44:16] System.INFO: Route successfully added to Container {"uri":"~^coinMachine/getResult/?$~"} []
[2018-11-01 22:44:16] System.INFO: Route successfully added to Container {"uri":"~^[:params:]?/?tables/?$~"} []
[2018-11-01 22:44:16] System.INFO: Route successfully added to Container {"uri":"~^fight/save/?$~"} []
[2018-11-01 22:44:16] System.INFO: Route successfully added to Container {"uri":"~^[:params:]?/?$|^[:params:]?/?fame/?$~"} []
[2018-11-01 22:44:16] System.INFO: Shutdown and error handlers have been registered [] []
[2018-11-01 22:44:16] System.INFO: Output manager initialized [] []
[2018-11-01 22:44:16] System.INFO: Application initialized [] []
[2018-11-01 22:44:16] System.DEBUG: No hook definitions found for 'application.init.after'. Available hook definitions [["coinritual.route.beforeDispatch"]] []
[2018-11-01 22:44:16] System.INFO: Beginning process for request. ["[object] (SlaxWeb\\Router\\Request: GET / HTTP/1.0\r\nAccept:           */*\r\nAccept-Encoding:  gzip, deflate\r\nCache-Control:    no-cache\r\nConnection:       close\r\nFrom:             bingbot(at)microsoft.com\r\nHost:             tob.clanwolf.net\r\nPragma:           no-cache\r\nUser-Agent:       Mozilla/5.0 (compatible; bingbot/2.0; +http://www.bing.com/bingbot.htm)\r\nX-Accel-Internal: /internal-nginx-static-location\r\nX-Forwarded-For:  207.46.13.29\r\nX-Real-Ip:        207.46.13.29\r\n\r\n)"] []
[2018-11-01 22:44:16] System.DEBUG: No hook definitions found for 'application.dispatch.before'. Available hook definitions [["coinritual.route.beforeDispatch"]] []
[2018-11-01 22:44:16] System.INFO: Router Dispatcher initialized [] []
[2018-11-01 22:44:16] System.INFO: Trying to find match for (GET) '' [] []
[2018-11-01 22:44:16] System.INFO: Route match found [] []
[2018-11-01 22:44:16] System.INFO: Calling definition for hook 'coinritual.route.beforeDispatch' [] []
[2018-11-01 22:44:16] System.DEBUG: Hook definition parameters ["[object] (SlaxWeb\\Bootstrap\\Application: {})","[object] (SlaxWeb\\Router\\Route: {})"] []
[2018-11-01 23:46:27] System.INFO: Hooks component initialized [] []
[2018-11-01 23:46:27] System.DEBUG: Adding definition for hook 'coinritual.route.beforeDispatch' for the first time. [] []
[2018-11-01 23:46:27] System.INFO: Route Container initialized [] []
[2018-11-01 23:46:27] System.INFO: Route successfully added to Container {"uri":"~^language$~"} []
[2018-11-01 23:46:27] System.INFO: Route successfully added to Container {"uri":"~^[:params:]?/?oathmaster/?[:named:]?$|^[:params:]?/?observer/?[:named:]?$~"} []
[2018-11-01 23:46:27] System.INFO: Route successfully added to Container {"uri":"~^[:params:]?/?rules/?$~"} []
[2018-11-01 23:46:27] System.INFO: Route successfully added to Container {"uri":"~^[:params:]?/?bloodnamed/?$~"} []
[2018-11-01 23:46:27] System.INFO: Route successfully added to Container {"uri":"~^coinMachine/getResult/?$~"} []
[2018-11-01 23:46:27] System.INFO: Route successfully added to Container {"uri":"~^[:params:]?/?tables/?$~"} []
[2018-11-01 23:46:27] System.INFO: Route successfully added to Container {"uri":"~^fight/save/?$~"} []
[2018-11-01 23:46:27] System.INFO: Route successfully added to Container {"uri":"~^[:params:]?/?$|^[:params:]?/?fame/?$~"} []
[2018-11-01 23:46:27] System.INFO: Shutdown and error handlers have been registered [] []
[2018-11-01 23:46:27] System.INFO: Output manager initialized [] []
[2018-11-01 23:46:27] System.INFO: Application initialized [] []
[2018-11-01 23:46:27] System.DEBUG: No hook definitions found for 'application.init.after'. Available hook definitions [["coinritual.route.beforeDispatch"]] []
[2018-11-01 23:46:27] System.INFO: Beginning process for request. ["[object] (SlaxWeb\\Router\\Request: GET / HTTP/1.0\r\nAccept:           text/xml,application/xml,application/xhtml+xml,text/html;q=0.9,text/plain;q=0.8,image/png,*/*;q=0.5\r\nAccept-Charset:   ISO-8859-1,utf-8;q=0.7,*;q=0.7\r\nAccept-Encoding:  identity\r\nAccept-Language:  en-gb,en;q=0.5\r\nConnection:       close\r\nHost:             tob.clanwolf.net\r\nUser-Agent:       Mozilla/5.0 (compatible; NetcraftSurveyAgent/1.0; +info@netcraft.com)\r\nX-Accel-Internal: /internal-nginx-static-location\r\nX-Forwarded-For:  142.93.65.32\r\nX-Real-Ip:        142.93.65.32\r\n\r\n)"] []
[2018-11-01 23:46:27] System.DEBUG: No hook definitions found for 'application.dispatch.before'. Available hook definitions [["coinritual.route.beforeDispatch"]] []
[2018-11-01 23:46:27] System.INFO: Router Dispatcher initialized [] []
[2018-11-01 23:46:27] System.INFO: Trying to find match for (GET) '' [] []
[2018-11-01 23:46:27] System.INFO: Route match found [] []
[2018-11-01 23:46:27] System.INFO: Calling definition for hook 'coinritual.route.beforeDispatch' [] []
[2018-11-01 23:46:27] System.DEBUG: Hook definition parameters ["[object] (SlaxWeb\\Bootstrap\\Application: {})","[object] (SlaxWeb\\Router\\Route: {})"] []
[2018-11-01 23:46:32] System.INFO: Hooks component initialized [] []
[2018-11-01 23:46:32] System.DEBUG: Adding definition for hook 'coinritual.route.beforeDispatch' for the first time. [] []
[2018-11-01 23:46:32] System.INFO: Route Container initialized [] []
[2018-11-01 23:46:32] System.INFO: Route successfully added to Container {"uri":"~^language$~"} []
[2018-11-01 23:46:32] System.INFO: Route successfully added to Container {"uri":"~^[:params:]?/?oathmaster/?[:named:]?$|^[:params:]?/?observer/?[:named:]?$~"} []
[2018-11-01 23:46:32] System.INFO: Route successfully added to Container {"uri":"~^[:params:]?/?rules/?$~"} []
[2018-11-01 23:46:32] System.INFO: Route successfully added to Container {"uri":"~^[:params:]?/?bloodnamed/?$~"} []
[2018-11-01 23:46:32] System.INFO: Route successfully added to Container {"uri":"~^coinMachine/getResult/?$~"} []
[2018-11-01 23:46:32] System.INFO: Route successfully added to Container {"uri":"~^[:params:]?/?tables/?$~"} []
[2018-11-01 23:46:32] System.INFO: Route successfully added to Container {"uri":"~^fight/save/?$~"} []
[2018-11-01 23:46:32] System.INFO: Route successfully added to Container {"uri":"~^[:params:]?/?$|^[:params:]?/?fame/?$~"} []
[2018-11-01 23:46:32] System.INFO: Shutdown and error handlers have been registered [] []
[2018-11-01 23:46:32] System.INFO: Output manager initialized [] []
[2018-11-01 23:46:32] System.INFO: Application initialized [] []
[2018-11-01 23:46:32] System.DEBUG: No hook definitions found for 'application.init.after'. Available hook definitions [["coinritual.route.beforeDispatch"]] []
[2018-11-01 23:46:32] System.INFO: Beginning process for request. ["[object] (SlaxWeb\\Router\\Request: GET /language HTTP/1.0\r\nAccept:           text/xml,application/xml,application/xhtml+xml,text/html;q=0.9,text/plain;q=0.8,image/png,*/*;q=0.5\r\nAccept-Charset:   ISO-8859-1,utf-8;q=0.7,*;q=0.7\r\nAccept-Encoding:  identity\r\nAccept-Language:  en-gb,en;q=0.5\r\nConnection:       close\r\nHost:             tob.clanwolf.net\r\nUser-Agent:       Mozilla/5.0 (compatible; NetcraftSurveyAgent/1.0; +info@netcraft.com)\r\nX-Accel-Internal: /internal-nginx-static-location\r\nX-Forwarded-For:  142.93.65.32\r\nX-Real-Ip:        142.93.65.32\r\n\r\n)"] []
[2018-11-01 23:46:32] System.DEBUG: No hook definitions found for 'application.dispatch.before'. Available hook definitions [["coinritual.route.beforeDispatch"]] []
[2018-11-01 23:46:32] System.INFO: Router Dispatcher initialized [] []
[2018-11-01 23:46:32] System.INFO: Trying to find match for (GET) 'language' [] []
[2018-11-01 23:46:32] System.INFO: Route match found [] []
[2018-11-01 23:46:32] System.DEBUG: No hook definitions found for 'router.dispatcher.beforeDispatch'. Available hook definitions [["coinritual.route.beforeDispatch"]] []
[2018-11-01 23:46:32] System.INFO: Executing route definition {"name":"~^language$~","action":"[object] (Closure: {})"} []
[2018-11-01 23:46:32] System.DEBUG: No hook definitions found for 'model.translation.before.init'. Available hook definitions [["coinritual.route.beforeDispatch"]] []
[2018-11-01 23:46:32] System.DEBUG: No hook definitions found for 'model.translation.after.init'. Available hook definitions [["coinritual.route.beforeDispatch"]] []
[2018-11-01 23:46:32] System.DEBUG: No hook definitions found for 'model.translation.before.select'. Available hook definitions [["coinritual.route.beforeDispatch"]] []
[2018-11-01 23:46:32] System.DEBUG: No hook definitions found for 'model.translation.after.select'. Available hook definitions [["coinritual.route.beforeDispatch"]] []
[2018-11-01 23:46:32] System.DEBUG: No hook definitions found for 'router.dispatcher.afterDispatch'. Available hook definitions [["coinritual.route.beforeDispatch"]] []
[2018-11-01 23:46:32] System.INFO: Request has finished processing, Response is ready to be sent to caller. [] []
[2018-11-01 23:46:32] System.DEBUG: No hook definitions found for 'application.dispatch.after'. Available hook definitions [["coinritual.route.beforeDispatch"]] []
[2018-11-01 23:46:32] System.DEBUG: Time taken to finish Request processing {"start":1541115992.323004,"end":1541115992.342839,"elapsed":0.01983499526977539,"uri":"/language"} []
