[2018-11-06 04:35:33] System.INFO: Hooks component initialized [] []
[2018-11-06 04:35:33] System.DEBUG: Adding definition for hook 'coinritual.route.beforeDispatch' for the first time. [] []
[2018-11-06 04:35:33] System.INFO: Route Container initialized [] []
[2018-11-06 04:35:33] System.INFO: Route successfully added to Container {"uri":"~^language$~"} []
[2018-11-06 04:35:33] System.INFO: Route successfully added to Container {"uri":"~^[:params:]?/?oathmaster/?[:named:]?$|^[:params:]?/?observer/?[:named:]?$~"} []
[2018-11-06 04:35:33] System.INFO: Route successfully added to Container {"uri":"~^[:params:]?/?rules/?$~"} []
[2018-11-06 04:35:33] System.INFO: Route successfully added to Container {"uri":"~^[:params:]?/?bloodnamed/?$~"} []
[2018-11-06 04:35:33] System.INFO: Route successfully added to Container {"uri":"~^coinMachine/getResult/?$~"} []
[2018-11-06 04:35:33] System.INFO: Route successfully added to Container {"uri":"~^[:params:]?/?tables/?$~"} []
[2018-11-06 04:35:33] System.INFO: Route successfully added to Container {"uri":"~^fight/save/?$~"} []
[2018-11-06 04:35:33] System.INFO: Route successfully added to Container {"uri":"~^[:params:]?/?$|^[:params:]?/?fame/?$~"} []
[2018-11-06 04:35:33] System.INFO: Shutdown and error handlers have been registered [] []
[2018-11-06 04:35:33] System.INFO: Output manager initialized [] []
[2018-11-06 04:35:33] System.INFO: Application initialized [] []
[2018-11-06 04:35:33] System.DEBUG: No hook definitions found for 'application.init.after'. Available hook definitions [["coinritual.route.beforeDispatch"]] []
[2018-11-06 04:35:33] System.INFO: Beginning process for request. ["[object] (SlaxWeb\\Router\\Request: GET / HTTP/1.0\r\nAccept:           text/html,application/xhtml+xml,application/xml;q=0.9,*/*;q=0.8\r\nAccept-Encoding:  gzip,deflate,br\r\nConnection:       close\r\nFrom:             googlebot(at)googlebot.com\r\nHost:             tob.clanwolf.net\r\nUser-Agent:       Mozilla/5.0 (Linux; Android 6.0.1; Nexus 5X Build/MMB29P) AppleWebKit/537.36 (KHTML, like Gecko) Chrome/41.0.2272.96 Mobile Safari/537.36 (compatible; Googlebot/2.1; +http://www.google.com/bot.html)\r\nX-Accel-Internal: /internal-nginx-static-location\r\nX-Forwarded-For:  66.249.66.93\r\nX-Real-Ip:        66.249.66.93\r\n\r\n)"] []
[2018-11-06 04:35:33] System.DEBUG: No hook definitions found for 'application.dispatch.before'. Available hook definitions [["coinritual.route.beforeDispatch"]] []
[2018-11-06 04:35:33] System.INFO: Router Dispatcher initialized [] []
[2018-11-06 04:35:33] System.INFO: Trying to find match for (GET) '' [] []
[2018-11-06 04:35:33] System.INFO: Route match found [] []
[2018-11-06 04:35:33] System.INFO: Calling definition for hook 'coinritual.route.beforeDispatch' [] []
[2018-11-06 04:35:33] System.DEBUG: Hook definition parameters ["[object] (SlaxWeb\\Bootstrap\\Application: {})","[object] (SlaxWeb\\Router\\Route: {})"] []
[2018-11-06 04:35:34] System.INFO: Hooks component initialized [] []
[2018-11-06 04:35:34] System.DEBUG: Adding definition for hook 'coinritual.route.beforeDispatch' for the first time. [] []
[2018-11-06 04:35:34] System.INFO: Route Container initialized [] []
[2018-11-06 04:35:34] System.INFO: Route successfully added to Container {"uri":"~^language$~"} []
[2018-11-06 04:35:34] System.INFO: Route successfully added to Container {"uri":"~^[:params:]?/?oathmaster/?[:named:]?$|^[:params:]?/?observer/?[:named:]?$~"} []
[2018-11-06 04:35:34] System.INFO: Route successfully added to Container {"uri":"~^[:params:]?/?rules/?$~"} []
[2018-11-06 04:35:34] System.INFO: Route successfully added to Container {"uri":"~^[:params:]?/?bloodnamed/?$~"} []
[2018-11-06 04:35:34] System.INFO: Route successfully added to Container {"uri":"~^coinMachine/getResult/?$~"} []
[2018-11-06 04:35:34] System.INFO: Route successfully added to Container {"uri":"~^[:params:]?/?tables/?$~"} []
[2018-11-06 04:35:34] System.INFO: Route successfully added to Container {"uri":"~^fight/save/?$~"} []
[2018-11-06 04:35:34] System.INFO: Route successfully added to Container {"uri":"~^[:params:]?/?$|^[:params:]?/?fame/?$~"} []
[2018-11-06 04:35:34] System.INFO: Shutdown and error handlers have been registered [] []
[2018-11-06 04:35:34] System.INFO: Output manager initialized [] []
[2018-11-06 04:35:34] System.INFO: Application initialized [] []
[2018-11-06 04:35:34] System.DEBUG: No hook definitions found for 'application.init.after'. Available hook definitions [["coinritual.route.beforeDispatch"]] []
[2018-11-06 04:35:34] System.INFO: Beginning process for request. ["[object] (SlaxWeb\\Router\\Request: GET /language HTTP/1.0\r\nAccept:           text/html,application/xhtml+xml,application/xml;q=0.9,*/*;q=0.8\r\nAccept-Encoding:  gzip,deflate,br\r\nConnection:       close\r\nCookie:           PHPSESSID=n7c7tbbbmkd92872cjk1ev31hh\r\nFrom:             googlebot(at)googlebot.com\r\nHost:             tob.clanwolf.net\r\nUser-Agent:       Mozilla/5.0 (Linux; Android 6.0.1; Nexus 5X Build/MMB29P) AppleWebKit/537.36 (KHTML, like Gecko) Chrome/41.0.2272.96 Mobile Safari/537.36 (compatible; Googlebot/2.1; +http://www.google.com/bot.html)\r\nX-Accel-Internal: /internal-nginx-static-location\r\nX-Forwarded-For:  66.249.66.94\r\nX-Real-Ip:        66.249.66.94\r\n\r\n)"] []
[2018-11-06 04:35:34] System.DEBUG: No hook definitions found for 'application.dispatch.before'. Available hook definitions [["coinritual.route.beforeDispatch"]] []
[2018-11-06 04:35:34] System.INFO: Router Dispatcher initialized [] []
[2018-11-06 04:35:34] System.INFO: Trying to find match for (GET) 'language' [] []
[2018-11-06 04:35:34] System.INFO: Route match found [] []
[2018-11-06 04:35:34] System.DEBUG: No hook definitions found for 'router.dispatcher.beforeDispatch'. Available hook definitions [["coinritual.route.beforeDispatch"]] []
[2018-11-06 04:35:34] System.INFO: Executing route definition {"name":"~^language$~","action":"[object] (Closure: {})"} []
[2018-11-06 04:35:34] System.DEBUG: No hook definitions found for 'model.translation.before.init'. Available hook definitions [["coinritual.route.beforeDispatch"]] []
[2018-11-06 04:35:34] System.DEBUG: No hook definitions found for 'model.translation.after.init'. Available hook definitions [["coinritual.route.beforeDispatch"]] []
[2018-11-06 04:35:34] System.DEBUG: No hook definitions found for 'model.translation.before.select'. Available hook definitions [["coinritual.route.beforeDispatch"]] []
[2018-11-06 04:35:34] System.DEBUG: No hook definitions found for 'model.translation.after.select'. Available hook definitions [["coinritual.route.beforeDispatch"]] []
[2018-11-06 04:35:34] System.DEBUG: No hook definitions found for 'router.dispatcher.afterDispatch'. Available hook definitions [["coinritual.route.beforeDispatch"]] []
[2018-11-06 04:35:34] System.INFO: Request has finished processing, Response is ready to be sent to caller. [] []
[2018-11-06 04:35:34] System.DEBUG: No hook definitions found for 'application.dispatch.after'. Available hook definitions [["coinritual.route.beforeDispatch"]] []
[2018-11-06 04:35:34] System.DEBUG: Time taken to finish Request processing {"start":1541478934.357618,"end":1541478934.382015,"elapsed":0.024396896362304688,"uri":"/language"} []
[2018-11-06 11:03:33] System.INFO: Hooks component initialized [] []
[2018-11-06 11:03:33] System.DEBUG: Adding definition for hook 'coinritual.route.beforeDispatch' for the first time. [] []
[2018-11-06 11:03:33] System.INFO: Route Container initialized [] []
[2018-11-06 11:03:33] System.INFO: Route successfully added to Container {"uri":"~^language$~"} []
[2018-11-06 11:03:33] System.INFO: Route successfully added to Container {"uri":"~^[:params:]?/?oathmaster/?[:named:]?$|^[:params:]?/?observer/?[:named:]?$~"} []
[2018-11-06 11:03:33] System.INFO: Route successfully added to Container {"uri":"~^[:params:]?/?rules/?$~"} []
[2018-11-06 11:03:33] System.INFO: Route successfully added to Container {"uri":"~^[:params:]?/?bloodnamed/?$~"} []
[2018-11-06 11:03:33] System.INFO: Route successfully added to Container {"uri":"~^coinMachine/getResult/?$~"} []
[2018-11-06 11:03:33] System.INFO: Route successfully added to Container {"uri":"~^[:params:]?/?tables/?$~"} []
[2018-11-06 11:03:33] System.INFO: Route successfully added to Container {"uri":"~^fight/save/?$~"} []
[2018-11-06 11:03:33] System.INFO: Route successfully added to Container {"uri":"~^[:params:]?/?$|^[:params:]?/?fame/?$~"} []
[2018-11-06 11:03:33] System.INFO: Shutdown and error handlers have been registered [] []
[2018-11-06 11:03:33] System.INFO: Output manager initialized [] []
[2018-11-06 11:03:33] System.INFO: Application initialized [] []
[2018-11-06 11:03:33] System.DEBUG: No hook definitions found for 'application.init.after'. Available hook definitions [["coinritual.route.beforeDispatch"]] []
[2018-11-06 11:03:33] System.INFO: Beginning process for request. ["[object] (SlaxWeb\\Router\\Request: GET / HTTP/1.0\r\nAccept:           */*\r\nAccept-Encoding:  gzip, deflate\r\nCache-Control:    no-cache\r\nConnection:       close\r\nFrom:             bingbot(at)microsoft.com\r\nHost:             tob.clanwolf.net\r\nPragma:           no-cache\r\nUser-Agent:       Mozilla/5.0 (compatible; bingbot/2.0; +http://www.bing.com/bingbot.htm)\r\nX-Accel-Internal: /internal-nginx-static-location\r\nX-Forwarded-For:  157.55.39.240\r\nX-Real-Ip:        157.55.39.240\r\n\r\n)"] []
[2018-11-06 11:03:33] System.DEBUG: No hook definitions found for 'application.dispatch.before'. Available hook definitions [["coinritual.route.beforeDispatch"]] []
[2018-11-06 11:03:33] System.INFO: Router Dispatcher initialized [] []
[2018-11-06 11:03:33] System.INFO: Trying to find match for (GET) '' [] []
[2018-11-06 11:03:33] System.INFO: Route match found [] []
[2018-11-06 11:03:33] System.INFO: Calling definition for hook 'coinritual.route.beforeDispatch' [] []
[2018-11-06 11:03:33] System.DEBUG: Hook definition parameters ["[object] (SlaxWeb\\Bootstrap\\Application: {})","[object] (SlaxWeb\\Router\\Route: {})"] []
[2018-11-06 13:24:40] System.INFO: Hooks component initialized [] []
[2018-11-06 13:24:40] System.DEBUG: Adding definition for hook 'coinritual.route.beforeDispatch' for the first time. [] []
[2018-11-06 13:24:40] System.INFO: Route Container initialized [] []
[2018-11-06 13:24:40] System.INFO: Route successfully added to Container {"uri":"~^language$~"} []
[2018-11-06 13:24:40] System.INFO: Route successfully added to Container {"uri":"~^[:params:]?/?oathmaster/?[:named:]?$|^[:params:]?/?observer/?[:named:]?$~"} []
[2018-11-06 13:24:40] System.INFO: Route successfully added to Container {"uri":"~^[:params:]?/?rules/?$~"} []
[2018-11-06 13:24:40] System.INFO: Route successfully added to Container {"uri":"~^[:params:]?/?bloodnamed/?$~"} []
[2018-11-06 13:24:40] System.INFO: Route successfully added to Container {"uri":"~^coinMachine/getResult/?$~"} []
[2018-11-06 13:24:40] System.INFO: Route successfully added to Container {"uri":"~^[:params:]?/?tables/?$~"} []
[2018-11-06 13:24:40] System.INFO: Route successfully added to Container {"uri":"~^fight/save/?$~"} []
[2018-11-06 13:24:40] System.INFO: Route successfully added to Container {"uri":"~^[:params:]?/?$|^[:params:]?/?fame/?$~"} []
[2018-11-06 13:24:40] System.INFO: Shutdown and error handlers have been registered [] []
[2018-11-06 13:24:40] System.INFO: Output manager initialized [] []
[2018-11-06 13:24:40] System.INFO: Application initialized [] []
[2018-11-06 13:24:40] System.DEBUG: No hook definitions found for 'application.init.after'. Available hook definitions [["coinritual.route.beforeDispatch"]] []
[2018-11-06 13:24:40] System.INFO: Beginning process for request. ["[object] (SlaxWeb\\Router\\Request: GET / HTTP/1.0\r\nAccept:           text/html,application/xhtml+xml,application/xml;q=0.9,*/*;q=0.8\r\nAccept-Encoding:  gzip,deflate,br\r\nConnection:       close\r\nFrom:             googlebot(at)googlebot.com\r\nHost:             tob.clanwolf.net\r\nUser-Agent:       Mozilla/5.0 (Linux; Android 6.0.1; Nexus 5X Build/MMB29P) AppleWebKit/537.36 (KHTML, like Gecko) Chrome/41.0.2272.96 Mobile Safari/537.36 (compatible; Googlebot/2.1; +http://www.google.com/bot.html)\r\nX-Accel-Internal: /internal-nginx-static-location\r\nX-Forwarded-For:  66.249.66.92\r\nX-Real-Ip:        66.249.66.92\r\n\r\n)"] []
[2018-11-06 13:24:40] System.DEBUG: No hook definitions found for 'application.dispatch.before'. Available hook definitions [["coinritual.route.beforeDispatch"]] []
[2018-11-06 13:24:40] System.INFO: Router Dispatcher initialized [] []
[2018-11-06 13:24:40] System.INFO: Trying to find match for (GET) '' [] []
[2018-11-06 13:24:40] System.INFO: Route match found [] []
[2018-11-06 13:24:40] System.INFO: Calling definition for hook 'coinritual.route.beforeDispatch' [] []
[2018-11-06 13:24:40] System.DEBUG: Hook definition parameters ["[object] (SlaxWeb\\Bootstrap\\Application: {})","[object] (SlaxWeb\\Router\\Route: {})"] []
[2018-11-06 13:24:43] System.INFO: Hooks component initialized [] []
[2018-11-06 13:24:43] System.DEBUG: Adding definition for hook 'coinritual.route.beforeDispatch' for the first time. [] []
[2018-11-06 13:24:43] System.INFO: Route Container initialized [] []
[2018-11-06 13:24:43] System.INFO: Route successfully added to Container {"uri":"~^language$~"} []
[2018-11-06 13:24:43] System.INFO: Route successfully added to Container {"uri":"~^[:params:]?/?oathmaster/?[:named:]?$|^[:params:]?/?observer/?[:named:]?$~"} []
[2018-11-06 13:24:43] System.INFO: Route successfully added to Container {"uri":"~^[:params:]?/?rules/?$~"} []
[2018-11-06 13:24:43] System.INFO: Route successfully added to Container {"uri":"~^[:params:]?/?bloodnamed/?$~"} []
[2018-11-06 13:24:43] System.INFO: Route successfully added to Container {"uri":"~^coinMachine/getResult/?$~"} []
[2018-11-06 13:24:43] System.INFO: Route successfully added to Container {"uri":"~^[:params:]?/?tables/?$~"} []
[2018-11-06 13:24:43] System.INFO: Route successfully added to Container {"uri":"~^fight/save/?$~"} []
[2018-11-06 13:24:43] System.INFO: Route successfully added to Container {"uri":"~^[:params:]?/?$|^[:params:]?/?fame/?$~"} []
[2018-11-06 13:24:43] System.INFO: Shutdown and error handlers have been registered [] []
[2018-11-06 13:24:43] System.INFO: Output manager initialized [] []
[2018-11-06 13:24:43] System.INFO: Application initialized [] []
[2018-11-06 13:24:43] System.DEBUG: No hook definitions found for 'application.init.after'. Available hook definitions [["coinritual.route.beforeDispatch"]] []
[2018-11-06 13:24:43] System.INFO: Beginning process for request. ["[object] (SlaxWeb\\Router\\Request: GET /language HTTP/1.0\r\nAccept:           text/html,application/xhtml+xml,application/xml;q=0.9,*/*;q=0.8\r\nAccept-Encoding:  gzip,deflate,br\r\nConnection:       close\r\nCookie:           PHPSESSID=dd6bi6ddv7jp3q31s2ct9ao03m\r\nFrom:             googlebot(at)googlebot.com\r\nHost:             tob.clanwolf.net\r\nUser-Agent:       Mozilla/5.0 (Linux; Android 6.0.1; Nexus 5X Build/MMB29P) AppleWebKit/537.36 (KHTML, like Gecko) Chrome/41.0.2272.96 Mobile Safari/537.36 (compatible; Googlebot/2.1; +http://www.google.com/bot.html)\r\nX-Accel-Internal: /internal-nginx-static-location\r\nX-Forwarded-For:  66.249.66.92\r\nX-Real-Ip:        66.249.66.92\r\n\r\n)"] []
[2018-11-06 13:24:43] System.DEBUG: No hook definitions found for 'application.dispatch.before'. Available hook definitions [["coinritual.route.beforeDispatch"]] []
[2018-11-06 13:24:43] System.INFO: Router Dispatcher initialized [] []
[2018-11-06 13:24:43] System.INFO: Trying to find match for (GET) 'language' [] []
[2018-11-06 13:24:43] System.INFO: Route match found [] []
[2018-11-06 13:24:43] System.DEBUG: No hook definitions found for 'router.dispatcher.beforeDispatch'. Available hook definitions [["coinritual.route.beforeDispatch"]] []
[2018-11-06 13:24:43] System.INFO: Executing route definition {"name":"~^language$~","action":"[object] (Closure: {})"} []
[2018-11-06 13:24:43] System.DEBUG: No hook definitions found for 'model.translation.before.init'. Available hook definitions [["coinritual.route.beforeDispatch"]] []
[2018-11-06 13:24:43] System.DEBUG: No hook definitions found for 'model.translation.after.init'. Available hook definitions [["coinritual.route.beforeDispatch"]] []
[2018-11-06 13:24:43] System.DEBUG: No hook definitions found for 'model.translation.before.select'. Available hook definitions [["coinritual.route.beforeDispatch"]] []
[2018-11-06 13:24:43] System.DEBUG: No hook definitions found for 'model.translation.after.select'. Available hook definitions [["coinritual.route.beforeDispatch"]] []
[2018-11-06 13:24:43] System.DEBUG: No hook definitions found for 'router.dispatcher.afterDispatch'. Available hook definitions [["coinritual.route.beforeDispatch"]] []
[2018-11-06 13:24:43] System.INFO: Request has finished processing, Response is ready to be sent to caller. [] []
[2018-11-06 13:24:43] System.DEBUG: No hook definitions found for 'application.dispatch.after'. Available hook definitions [["coinritual.route.beforeDispatch"]] []
[2018-11-06 13:24:43] System.DEBUG: Time taken to finish Request processing {"start":1541510683.038899,"end":1541510683.061657,"elapsed":0.022758007049560547,"uri":"/language"} []
[2018-11-06 19:43:08] System.INFO: Hooks component initialized [] []
[2018-11-06 19:43:08] System.DEBUG: Adding definition for hook 'coinritual.route.beforeDispatch' for the first time. [] []
[2018-11-06 19:43:08] System.INFO: Route Container initialized [] []
[2018-11-06 19:43:08] System.INFO: Route successfully added to Container {"uri":"~^language$~"} []
[2018-11-06 19:43:08] System.INFO: Route successfully added to Container {"uri":"~^[:params:]?/?oathmaster/?[:named:]?$|^[:params:]?/?observer/?[:named:]?$~"} []
[2018-11-06 19:43:08] System.INFO: Route successfully added to Container {"uri":"~^[:params:]?/?rules/?$~"} []
[2018-11-06 19:43:08] System.INFO: Route successfully added to Container {"uri":"~^[:params:]?/?bloodnamed/?$~"} []
[2018-11-06 19:43:08] System.INFO: Route successfully added to Container {"uri":"~^coinMachine/getResult/?$~"} []
[2018-11-06 19:43:08] System.INFO: Route successfully added to Container {"uri":"~^[:params:]?/?tables/?$~"} []
[2018-11-06 19:43:08] System.INFO: Route successfully added to Container {"uri":"~^fight/save/?$~"} []
[2018-11-06 19:43:08] System.INFO: Route successfully added to Container {"uri":"~^[:params:]?/?$|^[:params:]?/?fame/?$~"} []
[2018-11-06 19:43:08] System.INFO: Shutdown and error handlers have been registered [] []
[2018-11-06 19:43:08] System.INFO: Output manager initialized [] []
[2018-11-06 19:43:08] System.INFO: Application initialized [] []
[2018-11-06 19:43:08] System.DEBUG: No hook definitions found for 'application.init.after'. Available hook definitions [["coinritual.route.beforeDispatch"]] []
[2018-11-06 19:43:08] System.INFO: Beginning process for request. ["[object] (SlaxWeb\\Router\\Request: GET / HTTP/1.0\r\nAccept:           */*\r\nAccept-Encoding:  gzip,deflate\r\nAccept-Language:  ru, uk;q=0.8, be;q=0.8, en;q=0.7, *;q=0.01\r\nConnection:       close\r\nFrom:             support@search.yandex.ru\r\nHost:             tob.clanwolf.net\r\nUser-Agent:       Mozilla/5.0 (compatible; YandexBot/3.0; +http://yandex.com/bots)\r\nX-Accel-Internal: /internal-nginx-static-location\r\nX-Forwarded-For:  5.255.251.11\r\nX-Real-Ip:        5.255.251.11\r\n\r\n)"] []
[2018-11-06 19:43:08] System.DEBUG: No hook definitions found for 'application.dispatch.before'. Available hook definitions [["coinritual.route.beforeDispatch"]] []
[2018-11-06 19:43:08] System.INFO: Router Dispatcher initialized [] []
[2018-11-06 19:43:08] System.INFO: Trying to find match for (GET) '' [] []
[2018-11-06 19:43:08] System.INFO: Route match found [] []
[2018-11-06 19:43:08] System.INFO: Calling definition for hook 'coinritual.route.beforeDispatch' [] []
[2018-11-06 19:43:08] System.DEBUG: Hook definition parameters ["[object] (SlaxWeb\\Bootstrap\\Application: {})","[object] (SlaxWeb\\Router\\Route: {})"] []
[2018-11-06 19:43:22] System.INFO: Hooks component initialized [] []
[2018-11-06 19:43:22] System.DEBUG: Adding definition for hook 'coinritual.route.beforeDispatch' for the first time. [] []
[2018-11-06 19:43:22] System.INFO: Route Container initialized [] []
[2018-11-06 19:43:22] System.INFO: Route successfully added to Container {"uri":"~^language$~"} []
[2018-11-06 19:43:22] System.INFO: Route successfully added to Container {"uri":"~^[:params:]?/?oathmaster/?[:named:]?$|^[:params:]?/?observer/?[:named:]?$~"} []
[2018-11-06 19:43:22] System.INFO: Route successfully added to Container {"uri":"~^[:params:]?/?rules/?$~"} []
[2018-11-06 19:43:22] System.INFO: Route successfully added to Container {"uri":"~^[:params:]?/?bloodnamed/?$~"} []
[2018-11-06 19:43:22] System.INFO: Route successfully added to Container {"uri":"~^coinMachine/getResult/?$~"} []
[2018-11-06 19:43:22] System.INFO: Route successfully added to Container {"uri":"~^[:params:]?/?tables/?$~"} []
[2018-11-06 19:43:22] System.INFO: Route successfully added to Container {"uri":"~^fight/save/?$~"} []
[2018-11-06 19:43:22] System.INFO: Route successfully added to Container {"uri":"~^[:params:]?/?$|^[:params:]?/?fame/?$~"} []
[2018-11-06 19:43:22] System.INFO: Shutdown and error handlers have been registered [] []
[2018-11-06 19:43:22] System.INFO: Output manager initialized [] []
[2018-11-06 19:43:22] System.INFO: Application initialized [] []
[2018-11-06 19:43:22] System.DEBUG: No hook definitions found for 'application.init.after'. Available hook definitions [["coinritual.route.beforeDispatch"]] []
[2018-11-06 19:43:22] System.INFO: Beginning process for request. ["[object] (SlaxWeb\\Router\\Request: GET /language HTTP/1.0\r\nAccept:           */*\r\nAccept-Encoding:  gzip,deflate\r\nAccept-Language:  ru, uk;q=0.8, be;q=0.8, en;q=0.7, *;q=0.01\r\nConnection:       close\r\nFrom:             support@search.yandex.ru\r\nHost:             tob.clanwolf.net\r\nUser-Agent:       Mozilla/5.0 (compatible; YandexBot/3.0; +http://yandex.com/bots)\r\nX-Accel-Internal: /internal-nginx-static-location\r\nX-Forwarded-For:  5.255.251.5\r\nX-Real-Ip:        5.255.251.5\r\n\r\n)"] []
[2018-11-06 19:43:22] System.DEBUG: No hook definitions found for 'application.dispatch.before'. Available hook definitions [["coinritual.route.beforeDispatch"]] []
[2018-11-06 19:43:22] System.INFO: Router Dispatcher initialized [] []
[2018-11-06 19:43:22] System.INFO: Trying to find match for (GET) 'language' [] []
[2018-11-06 19:43:22] System.INFO: Route match found [] []
[2018-11-06 19:43:22] System.DEBUG: No hook definitions found for 'router.dispatcher.beforeDispatch'. Available hook definitions [["coinritual.route.beforeDispatch"]] []
[2018-11-06 19:43:22] System.INFO: Executing route definition {"name":"~^language$~","action":"[object] (Closure: {})"} []
[2018-11-06 19:43:22] System.DEBUG: No hook definitions found for 'model.translation.before.init'. Available hook definitions [["coinritual.route.beforeDispatch"]] []
[2018-11-06 19:43:22] System.DEBUG: No hook definitions found for 'model.translation.after.init'. Available hook definitions [["coinritual.route.beforeDispatch"]] []
[2018-11-06 19:43:22] System.DEBUG: No hook definitions found for 'model.translation.before.select'. Available hook definitions [["coinritual.route.beforeDispatch"]] []
[2018-11-06 19:43:22] System.DEBUG: No hook definitions found for 'model.translation.after.select'. Available hook definitions [["coinritual.route.beforeDispatch"]] []
[2018-11-06 19:43:22] System.DEBUG: No hook definitions found for 'router.dispatcher.afterDispatch'. Available hook definitions [["coinritual.route.beforeDispatch"]] []
[2018-11-06 19:43:22] System.INFO: Request has finished processing, Response is ready to be sent to caller. [] []
[2018-11-06 19:43:22] System.DEBUG: No hook definitions found for 'application.dispatch.after'. Available hook definitions [["coinritual.route.beforeDispatch"]] []
[2018-11-06 19:43:22] System.DEBUG: Time taken to finish Request processing {"start":1541533402.76879,"end":1541533402.789962,"elapsed":0.021172046661376953,"uri":"/language"} []
[2018-11-06 22:46:25] System.INFO: Hooks component initialized [] []
[2018-11-06 22:46:25] System.DEBUG: Adding definition for hook 'coinritual.route.beforeDispatch' for the first time. [] []
[2018-11-06 22:46:25] System.INFO: Route Container initialized [] []
[2018-11-06 22:46:25] System.INFO: Route successfully added to Container {"uri":"~^language$~"} []
[2018-11-06 22:46:25] System.INFO: Route successfully added to Container {"uri":"~^[:params:]?/?oathmaster/?[:named:]?$|^[:params:]?/?observer/?[:named:]?$~"} []
[2018-11-06 22:46:25] System.INFO: Route successfully added to Container {"uri":"~^[:params:]?/?rules/?$~"} []
[2018-11-06 22:46:25] System.INFO: Route successfully added to Container {"uri":"~^[:params:]?/?bloodnamed/?$~"} []
[2018-11-06 22:46:25] System.INFO: Route successfully added to Container {"uri":"~^coinMachine/getResult/?$~"} []
[2018-11-06 22:46:25] System.INFO: Route successfully added to Container {"uri":"~^[:params:]?/?tables/?$~"} []
[2018-11-06 22:46:25] System.INFO: Route successfully added to Container {"uri":"~^fight/save/?$~"} []
[2018-11-06 22:46:25] System.INFO: Route successfully added to Container {"uri":"~^[:params:]?/?$|^[:params:]?/?fame/?$~"} []
[2018-11-06 22:46:25] System.INFO: Shutdown and error handlers have been registered [] []
[2018-11-06 22:46:25] System.INFO: Output manager initialized [] []
[2018-11-06 22:46:25] System.INFO: Application initialized [] []
[2018-11-06 22:46:25] System.DEBUG: No hook definitions found for 'application.init.after'. Available hook definitions [["coinritual.route.beforeDispatch"]] []
[2018-11-06 22:46:25] System.INFO: Beginning process for request. ["[object] (SlaxWeb\\Router\\Request: GET / HTTP/1.0\r\nAccept:           text/html,application/xhtml+xml,application/xml;q=0.9,*/*;q=0.8\r\nAccept-Encoding:  gzip,deflate,br\r\nConnection:       close\r\nFrom:             googlebot(at)googlebot.com\r\nHost:             tob.clanwolf.net\r\nUser-Agent:       Mozilla/5.0 (Linux; Android 6.0.1; Nexus 5X Build/MMB29P) AppleWebKit/537.36 (KHTML, like Gecko) Chrome/41.0.2272.96 Mobile Safari/537.36 (compatible; Googlebot/2.1; +http://www.google.com/bot.html)\r\nX-Accel-Internal: /internal-nginx-static-location\r\nX-Forwarded-For:  66.249.66.92\r\nX-Real-Ip:        66.249.66.92\r\n\r\n)"] []
[2018-11-06 22:46:25] System.DEBUG: No hook definitions found for 'application.dispatch.before'. Available hook definitions [["coinritual.route.beforeDispatch"]] []
[2018-11-06 22:46:25] System.INFO: Router Dispatcher initialized [] []
[2018-11-06 22:46:25] System.INFO: Trying to find match for (GET) '' [] []
[2018-11-06 22:46:25] System.INFO: Route match found [] []
[2018-11-06 22:46:25] System.INFO: Calling definition for hook 'coinritual.route.beforeDispatch' [] []
[2018-11-06 22:46:25] System.DEBUG: Hook definition parameters ["[object] (SlaxWeb\\Bootstrap\\Application: {})","[object] (SlaxWeb\\Router\\Route: {})"] []
[2018-11-06 22:46:25] System.INFO: Hooks component initialized [] []
[2018-11-06 22:46:25] System.DEBUG: Adding definition for hook 'coinritual.route.beforeDispatch' for the first time. [] []
[2018-11-06 22:46:25] System.INFO: Route Container initialized [] []
[2018-11-06 22:46:25] System.INFO: Route successfully added to Container {"uri":"~^language$~"} []
[2018-11-06 22:46:25] System.INFO: Route successfully added to Container {"uri":"~^[:params:]?/?oathmaster/?[:named:]?$|^[:params:]?/?observer/?[:named:]?$~"} []
[2018-11-06 22:46:25] System.INFO: Route successfully added to Container {"uri":"~^[:params:]?/?rules/?$~"} []
[2018-11-06 22:46:25] System.INFO: Route successfully added to Container {"uri":"~^[:params:]?/?bloodnamed/?$~"} []
[2018-11-06 22:46:25] System.INFO: Route successfully added to Container {"uri":"~^coinMachine/getResult/?$~"} []
[2018-11-06 22:46:25] System.INFO: Route successfully added to Container {"uri":"~^[:params:]?/?tables/?$~"} []
[2018-11-06 22:46:25] System.INFO: Route successfully added to Container {"uri":"~^fight/save/?$~"} []
[2018-11-06 22:46:25] System.INFO: Route successfully added to Container {"uri":"~^[:params:]?/?$|^[:params:]?/?fame/?$~"} []
[2018-11-06 22:46:25] System.INFO: Shutdown and error handlers have been registered [] []
[2018-11-06 22:46:25] System.INFO: Output manager initialized [] []
[2018-11-06 22:46:25] System.INFO: Application initialized [] []
[2018-11-06 22:46:25] System.DEBUG: No hook definitions found for 'application.init.after'. Available hook definitions [["coinritual.route.beforeDispatch"]] []
[2018-11-06 22:46:25] System.INFO: Beginning process for request. ["[object] (SlaxWeb\\Router\\Request: GET /language HTTP/1.0\r\nAccept:           text/html,application/xhtml+xml,application/xml;q=0.9,*/*;q=0.8\r\nAccept-Encoding:  gzip,deflate,br\r\nConnection:       close\r\nCookie:           PHPSESSID=og2rtml339lvrmf7gth42n29i7\r\nFrom:             googlebot(at)googlebot.com\r\nHost:             tob.clanwolf.net\r\nUser-Agent:       Mozilla/5.0 (Linux; Android 6.0.1; Nexus 5X Build/MMB29P) AppleWebKit/537.36 (KHTML, like Gecko) Chrome/41.0.2272.96 Mobile Safari/537.36 (compatible; Googlebot/2.1; +http://www.google.com/bot.html)\r\nX-Accel-Internal: /internal-nginx-static-location\r\nX-Forwarded-For:  66.249.66.93\r\nX-Real-Ip:        66.249.66.93\r\n\r\n)"] []
[2018-11-06 22:46:25] System.DEBUG: No hook definitions found for 'application.dispatch.before'. Available hook definitions [["coinritual.route.beforeDispatch"]] []
[2018-11-06 22:46:25] System.INFO: Router Dispatcher initialized [] []
[2018-11-06 22:46:25] System.INFO: Trying to find match for (GET) 'language' [] []
[2018-11-06 22:46:25] System.INFO: Route match found [] []
[2018-11-06 22:46:25] System.DEBUG: No hook definitions found for 'router.dispatcher.beforeDispatch'. Available hook definitions [["coinritual.route.beforeDispatch"]] []
[2018-11-06 22:46:25] System.INFO: Executing route definition {"name":"~^language$~","action":"[object] (Closure: {})"} []
[2018-11-06 22:46:25] System.DEBUG: No hook definitions found for 'model.translation.before.init'. Available hook definitions [["coinritual.route.beforeDispatch"]] []
[2018-11-06 22:46:25] System.DEBUG: No hook definitions found for 'model.translation.after.init'. Available hook definitions [["coinritual.route.beforeDispatch"]] []
[2018-11-06 22:46:25] System.DEBUG: No hook definitions found for 'model.translation.before.select'. Available hook definitions [["coinritual.route.beforeDispatch"]] []
[2018-11-06 22:46:25] System.DEBUG: No hook definitions found for 'model.translation.after.select'. Available hook definitions [["coinritual.route.beforeDispatch"]] []
[2018-11-06 22:46:25] System.DEBUG: No hook definitions found for 'router.dispatcher.afterDispatch'. Available hook definitions [["coinritual.route.beforeDispatch"]] []
[2018-11-06 22:46:25] System.INFO: Request has finished processing, Response is ready to be sent to caller. [] []
[2018-11-06 22:46:25] System.DEBUG: No hook definitions found for 'application.dispatch.after'. Available hook definitions [["coinritual.route.beforeDispatch"]] []
[2018-11-06 22:46:25] System.DEBUG: Time taken to finish Request processing {"start":1541544385.601825,"end":1541544385.622636,"elapsed":0.020811080932617188,"uri":"/language"} []
