[2019-05-04 04:05:21] System.INFO: Hooks component initialized [] []
[2019-05-04 04:05:21] System.DEBUG: Adding definition for hook 'coinritual.route.beforeDispatch' for the first time. [] []
[2019-05-04 04:05:21] System.INFO: Route Container initialized [] []
[2019-05-04 04:05:21] System.INFO: Route successfully added to Container {"uri":"~^language$~"} []
[2019-05-04 04:05:21] System.INFO: Route successfully added to Container {"uri":"~^[:params:]?/?oathmaster/?[:named:]?$|^[:params:]?/?observer/?[:named:]?$~"} []
[2019-05-04 04:05:21] System.INFO: Route successfully added to Container {"uri":"~^[:params:]?/?rules/?$~"} []
[2019-05-04 04:05:21] System.INFO: Route successfully added to Container {"uri":"~^[:params:]?/?bloodnamed/?$~"} []
[2019-05-04 04:05:21] System.INFO: Route successfully added to Container {"uri":"~^coinMachine/getResult/?$~"} []
[2019-05-04 04:05:21] System.INFO: Route successfully added to Container {"uri":"~^[:params:]?/?tables/?$~"} []
[2019-05-04 04:05:21] System.INFO: Route successfully added to Container {"uri":"~^fight/save/?$~"} []
[2019-05-04 04:05:21] System.INFO: Route successfully added to Container {"uri":"~^[:params:]?/?$|^[:params:]?/?fame/?$~"} []
[2019-05-04 04:05:21] System.INFO: Shutdown and error handlers have been registered [] []
[2019-05-04 04:05:21] System.INFO: Output manager initialized [] []
[2019-05-04 04:05:21] System.INFO: Application initialized [] []
[2019-05-04 04:05:21] System.DEBUG: No hook definitions found for 'application.init.after'. Available hook definitions [["coinritual.route.beforeDispatch"]] []
[2019-05-04 04:05:21] System.INFO: Beginning process for request. ["[object] (SlaxWeb\\Router\\Request: GET /apps/ToB/index.php HTTP/1.0\r\nAccept:           */*\r\nAccept-Encoding:  gzip, deflate\r\nAccept-Language:  ru,by;q=0.7,en;q=0.7,kz;q=0.7,ua;q=0.7,*;q=0.1\r\nConnection:       close\r\nHost:             www.clanwolf.net\r\nUser-Agent:       Mozilla/5.0 (compatible; Linux x86_64; Mail.RU_Bot/2.0; +http://go.mail.ru/help/robots)\r\nX-Accel-Internal: /internal-nginx-static-location\r\nX-Forwarded-For:  95.163.255.18\r\nX-Real-Ip:        95.163.255.18\r\n\r\n)"] []
[2019-05-04 04:05:21] System.DEBUG: No hook definitions found for 'application.dispatch.before'. Available hook definitions [["coinritual.route.beforeDispatch"]] []
[2019-05-04 04:05:21] System.INFO: Router Dispatcher initialized [] []
[2019-05-04 04:05:21] System.INFO: Trying to find match for (GET) '' [] []
[2019-05-04 04:05:21] System.INFO: Route match found [] []
[2019-05-04 04:05:21] System.INFO: Calling definition for hook 'coinritual.route.beforeDispatch' [] []
[2019-05-04 04:05:21] System.DEBUG: Hook definition parameters ["[object] (SlaxWeb\\Bootstrap\\Application: {})","[object] (SlaxWeb\\Router\\Route: {})"] []
[2019-05-04 09:59:50] System.INFO: Hooks component initialized [] []
[2019-05-04 09:59:50] System.DEBUG: Adding definition for hook 'coinritual.route.beforeDispatch' for the first time. [] []
[2019-05-04 09:59:50] System.INFO: Route Container initialized [] []
[2019-05-04 09:59:50] System.INFO: Route successfully added to Container {"uri":"~^language$~"} []
[2019-05-04 09:59:50] System.INFO: Route successfully added to Container {"uri":"~^[:params:]?/?oathmaster/?[:named:]?$|^[:params:]?/?observer/?[:named:]?$~"} []
[2019-05-04 09:59:50] System.INFO: Route successfully added to Container {"uri":"~^[:params:]?/?rules/?$~"} []
[2019-05-04 09:59:50] System.INFO: Route successfully added to Container {"uri":"~^[:params:]?/?bloodnamed/?$~"} []
[2019-05-04 09:59:50] System.INFO: Route successfully added to Container {"uri":"~^coinMachine/getResult/?$~"} []
[2019-05-04 09:59:50] System.INFO: Route successfully added to Container {"uri":"~^[:params:]?/?tables/?$~"} []
[2019-05-04 09:59:50] System.INFO: Route successfully added to Container {"uri":"~^fight/save/?$~"} []
[2019-05-04 09:59:50] System.INFO: Route successfully added to Container {"uri":"~^[:params:]?/?$|^[:params:]?/?fame/?$~"} []
[2019-05-04 09:59:50] System.INFO: Shutdown and error handlers have been registered [] []
[2019-05-04 09:59:50] System.INFO: Output manager initialized [] []
[2019-05-04 09:59:50] System.INFO: Application initialized [] []
[2019-05-04 09:59:50] System.DEBUG: No hook definitions found for 'application.init.after'. Available hook definitions [["coinritual.route.beforeDispatch"]] []
[2019-05-04 09:59:50] System.INFO: Beginning process for request. ["[object] (SlaxWeb\\Router\\Request: GET /apps/ToB/index.php HTTP/1.0\r\nAccept:                    text/html,application/xhtml+xml,application/xml;q=0.9,image/webp,image/apng,*/*;q=0.8,application/signed-exchange;v=b3\r\nAccept-Encoding:           gzip, deflate, br\r\nAccept-Language:           de-DE,de;q=0.9\r\nConnection:                close\r\nCookie:                    sid=3sbppg6the1cej4hl8pcvs67j5; cookieconsent_status=dismiss; cw_user=55390d9e5fb674fa545276faf102e1781a357376b03c107f715725f48751d3408883; cwg_setting_vessels=true; cwg_setting_mechs=true; cwg_setting_stars=true\r\nDnt:                       1\r\nHost:                      www.clanwolf.net\r\nReferer:                   https://www.clanwolf.net/index.php\r\nUpgrade-Insecure-Requests: 1\r\nUser-Agent:                Mozilla/5.0 (Windows NT 10.0; Win64; x64) AppleWebKit/537.36 (KHTML, like Gecko) Chrome/74.0.3729.108 Safari/537.36\r\nX-Accel-Internal:          /internal-nginx-static-location\r\nX-Forwarded-For:           128.0.100.152\r\nX-Real-Ip:                 128.0.100.152\r\n\r\n)"] []
[2019-05-04 09:59:50] System.DEBUG: No hook definitions found for 'application.dispatch.before'. Available hook definitions [["coinritual.route.beforeDispatch"]] []
[2019-05-04 09:59:50] System.INFO: Router Dispatcher initialized [] []
[2019-05-04 09:59:50] System.INFO: Trying to find match for (GET) '' [] []
[2019-05-04 09:59:50] System.INFO: Route match found [] []
[2019-05-04 09:59:50] System.INFO: Calling definition for hook 'coinritual.route.beforeDispatch' [] []
[2019-05-04 09:59:50] System.DEBUG: Hook definition parameters ["[object] (SlaxWeb\\Bootstrap\\Application: {})","[object] (SlaxWeb\\Router\\Route: {})"] []
