[2019-05-02 07:41:04] System.INFO: Hooks component initialized [] []
[2019-05-02 07:41:04] System.DEBUG: Adding definition for hook 'coinritual.route.beforeDispatch' for the first time. [] []
[2019-05-02 07:41:04] System.INFO: Route Container initialized [] []
[2019-05-02 07:41:04] System.INFO: Route successfully added to Container {"uri":"~^language$~"} []
[2019-05-02 07:41:04] System.INFO: Route successfully added to Container {"uri":"~^[:params:]?/?oathmaster/?[:named:]?$|^[:params:]?/?observer/?[:named:]?$~"} []
[2019-05-02 07:41:04] System.INFO: Route successfully added to Container {"uri":"~^[:params:]?/?rules/?$~"} []
[2019-05-02 07:41:04] System.INFO: Route successfully added to Container {"uri":"~^[:params:]?/?bloodnamed/?$~"} []
[2019-05-02 07:41:04] System.INFO: Route successfully added to Container {"uri":"~^coinMachine/getResult/?$~"} []
[2019-05-02 07:41:04] System.INFO: Route successfully added to Container {"uri":"~^[:params:]?/?tables/?$~"} []
[2019-05-02 07:41:04] System.INFO: Route successfully added to Container {"uri":"~^fight/save/?$~"} []
[2019-05-02 07:41:04] System.INFO: Route successfully added to Container {"uri":"~^[:params:]?/?$|^[:params:]?/?fame/?$~"} []
[2019-05-02 07:41:04] System.INFO: Shutdown and error handlers have been registered [] []
[2019-05-02 07:41:04] System.INFO: Output manager initialized [] []
[2019-05-02 07:41:04] System.INFO: Application initialized [] []
[2019-05-02 07:41:04] System.DEBUG: No hook definitions found for 'application.init.after'. Available hook definitions [["coinritual.route.beforeDispatch"]] []
[2019-05-02 07:41:04] System.INFO: Beginning process for request. ["[object] (SlaxWeb\\Router\\Request: GET /apps/ToB/index.php HTTP/1.0\r\nAccept:                    text/html,application/xhtml+xml,application/xml;q=0.9,image/webp,image/apng,*/*;q=0.8,application/signed-exchange;v=b3\r\nAccept-Encoding:           gzip, deflate, br\r\nAccept-Language:           sl,en-GB;q=0.9,en;q=0.8,de;q=0.7\r\nConnection:                close\r\nCookie:                    cookieconsent_status=dismiss; cw_user=541f0e7922b535374e93b8a1af5e3c6f5c35b86db1e25cc3af1cdea04e9a1a408d847903; sid=2hlq5qmfh849d8u3vblg48s4b5\r\nHost:                      www.clanwolf.net\r\nReferer:                   https://www.clanwolf.net/messages.php?folder=inbox&msg_read=20287\r\nUpgrade-Insecure-Requests: 1\r\nUser-Agent:                Mozilla/5.0 (Windows NT 10.0; Win64; x64) AppleWebKit/537.36 (KHTML, like Gecko) Chrome/74.0.3729.131 Safari/537.36\r\nX-Accel-Internal:          /internal-nginx-static-location\r\nX-Forwarded-For:           109.182.141.177\r\nX-Real-Ip:                 109.182.141.177\r\n\r\n)"] []
[2019-05-02 07:41:04] System.DEBUG: No hook definitions found for 'application.dispatch.before'. Available hook definitions [["coinritual.route.beforeDispatch"]] []
[2019-05-02 07:41:04] System.INFO: Router Dispatcher initialized [] []
[2019-05-02 07:41:04] System.INFO: Trying to find match for (GET) '' [] []
[2019-05-02 07:41:04] System.INFO: Route match found [] []
[2019-05-02 07:41:04] System.INFO: Calling definition for hook 'coinritual.route.beforeDispatch' [] []
[2019-05-02 07:41:04] System.DEBUG: Hook definition parameters ["[object] (SlaxWeb\\Bootstrap\\Application: {})","[object] (SlaxWeb\\Router\\Route: {})"] []
[2019-05-02 10:55:41] System.INFO: Hooks component initialized [] []
[2019-05-02 10:55:41] System.DEBUG: Adding definition for hook 'coinritual.route.beforeDispatch' for the first time. [] []
[2019-05-02 10:55:41] System.INFO: Route Container initialized [] []
[2019-05-02 10:55:41] System.INFO: Route successfully added to Container {"uri":"~^language$~"} []
[2019-05-02 10:55:41] System.INFO: Route successfully added to Container {"uri":"~^[:params:]?/?oathmaster/?[:named:]?$|^[:params:]?/?observer/?[:named:]?$~"} []
[2019-05-02 10:55:41] System.INFO: Route successfully added to Container {"uri":"~^[:params:]?/?rules/?$~"} []
[2019-05-02 10:55:41] System.INFO: Route successfully added to Container {"uri":"~^[:params:]?/?bloodnamed/?$~"} []
[2019-05-02 10:55:41] System.INFO: Route successfully added to Container {"uri":"~^coinMachine/getResult/?$~"} []
[2019-05-02 10:55:41] System.INFO: Route successfully added to Container {"uri":"~^[:params:]?/?tables/?$~"} []
[2019-05-02 10:55:41] System.INFO: Route successfully added to Container {"uri":"~^fight/save/?$~"} []
[2019-05-02 10:55:41] System.INFO: Route successfully added to Container {"uri":"~^[:params:]?/?$|^[:params:]?/?fame/?$~"} []
[2019-05-02 10:55:41] System.INFO: Shutdown and error handlers have been registered [] []
[2019-05-02 10:55:41] System.INFO: Output manager initialized [] []
[2019-05-02 10:55:41] System.INFO: Application initialized [] []
[2019-05-02 10:55:41] System.DEBUG: No hook definitions found for 'application.init.after'. Available hook definitions [["coinritual.route.beforeDispatch"]] []
[2019-05-02 10:55:41] System.INFO: Beginning process for request. ["[object] (SlaxWeb\\Router\\Request: GET /apps/ToB/index.php HTTP/1.0\r\nAccept:                    text/html,application/xhtml+xml,application/xml;q=0.9,image/webp,image/apng,*/*;q=0.8,application/signed-exchange;v=b3\r\nAccept-Encoding:           gzip, deflate, br\r\nAccept-Language:           de-DE,de;q=0.9\r\nConnection:                close\r\nCookie:                    sid=k555l9d38qhpod95e94mn2oga6; cookieconsent_status=dismiss; fusionCWG_visited=yes; acpState=1; usertbl_results=user_timezone%2Cuser_joined%2Cuser_lastvisit%2Cuser_groups; usertbl_status=0; PHPSESSID=iec133gvh3deqka19bslr74os2; fusionCWG_session=1caq2u4eeemedtovp0am3fralr; cw_user=55390d9e5fb674fa545276faf102e1781a357376b03c107f715725f48751d3408883\r\nDnt:                       1\r\nHost:                      www.clanwolf.net\r\nReferer:                   https://www.clanwolf.net/landingpad.htm\r\nUpgrade-Insecure-Requests: 1\r\nUser-Agent:                Mozilla/5.0 (Windows NT 10.0; Win64; x64) AppleWebKit/537.36 (KHTML, like Gecko) Chrome/73.0.3683.103 Safari/537.36\r\nX-Accel-Internal:          /internal-nginx-static-location\r\nX-Forwarded-For:           212.88.152.150\r\nX-Real-Ip:                 212.88.152.150\r\n\r\n)"] []
[2019-05-02 10:55:41] System.DEBUG: No hook definitions found for 'application.dispatch.before'. Available hook definitions [["coinritual.route.beforeDispatch"]] []
[2019-05-02 10:55:41] System.INFO: Router Dispatcher initialized [] []
[2019-05-02 10:55:41] System.INFO: Trying to find match for (GET) '' [] []
[2019-05-02 10:55:41] System.INFO: Route match found [] []
[2019-05-02 10:55:41] System.INFO: Calling definition for hook 'coinritual.route.beforeDispatch' [] []
[2019-05-02 10:55:41] System.DEBUG: Hook definition parameters ["[object] (SlaxWeb\\Bootstrap\\Application: {})","[object] (SlaxWeb\\Router\\Route: {})"] []
[2019-05-02 20:09:09] System.INFO: Hooks component initialized [] []
[2019-05-02 20:09:09] System.DEBUG: Adding definition for hook 'coinritual.route.beforeDispatch' for the first time. [] []
[2019-05-02 20:09:09] System.INFO: Route Container initialized [] []
[2019-05-02 20:09:09] System.INFO: Route successfully added to Container {"uri":"~^language$~"} []
[2019-05-02 20:09:09] System.INFO: Route successfully added to Container {"uri":"~^[:params:]?/?oathmaster/?[:named:]?$|^[:params:]?/?observer/?[:named:]?$~"} []
[2019-05-02 20:09:09] System.INFO: Route successfully added to Container {"uri":"~^[:params:]?/?rules/?$~"} []
[2019-05-02 20:09:09] System.INFO: Route successfully added to Container {"uri":"~^[:params:]?/?bloodnamed/?$~"} []
[2019-05-02 20:09:09] System.INFO: Route successfully added to Container {"uri":"~^coinMachine/getResult/?$~"} []
[2019-05-02 20:09:09] System.INFO: Route successfully added to Container {"uri":"~^[:params:]?/?tables/?$~"} []
[2019-05-02 20:09:09] System.INFO: Route successfully added to Container {"uri":"~^fight/save/?$~"} []
[2019-05-02 20:09:09] System.INFO: Route successfully added to Container {"uri":"~^[:params:]?/?$|^[:params:]?/?fame/?$~"} []
[2019-05-02 20:09:09] System.INFO: Shutdown and error handlers have been registered [] []
[2019-05-02 20:09:09] System.INFO: Output manager initialized [] []
[2019-05-02 20:09:09] System.INFO: Application initialized [] []
[2019-05-02 20:09:09] System.DEBUG: No hook definitions found for 'application.init.after'. Available hook definitions [["coinritual.route.beforeDispatch"]] []
[2019-05-02 20:09:09] System.INFO: Beginning process for request. ["[object] (SlaxWeb\\Router\\Request: GET /apps/ToB/index.php HTTP/1.0\r\nAccept:                    text/html,application/xhtml+xml,application/xml;q=0.9,image/webp,image/apng,*/*;q=0.8,application/signed-exchange;v=b3\r\nAccept-Encoding:           gzip, deflate, br\r\nAccept-Language:           de-DE,de;q=0.9\r\nConnection:                close\r\nCookie:                    cookieconsent_status=dismiss; fusionCWG_visited=yes; PHPSESSID=d1uu00s4iqi7ogbv6csvu246u0; acpState=1; sid=3rjiepcvtrafs39f3ob6jhub4b; cw_user=55390d9e5fb674fa545276faf102e1781a357376b03c107f715725f48751d3408883; cwg_setting_stars=true; cwg_setting_vessels=true; cwg_setting_mechs=true; fusionCWG_session=8sah7mfdk2srkh0rlpvmlb8j4m\r\nDnt:                       1\r\nHost:                      www.clanwolf.net\r\nReferer:                   https://www.clanwolf.net/index.php\r\nUpgrade-Insecure-Requests: 1\r\nUser-Agent:                Mozilla/5.0 (Windows NT 10.0; Win64; x64) AppleWebKit/537.36 (KHTML, like Gecko) Chrome/74.0.3729.108 Safari/537.36\r\nX-Accel-Internal:          /internal-nginx-static-location\r\nX-Forwarded-For:           128.0.100.152\r\nX-Real-Ip:                 128.0.100.152\r\n\r\n)"] []
[2019-05-02 20:09:09] System.DEBUG: No hook definitions found for 'application.dispatch.before'. Available hook definitions [["coinritual.route.beforeDispatch"]] []
[2019-05-02 20:09:09] System.INFO: Router Dispatcher initialized [] []
[2019-05-02 20:09:09] System.INFO: Trying to find match for (GET) '' [] []
[2019-05-02 20:09:09] System.INFO: Route match found [] []
[2019-05-02 20:09:09] System.INFO: Calling definition for hook 'coinritual.route.beforeDispatch' [] []
[2019-05-02 20:09:09] System.DEBUG: Hook definition parameters ["[object] (SlaxWeb\\Bootstrap\\Application: {})","[object] (SlaxWeb\\Router\\Route: {})"] []
[2019-05-02 20:13:47] System.INFO: Hooks component initialized [] []
[2019-05-02 20:13:47] System.DEBUG: Adding definition for hook 'coinritual.route.beforeDispatch' for the first time. [] []
[2019-05-02 20:13:47] System.INFO: Route Container initialized [] []
[2019-05-02 20:13:47] System.INFO: Route successfully added to Container {"uri":"~^language$~"} []
[2019-05-02 20:13:47] System.INFO: Route successfully added to Container {"uri":"~^[:params:]?/?oathmaster/?[:named:]?$|^[:params:]?/?observer/?[:named:]?$~"} []
[2019-05-02 20:13:47] System.INFO: Route successfully added to Container {"uri":"~^[:params:]?/?rules/?$~"} []
[2019-05-02 20:13:47] System.INFO: Route successfully added to Container {"uri":"~^[:params:]?/?bloodnamed/?$~"} []
[2019-05-02 20:13:47] System.INFO: Route successfully added to Container {"uri":"~^coinMachine/getResult/?$~"} []
[2019-05-02 20:13:47] System.INFO: Route successfully added to Container {"uri":"~^[:params:]?/?tables/?$~"} []
[2019-05-02 20:13:47] System.INFO: Route successfully added to Container {"uri":"~^fight/save/?$~"} []
[2019-05-02 20:13:47] System.INFO: Route successfully added to Container {"uri":"~^[:params:]?/?$|^[:params:]?/?fame/?$~"} []
[2019-05-02 20:13:47] System.INFO: Shutdown and error handlers have been registered [] []
[2019-05-02 20:13:47] System.INFO: Output manager initialized [] []
[2019-05-02 20:13:47] System.INFO: Application initialized [] []
[2019-05-02 20:13:47] System.DEBUG: No hook definitions found for 'application.init.after'. Available hook definitions [["coinritual.route.beforeDispatch"]] []
[2019-05-02 20:13:47] System.INFO: Beginning process for request. ["[object] (SlaxWeb\\Router\\Request: GET /apps/ToB/index.php HTTP/1.0\r\nAccept:                    text/html,application/xhtml+xml,application/xml;q=0.9,image/webp,image/apng,*/*;q=0.8,application/signed-exchange;v=b3\r\nAccept-Encoding:           gzip, deflate, br\r\nAccept-Language:           de-DE,de;q=0.9\r\nConnection:                close\r\nCookie:                    cookieconsent_status=dismiss; fusionCWG_visited=yes; PHPSESSID=d1uu00s4iqi7ogbv6csvu246u0; acpState=1; sid=3rjiepcvtrafs39f3ob6jhub4b; cw_user=55390d9e5fb674fa545276faf102e1781a357376b03c107f715725f48751d3408883; cwg_setting_stars=true; cwg_setting_vessels=true; cwg_setting_mechs=true; fusionCWG_session=8sah7mfdk2srkh0rlpvmlb8j4m\r\nDnt:                       1\r\nHost:                      www.clanwolf.net\r\nReferer:                   https://www.clanwolf.net/index.php\r\nUpgrade-Insecure-Requests: 1\r\nUser-Agent:                Mozilla/5.0 (Windows NT 10.0; Win64; x64) AppleWebKit/537.36 (KHTML, like Gecko) Chrome/74.0.3729.108 Safari/537.36\r\nX-Accel-Internal:          /internal-nginx-static-location\r\nX-Forwarded-For:           128.0.100.152\r\nX-Real-Ip:                 128.0.100.152\r\n\r\n)"] []
[2019-05-02 20:13:47] System.DEBUG: No hook definitions found for 'application.dispatch.before'. Available hook definitions [["coinritual.route.beforeDispatch"]] []
[2019-05-02 20:13:47] System.INFO: Router Dispatcher initialized [] []
[2019-05-02 20:13:47] System.INFO: Trying to find match for (GET) '' [] []
[2019-05-02 20:13:47] System.INFO: Route match found [] []
[2019-05-02 20:13:47] System.INFO: Calling definition for hook 'coinritual.route.beforeDispatch' [] []
[2019-05-02 20:13:47] System.DEBUG: Hook definition parameters ["[object] (SlaxWeb\\Bootstrap\\Application: {})","[object] (SlaxWeb\\Router\\Route: {})"] []
