[2018-11-07 01:17:01] System.INFO: Hooks component initialized [] []
[2018-11-07 01:17:01] System.DEBUG: Adding definition for hook 'coinritual.route.beforeDispatch' for the first time. [] []
[2018-11-07 01:17:01] System.INFO: Route Container initialized [] []
[2018-11-07 01:17:01] System.INFO: Route successfully added to Container {"uri":"~^language$~"} []
[2018-11-07 01:17:01] System.INFO: Route successfully added to Container {"uri":"~^[:params:]?/?oathmaster/?[:named:]?$|^[:params:]?/?observer/?[:named:]?$~"} []
[2018-11-07 01:17:01] System.INFO: Route successfully added to Container {"uri":"~^[:params:]?/?rules/?$~"} []
[2018-11-07 01:17:01] System.INFO: Route successfully added to Container {"uri":"~^[:params:]?/?bloodnamed/?$~"} []
[2018-11-07 01:17:01] System.INFO: Route successfully added to Container {"uri":"~^coinMachine/getResult/?$~"} []
[2018-11-07 01:17:01] System.INFO: Route successfully added to Container {"uri":"~^[:params:]?/?tables/?$~"} []
[2018-11-07 01:17:01] System.INFO: Route successfully added to Container {"uri":"~^fight/save/?$~"} []
[2018-11-07 01:17:01] System.INFO: Route successfully added to Container {"uri":"~^[:params:]?/?$|^[:params:]?/?fame/?$~"} []
[2018-11-07 01:17:01] System.INFO: Shutdown and error handlers have been registered [] []
[2018-11-07 01:17:01] System.INFO: Output manager initialized [] []
[2018-11-07 01:17:01] System.INFO: Application initialized [] []
[2018-11-07 01:17:01] System.DEBUG: No hook definitions found for 'application.init.after'. Available hook definitions [["coinritual.route.beforeDispatch"]] []
[2018-11-07 01:17:01] System.INFO: Beginning process for request. ["[object] (SlaxWeb\\Router\\Request: GET / HTTP/1.0\r\nAccept:           */*\r\nAccept-Encoding:  gzip, deflate\r\nCache-Control:    no-cache\r\nConnection:       close\r\nFrom:             bingbot(at)microsoft.com\r\nHost:             tob.clanwolf.net\r\nPragma:           no-cache\r\nUser-Agent:       Mozilla/5.0 (compatible; bingbot/2.0; +http://www.bing.com/bingbot.htm)\r\nX-Accel-Internal: /internal-nginx-static-location\r\nX-Forwarded-For:  40.77.167.102\r\nX-Real-Ip:        40.77.167.102\r\n\r\n)"] []
[2018-11-07 01:17:01] System.DEBUG: No hook definitions found for 'application.dispatch.before'. Available hook definitions [["coinritual.route.beforeDispatch"]] []
[2018-11-07 01:17:01] System.INFO: Router Dispatcher initialized [] []
[2018-11-07 01:17:01] System.INFO: Trying to find match for (GET) '' [] []
[2018-11-07 01:17:01] System.INFO: Route match found [] []
[2018-11-07 01:17:01] System.INFO: Calling definition for hook 'coinritual.route.beforeDispatch' [] []
[2018-11-07 01:17:01] System.DEBUG: Hook definition parameters ["[object] (SlaxWeb\\Bootstrap\\Application: {})","[object] (SlaxWeb\\Router\\Route: {})"] []
[2018-11-07 08:23:04] System.INFO: Hooks component initialized [] []
[2018-11-07 08:23:04] System.DEBUG: Adding definition for hook 'coinritual.route.beforeDispatch' for the first time. [] []
[2018-11-07 08:23:04] System.INFO: Route Container initialized [] []
[2018-11-07 08:23:04] System.INFO: Route successfully added to Container {"uri":"~^language$~"} []
[2018-11-07 08:23:04] System.INFO: Route successfully added to Container {"uri":"~^[:params:]?/?oathmaster/?[:named:]?$|^[:params:]?/?observer/?[:named:]?$~"} []
[2018-11-07 08:23:04] System.INFO: Route successfully added to Container {"uri":"~^[:params:]?/?rules/?$~"} []
[2018-11-07 08:23:04] System.INFO: Route successfully added to Container {"uri":"~^[:params:]?/?bloodnamed/?$~"} []
[2018-11-07 08:23:04] System.INFO: Route successfully added to Container {"uri":"~^coinMachine/getResult/?$~"} []
[2018-11-07 08:23:04] System.INFO: Route successfully added to Container {"uri":"~^[:params:]?/?tables/?$~"} []
[2018-11-07 08:23:04] System.INFO: Route successfully added to Container {"uri":"~^fight/save/?$~"} []
[2018-11-07 08:23:04] System.INFO: Route successfully added to Container {"uri":"~^[:params:]?/?$|^[:params:]?/?fame/?$~"} []
[2018-11-07 08:23:04] System.INFO: Shutdown and error handlers have been registered [] []
[2018-11-07 08:23:04] System.INFO: Output manager initialized [] []
[2018-11-07 08:23:04] System.INFO: Application initialized [] []
[2018-11-07 08:23:04] System.DEBUG: No hook definitions found for 'application.init.after'. Available hook definitions [["coinritual.route.beforeDispatch"]] []
[2018-11-07 08:23:04] System.INFO: Beginning process for request. ["[object] (SlaxWeb\\Router\\Request: GET / HTTP/1.0\r\nAccept:                    text/html,application/xhtml+xml,application/xml;q=0.9,image/webp,image/apng,*/*;q=0.8\r\nAccept-Encoding:           gzip, deflate, br\r\nAccept-Language:           de-DE\r\nConnection:                close\r\nHost:                      tob.clanwolf.net\r\nUpgrade-Insecure-Requests: 1\r\nUser-Agent:                Mozilla/5.0 (X11; Linux x86_64) AppleWebKit/604.1.38 (KHTML, like Gecko) Chrome/67.0.3396.87 Safari/604.1\r\nX-Accel-Internal:          /internal-nginx-static-location\r\nX-Forwarded-For:           54.93.102.51\r\nX-Real-Ip:                 54.93.102.51\r\n\r\n)"] []
[2018-11-07 08:23:04] System.DEBUG: No hook definitions found for 'application.dispatch.before'. Available hook definitions [["coinritual.route.beforeDispatch"]] []
[2018-11-07 08:23:04] System.INFO: Router Dispatcher initialized [] []
[2018-11-07 08:23:04] System.INFO: Trying to find match for (GET) '' [] []
[2018-11-07 08:23:04] System.INFO: Route match found [] []
[2018-11-07 08:23:04] System.INFO: Calling definition for hook 'coinritual.route.beforeDispatch' [] []
[2018-11-07 08:23:04] System.DEBUG: Hook definition parameters ["[object] (SlaxWeb\\Bootstrap\\Application: {})","[object] (SlaxWeb\\Router\\Route: {})"] []
[2018-11-07 08:23:04] System.INFO: Hooks component initialized [] []
[2018-11-07 08:23:04] System.DEBUG: Adding definition for hook 'coinritual.route.beforeDispatch' for the first time. [] []
[2018-11-07 08:23:04] System.INFO: Route Container initialized [] []
[2018-11-07 08:23:04] System.INFO: Route successfully added to Container {"uri":"~^language$~"} []
[2018-11-07 08:23:04] System.INFO: Route successfully added to Container {"uri":"~^[:params:]?/?oathmaster/?[:named:]?$|^[:params:]?/?observer/?[:named:]?$~"} []
[2018-11-07 08:23:04] System.INFO: Route successfully added to Container {"uri":"~^[:params:]?/?rules/?$~"} []
[2018-11-07 08:23:04] System.INFO: Route successfully added to Container {"uri":"~^[:params:]?/?bloodnamed/?$~"} []
[2018-11-07 08:23:04] System.INFO: Route successfully added to Container {"uri":"~^coinMachine/getResult/?$~"} []
[2018-11-07 08:23:04] System.INFO: Route successfully added to Container {"uri":"~^[:params:]?/?tables/?$~"} []
[2018-11-07 08:23:04] System.INFO: Route successfully added to Container {"uri":"~^fight/save/?$~"} []
[2018-11-07 08:23:04] System.INFO: Route successfully added to Container {"uri":"~^[:params:]?/?$|^[:params:]?/?fame/?$~"} []
[2018-11-07 08:23:04] System.INFO: Shutdown and error handlers have been registered [] []
[2018-11-07 08:23:04] System.INFO: Output manager initialized [] []
[2018-11-07 08:23:04] System.INFO: Application initialized [] []
[2018-11-07 08:23:04] System.DEBUG: No hook definitions found for 'application.init.after'. Available hook definitions [["coinritual.route.beforeDispatch"]] []
[2018-11-07 08:23:04] System.INFO: Beginning process for request. ["[object] (SlaxWeb\\Router\\Request: GET /language HTTP/1.0\r\nAccept:                    text/html,application/xhtml+xml,application/xml;q=0.9,image/webp,image/apng,*/*;q=0.8\r\nAccept-Encoding:           gzip, deflate, br\r\nAccept-Language:           de-DE\r\nConnection:                close\r\nCookie:                    PHPSESSID=tbtl22hn1i5al18a0r2psmtbrd\r\nHost:                      tob.clanwolf.net\r\nUpgrade-Insecure-Requests: 1\r\nUser-Agent:                Mozilla/5.0 (X11; Linux x86_64) AppleWebKit/604.1.38 (KHTML, like Gecko) Chrome/67.0.3396.87 Safari/604.1\r\nX-Accel-Internal:          /internal-nginx-static-location\r\nX-Forwarded-For:           54.93.102.51\r\nX-Real-Ip:                 54.93.102.51\r\n\r\n)"] []
[2018-11-07 08:23:04] System.DEBUG: No hook definitions found for 'application.dispatch.before'. Available hook definitions [["coinritual.route.beforeDispatch"]] []
[2018-11-07 08:23:04] System.INFO: Router Dispatcher initialized [] []
[2018-11-07 08:23:04] System.INFO: Trying to find match for (GET) 'language' [] []
[2018-11-07 08:23:04] System.INFO: Route match found [] []
[2018-11-07 08:23:04] System.DEBUG: No hook definitions found for 'router.dispatcher.beforeDispatch'. Available hook definitions [["coinritual.route.beforeDispatch"]] []
[2018-11-07 08:23:04] System.INFO: Executing route definition {"name":"~^language$~","action":"[object] (Closure: {})"} []
[2018-11-07 08:23:04] System.DEBUG: No hook definitions found for 'model.translation.before.init'. Available hook definitions [["coinritual.route.beforeDispatch"]] []
[2018-11-07 08:23:04] System.DEBUG: No hook definitions found for 'model.translation.after.init'. Available hook definitions [["coinritual.route.beforeDispatch"]] []
[2018-11-07 08:23:04] System.DEBUG: No hook definitions found for 'model.translation.before.select'. Available hook definitions [["coinritual.route.beforeDispatch"]] []
[2018-11-07 08:23:04] System.DEBUG: No hook definitions found for 'model.translation.after.select'. Available hook definitions [["coinritual.route.beforeDispatch"]] []
[2018-11-07 08:23:04] System.DEBUG: No hook definitions found for 'router.dispatcher.afterDispatch'. Available hook definitions [["coinritual.route.beforeDispatch"]] []
[2018-11-07 08:23:04] System.INFO: Request has finished processing, Response is ready to be sent to caller. [] []
[2018-11-07 08:23:04] System.DEBUG: No hook definitions found for 'application.dispatch.after'. Available hook definitions [["coinritual.route.beforeDispatch"]] []
[2018-11-07 08:23:04] System.DEBUG: Time taken to finish Request processing {"start":1541578984.7978,"end":1541578984.827011,"elapsed":0.029211044311523438,"uri":"/language"} []
[2018-11-07 08:23:15] System.INFO: Hooks component initialized [] []
[2018-11-07 08:23:15] System.DEBUG: Adding definition for hook 'coinritual.route.beforeDispatch' for the first time. [] []
[2018-11-07 08:23:15] System.INFO: Route Container initialized [] []
[2018-11-07 08:23:15] System.INFO: Route successfully added to Container {"uri":"~^language$~"} []
[2018-11-07 08:23:15] System.INFO: Route successfully added to Container {"uri":"~^[:params:]?/?oathmaster/?[:named:]?$|^[:params:]?/?observer/?[:named:]?$~"} []
[2018-11-07 08:23:15] System.INFO: Route successfully added to Container {"uri":"~^[:params:]?/?rules/?$~"} []
[2018-11-07 08:23:15] System.INFO: Route successfully added to Container {"uri":"~^[:params:]?/?bloodnamed/?$~"} []
[2018-11-07 08:23:15] System.INFO: Route successfully added to Container {"uri":"~^coinMachine/getResult/?$~"} []
[2018-11-07 08:23:15] System.INFO: Route successfully added to Container {"uri":"~^[:params:]?/?tables/?$~"} []
[2018-11-07 08:23:15] System.INFO: Route successfully added to Container {"uri":"~^fight/save/?$~"} []
[2018-11-07 08:23:15] System.INFO: Route successfully added to Container {"uri":"~^[:params:]?/?$|^[:params:]?/?fame/?$~"} []
[2018-11-07 08:23:15] System.INFO: Shutdown and error handlers have been registered [] []
[2018-11-07 08:23:15] System.INFO: Output manager initialized [] []
[2018-11-07 08:23:15] System.INFO: Application initialized [] []
[2018-11-07 08:23:15] System.DEBUG: No hook definitions found for 'application.init.after'. Available hook definitions [["coinritual.route.beforeDispatch"]] []
[2018-11-07 08:23:15] System.INFO: Beginning process for request. ["[object] (SlaxWeb\\Router\\Request: GET /language HTTP/1.0\r\nAccept:                    text/html,application/xhtml+xml,application/xml;q=0.9,image/webp,image/apng,*/*;q=0.8\r\nAccept-Encoding:           gzip, deflate, br\r\nAccept-Language:           en-US,en;q=0.9\r\nConnection:                close\r\nHost:                      tob.clanwolf.net\r\nUpgrade-Insecure-Requests: 1\r\nUser-Agent:                Mozilla/5.0 (X11; Linux x86_64) AppleWebKit/537.36 (KHTML, like Gecko) Chrome/68.0.3440.106 Safari/537.36\r\nX-Accel-Internal:          /internal-nginx-static-location\r\nX-Forwarded-For:           94.130.201.118\r\nX-Real-Ip:                 94.130.201.118\r\n\r\n)"] []
[2018-11-07 08:23:15] System.DEBUG: No hook definitions found for 'application.dispatch.before'. Available hook definitions [["coinritual.route.beforeDispatch"]] []
[2018-11-07 08:23:15] System.INFO: Router Dispatcher initialized [] []
[2018-11-07 08:23:15] System.INFO: Trying to find match for (GET) 'language' [] []
[2018-11-07 08:23:15] System.INFO: Route match found [] []
[2018-11-07 08:23:15] System.DEBUG: No hook definitions found for 'router.dispatcher.beforeDispatch'. Available hook definitions [["coinritual.route.beforeDispatch"]] []
[2018-11-07 08:23:15] System.INFO: Executing route definition {"name":"~^language$~","action":"[object] (Closure: {})"} []
[2018-11-07 08:23:15] System.DEBUG: No hook definitions found for 'model.translation.before.init'. Available hook definitions [["coinritual.route.beforeDispatch"]] []
[2018-11-07 08:23:15] System.DEBUG: No hook definitions found for 'model.translation.after.init'. Available hook definitions [["coinritual.route.beforeDispatch"]] []
[2018-11-07 08:23:15] System.DEBUG: No hook definitions found for 'model.translation.before.select'. Available hook definitions [["coinritual.route.beforeDispatch"]] []
[2018-11-07 08:23:15] System.DEBUG: No hook definitions found for 'model.translation.after.select'. Available hook definitions [["coinritual.route.beforeDispatch"]] []
[2018-11-07 08:23:15] System.DEBUG: No hook definitions found for 'router.dispatcher.afterDispatch'. Available hook definitions [["coinritual.route.beforeDispatch"]] []
[2018-11-07 08:23:15] System.INFO: Request has finished processing, Response is ready to be sent to caller. [] []
[2018-11-07 08:23:15] System.DEBUG: No hook definitions found for 'application.dispatch.after'. Available hook definitions [["coinritual.route.beforeDispatch"]] []
[2018-11-07 08:23:15] System.DEBUG: Time taken to finish Request processing {"start":1541578995.202714,"end":1541578995.212867,"elapsed":0.010153055191040039,"uri":"/language"} []
[2018-11-07 08:23:18] System.INFO: Hooks component initialized [] []
[2018-11-07 08:23:18] System.DEBUG: Adding definition for hook 'coinritual.route.beforeDispatch' for the first time. [] []
[2018-11-07 08:23:18] System.INFO: Route Container initialized [] []
[2018-11-07 08:23:18] System.INFO: Route successfully added to Container {"uri":"~^language$~"} []
[2018-11-07 08:23:18] System.INFO: Route successfully added to Container {"uri":"~^[:params:]?/?oathmaster/?[:named:]?$|^[:params:]?/?observer/?[:named:]?$~"} []
[2018-11-07 08:23:18] System.INFO: Route successfully added to Container {"uri":"~^[:params:]?/?rules/?$~"} []
[2018-11-07 08:23:18] System.INFO: Route successfully added to Container {"uri":"~^[:params:]?/?bloodnamed/?$~"} []
[2018-11-07 08:23:18] System.INFO: Route successfully added to Container {"uri":"~^coinMachine/getResult/?$~"} []
[2018-11-07 08:23:18] System.INFO: Route successfully added to Container {"uri":"~^[:params:]?/?tables/?$~"} []
[2018-11-07 08:23:18] System.INFO: Route successfully added to Container {"uri":"~^fight/save/?$~"} []
[2018-11-07 08:23:18] System.INFO: Route successfully added to Container {"uri":"~^[:params:]?/?$|^[:params:]?/?fame/?$~"} []
[2018-11-07 08:23:18] System.INFO: Shutdown and error handlers have been registered [] []
[2018-11-07 08:23:18] System.INFO: Output manager initialized [] []
[2018-11-07 08:23:18] System.INFO: Application initialized [] []
[2018-11-07 08:23:18] System.DEBUG: No hook definitions found for 'application.init.after'. Available hook definitions [["coinritual.route.beforeDispatch"]] []
[2018-11-07 08:23:18] System.INFO: Beginning process for request. ["[object] (SlaxWeb\\Router\\Request: GET /language HTTP/1.0\r\nAccept:           */*\r\nAccept-Encoding:  gzip\r\nAccept-Language:  *\r\nConnection:       close\r\nHost:             tob.clanwolf.net\r\nUser-Agent:       Mozilla/5.0 (X11; Linux x86_64) AppleWebKit/537.36 (KHTML, like Gecko) Chrome/60.0.3112.113 Safari/537.36\r\nX-Accel-Internal: /internal-nginx-static-location\r\nX-Forwarded-For:  18.196.213.145\r\nX-Real-Ip:        18.196.213.145\r\n\r\n)"] []
[2018-11-07 08:23:18] System.DEBUG: No hook definitions found for 'application.dispatch.before'. Available hook definitions [["coinritual.route.beforeDispatch"]] []
[2018-11-07 08:23:18] System.INFO: Router Dispatcher initialized [] []
[2018-11-07 08:23:18] System.INFO: Trying to find match for (GET) 'language' [] []
[2018-11-07 08:23:18] System.INFO: Route match found [] []
[2018-11-07 08:23:18] System.DEBUG: No hook definitions found for 'router.dispatcher.beforeDispatch'. Available hook definitions [["coinritual.route.beforeDispatch"]] []
[2018-11-07 08:23:18] System.INFO: Executing route definition {"name":"~^language$~","action":"[object] (Closure: {})"} []
[2018-11-07 08:23:18] System.DEBUG: No hook definitions found for 'model.translation.before.init'. Available hook definitions [["coinritual.route.beforeDispatch"]] []
[2018-11-07 08:23:18] System.DEBUG: No hook definitions found for 'model.translation.after.init'. Available hook definitions [["coinritual.route.beforeDispatch"]] []
[2018-11-07 08:23:18] System.DEBUG: No hook definitions found for 'model.translation.before.select'. Available hook definitions [["coinritual.route.beforeDispatch"]] []
[2018-11-07 08:23:18] System.DEBUG: No hook definitions found for 'model.translation.after.select'. Available hook definitions [["coinritual.route.beforeDispatch"]] []
[2018-11-07 08:23:18] System.DEBUG: No hook definitions found for 'router.dispatcher.afterDispatch'. Available hook definitions [["coinritual.route.beforeDispatch"]] []
[2018-11-07 08:23:18] System.INFO: Request has finished processing, Response is ready to be sent to caller. [] []
[2018-11-07 08:23:18] System.DEBUG: No hook definitions found for 'application.dispatch.after'. Available hook definitions [["coinritual.route.beforeDispatch"]] []
[2018-11-07 08:23:18] System.DEBUG: Time taken to finish Request processing {"start":1541578998.118308,"end":1541578998.128578,"elapsed":0.010269880294799805,"uri":"/language"} []
[2018-11-07 08:23:59] System.INFO: Hooks component initialized [] []
[2018-11-07 08:23:59] System.DEBUG: Adding definition for hook 'coinritual.route.beforeDispatch' for the first time. [] []
[2018-11-07 08:23:59] System.INFO: Route Container initialized [] []
[2018-11-07 08:23:59] System.INFO: Route successfully added to Container {"uri":"~^language$~"} []
[2018-11-07 08:23:59] System.INFO: Route successfully added to Container {"uri":"~^[:params:]?/?oathmaster/?[:named:]?$|^[:params:]?/?observer/?[:named:]?$~"} []
[2018-11-07 08:23:59] System.INFO: Route successfully added to Container {"uri":"~^[:params:]?/?rules/?$~"} []
[2018-11-07 08:23:59] System.INFO: Route successfully added to Container {"uri":"~^[:params:]?/?bloodnamed/?$~"} []
[2018-11-07 08:23:59] System.INFO: Route successfully added to Container {"uri":"~^coinMachine/getResult/?$~"} []
[2018-11-07 08:23:59] System.INFO: Route successfully added to Container {"uri":"~^[:params:]?/?tables/?$~"} []
[2018-11-07 08:23:59] System.INFO: Route successfully added to Container {"uri":"~^fight/save/?$~"} []
[2018-11-07 08:23:59] System.INFO: Route successfully added to Container {"uri":"~^[:params:]?/?$|^[:params:]?/?fame/?$~"} []
[2018-11-07 08:23:59] System.INFO: Shutdown and error handlers have been registered [] []
[2018-11-07 08:23:59] System.INFO: Output manager initialized [] []
[2018-11-07 08:23:59] System.INFO: Application initialized [] []
[2018-11-07 08:23:59] System.DEBUG: No hook definitions found for 'application.init.after'. Available hook definitions [["coinritual.route.beforeDispatch"]] []
[2018-11-07 08:23:59] System.INFO: Beginning process for request. ["[object] (SlaxWeb\\Router\\Request: GET /language HTTP/1.0\r\nAccept:                    text/html,application/xhtml+xml,application/xml;q=0.9,image/webp,image/apng,*/*;q=0.8\r\nAccept-Encoding:           gzip, deflate, br\r\nAccept-Language:           en-US,en;q=0.9\r\nConnection:                close\r\nHost:                      tob.clanwolf.net\r\nUpgrade-Insecure-Requests: 1\r\nUser-Agent:                Mozilla/5.0 (X11; Linux x86_64) AppleWebKit/537.36 (KHTML, like Gecko) Chrome/68.0.3440.106 Safari/537.36\r\nX-Accel-Internal:          /internal-nginx-static-location\r\nX-Forwarded-For:           94.130.201.117\r\nX-Real-Ip:                 94.130.201.117\r\n\r\n)"] []
[2018-11-07 08:23:59] System.DEBUG: No hook definitions found for 'application.dispatch.before'. Available hook definitions [["coinritual.route.beforeDispatch"]] []
[2018-11-07 08:23:59] System.INFO: Router Dispatcher initialized [] []
[2018-11-07 08:23:59] System.INFO: Trying to find match for (GET) 'language' [] []
[2018-11-07 08:23:59] System.INFO: Route match found [] []
[2018-11-07 08:23:59] System.DEBUG: No hook definitions found for 'router.dispatcher.beforeDispatch'. Available hook definitions [["coinritual.route.beforeDispatch"]] []
[2018-11-07 08:23:59] System.INFO: Executing route definition {"name":"~^language$~","action":"[object] (Closure: {})"} []
[2018-11-07 08:23:59] System.DEBUG: No hook definitions found for 'model.translation.before.init'. Available hook definitions [["coinritual.route.beforeDispatch"]] []
[2018-11-07 08:23:59] System.DEBUG: No hook definitions found for 'model.translation.after.init'. Available hook definitions [["coinritual.route.beforeDispatch"]] []
[2018-11-07 08:23:59] System.DEBUG: No hook definitions found for 'model.translation.before.select'. Available hook definitions [["coinritual.route.beforeDispatch"]] []
[2018-11-07 08:23:59] System.DEBUG: No hook definitions found for 'model.translation.after.select'. Available hook definitions [["coinritual.route.beforeDispatch"]] []
[2018-11-07 08:23:59] System.DEBUG: No hook definitions found for 'router.dispatcher.afterDispatch'. Available hook definitions [["coinritual.route.beforeDispatch"]] []
[2018-11-07 08:23:59] System.INFO: Request has finished processing, Response is ready to be sent to caller. [] []
[2018-11-07 08:23:59] System.DEBUG: No hook definitions found for 'application.dispatch.after'. Available hook definitions [["coinritual.route.beforeDispatch"]] []
[2018-11-07 08:23:59] System.DEBUG: Time taken to finish Request processing {"start":1541579039.342991,"end":1541579039.366602,"elapsed":0.023610830307006836,"uri":"/language"} []
[2018-11-07 08:40:10] System.INFO: Hooks component initialized [] []
[2018-11-07 08:40:10] System.DEBUG: Adding definition for hook 'coinritual.route.beforeDispatch' for the first time. [] []
[2018-11-07 08:40:10] System.INFO: Route Container initialized [] []
[2018-11-07 08:40:10] System.INFO: Route successfully added to Container {"uri":"~^language$~"} []
[2018-11-07 08:40:10] System.INFO: Route successfully added to Container {"uri":"~^[:params:]?/?oathmaster/?[:named:]?$|^[:params:]?/?observer/?[:named:]?$~"} []
[2018-11-07 08:40:10] System.INFO: Route successfully added to Container {"uri":"~^[:params:]?/?rules/?$~"} []
[2018-11-07 08:40:10] System.INFO: Route successfully added to Container {"uri":"~^[:params:]?/?bloodnamed/?$~"} []
[2018-11-07 08:40:10] System.INFO: Route successfully added to Container {"uri":"~^coinMachine/getResult/?$~"} []
[2018-11-07 08:40:10] System.INFO: Route successfully added to Container {"uri":"~^[:params:]?/?tables/?$~"} []
[2018-11-07 08:40:10] System.INFO: Route successfully added to Container {"uri":"~^fight/save/?$~"} []
[2018-11-07 08:40:10] System.INFO: Route successfully added to Container {"uri":"~^[:params:]?/?$|^[:params:]?/?fame/?$~"} []
[2018-11-07 08:40:10] System.INFO: Shutdown and error handlers have been registered [] []
[2018-11-07 08:40:10] System.INFO: Output manager initialized [] []
[2018-11-07 08:40:10] System.INFO: Application initialized [] []
[2018-11-07 08:40:10] System.DEBUG: No hook definitions found for 'application.init.after'. Available hook definitions [["coinritual.route.beforeDispatch"]] []
[2018-11-07 08:40:10] System.INFO: Beginning process for request. ["[object] (SlaxWeb\\Router\\Request: GET / HTTP/1.0\r\nAccept-Encoding:  gzip\r\nConnection:       close\r\nContent-Length:   0\r\nHost:             tob.clanwolf.net\r\nUser-Agent:       Mozilla/5.0 (Windows NT 5.1) Gecko/20100101 Firefox/5.0\r\nX-Accel-Internal: /internal-nginx-static-location\r\nX-Forwarded-For:  208.87.233.140\r\nX-Real-Ip:        208.87.233.140\r\n\r\n)"] []
[2018-11-07 08:40:10] System.DEBUG: No hook definitions found for 'application.dispatch.before'. Available hook definitions [["coinritual.route.beforeDispatch"]] []
[2018-11-07 08:40:10] System.INFO: Router Dispatcher initialized [] []
[2018-11-07 08:40:10] System.INFO: Trying to find match for (GET) '' [] []
[2018-11-07 08:40:10] System.INFO: Route match found [] []
[2018-11-07 08:40:10] System.INFO: Calling definition for hook 'coinritual.route.beforeDispatch' [] []
[2018-11-07 08:40:10] System.DEBUG: Hook definition parameters ["[object] (SlaxWeb\\Bootstrap\\Application: {})","[object] (SlaxWeb\\Router\\Route: {})"] []
[2018-11-07 08:40:15] System.INFO: Hooks component initialized [] []
[2018-11-07 08:40:15] System.DEBUG: Adding definition for hook 'coinritual.route.beforeDispatch' for the first time. [] []
[2018-11-07 08:40:15] System.INFO: Route Container initialized [] []
[2018-11-07 08:40:15] System.INFO: Route successfully added to Container {"uri":"~^language$~"} []
[2018-11-07 08:40:15] System.INFO: Route successfully added to Container {"uri":"~^[:params:]?/?oathmaster/?[:named:]?$|^[:params:]?/?observer/?[:named:]?$~"} []
[2018-11-07 08:40:15] System.INFO: Route successfully added to Container {"uri":"~^[:params:]?/?rules/?$~"} []
[2018-11-07 08:40:15] System.INFO: Route successfully added to Container {"uri":"~^[:params:]?/?bloodnamed/?$~"} []
[2018-11-07 08:40:15] System.INFO: Route successfully added to Container {"uri":"~^coinMachine/getResult/?$~"} []
[2018-11-07 08:40:15] System.INFO: Route successfully added to Container {"uri":"~^[:params:]?/?tables/?$~"} []
[2018-11-07 08:40:15] System.INFO: Route successfully added to Container {"uri":"~^fight/save/?$~"} []
[2018-11-07 08:40:15] System.INFO: Route successfully added to Container {"uri":"~^[:params:]?/?$|^[:params:]?/?fame/?$~"} []
[2018-11-07 08:40:15] System.INFO: Shutdown and error handlers have been registered [] []
[2018-11-07 08:40:15] System.INFO: Output manager initialized [] []
[2018-11-07 08:40:15] System.INFO: Application initialized [] []
[2018-11-07 08:40:15] System.DEBUG: No hook definitions found for 'application.init.after'. Available hook definitions [["coinritual.route.beforeDispatch"]] []
[2018-11-07 08:40:15] System.INFO: Beginning process for request. ["[object] (SlaxWeb\\Router\\Request: GET /language HTTP/1.0\r\nAccept-Encoding:  gzip\r\nConnection:       close\r\nContent-Length:   0\r\nCookie:           PHPSESSID=l65dudheeo3oqssj6ll72kq7o5\r\nHost:             tob.clanwolf.net\r\nUser-Agent:       Mozilla/5.0 (Macintosh; Intel Mac OS X 10_6_7) AppleWebKit/534.24 (KHTML, like Gecko) Chrome/11.0.696.68 Safari/534.24\r\nX-Accel-Internal: /internal-nginx-static-location\r\nX-Forwarded-For:  208.87.233.140\r\nX-Real-Ip:        208.87.233.140\r\n\r\n)"] []
[2018-11-07 08:40:15] System.DEBUG: No hook definitions found for 'application.dispatch.before'. Available hook definitions [["coinritual.route.beforeDispatch"]] []
[2018-11-07 08:40:15] System.INFO: Router Dispatcher initialized [] []
[2018-11-07 08:40:15] System.INFO: Trying to find match for (GET) 'language' [] []
[2018-11-07 08:40:15] System.INFO: Route match found [] []
[2018-11-07 08:40:15] System.DEBUG: No hook definitions found for 'router.dispatcher.beforeDispatch'. Available hook definitions [["coinritual.route.beforeDispatch"]] []
[2018-11-07 08:40:15] System.INFO: Executing route definition {"name":"~^language$~","action":"[object] (Closure: {})"} []
[2018-11-07 08:40:15] System.DEBUG: No hook definitions found for 'model.translation.before.init'. Available hook definitions [["coinritual.route.beforeDispatch"]] []
[2018-11-07 08:40:15] System.DEBUG: No hook definitions found for 'model.translation.after.init'. Available hook definitions [["coinritual.route.beforeDispatch"]] []
[2018-11-07 08:40:15] System.DEBUG: No hook definitions found for 'model.translation.before.select'. Available hook definitions [["coinritual.route.beforeDispatch"]] []
[2018-11-07 08:40:15] System.DEBUG: No hook definitions found for 'model.translation.after.select'. Available hook definitions [["coinritual.route.beforeDispatch"]] []
[2018-11-07 08:40:15] System.DEBUG: No hook definitions found for 'router.dispatcher.afterDispatch'. Available hook definitions [["coinritual.route.beforeDispatch"]] []
[2018-11-07 08:40:15] System.INFO: Request has finished processing, Response is ready to be sent to caller. [] []
[2018-11-07 08:40:15] System.DEBUG: No hook definitions found for 'application.dispatch.after'. Available hook definitions [["coinritual.route.beforeDispatch"]] []
[2018-11-07 08:40:15] System.DEBUG: Time taken to finish Request processing {"start":1541580015.30943,"end":1541580015.327889,"elapsed":0.018459081649780273,"uri":"/language"} []
[2018-11-07 08:40:54] System.INFO: Hooks component initialized [] []
[2018-11-07 08:40:54] System.DEBUG: Adding definition for hook 'coinritual.route.beforeDispatch' for the first time. [] []
[2018-11-07 08:40:54] System.INFO: Route Container initialized [] []
[2018-11-07 08:40:54] System.INFO: Route successfully added to Container {"uri":"~^language$~"} []
[2018-11-07 08:40:54] System.INFO: Route successfully added to Container {"uri":"~^[:params:]?/?oathmaster/?[:named:]?$|^[:params:]?/?observer/?[:named:]?$~"} []
[2018-11-07 08:40:54] System.INFO: Route successfully added to Container {"uri":"~^[:params:]?/?rules/?$~"} []
[2018-11-07 08:40:54] System.INFO: Route successfully added to Container {"uri":"~^[:params:]?/?bloodnamed/?$~"} []
[2018-11-07 08:40:54] System.INFO: Route successfully added to Container {"uri":"~^coinMachine/getResult/?$~"} []
[2018-11-07 08:40:54] System.INFO: Route successfully added to Container {"uri":"~^[:params:]?/?tables/?$~"} []
[2018-11-07 08:40:54] System.INFO: Route successfully added to Container {"uri":"~^fight/save/?$~"} []
[2018-11-07 08:40:54] System.INFO: Route successfully added to Container {"uri":"~^[:params:]?/?$|^[:params:]?/?fame/?$~"} []
[2018-11-07 08:40:54] System.INFO: Shutdown and error handlers have been registered [] []
[2018-11-07 08:40:54] System.INFO: Output manager initialized [] []
[2018-11-07 08:40:54] System.INFO: Application initialized [] []
[2018-11-07 08:40:54] System.DEBUG: No hook definitions found for 'application.init.after'. Available hook definitions [["coinritual.route.beforeDispatch"]] []
[2018-11-07 08:40:54] System.INFO: Beginning process for request. ["[object] (SlaxWeb\\Router\\Request: GET / HTTP/1.0\r\nAccept:           */*\r\nAccept-Encoding:  identity\r\nAccept-Language:  en-US\r\nConnection:       close\r\nHost:             tob.clanwolf.net\r\nReferer:          https://tob.clanwolf.net/\r\nUa-Cpu:           x86\r\nUser-Agent:       Mozilla/5.0 (compatible; MSIE 10.0; Windows NT 6.1; Trident/6.0)\r\nX-Accel-Internal: /internal-nginx-static-location\r\nX-Forwarded-For:  65.19.167.131\r\nX-Real-Ip:        65.19.167.131\r\n\r\n)"] []
[2018-11-07 08:40:54] System.DEBUG: No hook definitions found for 'application.dispatch.before'. Available hook definitions [["coinritual.route.beforeDispatch"]] []
[2018-11-07 08:40:54] System.INFO: Router Dispatcher initialized [] []
[2018-11-07 08:40:54] System.INFO: Trying to find match for (GET) '' [] []
[2018-11-07 08:40:54] System.INFO: Route match found [] []
[2018-11-07 08:40:54] System.INFO: Calling definition for hook 'coinritual.route.beforeDispatch' [] []
[2018-11-07 08:40:54] System.DEBUG: Hook definition parameters ["[object] (SlaxWeb\\Bootstrap\\Application: {})","[object] (SlaxWeb\\Router\\Route: {})"] []
[2018-11-07 08:40:59] System.INFO: Hooks component initialized [] []
[2018-11-07 08:40:59] System.DEBUG: Adding definition for hook 'coinritual.route.beforeDispatch' for the first time. [] []
[2018-11-07 08:40:59] System.INFO: Route Container initialized [] []
[2018-11-07 08:40:59] System.INFO: Route successfully added to Container {"uri":"~^language$~"} []
[2018-11-07 08:40:59] System.INFO: Route successfully added to Container {"uri":"~^[:params:]?/?oathmaster/?[:named:]?$|^[:params:]?/?observer/?[:named:]?$~"} []
[2018-11-07 08:40:59] System.INFO: Route successfully added to Container {"uri":"~^[:params:]?/?rules/?$~"} []
[2018-11-07 08:40:59] System.INFO: Route successfully added to Container {"uri":"~^[:params:]?/?bloodnamed/?$~"} []
[2018-11-07 08:40:59] System.INFO: Route successfully added to Container {"uri":"~^coinMachine/getResult/?$~"} []
[2018-11-07 08:40:59] System.INFO: Route successfully added to Container {"uri":"~^[:params:]?/?tables/?$~"} []
[2018-11-07 08:40:59] System.INFO: Route successfully added to Container {"uri":"~^fight/save/?$~"} []
[2018-11-07 08:40:59] System.INFO: Route successfully added to Container {"uri":"~^[:params:]?/?$|^[:params:]?/?fame/?$~"} []
[2018-11-07 08:40:59] System.INFO: Shutdown and error handlers have been registered [] []
[2018-11-07 08:40:59] System.INFO: Output manager initialized [] []
[2018-11-07 08:40:59] System.INFO: Application initialized [] []
[2018-11-07 08:40:59] System.DEBUG: No hook definitions found for 'application.init.after'. Available hook definitions [["coinritual.route.beforeDispatch"]] []
[2018-11-07 08:40:59] System.INFO: Beginning process for request. ["[object] (SlaxWeb\\Router\\Request: GET /language HTTP/1.0\r\nAccept:           */*\r\nAccept-Encoding:  identity\r\nAccept-Language:  en-US\r\nConnection:       close\r\nHost:             tob.clanwolf.net\r\nReferer:          https://tob.clanwolf.net:443/language\r\nUa-Cpu:           x86\r\nUser-Agent:       Mozilla/5.0 (compatible; MSIE 10.0; Windows NT 6.1; Trident/6.0)\r\nX-Accel-Internal: /internal-nginx-static-location\r\nX-Forwarded-For:  65.19.167.130\r\nX-Real-Ip:        65.19.167.130\r\n\r\n)"] []
[2018-11-07 08:40:59] System.DEBUG: No hook definitions found for 'application.dispatch.before'. Available hook definitions [["coinritual.route.beforeDispatch"]] []
[2018-11-07 08:40:59] System.INFO: Router Dispatcher initialized [] []
[2018-11-07 08:40:59] System.INFO: Trying to find match for (GET) 'language' [] []
[2018-11-07 08:40:59] System.INFO: Route match found [] []
[2018-11-07 08:40:59] System.DEBUG: No hook definitions found for 'router.dispatcher.beforeDispatch'. Available hook definitions [["coinritual.route.beforeDispatch"]] []
[2018-11-07 08:40:59] System.INFO: Executing route definition {"name":"~^language$~","action":"[object] (Closure: {})"} []
[2018-11-07 08:40:59] System.DEBUG: No hook definitions found for 'model.translation.before.init'. Available hook definitions [["coinritual.route.beforeDispatch"]] []
[2018-11-07 08:40:59] System.DEBUG: No hook definitions found for 'model.translation.after.init'. Available hook definitions [["coinritual.route.beforeDispatch"]] []
[2018-11-07 08:40:59] System.DEBUG: No hook definitions found for 'model.translation.before.select'. Available hook definitions [["coinritual.route.beforeDispatch"]] []
[2018-11-07 08:40:59] System.DEBUG: No hook definitions found for 'model.translation.after.select'. Available hook definitions [["coinritual.route.beforeDispatch"]] []
[2018-11-07 08:40:59] System.DEBUG: No hook definitions found for 'router.dispatcher.afterDispatch'. Available hook definitions [["coinritual.route.beforeDispatch"]] []
[2018-11-07 08:40:59] System.INFO: Request has finished processing, Response is ready to be sent to caller. [] []
[2018-11-07 08:40:59] System.DEBUG: No hook definitions found for 'application.dispatch.after'. Available hook definitions [["coinritual.route.beforeDispatch"]] []
[2018-11-07 08:40:59] System.DEBUG: Time taken to finish Request processing {"start":1541580059.950655,"end":1541580059.968763,"elapsed":0.018108129501342773,"uri":"/language"} []
[2018-11-07 09:40:20] System.INFO: Hooks component initialized [] []
[2018-11-07 09:40:20] System.DEBUG: Adding definition for hook 'coinritual.route.beforeDispatch' for the first time. [] []
[2018-11-07 09:40:20] System.INFO: Route Container initialized [] []
[2018-11-07 09:40:20] System.INFO: Route successfully added to Container {"uri":"~^language$~"} []
[2018-11-07 09:40:20] System.INFO: Route successfully added to Container {"uri":"~^[:params:]?/?oathmaster/?[:named:]?$|^[:params:]?/?observer/?[:named:]?$~"} []
[2018-11-07 09:40:20] System.INFO: Route successfully added to Container {"uri":"~^[:params:]?/?rules/?$~"} []
[2018-11-07 09:40:20] System.INFO: Route successfully added to Container {"uri":"~^[:params:]?/?bloodnamed/?$~"} []
[2018-11-07 09:40:20] System.INFO: Route successfully added to Container {"uri":"~^coinMachine/getResult/?$~"} []
[2018-11-07 09:40:20] System.INFO: Route successfully added to Container {"uri":"~^[:params:]?/?tables/?$~"} []
[2018-11-07 09:40:20] System.INFO: Route successfully added to Container {"uri":"~^fight/save/?$~"} []
[2018-11-07 09:40:20] System.INFO: Route successfully added to Container {"uri":"~^[:params:]?/?$|^[:params:]?/?fame/?$~"} []
[2018-11-07 09:40:20] System.INFO: Shutdown and error handlers have been registered [] []
[2018-11-07 09:40:20] System.INFO: Output manager initialized [] []
[2018-11-07 09:40:20] System.INFO: Application initialized [] []
[2018-11-07 09:40:20] System.DEBUG: No hook definitions found for 'application.init.after'. Available hook definitions [["coinritual.route.beforeDispatch"]] []
[2018-11-07 09:40:20] System.INFO: Beginning process for request. ["[object] (SlaxWeb\\Router\\Request: GET / HTTP/1.0\r\nAccept:                    text/html,application/xhtml+xml,application/xml;q=0.9,image/webp,image/apng,*/*;q=0.8\r\nAccept-Encoding:           gzip, deflate, br\r\nAccept-Language:           de-DE,de;q=0.9\r\nConnection:                close\r\nCookie:                    PHPSESSID=j3og3sud4n4cnvds0co0dimept; tob_sound=on\r\nHost:                      tob.clanwolf.net\r\nReferer:                   https://www.clanwolf.net/\r\nUpgrade-Insecure-Requests: 1\r\nUser-Agent:                Mozilla/5.0 (Windows NT 10.0; Win64; x64) AppleWebKit/537.36 (KHTML, like Gecko) Chrome/70.0.3538.77 Safari/537.36\r\nX-Accel-Internal:          /internal-nginx-static-location\r\nX-Forwarded-For:           212.88.152.150\r\nX-Real-Ip:                 212.88.152.150\r\n\r\n)"] []
[2018-11-07 09:40:20] System.DEBUG: No hook definitions found for 'application.dispatch.before'. Available hook definitions [["coinritual.route.beforeDispatch"]] []
[2018-11-07 09:40:20] System.INFO: Router Dispatcher initialized [] []
[2018-11-07 09:40:20] System.INFO: Trying to find match for (GET) '' [] []
[2018-11-07 09:40:20] System.INFO: Route match found [] []
[2018-11-07 09:40:20] System.INFO: Calling definition for hook 'coinritual.route.beforeDispatch' [] []
[2018-11-07 09:40:20] System.DEBUG: Hook definition parameters ["[object] (SlaxWeb\\Bootstrap\\Application: {})","[object] (SlaxWeb\\Router\\Route: {})"] []
[2018-11-07 09:40:20] System.INFO: Hooks component initialized [] []
[2018-11-07 09:40:20] System.DEBUG: Adding definition for hook 'coinritual.route.beforeDispatch' for the first time. [] []
[2018-11-07 09:40:20] System.INFO: Route Container initialized [] []
[2018-11-07 09:40:20] System.INFO: Route successfully added to Container {"uri":"~^language$~"} []
[2018-11-07 09:40:20] System.INFO: Route successfully added to Container {"uri":"~^[:params:]?/?oathmaster/?[:named:]?$|^[:params:]?/?observer/?[:named:]?$~"} []
[2018-11-07 09:40:20] System.INFO: Route successfully added to Container {"uri":"~^[:params:]?/?rules/?$~"} []
[2018-11-07 09:40:20] System.INFO: Route successfully added to Container {"uri":"~^[:params:]?/?bloodnamed/?$~"} []
[2018-11-07 09:40:20] System.INFO: Route successfully added to Container {"uri":"~^coinMachine/getResult/?$~"} []
[2018-11-07 09:40:20] System.INFO: Route successfully added to Container {"uri":"~^[:params:]?/?tables/?$~"} []
[2018-11-07 09:40:20] System.INFO: Route successfully added to Container {"uri":"~^fight/save/?$~"} []
[2018-11-07 09:40:20] System.INFO: Route successfully added to Container {"uri":"~^[:params:]?/?$|^[:params:]?/?fame/?$~"} []
[2018-11-07 09:40:20] System.INFO: Shutdown and error handlers have been registered [] []
[2018-11-07 09:40:20] System.INFO: Output manager initialized [] []
[2018-11-07 09:40:20] System.INFO: Application initialized [] []
[2018-11-07 09:40:20] System.DEBUG: No hook definitions found for 'application.init.after'. Available hook definitions [["coinritual.route.beforeDispatch"]] []
[2018-11-07 09:40:20] System.INFO: Beginning process for request. ["[object] (SlaxWeb\\Router\\Request: GET /language HTTP/1.0\r\nAccept:                    text/html,application/xhtml+xml,application/xml;q=0.9,image/webp,image/apng,*/*;q=0.8\r\nAccept-Encoding:           gzip, deflate, br\r\nAccept-Language:           de-DE,de;q=0.9\r\nConnection:                close\r\nCookie:                    PHPSESSID=j3og3sud4n4cnvds0co0dimept; tob_sound=on\r\nHost:                      tob.clanwolf.net\r\nReferer:                   https://www.clanwolf.net/\r\nUpgrade-Insecure-Requests: 1\r\nUser-Agent:                Mozilla/5.0 (Windows NT 10.0; Win64; x64) AppleWebKit/537.36 (KHTML, like Gecko) Chrome/70.0.3538.77 Safari/537.36\r\nX-Accel-Internal:          /internal-nginx-static-location\r\nX-Forwarded-For:           212.88.152.150\r\nX-Real-Ip:                 212.88.152.150\r\n\r\n)"] []
[2018-11-07 09:40:20] System.DEBUG: No hook definitions found for 'application.dispatch.before'. Available hook definitions [["coinritual.route.beforeDispatch"]] []
[2018-11-07 09:40:20] System.INFO: Router Dispatcher initialized [] []
[2018-11-07 09:40:20] System.INFO: Trying to find match for (GET) 'language' [] []
[2018-11-07 09:40:20] System.INFO: Route match found [] []
[2018-11-07 09:40:20] System.DEBUG: No hook definitions found for 'router.dispatcher.beforeDispatch'. Available hook definitions [["coinritual.route.beforeDispatch"]] []
[2018-11-07 09:40:20] System.INFO: Executing route definition {"name":"~^language$~","action":"[object] (Closure: {})"} []
[2018-11-07 09:40:20] System.DEBUG: No hook definitions found for 'model.translation.before.init'. Available hook definitions [["coinritual.route.beforeDispatch"]] []
[2018-11-07 09:40:20] System.DEBUG: No hook definitions found for 'model.translation.after.init'. Available hook definitions [["coinritual.route.beforeDispatch"]] []
[2018-11-07 09:40:20] System.DEBUG: No hook definitions found for 'model.translation.before.select'. Available hook definitions [["coinritual.route.beforeDispatch"]] []
[2018-11-07 09:40:20] System.DEBUG: No hook definitions found for 'model.translation.after.select'. Available hook definitions [["coinritual.route.beforeDispatch"]] []
[2018-11-07 09:40:20] System.DEBUG: No hook definitions found for 'router.dispatcher.afterDispatch'. Available hook definitions [["coinritual.route.beforeDispatch"]] []
[2018-11-07 09:40:20] System.INFO: Request has finished processing, Response is ready to be sent to caller. [] []
[2018-11-07 09:40:20] System.DEBUG: No hook definitions found for 'application.dispatch.after'. Available hook definitions [["coinritual.route.beforeDispatch"]] []
[2018-11-07 09:40:20] System.DEBUG: Time taken to finish Request processing {"start":1541583620.907795,"end":1541583620.928705,"elapsed":0.020910024642944336,"uri":"/language"} []
[2018-11-07 09:49:18] System.INFO: Hooks component initialized [] []
[2018-11-07 09:49:18] System.DEBUG: Adding definition for hook 'coinritual.route.beforeDispatch' for the first time. [] []
[2018-11-07 09:49:18] System.INFO: Route Container initialized [] []
[2018-11-07 09:49:18] System.INFO: Route successfully added to Container {"uri":"~^language$~"} []
[2018-11-07 09:49:18] System.INFO: Route successfully added to Container {"uri":"~^[:params:]?/?oathmaster/?[:named:]?$|^[:params:]?/?observer/?[:named:]?$~"} []
[2018-11-07 09:49:18] System.INFO: Route successfully added to Container {"uri":"~^[:params:]?/?rules/?$~"} []
[2018-11-07 09:49:18] System.INFO: Route successfully added to Container {"uri":"~^[:params:]?/?bloodnamed/?$~"} []
[2018-11-07 09:49:18] System.INFO: Route successfully added to Container {"uri":"~^coinMachine/getResult/?$~"} []
[2018-11-07 09:49:18] System.INFO: Route successfully added to Container {"uri":"~^[:params:]?/?tables/?$~"} []
[2018-11-07 09:49:18] System.INFO: Route successfully added to Container {"uri":"~^fight/save/?$~"} []
[2018-11-07 09:49:18] System.INFO: Route successfully added to Container {"uri":"~^[:params:]?/?$|^[:params:]?/?fame/?$~"} []
[2018-11-07 09:49:18] System.INFO: Shutdown and error handlers have been registered [] []
[2018-11-07 09:49:18] System.INFO: Output manager initialized [] []
[2018-11-07 09:49:18] System.INFO: Application initialized [] []
[2018-11-07 09:49:18] System.DEBUG: No hook definitions found for 'application.init.after'. Available hook definitions [["coinritual.route.beforeDispatch"]] []
[2018-11-07 09:49:18] System.INFO: Beginning process for request. ["[object] (SlaxWeb\\Router\\Request: GET / HTTP/1.0\r\nAccept:           */*\r\nConnection:       close\r\nHost:             tob.clanwolf.net\r\nUser-Agent:       Mozilla/4.0 (compatible; MSIE 8.0; Windows NT 5.1; Trident/4.0)\r\nX-Accel-Internal: /internal-nginx-static-location\r\nX-Forwarded-For:  52.12.196.134\r\nX-Real-Ip:        52.12.196.134\r\n\r\n)"] []
[2018-11-07 09:49:18] System.DEBUG: No hook definitions found for 'application.dispatch.before'. Available hook definitions [["coinritual.route.beforeDispatch"]] []
[2018-11-07 09:49:18] System.INFO: Router Dispatcher initialized [] []
[2018-11-07 09:49:18] System.INFO: Trying to find match for (GET) '' [] []
[2018-11-07 09:49:18] System.INFO: Route match found [] []
[2018-11-07 09:49:18] System.INFO: Calling definition for hook 'coinritual.route.beforeDispatch' [] []
[2018-11-07 09:49:18] System.DEBUG: Hook definition parameters ["[object] (SlaxWeb\\Bootstrap\\Application: {})","[object] (SlaxWeb\\Router\\Route: {})"] []
[2018-11-07 09:49:19] System.INFO: Hooks component initialized [] []
[2018-11-07 09:49:19] System.DEBUG: Adding definition for hook 'coinritual.route.beforeDispatch' for the first time. [] []
[2018-11-07 09:49:19] System.INFO: Route Container initialized [] []
[2018-11-07 09:49:19] System.INFO: Route successfully added to Container {"uri":"~^language$~"} []
[2018-11-07 09:49:19] System.INFO: Route successfully added to Container {"uri":"~^[:params:]?/?oathmaster/?[:named:]?$|^[:params:]?/?observer/?[:named:]?$~"} []
[2018-11-07 09:49:19] System.INFO: Route successfully added to Container {"uri":"~^[:params:]?/?rules/?$~"} []
[2018-11-07 09:49:19] System.INFO: Route successfully added to Container {"uri":"~^[:params:]?/?bloodnamed/?$~"} []
[2018-11-07 09:49:19] System.INFO: Route successfully added to Container {"uri":"~^coinMachine/getResult/?$~"} []
[2018-11-07 09:49:19] System.INFO: Route successfully added to Container {"uri":"~^[:params:]?/?tables/?$~"} []
[2018-11-07 09:49:19] System.INFO: Route successfully added to Container {"uri":"~^fight/save/?$~"} []
[2018-11-07 09:49:19] System.INFO: Route successfully added to Container {"uri":"~^[:params:]?/?$|^[:params:]?/?fame/?$~"} []
[2018-11-07 09:49:19] System.INFO: Shutdown and error handlers have been registered [] []
[2018-11-07 09:49:19] System.INFO: Output manager initialized [] []
[2018-11-07 09:49:19] System.INFO: Application initialized [] []
[2018-11-07 09:49:19] System.DEBUG: No hook definitions found for 'application.init.after'. Available hook definitions [["coinritual.route.beforeDispatch"]] []
[2018-11-07 09:49:19] System.INFO: Beginning process for request. ["[object] (SlaxWeb\\Router\\Request: GET /language HTTP/1.0\r\nAccept:           */*\r\nConnection:       close\r\nCookie:           PHPSESSID=urp5pubeqa3q70reout1ptet28\r\nHost:             tob.clanwolf.net\r\nUser-Agent:       Mozilla/4.0 (compatible; MSIE 8.0; Windows NT 5.1; Trident/4.0)\r\nX-Accel-Internal: /internal-nginx-static-location\r\nX-Forwarded-For:  52.12.196.134\r\nX-Real-Ip:        52.12.196.134\r\n\r\n)"] []
[2018-11-07 09:49:19] System.DEBUG: No hook definitions found for 'application.dispatch.before'. Available hook definitions [["coinritual.route.beforeDispatch"]] []
[2018-11-07 09:49:19] System.INFO: Router Dispatcher initialized [] []
[2018-11-07 09:49:19] System.INFO: Trying to find match for (GET) 'language' [] []
[2018-11-07 09:49:19] System.INFO: Route match found [] []
[2018-11-07 09:49:19] System.DEBUG: No hook definitions found for 'router.dispatcher.beforeDispatch'. Available hook definitions [["coinritual.route.beforeDispatch"]] []
[2018-11-07 09:49:19] System.INFO: Executing route definition {"name":"~^language$~","action":"[object] (Closure: {})"} []
[2018-11-07 09:49:19] System.DEBUG: No hook definitions found for 'model.translation.before.init'. Available hook definitions [["coinritual.route.beforeDispatch"]] []
[2018-11-07 09:49:19] System.DEBUG: No hook definitions found for 'model.translation.after.init'. Available hook definitions [["coinritual.route.beforeDispatch"]] []
[2018-11-07 09:49:19] System.DEBUG: No hook definitions found for 'model.translation.before.select'. Available hook definitions [["coinritual.route.beforeDispatch"]] []
[2018-11-07 09:49:19] System.DEBUG: No hook definitions found for 'model.translation.after.select'. Available hook definitions [["coinritual.route.beforeDispatch"]] []
[2018-11-07 09:49:19] System.DEBUG: No hook definitions found for 'router.dispatcher.afterDispatch'. Available hook definitions [["coinritual.route.beforeDispatch"]] []
[2018-11-07 09:49:19] System.INFO: Request has finished processing, Response is ready to be sent to caller. [] []
[2018-11-07 09:49:19] System.DEBUG: No hook definitions found for 'application.dispatch.after'. Available hook definitions [["coinritual.route.beforeDispatch"]] []
[2018-11-07 09:49:19] System.DEBUG: Time taken to finish Request processing {"start":1541584159.03125,"end":1541584159.052578,"elapsed":0.021327972412109375,"uri":"/language"} []
[2018-11-07 13:47:00] System.INFO: Hooks component initialized [] []
[2018-11-07 13:47:00] System.DEBUG: Adding definition for hook 'coinritual.route.beforeDispatch' for the first time. [] []
[2018-11-07 13:47:00] System.INFO: Route Container initialized [] []
[2018-11-07 13:47:00] System.INFO: Route successfully added to Container {"uri":"~^language$~"} []
[2018-11-07 13:47:00] System.INFO: Route successfully added to Container {"uri":"~^[:params:]?/?oathmaster/?[:named:]?$|^[:params:]?/?observer/?[:named:]?$~"} []
[2018-11-07 13:47:00] System.INFO: Route successfully added to Container {"uri":"~^[:params:]?/?rules/?$~"} []
[2018-11-07 13:47:00] System.INFO: Route successfully added to Container {"uri":"~^[:params:]?/?bloodnamed/?$~"} []
[2018-11-07 13:47:00] System.INFO: Route successfully added to Container {"uri":"~^coinMachine/getResult/?$~"} []
[2018-11-07 13:47:00] System.INFO: Route successfully added to Container {"uri":"~^[:params:]?/?tables/?$~"} []
[2018-11-07 13:47:00] System.INFO: Route successfully added to Container {"uri":"~^fight/save/?$~"} []
[2018-11-07 13:47:00] System.INFO: Route successfully added to Container {"uri":"~^[:params:]?/?$|^[:params:]?/?fame/?$~"} []
[2018-11-07 13:47:00] System.INFO: Shutdown and error handlers have been registered [] []
[2018-11-07 13:47:00] System.INFO: Output manager initialized [] []
[2018-11-07 13:47:00] System.INFO: Application initialized [] []
[2018-11-07 13:47:00] System.DEBUG: No hook definitions found for 'application.init.after'. Available hook definitions [["coinritual.route.beforeDispatch"]] []
[2018-11-07 13:47:00] System.INFO: Beginning process for request. ["[object] (SlaxWeb\\Router\\Request: GET / HTTP/1.0\r\nAccept:           */*\r\nAccept-Language:  en-US\r\nConnection:       close\r\nHost:             ipv4.tob.clanwolf.net\r\nUser-Agent:       Mozilla/5.0 (compatible; Baiduspider/2.0; +http://www.baidu.com/search/spider.html)\r\nX-Accel-Internal: /internal-nginx-static-location\r\nX-Forwarded-For:  180.76.15.30\r\nX-Real-Ip:        180.76.15.30\r\n\r\n)"] []
[2018-11-07 13:47:00] System.DEBUG: No hook definitions found for 'application.dispatch.before'. Available hook definitions [["coinritual.route.beforeDispatch"]] []
[2018-11-07 13:47:00] System.INFO: Router Dispatcher initialized [] []
[2018-11-07 13:47:00] System.INFO: Trying to find match for (GET) '' [] []
[2018-11-07 13:47:00] System.INFO: Route match found [] []
[2018-11-07 13:47:00] System.INFO: Calling definition for hook 'coinritual.route.beforeDispatch' [] []
[2018-11-07 13:47:00] System.DEBUG: Hook definition parameters ["[object] (SlaxWeb\\Bootstrap\\Application: {})","[object] (SlaxWeb\\Router\\Route: {})"] []
[2018-11-07 13:47:01] System.INFO: Hooks component initialized [] []
[2018-11-07 13:47:01] System.DEBUG: Adding definition for hook 'coinritual.route.beforeDispatch' for the first time. [] []
[2018-11-07 13:47:01] System.INFO: Route Container initialized [] []
[2018-11-07 13:47:01] System.INFO: Route successfully added to Container {"uri":"~^language$~"} []
[2018-11-07 13:47:01] System.INFO: Route successfully added to Container {"uri":"~^[:params:]?/?oathmaster/?[:named:]?$|^[:params:]?/?observer/?[:named:]?$~"} []
[2018-11-07 13:47:01] System.INFO: Route successfully added to Container {"uri":"~^[:params:]?/?rules/?$~"} []
[2018-11-07 13:47:01] System.INFO: Route successfully added to Container {"uri":"~^[:params:]?/?bloodnamed/?$~"} []
[2018-11-07 13:47:01] System.INFO: Route successfully added to Container {"uri":"~^coinMachine/getResult/?$~"} []
[2018-11-07 13:47:01] System.INFO: Route successfully added to Container {"uri":"~^[:params:]?/?tables/?$~"} []
[2018-11-07 13:47:01] System.INFO: Route successfully added to Container {"uri":"~^fight/save/?$~"} []
[2018-11-07 13:47:01] System.INFO: Route successfully added to Container {"uri":"~^[:params:]?/?$|^[:params:]?/?fame/?$~"} []
[2018-11-07 13:47:01] System.INFO: Shutdown and error handlers have been registered [] []
[2018-11-07 13:47:01] System.INFO: Output manager initialized [] []
[2018-11-07 13:47:01] System.INFO: Application initialized [] []
[2018-11-07 13:47:01] System.DEBUG: No hook definitions found for 'application.init.after'. Available hook definitions [["coinritual.route.beforeDispatch"]] []
[2018-11-07 13:47:01] System.INFO: Beginning process for request. ["[object] (SlaxWeb\\Router\\Request: GET /language HTTP/1.0\r\nAccept:           */*\r\nAccept-Language:  en-US\r\nConnection:       close\r\nCookie:           PHPSESSID=7j0s0e53pjegh4flusisp57gpj;\r\nHost:             ipv4.tob.clanwolf.net\r\nUser-Agent:       Mozilla/5.0 (compatible; Baiduspider/2.0; +http://www.baidu.com/search/spider.html)\r\nX-Accel-Internal: /internal-nginx-static-location\r\nX-Forwarded-For:  180.76.15.34\r\nX-Real-Ip:        180.76.15.34\r\n\r\n)"] []
[2018-11-07 13:47:01] System.DEBUG: No hook definitions found for 'application.dispatch.before'. Available hook definitions [["coinritual.route.beforeDispatch"]] []
[2018-11-07 13:47:01] System.INFO: Router Dispatcher initialized [] []
[2018-11-07 13:47:01] System.INFO: Trying to find match for (GET) 'language' [] []
[2018-11-07 13:47:01] System.INFO: Route match found [] []
[2018-11-07 13:47:01] System.DEBUG: No hook definitions found for 'router.dispatcher.beforeDispatch'. Available hook definitions [["coinritual.route.beforeDispatch"]] []
[2018-11-07 13:47:01] System.INFO: Executing route definition {"name":"~^language$~","action":"[object] (Closure: {})"} []
[2018-11-07 13:47:01] System.DEBUG: No hook definitions found for 'model.translation.before.init'. Available hook definitions [["coinritual.route.beforeDispatch"]] []
[2018-11-07 13:47:01] System.DEBUG: No hook definitions found for 'model.translation.after.init'. Available hook definitions [["coinritual.route.beforeDispatch"]] []
[2018-11-07 13:47:01] System.DEBUG: No hook definitions found for 'model.translation.before.select'. Available hook definitions [["coinritual.route.beforeDispatch"]] []
[2018-11-07 13:47:01] System.DEBUG: No hook definitions found for 'model.translation.after.select'. Available hook definitions [["coinritual.route.beforeDispatch"]] []
[2018-11-07 13:47:01] System.DEBUG: No hook definitions found for 'router.dispatcher.afterDispatch'. Available hook definitions [["coinritual.route.beforeDispatch"]] []
[2018-11-07 13:47:01] System.INFO: Request has finished processing, Response is ready to be sent to caller. [] []
[2018-11-07 13:47:01] System.DEBUG: No hook definitions found for 'application.dispatch.after'. Available hook definitions [["coinritual.route.beforeDispatch"]] []
[2018-11-07 13:47:01] System.DEBUG: Time taken to finish Request processing {"start":1541598421.842838,"end":1541598421.864244,"elapsed":0.021405935287475586,"uri":"/language"} []
[2018-11-07 14:26:48] System.INFO: Hooks component initialized [] []
[2018-11-07 14:26:48] System.DEBUG: Adding definition for hook 'coinritual.route.beforeDispatch' for the first time. [] []
[2018-11-07 14:26:48] System.INFO: Route Container initialized [] []
[2018-11-07 14:26:48] System.INFO: Route successfully added to Container {"uri":"~^language$~"} []
[2018-11-07 14:26:48] System.INFO: Route successfully added to Container {"uri":"~^[:params:]?/?oathmaster/?[:named:]?$|^[:params:]?/?observer/?[:named:]?$~"} []
[2018-11-07 14:26:48] System.INFO: Route successfully added to Container {"uri":"~^[:params:]?/?rules/?$~"} []
[2018-11-07 14:26:48] System.INFO: Route successfully added to Container {"uri":"~^[:params:]?/?bloodnamed/?$~"} []
[2018-11-07 14:26:48] System.INFO: Route successfully added to Container {"uri":"~^coinMachine/getResult/?$~"} []
[2018-11-07 14:26:48] System.INFO: Route successfully added to Container {"uri":"~^[:params:]?/?tables/?$~"} []
[2018-11-07 14:26:48] System.INFO: Route successfully added to Container {"uri":"~^fight/save/?$~"} []
[2018-11-07 14:26:48] System.INFO: Route successfully added to Container {"uri":"~^[:params:]?/?$|^[:params:]?/?fame/?$~"} []
[2018-11-07 14:26:48] System.INFO: Shutdown and error handlers have been registered [] []
[2018-11-07 14:26:48] System.INFO: Output manager initialized [] []
[2018-11-07 14:26:48] System.INFO: Application initialized [] []
[2018-11-07 14:26:48] System.DEBUG: No hook definitions found for 'application.init.after'. Available hook definitions [["coinritual.route.beforeDispatch"]] []
[2018-11-07 14:26:48] System.INFO: Beginning process for request. ["[object] (SlaxWeb\\Router\\Request: GET / HTTP/1.0\r\nAccept:                    text/html,application/xhtml+xml,application/xml;q=0.9,*/*;q=0.8\r\nAccept-Encoding:           gzip, deflate, br\r\nAccept-Language:           de,en-US;q=0.7,en;q=0.3\r\nConnection:                close\r\nHost:                      tob.clanwolf.net\r\nReferer:                   https://www.clanwolf.net/\r\nUpgrade-Insecure-Requests: 1\r\nUser-Agent:                Mozilla/5.0 (Windows NT 6.1; Win64; x64; rv:63.0) Gecko/20100101 Firefox/63.0\r\nX-Accel-Internal:          /internal-nginx-static-location\r\nX-Forwarded-For:           80.253.213.9\r\nX-Real-Ip:                 80.253.213.9\r\n\r\n)"] []
[2018-11-07 14:26:48] System.DEBUG: No hook definitions found for 'application.dispatch.before'. Available hook definitions [["coinritual.route.beforeDispatch"]] []
[2018-11-07 14:26:48] System.INFO: Router Dispatcher initialized [] []
[2018-11-07 14:26:48] System.INFO: Trying to find match for (GET) '' [] []
[2018-11-07 14:26:48] System.INFO: Route match found [] []
[2018-11-07 14:26:48] System.INFO: Calling definition for hook 'coinritual.route.beforeDispatch' [] []
[2018-11-07 14:26:48] System.DEBUG: Hook definition parameters ["[object] (SlaxWeb\\Bootstrap\\Application: {})","[object] (SlaxWeb\\Router\\Route: {})"] []
[2018-11-07 14:26:48] System.INFO: Hooks component initialized [] []
[2018-11-07 14:26:48] System.DEBUG: Adding definition for hook 'coinritual.route.beforeDispatch' for the first time. [] []
[2018-11-07 14:26:48] System.INFO: Route Container initialized [] []
[2018-11-07 14:26:48] System.INFO: Route successfully added to Container {"uri":"~^language$~"} []
[2018-11-07 14:26:48] System.INFO: Route successfully added to Container {"uri":"~^[:params:]?/?oathmaster/?[:named:]?$|^[:params:]?/?observer/?[:named:]?$~"} []
[2018-11-07 14:26:48] System.INFO: Route successfully added to Container {"uri":"~^[:params:]?/?rules/?$~"} []
[2018-11-07 14:26:48] System.INFO: Route successfully added to Container {"uri":"~^[:params:]?/?bloodnamed/?$~"} []
[2018-11-07 14:26:48] System.INFO: Route successfully added to Container {"uri":"~^coinMachine/getResult/?$~"} []
[2018-11-07 14:26:48] System.INFO: Route successfully added to Container {"uri":"~^[:params:]?/?tables/?$~"} []
[2018-11-07 14:26:48] System.INFO: Route successfully added to Container {"uri":"~^fight/save/?$~"} []
[2018-11-07 14:26:48] System.INFO: Route successfully added to Container {"uri":"~^[:params:]?/?$|^[:params:]?/?fame/?$~"} []
[2018-11-07 14:26:48] System.INFO: Shutdown and error handlers have been registered [] []
[2018-11-07 14:26:48] System.INFO: Output manager initialized [] []
[2018-11-07 14:26:48] System.INFO: Application initialized [] []
[2018-11-07 14:26:48] System.DEBUG: No hook definitions found for 'application.init.after'. Available hook definitions [["coinritual.route.beforeDispatch"]] []
[2018-11-07 14:26:48] System.INFO: Beginning process for request. ["[object] (SlaxWeb\\Router\\Request: GET /language HTTP/1.0\r\nAccept:                    text/html,application/xhtml+xml,application/xml;q=0.9,*/*;q=0.8\r\nAccept-Encoding:           gzip, deflate, br\r\nAccept-Language:           de,en-US;q=0.7,en;q=0.3\r\nConnection:                close\r\nCookie:                    PHPSESSID=avmmlfused2c6dh777bab8ma0k\r\nHost:                      tob.clanwolf.net\r\nReferer:                   https://www.clanwolf.net/\r\nUpgrade-Insecure-Requests: 1\r\nUser-Agent:                Mozilla/5.0 (Windows NT 6.1; Win64; x64; rv:63.0) Gecko/20100101 Firefox/63.0\r\nX-Accel-Internal:          /internal-nginx-static-location\r\nX-Forwarded-For:           80.253.213.9\r\nX-Real-Ip:                 80.253.213.9\r\n\r\n)"] []
[2018-11-07 14:26:48] System.DEBUG: No hook definitions found for 'application.dispatch.before'. Available hook definitions [["coinritual.route.beforeDispatch"]] []
[2018-11-07 14:26:48] System.INFO: Router Dispatcher initialized [] []
[2018-11-07 14:26:48] System.INFO: Trying to find match for (GET) 'language' [] []
[2018-11-07 14:26:48] System.INFO: Route match found [] []
[2018-11-07 14:26:48] System.DEBUG: No hook definitions found for 'router.dispatcher.beforeDispatch'. Available hook definitions [["coinritual.route.beforeDispatch"]] []
[2018-11-07 14:26:48] System.INFO: Executing route definition {"name":"~^language$~","action":"[object] (Closure: {})"} []
[2018-11-07 14:26:48] System.DEBUG: No hook definitions found for 'model.translation.before.init'. Available hook definitions [["coinritual.route.beforeDispatch"]] []
[2018-11-07 14:26:48] System.DEBUG: No hook definitions found for 'model.translation.after.init'. Available hook definitions [["coinritual.route.beforeDispatch"]] []
[2018-11-07 14:26:48] System.DEBUG: No hook definitions found for 'model.translation.before.select'. Available hook definitions [["coinritual.route.beforeDispatch"]] []
[2018-11-07 14:26:48] System.DEBUG: No hook definitions found for 'model.translation.after.select'. Available hook definitions [["coinritual.route.beforeDispatch"]] []
[2018-11-07 14:26:48] System.DEBUG: No hook definitions found for 'router.dispatcher.afterDispatch'. Available hook definitions [["coinritual.route.beforeDispatch"]] []
[2018-11-07 14:26:48] System.INFO: Request has finished processing, Response is ready to be sent to caller. [] []
[2018-11-07 14:26:48] System.DEBUG: No hook definitions found for 'application.dispatch.after'. Available hook definitions [["coinritual.route.beforeDispatch"]] []
[2018-11-07 14:26:48] System.DEBUG: Time taken to finish Request processing {"start":1541600808.48917,"end":1541600808.509887,"elapsed":0.02071690559387207,"uri":"/language"} []
[2018-11-07 14:27:06] System.INFO: Hooks component initialized [] []
[2018-11-07 14:27:06] System.DEBUG: Adding definition for hook 'coinritual.route.beforeDispatch' for the first time. [] []
[2018-11-07 14:27:06] System.INFO: Route Container initialized [] []
[2018-11-07 14:27:06] System.INFO: Route successfully added to Container {"uri":"~^language$~"} []
[2018-11-07 14:27:06] System.INFO: Route successfully added to Container {"uri":"~^[:params:]?/?oathmaster/?[:named:]?$|^[:params:]?/?observer/?[:named:]?$~"} []
[2018-11-07 14:27:06] System.INFO: Route successfully added to Container {"uri":"~^[:params:]?/?rules/?$~"} []
[2018-11-07 14:27:06] System.INFO: Route successfully added to Container {"uri":"~^[:params:]?/?bloodnamed/?$~"} []
[2018-11-07 14:27:06] System.INFO: Route successfully added to Container {"uri":"~^coinMachine/getResult/?$~"} []
[2018-11-07 14:27:06] System.INFO: Route successfully added to Container {"uri":"~^[:params:]?/?tables/?$~"} []
[2018-11-07 14:27:06] System.INFO: Route successfully added to Container {"uri":"~^fight/save/?$~"} []
[2018-11-07 14:27:06] System.INFO: Route successfully added to Container {"uri":"~^[:params:]?/?$|^[:params:]?/?fame/?$~"} []
[2018-11-07 14:27:06] System.INFO: Shutdown and error handlers have been registered [] []
[2018-11-07 14:27:06] System.INFO: Output manager initialized [] []
[2018-11-07 14:27:06] System.INFO: Application initialized [] []
[2018-11-07 14:27:06] System.DEBUG: No hook definitions found for 'application.init.after'. Available hook definitions [["coinritual.route.beforeDispatch"]] []
[2018-11-07 14:27:06] System.INFO: Beginning process for request. ["[object] (SlaxWeb\\Router\\Request: GET /de HTTP/1.0\r\nAccept:                    text/html,application/xhtml+xml,application/xml;q=0.9,*/*;q=0.8\r\nAccept-Encoding:           gzip, deflate, br\r\nAccept-Language:           de,en-US;q=0.7,en;q=0.3\r\nConnection:                close\r\nCookie:                    PHPSESSID=avmmlfused2c6dh777bab8ma0k; tob_sound=on\r\nHost:                      tob.clanwolf.net\r\nReferer:                   https://tob.clanwolf.net/language\r\nUpgrade-Insecure-Requests: 1\r\nUser-Agent:                Mozilla/5.0 (Windows NT 6.1; Win64; x64; rv:63.0) Gecko/20100101 Firefox/63.0\r\nX-Accel-Internal:          /internal-nginx-static-location\r\nX-Forwarded-For:           80.253.213.9\r\nX-Real-Ip:                 80.253.213.9\r\n\r\n)"] []
[2018-11-07 14:27:06] System.DEBUG: No hook definitions found for 'application.dispatch.before'. Available hook definitions [["coinritual.route.beforeDispatch"]] []
[2018-11-07 14:27:06] System.INFO: Router Dispatcher initialized [] []
[2018-11-07 14:27:06] System.INFO: Trying to find match for (GET) 'de' [] []
[2018-11-07 14:27:06] System.INFO: Route match found [] []
[2018-11-07 14:27:06] System.INFO: Calling definition for hook 'coinritual.route.beforeDispatch' [] []
[2018-11-07 14:27:06] System.DEBUG: Hook definition parameters ["[object] (SlaxWeb\\Bootstrap\\Application: {})","[object] (SlaxWeb\\Router\\Route: {})"] []
[2018-11-07 14:27:06] System.INFO: Executing route definition {"name":"~^[:params:]?/?$|^[:params:]?/?fame/?$~","action":"[object] (Closure: {})"} []
[2018-11-07 14:27:06] System.DEBUG: No hook definitions found for 'model.translation.before.init'. Available hook definitions [["coinritual.route.beforeDispatch"]] []
[2018-11-07 14:27:06] System.DEBUG: No hook definitions found for 'model.translation.after.init'. Available hook definitions [["coinritual.route.beforeDispatch"]] []
[2018-11-07 14:27:06] System.DEBUG: No hook definitions found for 'model.translation.before.select'. Available hook definitions [["coinritual.route.beforeDispatch"]] []
[2018-11-07 14:27:06] System.DEBUG: No hook definitions found for 'model.translation.after.select'. Available hook definitions [["coinritual.route.beforeDispatch"]] []
[2018-11-07 14:27:06] System.DEBUG: No hook definitions found for 'model.tournament.before.init'. Available hook definitions [["coinritual.route.beforeDispatch"]] []
[2018-11-07 14:27:06] System.DEBUG: No hook definitions found for 'model.tournament.after.init'. Available hook definitions [["coinritual.route.beforeDispatch"]] []
[2018-11-07 14:27:06] System.DEBUG: No hook definitions found for 'model.tournament.before.select'. Available hook definitions [["coinritual.route.beforeDispatch"]] []
[2018-11-07 14:27:06] System.DEBUG: No hook definitions found for 'model.tournament.after.select'. Available hook definitions [["coinritual.route.beforeDispatch"]] []
[2018-11-07 14:27:06] System.DEBUG: No hook definitions found for 'router.dispatcher.afterDispatch'. Available hook definitions [["coinritual.route.beforeDispatch"]] []
[2018-11-07 14:27:06] System.INFO: Request has finished processing, Response is ready to be sent to caller. [] []
[2018-11-07 14:27:06] System.DEBUG: No hook definitions found for 'application.dispatch.after'. Available hook definitions [["coinritual.route.beforeDispatch"]] []
[2018-11-07 14:27:06] System.DEBUG: Time taken to finish Request processing {"start":1541600826.18355,"end":1541600826.226819,"elapsed":0.04326915740966797,"uri":"/de"} []
[2018-11-07 15:54:23] System.INFO: Hooks component initialized [] []
[2018-11-07 15:54:23] System.DEBUG: Adding definition for hook 'coinritual.route.beforeDispatch' for the first time. [] []
[2018-11-07 15:54:23] System.INFO: Route Container initialized [] []
[2018-11-07 15:54:23] System.INFO: Route successfully added to Container {"uri":"~^language$~"} []
[2018-11-07 15:54:23] System.INFO: Route successfully added to Container {"uri":"~^[:params:]?/?oathmaster/?[:named:]?$|^[:params:]?/?observer/?[:named:]?$~"} []
[2018-11-07 15:54:23] System.INFO: Route successfully added to Container {"uri":"~^[:params:]?/?rules/?$~"} []
[2018-11-07 15:54:23] System.INFO: Route successfully added to Container {"uri":"~^[:params:]?/?bloodnamed/?$~"} []
[2018-11-07 15:54:23] System.INFO: Route successfully added to Container {"uri":"~^coinMachine/getResult/?$~"} []
[2018-11-07 15:54:23] System.INFO: Route successfully added to Container {"uri":"~^[:params:]?/?tables/?$~"} []
[2018-11-07 15:54:23] System.INFO: Route successfully added to Container {"uri":"~^fight/save/?$~"} []
[2018-11-07 15:54:23] System.INFO: Route successfully added to Container {"uri":"~^[:params:]?/?$|^[:params:]?/?fame/?$~"} []
[2018-11-07 15:54:23] System.INFO: Shutdown and error handlers have been registered [] []
[2018-11-07 15:54:23] System.INFO: Output manager initialized [] []
[2018-11-07 15:54:23] System.INFO: Application initialized [] []
[2018-11-07 15:54:23] System.DEBUG: No hook definitions found for 'application.init.after'. Available hook definitions [["coinritual.route.beforeDispatch"]] []
[2018-11-07 15:54:23] System.INFO: Beginning process for request. ["[object] (SlaxWeb\\Router\\Request: GET / HTTP/1.0\r\nAccept:           */*\r\nAccept-Encoding:  gzip, deflate\r\nCache-Control:    no-cache\r\nConnection:       close\r\nFrom:             bingbot(at)microsoft.com\r\nHost:             tob.clanwolf.net\r\nPragma:           no-cache\r\nUser-Agent:       Mozilla/5.0 (compatible; bingbot/2.0; +http://www.bing.com/bingbot.htm)\r\nX-Accel-Internal: /internal-nginx-static-location\r\nX-Forwarded-For:  40.77.167.102\r\nX-Real-Ip:        40.77.167.102\r\n\r\n)"] []
[2018-11-07 15:54:23] System.DEBUG: No hook definitions found for 'application.dispatch.before'. Available hook definitions [["coinritual.route.beforeDispatch"]] []
[2018-11-07 15:54:23] System.INFO: Router Dispatcher initialized [] []
[2018-11-07 15:54:23] System.INFO: Trying to find match for (GET) '' [] []
[2018-11-07 15:54:23] System.INFO: Route match found [] []
[2018-11-07 15:54:23] System.INFO: Calling definition for hook 'coinritual.route.beforeDispatch' [] []
[2018-11-07 15:54:23] System.DEBUG: Hook definition parameters ["[object] (SlaxWeb\\Bootstrap\\Application: {})","[object] (SlaxWeb\\Router\\Route: {})"] []
[2018-11-07 17:03:45] System.INFO: Hooks component initialized [] []
[2018-11-07 17:03:45] System.DEBUG: Adding definition for hook 'coinritual.route.beforeDispatch' for the first time. [] []
[2018-11-07 17:03:45] System.INFO: Route Container initialized [] []
[2018-11-07 17:03:45] System.INFO: Route successfully added to Container {"uri":"~^language$~"} []
[2018-11-07 17:03:45] System.INFO: Route successfully added to Container {"uri":"~^[:params:]?/?oathmaster/?[:named:]?$|^[:params:]?/?observer/?[:named:]?$~"} []
[2018-11-07 17:03:45] System.INFO: Route successfully added to Container {"uri":"~^[:params:]?/?rules/?$~"} []
[2018-11-07 17:03:45] System.INFO: Route successfully added to Container {"uri":"~^[:params:]?/?bloodnamed/?$~"} []
[2018-11-07 17:03:45] System.INFO: Route successfully added to Container {"uri":"~^coinMachine/getResult/?$~"} []
[2018-11-07 17:03:45] System.INFO: Route successfully added to Container {"uri":"~^[:params:]?/?tables/?$~"} []
[2018-11-07 17:03:45] System.INFO: Route successfully added to Container {"uri":"~^fight/save/?$~"} []
[2018-11-07 17:03:45] System.INFO: Route successfully added to Container {"uri":"~^[:params:]?/?$|^[:params:]?/?fame/?$~"} []
[2018-11-07 17:03:45] System.INFO: Shutdown and error handlers have been registered [] []
[2018-11-07 17:03:45] System.INFO: Output manager initialized [] []
[2018-11-07 17:03:45] System.INFO: Application initialized [] []
[2018-11-07 17:03:45] System.DEBUG: No hook definitions found for 'application.init.after'. Available hook definitions [["coinritual.route.beforeDispatch"]] []
[2018-11-07 17:03:45] System.INFO: Beginning process for request. ["[object] (SlaxWeb\\Router\\Request: GET / HTTP/1.0\r\nAccept:           text/html,application/xhtml+xml,application/xml;q=0.9,*/*;q=0.8\r\nAccept-Encoding:  gzip,deflate,br\r\nConnection:       close\r\nFrom:             googlebot(at)googlebot.com\r\nHost:             tob.clanwolf.net\r\nUser-Agent:       Mozilla/5.0 (Linux; Android 6.0.1; Nexus 5X Build/MMB29P) AppleWebKit/537.36 (KHTML, like Gecko) Chrome/41.0.2272.96 Mobile Safari/537.36 (compatible; Googlebot/2.1; +http://www.google.com/bot.html)\r\nX-Accel-Internal: /internal-nginx-static-location\r\nX-Forwarded-For:  66.249.66.92\r\nX-Real-Ip:        66.249.66.92\r\n\r\n)"] []
[2018-11-07 17:03:45] System.DEBUG: No hook definitions found for 'application.dispatch.before'. Available hook definitions [["coinritual.route.beforeDispatch"]] []
[2018-11-07 17:03:45] System.INFO: Router Dispatcher initialized [] []
[2018-11-07 17:03:45] System.INFO: Trying to find match for (GET) '' [] []
[2018-11-07 17:03:45] System.INFO: Route match found [] []
[2018-11-07 17:03:45] System.INFO: Calling definition for hook 'coinritual.route.beforeDispatch' [] []
[2018-11-07 17:03:45] System.DEBUG: Hook definition parameters ["[object] (SlaxWeb\\Bootstrap\\Application: {})","[object] (SlaxWeb\\Router\\Route: {})"] []
[2018-11-07 17:03:46] System.INFO: Hooks component initialized [] []
[2018-11-07 17:03:46] System.DEBUG: Adding definition for hook 'coinritual.route.beforeDispatch' for the first time. [] []
[2018-11-07 17:03:46] System.INFO: Route Container initialized [] []
[2018-11-07 17:03:46] System.INFO: Route successfully added to Container {"uri":"~^language$~"} []
[2018-11-07 17:03:46] System.INFO: Route successfully added to Container {"uri":"~^[:params:]?/?oathmaster/?[:named:]?$|^[:params:]?/?observer/?[:named:]?$~"} []
[2018-11-07 17:03:46] System.INFO: Route successfully added to Container {"uri":"~^[:params:]?/?rules/?$~"} []
[2018-11-07 17:03:46] System.INFO: Route successfully added to Container {"uri":"~^[:params:]?/?bloodnamed/?$~"} []
[2018-11-07 17:03:46] System.INFO: Route successfully added to Container {"uri":"~^coinMachine/getResult/?$~"} []
[2018-11-07 17:03:46] System.INFO: Route successfully added to Container {"uri":"~^[:params:]?/?tables/?$~"} []
[2018-11-07 17:03:46] System.INFO: Route successfully added to Container {"uri":"~^fight/save/?$~"} []
[2018-11-07 17:03:46] System.INFO: Route successfully added to Container {"uri":"~^[:params:]?/?$|^[:params:]?/?fame/?$~"} []
[2018-11-07 17:03:46] System.INFO: Shutdown and error handlers have been registered [] []
[2018-11-07 17:03:46] System.INFO: Output manager initialized [] []
[2018-11-07 17:03:46] System.INFO: Application initialized [] []
[2018-11-07 17:03:46] System.DEBUG: No hook definitions found for 'application.init.after'. Available hook definitions [["coinritual.route.beforeDispatch"]] []
[2018-11-07 17:03:46] System.INFO: Beginning process for request. ["[object] (SlaxWeb\\Router\\Request: GET /language HTTP/1.0\r\nAccept:           text/html,application/xhtml+xml,application/xml;q=0.9,*/*;q=0.8\r\nAccept-Encoding:  gzip,deflate,br\r\nConnection:       close\r\nCookie:           PHPSESSID=oukdg4f09l87o29gcsk8to5m8n\r\nFrom:             googlebot(at)googlebot.com\r\nHost:             tob.clanwolf.net\r\nUser-Agent:       Mozilla/5.0 (Linux; Android 6.0.1; Nexus 5X Build/MMB29P) AppleWebKit/537.36 (KHTML, like Gecko) Chrome/41.0.2272.96 Mobile Safari/537.36 (compatible; Googlebot/2.1; +http://www.google.com/bot.html)\r\nX-Accel-Internal: /internal-nginx-static-location\r\nX-Forwarded-For:  66.249.66.94\r\nX-Real-Ip:        66.249.66.94\r\n\r\n)"] []
[2018-11-07 17:03:46] System.DEBUG: No hook definitions found for 'application.dispatch.before'. Available hook definitions [["coinritual.route.beforeDispatch"]] []
[2018-11-07 17:03:46] System.INFO: Router Dispatcher initialized [] []
[2018-11-07 17:03:46] System.INFO: Trying to find match for (GET) 'language' [] []
[2018-11-07 17:03:46] System.INFO: Route match found [] []
[2018-11-07 17:03:46] System.DEBUG: No hook definitions found for 'router.dispatcher.beforeDispatch'. Available hook definitions [["coinritual.route.beforeDispatch"]] []
[2018-11-07 17:03:46] System.INFO: Executing route definition {"name":"~^language$~","action":"[object] (Closure: {})"} []
[2018-11-07 17:03:46] System.DEBUG: No hook definitions found for 'model.translation.before.init'. Available hook definitions [["coinritual.route.beforeDispatch"]] []
[2018-11-07 17:03:46] System.DEBUG: No hook definitions found for 'model.translation.after.init'. Available hook definitions [["coinritual.route.beforeDispatch"]] []
[2018-11-07 17:03:46] System.DEBUG: No hook definitions found for 'model.translation.before.select'. Available hook definitions [["coinritual.route.beforeDispatch"]] []
[2018-11-07 17:03:46] System.DEBUG: No hook definitions found for 'model.translation.after.select'. Available hook definitions [["coinritual.route.beforeDispatch"]] []
[2018-11-07 17:03:46] System.DEBUG: No hook definitions found for 'router.dispatcher.afterDispatch'. Available hook definitions [["coinritual.route.beforeDispatch"]] []
[2018-11-07 17:03:46] System.INFO: Request has finished processing, Response is ready to be sent to caller. [] []
[2018-11-07 17:03:46] System.DEBUG: No hook definitions found for 'application.dispatch.after'. Available hook definitions [["coinritual.route.beforeDispatch"]] []
[2018-11-07 17:03:46] System.DEBUG: Time taken to finish Request processing {"start":1541610226.574923,"end":1541610226.593811,"elapsed":0.018887996673583984,"uri":"/language"} []
[2018-11-07 22:16:34] System.INFO: Hooks component initialized [] []
[2018-11-07 22:16:34] System.DEBUG: Adding definition for hook 'coinritual.route.beforeDispatch' for the first time. [] []
[2018-11-07 22:16:34] System.INFO: Route Container initialized [] []
[2018-11-07 22:16:34] System.INFO: Route successfully added to Container {"uri":"~^language$~"} []
[2018-11-07 22:16:34] System.INFO: Route successfully added to Container {"uri":"~^[:params:]?/?oathmaster/?[:named:]?$|^[:params:]?/?observer/?[:named:]?$~"} []
[2018-11-07 22:16:34] System.INFO: Route successfully added to Container {"uri":"~^[:params:]?/?rules/?$~"} []
[2018-11-07 22:16:34] System.INFO: Route successfully added to Container {"uri":"~^[:params:]?/?bloodnamed/?$~"} []
[2018-11-07 22:16:34] System.INFO: Route successfully added to Container {"uri":"~^coinMachine/getResult/?$~"} []
[2018-11-07 22:16:34] System.INFO: Route successfully added to Container {"uri":"~^[:params:]?/?tables/?$~"} []
[2018-11-07 22:16:34] System.INFO: Route successfully added to Container {"uri":"~^fight/save/?$~"} []
[2018-11-07 22:16:34] System.INFO: Route successfully added to Container {"uri":"~^[:params:]?/?$|^[:params:]?/?fame/?$~"} []
[2018-11-07 22:16:34] System.INFO: Shutdown and error handlers have been registered [] []
[2018-11-07 22:16:34] System.INFO: Output manager initialized [] []
[2018-11-07 22:16:34] System.INFO: Application initialized [] []
[2018-11-07 22:16:34] System.DEBUG: No hook definitions found for 'application.init.after'. Available hook definitions [["coinritual.route.beforeDispatch"]] []
[2018-11-07 22:16:34] System.INFO: Beginning process for request. ["[object] (SlaxWeb\\Router\\Request: GET / HTTP/1.0\r\nConnection:       close\r\nHost:             tob.clanwolf.net\r\nUser-Agent:       Mozilla/5.0 (compatible; NetcraftSurveyAgent/1.0; +info@netcraft.com)\r\nX-Accel-Internal: /internal-nginx-static-location\r\nX-Forwarded-For:  68.183.48.216\r\nX-Real-Ip:        68.183.48.216\r\n\r\n)"] []
[2018-11-07 22:16:34] System.DEBUG: No hook definitions found for 'application.dispatch.before'. Available hook definitions [["coinritual.route.beforeDispatch"]] []
[2018-11-07 22:16:34] System.INFO: Router Dispatcher initialized [] []
[2018-11-07 22:16:34] System.INFO: Trying to find match for (GET) '' [] []
[2018-11-07 22:16:34] System.INFO: Route match found [] []
[2018-11-07 22:16:34] System.INFO: Calling definition for hook 'coinritual.route.beforeDispatch' [] []
[2018-11-07 22:16:34] System.DEBUG: Hook definition parameters ["[object] (SlaxWeb\\Bootstrap\\Application: {})","[object] (SlaxWeb\\Router\\Route: {})"] []
