[2018-11-13 05:47:02] System.INFO: Hooks component initialized [] []
[2018-11-13 05:47:02] System.DEBUG: Adding definition for hook 'coinritual.route.beforeDispatch' for the first time. [] []
[2018-11-13 05:47:02] System.INFO: Route Container initialized [] []
[2018-11-13 05:47:02] System.INFO: Route successfully added to Container {"uri":"~^language$~"} []
[2018-11-13 05:47:02] System.INFO: Route successfully added to Container {"uri":"~^[:params:]?/?oathmaster/?[:named:]?$|^[:params:]?/?observer/?[:named:]?$~"} []
[2018-11-13 05:47:02] System.INFO: Route successfully added to Container {"uri":"~^[:params:]?/?rules/?$~"} []
[2018-11-13 05:47:02] System.INFO: Route successfully added to Container {"uri":"~^[:params:]?/?bloodnamed/?$~"} []
[2018-11-13 05:47:02] System.INFO: Route successfully added to Container {"uri":"~^coinMachine/getResult/?$~"} []
[2018-11-13 05:47:02] System.INFO: Route successfully added to Container {"uri":"~^[:params:]?/?tables/?$~"} []
[2018-11-13 05:47:02] System.INFO: Route successfully added to Container {"uri":"~^fight/save/?$~"} []
[2018-11-13 05:47:02] System.INFO: Route successfully added to Container {"uri":"~^[:params:]?/?$|^[:params:]?/?fame/?$~"} []
[2018-11-13 05:47:02] System.INFO: Shutdown and error handlers have been registered [] []
[2018-11-13 05:47:02] System.INFO: Output manager initialized [] []
[2018-11-13 05:47:02] System.INFO: Application initialized [] []
[2018-11-13 05:47:02] System.DEBUG: No hook definitions found for 'application.init.after'. Available hook definitions [["coinritual.route.beforeDispatch"]] []
[2018-11-13 05:47:02] System.INFO: Beginning process for request. ["[object] (SlaxWeb\\Router\\Request: GET / HTTP/1.0\r\nAccept:           */*\r\nAccept-Encoding:  gzip, deflate\r\nCache-Control:    no-cache\r\nConnection:       close\r\nFrom:             bingbot(at)microsoft.com\r\nHost:             tob.clanwolf.net\r\nPragma:           no-cache\r\nUser-Agent:       Mozilla/5.0 (compatible; bingbot/2.0; +http://www.bing.com/bingbot.htm)\r\nX-Accel-Internal: /internal-nginx-static-location\r\nX-Forwarded-For:  40.77.167.21\r\nX-Real-Ip:        40.77.167.21\r\n\r\n)"] []
[2018-11-13 05:47:02] System.DEBUG: No hook definitions found for 'application.dispatch.before'. Available hook definitions [["coinritual.route.beforeDispatch"]] []
[2018-11-13 05:47:02] System.INFO: Router Dispatcher initialized [] []
[2018-11-13 05:47:02] System.INFO: Trying to find match for (GET) '' [] []
[2018-11-13 05:47:02] System.INFO: Route match found [] []
[2018-11-13 05:47:02] System.INFO: Calling definition for hook 'coinritual.route.beforeDispatch' [] []
[2018-11-13 05:47:02] System.DEBUG: Hook definition parameters ["[object] (SlaxWeb\\Bootstrap\\Application: {})","[object] (SlaxWeb\\Router\\Route: {})"] []
[2018-11-13 07:52:39] System.INFO: Hooks component initialized [] []
[2018-11-13 07:52:39] System.DEBUG: Adding definition for hook 'coinritual.route.beforeDispatch' for the first time. [] []
[2018-11-13 07:52:39] System.INFO: Route Container initialized [] []
[2018-11-13 07:52:39] System.INFO: Route successfully added to Container {"uri":"~^language$~"} []
[2018-11-13 07:52:39] System.INFO: Route successfully added to Container {"uri":"~^[:params:]?/?oathmaster/?[:named:]?$|^[:params:]?/?observer/?[:named:]?$~"} []
[2018-11-13 07:52:39] System.INFO: Route successfully added to Container {"uri":"~^[:params:]?/?rules/?$~"} []
[2018-11-13 07:52:39] System.INFO: Route successfully added to Container {"uri":"~^[:params:]?/?bloodnamed/?$~"} []
[2018-11-13 07:52:39] System.INFO: Route successfully added to Container {"uri":"~^coinMachine/getResult/?$~"} []
[2018-11-13 07:52:39] System.INFO: Route successfully added to Container {"uri":"~^[:params:]?/?tables/?$~"} []
[2018-11-13 07:52:39] System.INFO: Route successfully added to Container {"uri":"~^fight/save/?$~"} []
[2018-11-13 07:52:39] System.INFO: Route successfully added to Container {"uri":"~^[:params:]?/?$|^[:params:]?/?fame/?$~"} []
[2018-11-13 07:52:39] System.INFO: Shutdown and error handlers have been registered [] []
[2018-11-13 07:52:39] System.INFO: Output manager initialized [] []
[2018-11-13 07:52:39] System.INFO: Application initialized [] []
[2018-11-13 07:52:39] System.DEBUG: No hook definitions found for 'application.init.after'. Available hook definitions [["coinritual.route.beforeDispatch"]] []
[2018-11-13 07:52:39] System.INFO: Beginning process for request. ["[object] (SlaxWeb\\Router\\Request: GET / HTTP/1.0\r\nAccept:                    text/html,application/xhtml+xml,application/xml;q=0.9,image/webp,image/apng,*/*;q=0.8\r\nAccept-Encoding:           gzip, deflate, br\r\nAccept-Language:           de-DE,de;q=0.9,en-US;q=0.8,en;q=0.7\r\nConnection:                close\r\nHost:                      tob.clanwolf.net\r\nReferer:                   https://www.clanwolf.net/viewpage.php?page_id=1\r\nUpgrade-Insecure-Requests: 1\r\nUser-Agent:                Mozilla/5.0 (Windows NT 10.0; Win64; x64) AppleWebKit/537.36 (KHTML, like Gecko) Chrome/70.0.3538.77 Safari/537.36\r\nX-Accel-Internal:          /internal-nginx-static-location\r\nX-Forwarded-For:           212.63.70.178\r\nX-Real-Ip:                 212.63.70.178\r\n\r\n)"] []
[2018-11-13 07:52:39] System.DEBUG: No hook definitions found for 'application.dispatch.before'. Available hook definitions [["coinritual.route.beforeDispatch"]] []
[2018-11-13 07:52:39] System.INFO: Router Dispatcher initialized [] []
[2018-11-13 07:52:39] System.INFO: Trying to find match for (GET) '' [] []
[2018-11-13 07:52:39] System.INFO: Route match found [] []
[2018-11-13 07:52:39] System.INFO: Calling definition for hook 'coinritual.route.beforeDispatch' [] []
[2018-11-13 07:52:39] System.DEBUG: Hook definition parameters ["[object] (SlaxWeb\\Bootstrap\\Application: {})","[object] (SlaxWeb\\Router\\Route: {})"] []
[2018-11-13 07:52:39] System.INFO: Hooks component initialized [] []
[2018-11-13 07:52:39] System.DEBUG: Adding definition for hook 'coinritual.route.beforeDispatch' for the first time. [] []
[2018-11-13 07:52:39] System.INFO: Route Container initialized [] []
[2018-11-13 07:52:39] System.INFO: Route successfully added to Container {"uri":"~^language$~"} []
[2018-11-13 07:52:39] System.INFO: Route successfully added to Container {"uri":"~^[:params:]?/?oathmaster/?[:named:]?$|^[:params:]?/?observer/?[:named:]?$~"} []
[2018-11-13 07:52:39] System.INFO: Route successfully added to Container {"uri":"~^[:params:]?/?rules/?$~"} []
[2018-11-13 07:52:39] System.INFO: Route successfully added to Container {"uri":"~^[:params:]?/?bloodnamed/?$~"} []
[2018-11-13 07:52:39] System.INFO: Route successfully added to Container {"uri":"~^coinMachine/getResult/?$~"} []
[2018-11-13 07:52:39] System.INFO: Route successfully added to Container {"uri":"~^[:params:]?/?tables/?$~"} []
[2018-11-13 07:52:39] System.INFO: Route successfully added to Container {"uri":"~^fight/save/?$~"} []
[2018-11-13 07:52:39] System.INFO: Route successfully added to Container {"uri":"~^[:params:]?/?$|^[:params:]?/?fame/?$~"} []
[2018-11-13 07:52:39] System.INFO: Shutdown and error handlers have been registered [] []
[2018-11-13 07:52:39] System.INFO: Output manager initialized [] []
[2018-11-13 07:52:39] System.INFO: Application initialized [] []
[2018-11-13 07:52:39] System.DEBUG: No hook definitions found for 'application.init.after'. Available hook definitions [["coinritual.route.beforeDispatch"]] []
[2018-11-13 07:52:39] System.INFO: Beginning process for request. ["[object] (SlaxWeb\\Router\\Request: GET /language HTTP/1.0\r\nAccept:                    text/html,application/xhtml+xml,application/xml;q=0.9,image/webp,image/apng,*/*;q=0.8\r\nAccept-Encoding:           gzip, deflate, br\r\nAccept-Language:           de-DE,de;q=0.9,en-US;q=0.8,en;q=0.7\r\nConnection:                close\r\nCookie:                    PHPSESSID=69musik6aooahppkvb9kro3umq\r\nHost:                      tob.clanwolf.net\r\nReferer:                   https://www.clanwolf.net/viewpage.php?page_id=1\r\nUpgrade-Insecure-Requests: 1\r\nUser-Agent:                Mozilla/5.0 (Windows NT 10.0; Win64; x64) AppleWebKit/537.36 (KHTML, like Gecko) Chrome/70.0.3538.77 Safari/537.36\r\nX-Accel-Internal:          /internal-nginx-static-location\r\nX-Forwarded-For:           212.63.70.178\r\nX-Real-Ip:                 212.63.70.178\r\n\r\n)"] []
[2018-11-13 07:52:39] System.DEBUG: No hook definitions found for 'application.dispatch.before'. Available hook definitions [["coinritual.route.beforeDispatch"]] []
[2018-11-13 07:52:39] System.INFO: Router Dispatcher initialized [] []
[2018-11-13 07:52:39] System.INFO: Trying to find match for (GET) 'language' [] []
[2018-11-13 07:52:39] System.INFO: Route match found [] []
[2018-11-13 07:52:39] System.DEBUG: No hook definitions found for 'router.dispatcher.beforeDispatch'. Available hook definitions [["coinritual.route.beforeDispatch"]] []
[2018-11-13 07:52:39] System.INFO: Executing route definition {"name":"~^language$~","action":"[object] (Closure: {})"} []
[2018-11-13 07:52:39] System.DEBUG: No hook definitions found for 'model.translation.before.init'. Available hook definitions [["coinritual.route.beforeDispatch"]] []
[2018-11-13 07:52:39] System.DEBUG: No hook definitions found for 'model.translation.after.init'. Available hook definitions [["coinritual.route.beforeDispatch"]] []
[2018-11-13 07:52:39] System.DEBUG: No hook definitions found for 'model.translation.before.select'. Available hook definitions [["coinritual.route.beforeDispatch"]] []
[2018-11-13 07:52:39] System.DEBUG: No hook definitions found for 'model.translation.after.select'. Available hook definitions [["coinritual.route.beforeDispatch"]] []
[2018-11-13 07:52:39] System.DEBUG: No hook definitions found for 'router.dispatcher.afterDispatch'. Available hook definitions [["coinritual.route.beforeDispatch"]] []
[2018-11-13 07:52:39] System.INFO: Request has finished processing, Response is ready to be sent to caller. [] []
[2018-11-13 07:52:39] System.DEBUG: No hook definitions found for 'application.dispatch.after'. Available hook definitions [["coinritual.route.beforeDispatch"]] []
[2018-11-13 07:52:39] System.DEBUG: Time taken to finish Request processing {"start":1542095559.669812,"end":1542095559.693137,"elapsed":0.023324966430664062,"uri":"/language"} []
[2018-11-13 07:53:04] System.INFO: Hooks component initialized [] []
[2018-11-13 07:53:04] System.DEBUG: Adding definition for hook 'coinritual.route.beforeDispatch' for the first time. [] []
[2018-11-13 07:53:04] System.INFO: Route Container initialized [] []
[2018-11-13 07:53:04] System.INFO: Route successfully added to Container {"uri":"~^language$~"} []
[2018-11-13 07:53:04] System.INFO: Route successfully added to Container {"uri":"~^[:params:]?/?oathmaster/?[:named:]?$|^[:params:]?/?observer/?[:named:]?$~"} []
[2018-11-13 07:53:04] System.INFO: Route successfully added to Container {"uri":"~^[:params:]?/?rules/?$~"} []
[2018-11-13 07:53:04] System.INFO: Route successfully added to Container {"uri":"~^[:params:]?/?bloodnamed/?$~"} []
[2018-11-13 07:53:04] System.INFO: Route successfully added to Container {"uri":"~^coinMachine/getResult/?$~"} []
[2018-11-13 07:53:04] System.INFO: Route successfully added to Container {"uri":"~^[:params:]?/?tables/?$~"} []
[2018-11-13 07:53:04] System.INFO: Route successfully added to Container {"uri":"~^fight/save/?$~"} []
[2018-11-13 07:53:04] System.INFO: Route successfully added to Container {"uri":"~^[:params:]?/?$|^[:params:]?/?fame/?$~"} []
[2018-11-13 07:53:04] System.INFO: Shutdown and error handlers have been registered [] []
[2018-11-13 07:53:04] System.INFO: Output manager initialized [] []
[2018-11-13 07:53:04] System.INFO: Application initialized [] []
[2018-11-13 07:53:04] System.DEBUG: No hook definitions found for 'application.init.after'. Available hook definitions [["coinritual.route.beforeDispatch"]] []
[2018-11-13 07:53:04] System.INFO: Beginning process for request. ["[object] (SlaxWeb\\Router\\Request: GET /de HTTP/1.0\r\nAccept:                    text/html,application/xhtml+xml,application/xml;q=0.9,image/webp,image/apng,*/*;q=0.8\r\nAccept-Encoding:           gzip, deflate, br\r\nAccept-Language:           de-DE,de;q=0.9,en-US;q=0.8,en;q=0.7\r\nConnection:                close\r\nCookie:                    PHPSESSID=69musik6aooahppkvb9kro3umq; tob_sound=off\r\nHost:                      tob.clanwolf.net\r\nReferer:                   https://tob.clanwolf.net/language\r\nUpgrade-Insecure-Requests: 1\r\nUser-Agent:                Mozilla/5.0 (Windows NT 10.0; Win64; x64) AppleWebKit/537.36 (KHTML, like Gecko) Chrome/70.0.3538.77 Safari/537.36\r\nX-Accel-Internal:          /internal-nginx-static-location\r\nX-Forwarded-For:           212.63.70.178\r\nX-Real-Ip:                 212.63.70.178\r\n\r\n)"] []
[2018-11-13 07:53:04] System.DEBUG: No hook definitions found for 'application.dispatch.before'. Available hook definitions [["coinritual.route.beforeDispatch"]] []
[2018-11-13 07:53:04] System.INFO: Router Dispatcher initialized [] []
[2018-11-13 07:53:04] System.INFO: Trying to find match for (GET) 'de' [] []
[2018-11-13 07:53:04] System.INFO: Route match found [] []
[2018-11-13 07:53:04] System.INFO: Calling definition for hook 'coinritual.route.beforeDispatch' [] []
[2018-11-13 07:53:04] System.DEBUG: Hook definition parameters ["[object] (SlaxWeb\\Bootstrap\\Application: {})","[object] (SlaxWeb\\Router\\Route: {})"] []
[2018-11-13 07:53:04] System.INFO: Executing route definition {"name":"~^[:params:]?/?$|^[:params:]?/?fame/?$~","action":"[object] (Closure: {})"} []
[2018-11-13 07:53:04] System.DEBUG: No hook definitions found for 'model.translation.before.init'. Available hook definitions [["coinritual.route.beforeDispatch"]] []
[2018-11-13 07:53:04] System.DEBUG: No hook definitions found for 'model.translation.after.init'. Available hook definitions [["coinritual.route.beforeDispatch"]] []
[2018-11-13 07:53:04] System.DEBUG: No hook definitions found for 'model.translation.before.select'. Available hook definitions [["coinritual.route.beforeDispatch"]] []
[2018-11-13 07:53:04] System.DEBUG: No hook definitions found for 'model.translation.after.select'. Available hook definitions [["coinritual.route.beforeDispatch"]] []
[2018-11-13 07:53:04] System.DEBUG: No hook definitions found for 'model.tournament.before.init'. Available hook definitions [["coinritual.route.beforeDispatch"]] []
[2018-11-13 07:53:04] System.DEBUG: No hook definitions found for 'model.tournament.after.init'. Available hook definitions [["coinritual.route.beforeDispatch"]] []
[2018-11-13 07:53:04] System.DEBUG: No hook definitions found for 'model.tournament.before.select'. Available hook definitions [["coinritual.route.beforeDispatch"]] []
[2018-11-13 07:53:04] System.DEBUG: No hook definitions found for 'model.tournament.after.select'. Available hook definitions [["coinritual.route.beforeDispatch"]] []
[2018-11-13 07:53:04] System.DEBUG: No hook definitions found for 'router.dispatcher.afterDispatch'. Available hook definitions [["coinritual.route.beforeDispatch"]] []
[2018-11-13 07:53:04] System.INFO: Request has finished processing, Response is ready to be sent to caller. [] []
[2018-11-13 07:53:04] System.DEBUG: No hook definitions found for 'application.dispatch.after'. Available hook definitions [["coinritual.route.beforeDispatch"]] []
[2018-11-13 07:53:04] System.DEBUG: Time taken to finish Request processing {"start":1542095584.373177,"end":1542095584.388208,"elapsed":0.015030860900878906,"uri":"/de"} []
[2018-11-13 07:53:50] System.INFO: Hooks component initialized [] []
[2018-11-13 07:53:50] System.DEBUG: Adding definition for hook 'coinritual.route.beforeDispatch' for the first time. [] []
[2018-11-13 07:53:50] System.INFO: Route Container initialized [] []
[2018-11-13 07:53:50] System.INFO: Route successfully added to Container {"uri":"~^language$~"} []
[2018-11-13 07:53:50] System.INFO: Route successfully added to Container {"uri":"~^[:params:]?/?oathmaster/?[:named:]?$|^[:params:]?/?observer/?[:named:]?$~"} []
[2018-11-13 07:53:50] System.INFO: Route successfully added to Container {"uri":"~^[:params:]?/?rules/?$~"} []
[2018-11-13 07:53:50] System.INFO: Route successfully added to Container {"uri":"~^[:params:]?/?bloodnamed/?$~"} []
[2018-11-13 07:53:50] System.INFO: Route successfully added to Container {"uri":"~^coinMachine/getResult/?$~"} []
[2018-11-13 07:53:50] System.INFO: Route successfully added to Container {"uri":"~^[:params:]?/?tables/?$~"} []
[2018-11-13 07:53:50] System.INFO: Route successfully added to Container {"uri":"~^fight/save/?$~"} []
[2018-11-13 07:53:50] System.INFO: Route successfully added to Container {"uri":"~^[:params:]?/?$|^[:params:]?/?fame/?$~"} []
[2018-11-13 07:53:50] System.INFO: Shutdown and error handlers have been registered [] []
[2018-11-13 07:53:50] System.INFO: Output manager initialized [] []
[2018-11-13 07:53:50] System.INFO: Application initialized [] []
[2018-11-13 07:53:50] System.DEBUG: No hook definitions found for 'application.init.after'. Available hook definitions [["coinritual.route.beforeDispatch"]] []
[2018-11-13 07:53:50] System.INFO: Beginning process for request. ["[object] (SlaxWeb\\Router\\Request: GET /fame HTTP/1.0\r\nAccept:                    text/html,application/xhtml+xml,application/xml;q=0.9,image/webp,image/apng,*/*;q=0.8\r\nAccept-Encoding:           gzip, deflate, br\r\nAccept-Language:           de-DE,de;q=0.9,en-US;q=0.8,en;q=0.7\r\nConnection:                close\r\nCookie:                    PHPSESSID=69musik6aooahppkvb9kro3umq; tob_sound=off; language=de\r\nHost:                      tob.clanwolf.net\r\nReferer:                   https://tob.clanwolf.net/de\r\nUpgrade-Insecure-Requests: 1\r\nUser-Agent:                Mozilla/5.0 (Windows NT 10.0; Win64; x64) AppleWebKit/537.36 (KHTML, like Gecko) Chrome/70.0.3538.77 Safari/537.36\r\nX-Accel-Internal:          /internal-nginx-static-location\r\nX-Forwarded-For:           212.63.70.178\r\nX-Real-Ip:                 212.63.70.178\r\n\r\n)"] []
[2018-11-13 07:53:50] System.DEBUG: No hook definitions found for 'application.dispatch.before'. Available hook definitions [["coinritual.route.beforeDispatch"]] []
[2018-11-13 07:53:50] System.INFO: Router Dispatcher initialized [] []
[2018-11-13 07:53:50] System.INFO: Trying to find match for (GET) 'fame' [] []
[2018-11-13 07:53:50] System.INFO: Route match found [] []
[2018-11-13 07:53:50] System.INFO: Calling definition for hook 'coinritual.route.beforeDispatch' [] []
[2018-11-13 07:53:50] System.DEBUG: Hook definition parameters ["[object] (SlaxWeb\\Bootstrap\\Application: {})","[object] (SlaxWeb\\Router\\Route: {})"] []
[2018-11-13 07:53:50] System.INFO: Executing route definition {"name":"~^[:params:]?/?$|^[:params:]?/?fame/?$~","action":"[object] (Closure: {})"} []
[2018-11-13 07:53:50] System.DEBUG: No hook definitions found for 'model.translation.before.init'. Available hook definitions [["coinritual.route.beforeDispatch"]] []
[2018-11-13 07:53:50] System.DEBUG: No hook definitions found for 'model.translation.after.init'. Available hook definitions [["coinritual.route.beforeDispatch"]] []
[2018-11-13 07:53:50] System.DEBUG: No hook definitions found for 'model.translation.before.select'. Available hook definitions [["coinritual.route.beforeDispatch"]] []
[2018-11-13 07:53:50] System.DEBUG: No hook definitions found for 'model.translation.after.select'. Available hook definitions [["coinritual.route.beforeDispatch"]] []
[2018-11-13 07:53:50] System.DEBUG: No hook definitions found for 'model.tournament.before.init'. Available hook definitions [["coinritual.route.beforeDispatch"]] []
[2018-11-13 07:53:50] System.DEBUG: No hook definitions found for 'model.tournament.after.init'. Available hook definitions [["coinritual.route.beforeDispatch"]] []
[2018-11-13 07:53:50] System.DEBUG: No hook definitions found for 'model.tournament.before.select'. Available hook definitions [["coinritual.route.beforeDispatch"]] []
[2018-11-13 07:53:50] System.DEBUG: No hook definitions found for 'model.tournament.after.select'. Available hook definitions [["coinritual.route.beforeDispatch"]] []
[2018-11-13 07:53:50] System.DEBUG: No hook definitions found for 'router.dispatcher.afterDispatch'. Available hook definitions [["coinritual.route.beforeDispatch"]] []
[2018-11-13 07:53:50] System.INFO: Request has finished processing, Response is ready to be sent to caller. [] []
[2018-11-13 07:53:50] System.DEBUG: No hook definitions found for 'application.dispatch.after'. Available hook definitions [["coinritual.route.beforeDispatch"]] []
[2018-11-13 07:53:50] System.DEBUG: Time taken to finish Request processing {"start":1542095630.353212,"end":1542095630.39101,"elapsed":0.03779792785644531,"uri":"/fame"} []
[2018-11-13 07:53:51] System.INFO: Hooks component initialized [] []
[2018-11-13 07:53:51] System.DEBUG: Adding definition for hook 'coinritual.route.beforeDispatch' for the first time. [] []
[2018-11-13 07:53:51] System.INFO: Route Container initialized [] []
[2018-11-13 07:53:51] System.INFO: Route successfully added to Container {"uri":"~^language$~"} []
[2018-11-13 07:53:51] System.INFO: Route successfully added to Container {"uri":"~^[:params:]?/?oathmaster/?[:named:]?$|^[:params:]?/?observer/?[:named:]?$~"} []
[2018-11-13 07:53:51] System.INFO: Route successfully added to Container {"uri":"~^[:params:]?/?rules/?$~"} []
[2018-11-13 07:53:51] System.INFO: Route successfully added to Container {"uri":"~^[:params:]?/?bloodnamed/?$~"} []
[2018-11-13 07:53:51] System.INFO: Route successfully added to Container {"uri":"~^coinMachine/getResult/?$~"} []
[2018-11-13 07:53:51] System.INFO: Route successfully added to Container {"uri":"~^[:params:]?/?tables/?$~"} []
[2018-11-13 07:53:51] System.INFO: Route successfully added to Container {"uri":"~^fight/save/?$~"} []
[2018-11-13 07:53:51] System.INFO: Route successfully added to Container {"uri":"~^[:params:]?/?$|^[:params:]?/?fame/?$~"} []
[2018-11-13 07:53:51] System.INFO: Shutdown and error handlers have been registered [] []
[2018-11-13 07:53:51] System.INFO: Output manager initialized [] []
[2018-11-13 07:53:51] System.INFO: Application initialized [] []
[2018-11-13 07:53:51] System.DEBUG: No hook definitions found for 'application.init.after'. Available hook definitions [["coinritual.route.beforeDispatch"]] []
[2018-11-13 07:53:51] System.INFO: Beginning process for request. ["[object] (SlaxWeb\\Router\\Request: GET /tables HTTP/1.0\r\nAccept:                    text/html,application/xhtml+xml,application/xml;q=0.9,image/webp,image/apng,*/*;q=0.8\r\nAccept-Encoding:           gzip, deflate, br\r\nAccept-Language:           de-DE,de;q=0.9,en-US;q=0.8,en;q=0.7\r\nConnection:                close\r\nCookie:                    PHPSESSID=69musik6aooahppkvb9kro3umq; tob_sound=off; language=de\r\nHost:                      tob.clanwolf.net\r\nReferer:                   https://tob.clanwolf.net/fame\r\nUpgrade-Insecure-Requests: 1\r\nUser-Agent:                Mozilla/5.0 (Windows NT 10.0; Win64; x64) AppleWebKit/537.36 (KHTML, like Gecko) Chrome/70.0.3538.77 Safari/537.36\r\nX-Accel-Internal:          /internal-nginx-static-location\r\nX-Forwarded-For:           212.63.70.178\r\nX-Real-Ip:                 212.63.70.178\r\n\r\n)"] []
[2018-11-13 07:53:51] System.DEBUG: No hook definitions found for 'application.dispatch.before'. Available hook definitions [["coinritual.route.beforeDispatch"]] []
[2018-11-13 07:53:51] System.INFO: Router Dispatcher initialized [] []
[2018-11-13 07:53:51] System.INFO: Trying to find match for (GET) 'tables' [] []
[2018-11-13 07:53:51] System.INFO: Route match found [] []
[2018-11-13 07:53:51] System.INFO: Calling definition for hook 'coinritual.route.beforeDispatch' [] []
[2018-11-13 07:53:51] System.DEBUG: Hook definition parameters ["[object] (SlaxWeb\\Bootstrap\\Application: {})","[object] (SlaxWeb\\Router\\Route: {})"] []
[2018-11-13 07:53:51] System.INFO: Executing route definition {"name":"~^[:params:]?/?tables/?$~","action":"[object] (Closure: {})"} []
[2018-11-13 07:53:51] System.DEBUG: No hook definitions found for 'model.translation.before.init'. Available hook definitions [["coinritual.route.beforeDispatch"]] []
[2018-11-13 07:53:51] System.DEBUG: No hook definitions found for 'model.translation.after.init'. Available hook definitions [["coinritual.route.beforeDispatch"]] []
[2018-11-13 07:53:51] System.DEBUG: No hook definitions found for 'model.translation.before.select'. Available hook definitions [["coinritual.route.beforeDispatch"]] []
[2018-11-13 07:53:51] System.DEBUG: No hook definitions found for 'model.translation.after.select'. Available hook definitions [["coinritual.route.beforeDispatch"]] []
[2018-11-13 07:53:51] System.DEBUG: No hook definitions found for 'model.tournament.before.init'. Available hook definitions [["coinritual.route.beforeDispatch"]] []
[2018-11-13 07:53:51] System.DEBUG: No hook definitions found for 'model.tournament.after.init'. Available hook definitions [["coinritual.route.beforeDispatch"]] []
[2018-11-13 07:53:51] System.DEBUG: No hook definitions found for 'model.tournament.before.select'. Available hook definitions [["coinritual.route.beforeDispatch"]] []
[2018-11-13 07:53:51] System.DEBUG: No hook definitions found for 'model.tournament.after.select'. Available hook definitions [["coinritual.route.beforeDispatch"]] []
[2018-11-13 07:53:51] System.DEBUG: No hook definitions found for 'router.dispatcher.afterDispatch'. Available hook definitions [["coinritual.route.beforeDispatch"]] []
[2018-11-13 07:53:51] System.INFO: Request has finished processing, Response is ready to be sent to caller. [] []
[2018-11-13 07:53:51] System.DEBUG: No hook definitions found for 'application.dispatch.after'. Available hook definitions [["coinritual.route.beforeDispatch"]] []
[2018-11-13 07:53:51] System.DEBUG: Time taken to finish Request processing {"start":1542095631.733005,"end":1542095631.750266,"elapsed":0.017261028289794922,"uri":"/tables"} []
[2018-11-13 07:53:57] System.INFO: Hooks component initialized [] []
[2018-11-13 07:53:57] System.DEBUG: Adding definition for hook 'coinritual.route.beforeDispatch' for the first time. [] []
[2018-11-13 07:53:57] System.INFO: Route Container initialized [] []
[2018-11-13 07:53:57] System.INFO: Route successfully added to Container {"uri":"~^language$~"} []
[2018-11-13 07:53:57] System.INFO: Route successfully added to Container {"uri":"~^[:params:]?/?oathmaster/?[:named:]?$|^[:params:]?/?observer/?[:named:]?$~"} []
[2018-11-13 07:53:57] System.INFO: Route successfully added to Container {"uri":"~^[:params:]?/?rules/?$~"} []
[2018-11-13 07:53:57] System.INFO: Route successfully added to Container {"uri":"~^[:params:]?/?bloodnamed/?$~"} []
[2018-11-13 07:53:57] System.INFO: Route successfully added to Container {"uri":"~^coinMachine/getResult/?$~"} []
[2018-11-13 07:53:57] System.INFO: Route successfully added to Container {"uri":"~^[:params:]?/?tables/?$~"} []
[2018-11-13 07:53:57] System.INFO: Route successfully added to Container {"uri":"~^fight/save/?$~"} []
[2018-11-13 07:53:57] System.INFO: Route successfully added to Container {"uri":"~^[:params:]?/?$|^[:params:]?/?fame/?$~"} []
[2018-11-13 07:53:57] System.INFO: Shutdown and error handlers have been registered [] []
[2018-11-13 07:53:57] System.INFO: Output manager initialized [] []
[2018-11-13 07:53:57] System.INFO: Application initialized [] []
[2018-11-13 07:53:57] System.DEBUG: No hook definitions found for 'application.init.after'. Available hook definitions [["coinritual.route.beforeDispatch"]] []
[2018-11-13 07:53:57] System.INFO: Beginning process for request. ["[object] (SlaxWeb\\Router\\Request: GET /rules HTTP/1.0\r\nAccept:                    text/html,application/xhtml+xml,application/xml;q=0.9,image/webp,image/apng,*/*;q=0.8\r\nAccept-Encoding:           gzip, deflate, br\r\nAccept-Language:           de-DE,de;q=0.9,en-US;q=0.8,en;q=0.7\r\nConnection:                close\r\nCookie:                    PHPSESSID=69musik6aooahppkvb9kro3umq; tob_sound=off; language=de\r\nHost:                      tob.clanwolf.net\r\nReferer:                   https://tob.clanwolf.net/tables\r\nUpgrade-Insecure-Requests: 1\r\nUser-Agent:                Mozilla/5.0 (Windows NT 10.0; Win64; x64) AppleWebKit/537.36 (KHTML, like Gecko) Chrome/70.0.3538.77 Safari/537.36\r\nX-Accel-Internal:          /internal-nginx-static-location\r\nX-Forwarded-For:           212.63.70.178\r\nX-Real-Ip:                 212.63.70.178\r\n\r\n)"] []
[2018-11-13 07:53:57] System.DEBUG: No hook definitions found for 'application.dispatch.before'. Available hook definitions [["coinritual.route.beforeDispatch"]] []
[2018-11-13 07:53:57] System.INFO: Router Dispatcher initialized [] []
[2018-11-13 07:53:57] System.INFO: Trying to find match for (GET) 'rules' [] []
[2018-11-13 07:53:57] System.INFO: Route match found [] []
[2018-11-13 07:53:57] System.INFO: Calling definition for hook 'coinritual.route.beforeDispatch' [] []
[2018-11-13 07:53:57] System.DEBUG: Hook definition parameters ["[object] (SlaxWeb\\Bootstrap\\Application: {})","[object] (SlaxWeb\\Router\\Route: {})"] []
[2018-11-13 07:53:57] System.INFO: Executing route definition {"name":"~^[:params:]?/?rules/?$~","action":"[object] (Closure: {})"} []
[2018-11-13 07:53:57] System.DEBUG: No hook definitions found for 'model.translation.before.init'. Available hook definitions [["coinritual.route.beforeDispatch"]] []
[2018-11-13 07:53:57] System.DEBUG: No hook definitions found for 'model.translation.after.init'. Available hook definitions [["coinritual.route.beforeDispatch"]] []
[2018-11-13 07:53:57] System.DEBUG: No hook definitions found for 'model.translation.before.select'. Available hook definitions [["coinritual.route.beforeDispatch"]] []
[2018-11-13 07:53:57] System.DEBUG: No hook definitions found for 'model.translation.after.select'. Available hook definitions [["coinritual.route.beforeDispatch"]] []
[2018-11-13 07:53:57] System.DEBUG: No hook definitions found for 'model.tournament.before.init'. Available hook definitions [["coinritual.route.beforeDispatch"]] []
[2018-11-13 07:53:57] System.DEBUG: No hook definitions found for 'model.tournament.after.init'. Available hook definitions [["coinritual.route.beforeDispatch"]] []
[2018-11-13 07:53:57] System.DEBUG: No hook definitions found for 'model.tournament.before.select'. Available hook definitions [["coinritual.route.beforeDispatch"]] []
[2018-11-13 07:53:57] System.DEBUG: No hook definitions found for 'model.tournament.after.select'. Available hook definitions [["coinritual.route.beforeDispatch"]] []
[2018-11-13 07:53:57] System.DEBUG: No hook definitions found for 'router.dispatcher.afterDispatch'. Available hook definitions [["coinritual.route.beforeDispatch"]] []
[2018-11-13 07:53:57] System.INFO: Request has finished processing, Response is ready to be sent to caller. [] []
[2018-11-13 07:53:57] System.DEBUG: No hook definitions found for 'application.dispatch.after'. Available hook definitions [["coinritual.route.beforeDispatch"]] []
[2018-11-13 07:53:57] System.DEBUG: Time taken to finish Request processing {"start":1542095637.747575,"end":1542095637.760761,"elapsed":0.013185977935791016,"uri":"/rules"} []
[2018-11-13 08:21:21] System.INFO: Hooks component initialized [] []
[2018-11-13 08:21:21] System.DEBUG: Adding definition for hook 'coinritual.route.beforeDispatch' for the first time. [] []
[2018-11-13 08:21:21] System.INFO: Route Container initialized [] []
[2018-11-13 08:21:21] System.INFO: Route successfully added to Container {"uri":"~^language$~"} []
[2018-11-13 08:21:21] System.INFO: Route successfully added to Container {"uri":"~^[:params:]?/?oathmaster/?[:named:]?$|^[:params:]?/?observer/?[:named:]?$~"} []
[2018-11-13 08:21:21] System.INFO: Route successfully added to Container {"uri":"~^[:params:]?/?rules/?$~"} []
[2018-11-13 08:21:21] System.INFO: Route successfully added to Container {"uri":"~^[:params:]?/?bloodnamed/?$~"} []
[2018-11-13 08:21:21] System.INFO: Route successfully added to Container {"uri":"~^coinMachine/getResult/?$~"} []
[2018-11-13 08:21:21] System.INFO: Route successfully added to Container {"uri":"~^[:params:]?/?tables/?$~"} []
[2018-11-13 08:21:21] System.INFO: Route successfully added to Container {"uri":"~^fight/save/?$~"} []
[2018-11-13 08:21:21] System.INFO: Route successfully added to Container {"uri":"~^[:params:]?/?$|^[:params:]?/?fame/?$~"} []
[2018-11-13 08:21:21] System.INFO: Shutdown and error handlers have been registered [] []
[2018-11-13 08:21:21] System.INFO: Output manager initialized [] []
[2018-11-13 08:21:21] System.INFO: Application initialized [] []
[2018-11-13 08:21:21] System.DEBUG: No hook definitions found for 'application.init.after'. Available hook definitions [["coinritual.route.beforeDispatch"]] []
[2018-11-13 08:21:21] System.INFO: Beginning process for request. ["[object] (SlaxWeb\\Router\\Request: GET / HTTP/1.0\r\nAccept:           text/html,application/xhtml+xml,application/xml;q=0.9,*/*;q=0.8\r\nAccept-Encoding:  gzip,deflate,br\r\nConnection:       close\r\nFrom:             googlebot(at)googlebot.com\r\nHost:             tob.clanwolf.net\r\nUser-Agent:       Mozilla/5.0 (Linux; Android 6.0.1; Nexus 5X Build/MMB29P) AppleWebKit/537.36 (KHTML, like Gecko) Chrome/41.0.2272.96 Mobile Safari/537.36 (compatible; Googlebot/2.1; +http://www.google.com/bot.html)\r\nX-Accel-Internal: /internal-nginx-static-location\r\nX-Forwarded-For:  66.249.66.92\r\nX-Real-Ip:        66.249.66.92\r\n\r\n)"] []
[2018-11-13 08:21:21] System.DEBUG: No hook definitions found for 'application.dispatch.before'. Available hook definitions [["coinritual.route.beforeDispatch"]] []
[2018-11-13 08:21:21] System.INFO: Router Dispatcher initialized [] []
[2018-11-13 08:21:21] System.INFO: Trying to find match for (GET) '' [] []
[2018-11-13 08:21:21] System.INFO: Route match found [] []
[2018-11-13 08:21:21] System.INFO: Calling definition for hook 'coinritual.route.beforeDispatch' [] []
[2018-11-13 08:21:21] System.DEBUG: Hook definition parameters ["[object] (SlaxWeb\\Bootstrap\\Application: {})","[object] (SlaxWeb\\Router\\Route: {})"] []
[2018-11-13 08:21:22] System.INFO: Hooks component initialized [] []
[2018-11-13 08:21:22] System.DEBUG: Adding definition for hook 'coinritual.route.beforeDispatch' for the first time. [] []
[2018-11-13 08:21:22] System.INFO: Route Container initialized [] []
[2018-11-13 08:21:22] System.INFO: Route successfully added to Container {"uri":"~^language$~"} []
[2018-11-13 08:21:22] System.INFO: Route successfully added to Container {"uri":"~^[:params:]?/?oathmaster/?[:named:]?$|^[:params:]?/?observer/?[:named:]?$~"} []
[2018-11-13 08:21:22] System.INFO: Route successfully added to Container {"uri":"~^[:params:]?/?rules/?$~"} []
[2018-11-13 08:21:22] System.INFO: Route successfully added to Container {"uri":"~^[:params:]?/?bloodnamed/?$~"} []
[2018-11-13 08:21:22] System.INFO: Route successfully added to Container {"uri":"~^coinMachine/getResult/?$~"} []
[2018-11-13 08:21:22] System.INFO: Route successfully added to Container {"uri":"~^[:params:]?/?tables/?$~"} []
[2018-11-13 08:21:22] System.INFO: Route successfully added to Container {"uri":"~^fight/save/?$~"} []
[2018-11-13 08:21:22] System.INFO: Route successfully added to Container {"uri":"~^[:params:]?/?$|^[:params:]?/?fame/?$~"} []
[2018-11-13 08:21:22] System.INFO: Shutdown and error handlers have been registered [] []
[2018-11-13 08:21:22] System.INFO: Output manager initialized [] []
[2018-11-13 08:21:22] System.INFO: Application initialized [] []
[2018-11-13 08:21:22] System.DEBUG: No hook definitions found for 'application.init.after'. Available hook definitions [["coinritual.route.beforeDispatch"]] []
[2018-11-13 08:21:22] System.INFO: Beginning process for request. ["[object] (SlaxWeb\\Router\\Request: GET /language HTTP/1.0\r\nAccept:           text/html,application/xhtml+xml,application/xml;q=0.9,*/*;q=0.8\r\nAccept-Encoding:  gzip,deflate,br\r\nConnection:       close\r\nCookie:           PHPSESSID=msar4srv6vk9dl2kb2fcpv3j8h\r\nFrom:             googlebot(at)googlebot.com\r\nHost:             tob.clanwolf.net\r\nUser-Agent:       Mozilla/5.0 (Linux; Android 6.0.1; Nexus 5X Build/MMB29P) AppleWebKit/537.36 (KHTML, like Gecko) Chrome/41.0.2272.96 Mobile Safari/537.36 (compatible; Googlebot/2.1; +http://www.google.com/bot.html)\r\nX-Accel-Internal: /internal-nginx-static-location\r\nX-Forwarded-For:  66.249.66.92\r\nX-Real-Ip:        66.249.66.92\r\n\r\n)"] []
[2018-11-13 08:21:22] System.DEBUG: No hook definitions found for 'application.dispatch.before'. Available hook definitions [["coinritual.route.beforeDispatch"]] []
[2018-11-13 08:21:22] System.INFO: Router Dispatcher initialized [] []
[2018-11-13 08:21:22] System.INFO: Trying to find match for (GET) 'language' [] []
[2018-11-13 08:21:22] System.INFO: Route match found [] []
[2018-11-13 08:21:22] System.DEBUG: No hook definitions found for 'router.dispatcher.beforeDispatch'. Available hook definitions [["coinritual.route.beforeDispatch"]] []
[2018-11-13 08:21:22] System.INFO: Executing route definition {"name":"~^language$~","action":"[object] (Closure: {})"} []
[2018-11-13 08:21:22] System.DEBUG: No hook definitions found for 'model.translation.before.init'. Available hook definitions [["coinritual.route.beforeDispatch"]] []
[2018-11-13 08:21:22] System.DEBUG: No hook definitions found for 'model.translation.after.init'. Available hook definitions [["coinritual.route.beforeDispatch"]] []
[2018-11-13 08:21:22] System.DEBUG: No hook definitions found for 'model.translation.before.select'. Available hook definitions [["coinritual.route.beforeDispatch"]] []
[2018-11-13 08:21:22] System.DEBUG: No hook definitions found for 'model.translation.after.select'. Available hook definitions [["coinritual.route.beforeDispatch"]] []
[2018-11-13 08:21:22] System.DEBUG: No hook definitions found for 'router.dispatcher.afterDispatch'. Available hook definitions [["coinritual.route.beforeDispatch"]] []
[2018-11-13 08:21:22] System.INFO: Request has finished processing, Response is ready to be sent to caller. [] []
[2018-11-13 08:21:22] System.DEBUG: No hook definitions found for 'application.dispatch.after'. Available hook definitions [["coinritual.route.beforeDispatch"]] []
[2018-11-13 08:21:22] System.DEBUG: Time taken to finish Request processing {"start":1542097282.178307,"end":1542097282.198675,"elapsed":0.020367860794067383,"uri":"/language"} []
[2018-11-13 08:23:37] System.INFO: Hooks component initialized [] []
[2018-11-13 08:23:37] System.DEBUG: Adding definition for hook 'coinritual.route.beforeDispatch' for the first time. [] []
[2018-11-13 08:23:37] System.INFO: Route Container initialized [] []
[2018-11-13 08:23:37] System.INFO: Route successfully added to Container {"uri":"~^language$~"} []
[2018-11-13 08:23:37] System.INFO: Route successfully added to Container {"uri":"~^[:params:]?/?oathmaster/?[:named:]?$|^[:params:]?/?observer/?[:named:]?$~"} []
[2018-11-13 08:23:37] System.INFO: Route successfully added to Container {"uri":"~^[:params:]?/?rules/?$~"} []
[2018-11-13 08:23:37] System.INFO: Route successfully added to Container {"uri":"~^[:params:]?/?bloodnamed/?$~"} []
[2018-11-13 08:23:37] System.INFO: Route successfully added to Container {"uri":"~^coinMachine/getResult/?$~"} []
[2018-11-13 08:23:37] System.INFO: Route successfully added to Container {"uri":"~^[:params:]?/?tables/?$~"} []
[2018-11-13 08:23:37] System.INFO: Route successfully added to Container {"uri":"~^fight/save/?$~"} []
[2018-11-13 08:23:37] System.INFO: Route successfully added to Container {"uri":"~^[:params:]?/?$|^[:params:]?/?fame/?$~"} []
[2018-11-13 08:23:37] System.INFO: Shutdown and error handlers have been registered [] []
[2018-11-13 08:23:37] System.INFO: Output manager initialized [] []
[2018-11-13 08:23:37] System.INFO: Application initialized [] []
[2018-11-13 08:23:37] System.DEBUG: No hook definitions found for 'application.init.after'. Available hook definitions [["coinritual.route.beforeDispatch"]] []
[2018-11-13 08:23:37] System.INFO: Beginning process for request. ["[object] (SlaxWeb\\Router\\Request: GET / HTTP/1.0\r\nAccept:           */*\r\nAccept-Encoding:  gzip, deflate\r\nCache-Control:    no-cache\r\nConnection:       close\r\nFrom:             bingbot(at)microsoft.com\r\nHost:             tob.clanwolf.net\r\nPragma:           no-cache\r\nUser-Agent:       Mozilla/5.0 (compatible; bingbot/2.0; +http://www.bing.com/bingbot.htm)\r\nX-Accel-Internal: /internal-nginx-static-location\r\nX-Forwarded-For:  40.77.167.21\r\nX-Real-Ip:        40.77.167.21\r\n\r\n)"] []
[2018-11-13 08:23:37] System.DEBUG: No hook definitions found for 'application.dispatch.before'. Available hook definitions [["coinritual.route.beforeDispatch"]] []
[2018-11-13 08:23:37] System.INFO: Router Dispatcher initialized [] []
[2018-11-13 08:23:37] System.INFO: Trying to find match for (GET) '' [] []
[2018-11-13 08:23:37] System.INFO: Route match found [] []
[2018-11-13 08:23:37] System.INFO: Calling definition for hook 'coinritual.route.beforeDispatch' [] []
[2018-11-13 08:23:37] System.DEBUG: Hook definition parameters ["[object] (SlaxWeb\\Bootstrap\\Application: {})","[object] (SlaxWeb\\Router\\Route: {})"] []
[2018-11-13 08:23:40] System.INFO: Hooks component initialized [] []
[2018-11-13 08:23:40] System.DEBUG: Adding definition for hook 'coinritual.route.beforeDispatch' for the first time. [] []
[2018-11-13 08:23:40] System.INFO: Route Container initialized [] []
[2018-11-13 08:23:40] System.INFO: Route successfully added to Container {"uri":"~^language$~"} []
[2018-11-13 08:23:40] System.INFO: Route successfully added to Container {"uri":"~^[:params:]?/?oathmaster/?[:named:]?$|^[:params:]?/?observer/?[:named:]?$~"} []
[2018-11-13 08:23:40] System.INFO: Route successfully added to Container {"uri":"~^[:params:]?/?rules/?$~"} []
[2018-11-13 08:23:40] System.INFO: Route successfully added to Container {"uri":"~^[:params:]?/?bloodnamed/?$~"} []
[2018-11-13 08:23:40] System.INFO: Route successfully added to Container {"uri":"~^coinMachine/getResult/?$~"} []
[2018-11-13 08:23:40] System.INFO: Route successfully added to Container {"uri":"~^[:params:]?/?tables/?$~"} []
[2018-11-13 08:23:40] System.INFO: Route successfully added to Container {"uri":"~^fight/save/?$~"} []
[2018-11-13 08:23:40] System.INFO: Route successfully added to Container {"uri":"~^[:params:]?/?$|^[:params:]?/?fame/?$~"} []
[2018-11-13 08:23:40] System.INFO: Shutdown and error handlers have been registered [] []
[2018-11-13 08:23:40] System.INFO: Output manager initialized [] []
[2018-11-13 08:23:40] System.INFO: Application initialized [] []
[2018-11-13 08:23:40] System.DEBUG: No hook definitions found for 'application.init.after'. Available hook definitions [["coinritual.route.beforeDispatch"]] []
[2018-11-13 08:23:40] System.INFO: Beginning process for request. ["[object] (SlaxWeb\\Router\\Request: GET /language HTTP/1.0\r\nAccept:           */*\r\nAccept-Encoding:  gzip, deflate\r\nCache-Control:    no-cache\r\nConnection:       close\r\nFrom:             bingbot(at)microsoft.com\r\nHost:             tob.clanwolf.net\r\nPragma:           no-cache\r\nUser-Agent:       Mozilla/5.0 (compatible; bingbot/2.0; +http://www.bing.com/bingbot.htm)\r\nX-Accel-Internal: /internal-nginx-static-location\r\nX-Forwarded-For:  40.77.167.21\r\nX-Real-Ip:        40.77.167.21\r\n\r\n)"] []
[2018-11-13 08:23:40] System.DEBUG: No hook definitions found for 'application.dispatch.before'. Available hook definitions [["coinritual.route.beforeDispatch"]] []
[2018-11-13 08:23:40] System.INFO: Router Dispatcher initialized [] []
[2018-11-13 08:23:40] System.INFO: Trying to find match for (GET) 'language' [] []
[2018-11-13 08:23:40] System.INFO: Route match found [] []
[2018-11-13 08:23:40] System.DEBUG: No hook definitions found for 'router.dispatcher.beforeDispatch'. Available hook definitions [["coinritual.route.beforeDispatch"]] []
[2018-11-13 08:23:40] System.INFO: Executing route definition {"name":"~^language$~","action":"[object] (Closure: {})"} []
[2018-11-13 08:23:40] System.DEBUG: No hook definitions found for 'model.translation.before.init'. Available hook definitions [["coinritual.route.beforeDispatch"]] []
[2018-11-13 08:23:40] System.DEBUG: No hook definitions found for 'model.translation.after.init'. Available hook definitions [["coinritual.route.beforeDispatch"]] []
[2018-11-13 08:23:40] System.DEBUG: No hook definitions found for 'model.translation.before.select'. Available hook definitions [["coinritual.route.beforeDispatch"]] []
[2018-11-13 08:23:40] System.DEBUG: No hook definitions found for 'model.translation.after.select'. Available hook definitions [["coinritual.route.beforeDispatch"]] []
[2018-11-13 08:23:40] System.DEBUG: No hook definitions found for 'router.dispatcher.afterDispatch'. Available hook definitions [["coinritual.route.beforeDispatch"]] []
[2018-11-13 08:23:40] System.INFO: Request has finished processing, Response is ready to be sent to caller. [] []
[2018-11-13 08:23:40] System.DEBUG: No hook definitions found for 'application.dispatch.after'. Available hook definitions [["coinritual.route.beforeDispatch"]] []
[2018-11-13 08:23:40] System.DEBUG: Time taken to finish Request processing {"start":1542097420.111794,"end":1542097420.133151,"elapsed":0.021357059478759766,"uri":"/language"} []
[2018-11-13 08:52:59] System.INFO: Hooks component initialized [] []
[2018-11-13 08:52:59] System.DEBUG: Adding definition for hook 'coinritual.route.beforeDispatch' for the first time. [] []
[2018-11-13 08:52:59] System.INFO: Route Container initialized [] []
[2018-11-13 08:52:59] System.INFO: Route successfully added to Container {"uri":"~^language$~"} []
[2018-11-13 08:52:59] System.INFO: Route successfully added to Container {"uri":"~^[:params:]?/?oathmaster/?[:named:]?$|^[:params:]?/?observer/?[:named:]?$~"} []
[2018-11-13 08:52:59] System.INFO: Route successfully added to Container {"uri":"~^[:params:]?/?rules/?$~"} []
[2018-11-13 08:52:59] System.INFO: Route successfully added to Container {"uri":"~^[:params:]?/?bloodnamed/?$~"} []
[2018-11-13 08:52:59] System.INFO: Route successfully added to Container {"uri":"~^coinMachine/getResult/?$~"} []
[2018-11-13 08:52:59] System.INFO: Route successfully added to Container {"uri":"~^[:params:]?/?tables/?$~"} []
[2018-11-13 08:52:59] System.INFO: Route successfully added to Container {"uri":"~^fight/save/?$~"} []
[2018-11-13 08:52:59] System.INFO: Route successfully added to Container {"uri":"~^[:params:]?/?$|^[:params:]?/?fame/?$~"} []
[2018-11-13 08:52:59] System.INFO: Shutdown and error handlers have been registered [] []
[2018-11-13 08:52:59] System.INFO: Output manager initialized [] []
[2018-11-13 08:52:59] System.INFO: Application initialized [] []
[2018-11-13 08:52:59] System.DEBUG: No hook definitions found for 'application.init.after'. Available hook definitions [["coinritual.route.beforeDispatch"]] []
[2018-11-13 08:52:59] System.INFO: Beginning process for request. ["[object] (SlaxWeb\\Router\\Request: GET / HTTP/1.0\r\nAccept:           text/html,application/xhtml+xml,application/xml;q=0.9,*/*;q=0.8\r\nAccept-Encoding:  gzip,deflate,br\r\nConnection:       close\r\nFrom:             googlebot(at)googlebot.com\r\nHost:             tob.clanwolf.net\r\nUser-Agent:       Mozilla/5.0 (Linux; Android 6.0.1; Nexus 5X Build/MMB29P) AppleWebKit/537.36 (KHTML, like Gecko) Chrome/41.0.2272.96 Mobile Safari/537.36 (compatible; Googlebot/2.1; +http://www.google.com/bot.html)\r\nX-Accel-Internal: /internal-nginx-static-location\r\nX-Forwarded-For:  66.249.66.92\r\nX-Real-Ip:        66.249.66.92\r\n\r\n)"] []
[2018-11-13 08:52:59] System.DEBUG: No hook definitions found for 'application.dispatch.before'. Available hook definitions [["coinritual.route.beforeDispatch"]] []
[2018-11-13 08:52:59] System.INFO: Router Dispatcher initialized [] []
[2018-11-13 08:52:59] System.INFO: Trying to find match for (GET) '' [] []
[2018-11-13 08:52:59] System.INFO: Route match found [] []
[2018-11-13 08:52:59] System.INFO: Calling definition for hook 'coinritual.route.beforeDispatch' [] []
[2018-11-13 08:52:59] System.DEBUG: Hook definition parameters ["[object] (SlaxWeb\\Bootstrap\\Application: {})","[object] (SlaxWeb\\Router\\Route: {})"] []
[2018-11-13 08:53:00] System.INFO: Hooks component initialized [] []
[2018-11-13 08:53:00] System.DEBUG: Adding definition for hook 'coinritual.route.beforeDispatch' for the first time. [] []
[2018-11-13 08:53:00] System.INFO: Route Container initialized [] []
[2018-11-13 08:53:00] System.INFO: Route successfully added to Container {"uri":"~^language$~"} []
[2018-11-13 08:53:00] System.INFO: Route successfully added to Container {"uri":"~^[:params:]?/?oathmaster/?[:named:]?$|^[:params:]?/?observer/?[:named:]?$~"} []
[2018-11-13 08:53:00] System.INFO: Route successfully added to Container {"uri":"~^[:params:]?/?rules/?$~"} []
[2018-11-13 08:53:00] System.INFO: Route successfully added to Container {"uri":"~^[:params:]?/?bloodnamed/?$~"} []
[2018-11-13 08:53:00] System.INFO: Route successfully added to Container {"uri":"~^coinMachine/getResult/?$~"} []
[2018-11-13 08:53:00] System.INFO: Route successfully added to Container {"uri":"~^[:params:]?/?tables/?$~"} []
[2018-11-13 08:53:00] System.INFO: Route successfully added to Container {"uri":"~^fight/save/?$~"} []
[2018-11-13 08:53:00] System.INFO: Route successfully added to Container {"uri":"~^[:params:]?/?$|^[:params:]?/?fame/?$~"} []
[2018-11-13 08:53:00] System.INFO: Shutdown and error handlers have been registered [] []
[2018-11-13 08:53:00] System.INFO: Output manager initialized [] []
[2018-11-13 08:53:00] System.INFO: Application initialized [] []
[2018-11-13 08:53:00] System.DEBUG: No hook definitions found for 'application.init.after'. Available hook definitions [["coinritual.route.beforeDispatch"]] []
[2018-11-13 08:53:00] System.INFO: Beginning process for request. ["[object] (SlaxWeb\\Router\\Request: GET /language HTTP/1.0\r\nAccept:           text/html,application/xhtml+xml,application/xml;q=0.9,*/*;q=0.8\r\nAccept-Encoding:  gzip,deflate,br\r\nConnection:       close\r\nCookie:           PHPSESSID=nfua4978qnqqqvt395l19kplar\r\nFrom:             googlebot(at)googlebot.com\r\nHost:             tob.clanwolf.net\r\nUser-Agent:       Mozilla/5.0 (Linux; Android 6.0.1; Nexus 5X Build/MMB29P) AppleWebKit/537.36 (KHTML, like Gecko) Chrome/41.0.2272.96 Mobile Safari/537.36 (compatible; Googlebot/2.1; +http://www.google.com/bot.html)\r\nX-Accel-Internal: /internal-nginx-static-location\r\nX-Forwarded-For:  66.249.66.92\r\nX-Real-Ip:        66.249.66.92\r\n\r\n)"] []
[2018-11-13 08:53:00] System.DEBUG: No hook definitions found for 'application.dispatch.before'. Available hook definitions [["coinritual.route.beforeDispatch"]] []
[2018-11-13 08:53:00] System.INFO: Router Dispatcher initialized [] []
[2018-11-13 08:53:00] System.INFO: Trying to find match for (GET) 'language' [] []
[2018-11-13 08:53:00] System.INFO: Route match found [] []
[2018-11-13 08:53:00] System.DEBUG: No hook definitions found for 'router.dispatcher.beforeDispatch'. Available hook definitions [["coinritual.route.beforeDispatch"]] []
[2018-11-13 08:53:00] System.INFO: Executing route definition {"name":"~^language$~","action":"[object] (Closure: {})"} []
[2018-11-13 08:53:00] System.DEBUG: No hook definitions found for 'model.translation.before.init'. Available hook definitions [["coinritual.route.beforeDispatch"]] []
[2018-11-13 08:53:00] System.DEBUG: No hook definitions found for 'model.translation.after.init'. Available hook definitions [["coinritual.route.beforeDispatch"]] []
[2018-11-13 08:53:00] System.DEBUG: No hook definitions found for 'model.translation.before.select'. Available hook definitions [["coinritual.route.beforeDispatch"]] []
[2018-11-13 08:53:00] System.DEBUG: No hook definitions found for 'model.translation.after.select'. Available hook definitions [["coinritual.route.beforeDispatch"]] []
[2018-11-13 08:53:00] System.DEBUG: No hook definitions found for 'router.dispatcher.afterDispatch'. Available hook definitions [["coinritual.route.beforeDispatch"]] []
[2018-11-13 08:53:00] System.INFO: Request has finished processing, Response is ready to be sent to caller. [] []
[2018-11-13 08:53:00] System.DEBUG: No hook definitions found for 'application.dispatch.after'. Available hook definitions [["coinritual.route.beforeDispatch"]] []
[2018-11-13 08:53:00] System.DEBUG: Time taken to finish Request processing {"start":1542099180.307363,"end":1542099180.325826,"elapsed":0.0184628963470459,"uri":"/language"} []
[2018-11-13 13:12:02] System.INFO: Hooks component initialized [] []
[2018-11-13 13:12:02] System.DEBUG: Adding definition for hook 'coinritual.route.beforeDispatch' for the first time. [] []
[2018-11-13 13:12:02] System.INFO: Route Container initialized [] []
[2018-11-13 13:12:02] System.INFO: Route successfully added to Container {"uri":"~^language$~"} []
[2018-11-13 13:12:02] System.INFO: Route successfully added to Container {"uri":"~^[:params:]?/?oathmaster/?[:named:]?$|^[:params:]?/?observer/?[:named:]?$~"} []
[2018-11-13 13:12:02] System.INFO: Route successfully added to Container {"uri":"~^[:params:]?/?rules/?$~"} []
[2018-11-13 13:12:02] System.INFO: Route successfully added to Container {"uri":"~^[:params:]?/?bloodnamed/?$~"} []
[2018-11-13 13:12:02] System.INFO: Route successfully added to Container {"uri":"~^coinMachine/getResult/?$~"} []
[2018-11-13 13:12:02] System.INFO: Route successfully added to Container {"uri":"~^[:params:]?/?tables/?$~"} []
[2018-11-13 13:12:02] System.INFO: Route successfully added to Container {"uri":"~^fight/save/?$~"} []
[2018-11-13 13:12:02] System.INFO: Route successfully added to Container {"uri":"~^[:params:]?/?$|^[:params:]?/?fame/?$~"} []
[2018-11-13 13:12:02] System.INFO: Shutdown and error handlers have been registered [] []
[2018-11-13 13:12:02] System.INFO: Output manager initialized [] []
[2018-11-13 13:12:02] System.INFO: Application initialized [] []
[2018-11-13 13:12:02] System.DEBUG: No hook definitions found for 'application.init.after'. Available hook definitions [["coinritual.route.beforeDispatch"]] []
[2018-11-13 13:12:02] System.INFO: Beginning process for request. ["[object] (SlaxWeb\\Router\\Request: GET / HTTP/1.0\r\nAccept:           text/html,application/xhtml+xml,application/xml;q=0.9,*/*;q=0.8\r\nAccept-Charset:   utf-8,ISO-8859-1;q=0.7,*;q=0.7\r\nAccept-Encoding:  x-gzip, gzip, deflate\r\nAccept-Language:  en-us,en-gb,en;q=0.7,*;q=0.3\r\nConnection:       close\r\nHost:             tob.clanwolf.net\r\nUser-Agent:       Mozilla/5.0 (Linux; Android 8.0.0; Pixel XL Build/OPR1.170623.027) AppleWebKit/537.36 (KHTML, like Gecko) Chrome/61.0.3163.98 Mobile Safari/537.36\r\nX-Accel-Internal: /internal-nginx-static-location\r\nX-Forwarded-For:  38.79.215.109\r\nX-Real-Ip:        38.79.215.109\r\n\r\n)"] []
[2018-11-13 13:12:02] System.DEBUG: No hook definitions found for 'application.dispatch.before'. Available hook definitions [["coinritual.route.beforeDispatch"]] []
[2018-11-13 13:12:02] System.INFO: Router Dispatcher initialized [] []
[2018-11-13 13:12:02] System.INFO: Trying to find match for (GET) '' [] []
[2018-11-13 13:12:02] System.INFO: Route match found [] []
[2018-11-13 13:12:02] System.INFO: Calling definition for hook 'coinritual.route.beforeDispatch' [] []
[2018-11-13 13:12:02] System.DEBUG: Hook definition parameters ["[object] (SlaxWeb\\Bootstrap\\Application: {})","[object] (SlaxWeb\\Router\\Route: {})"] []
[2018-11-13 13:12:03] System.INFO: Hooks component initialized [] []
[2018-11-13 13:12:03] System.DEBUG: Adding definition for hook 'coinritual.route.beforeDispatch' for the first time. [] []
[2018-11-13 13:12:03] System.INFO: Route Container initialized [] []
[2018-11-13 13:12:03] System.INFO: Route successfully added to Container {"uri":"~^language$~"} []
[2018-11-13 13:12:03] System.INFO: Route successfully added to Container {"uri":"~^[:params:]?/?oathmaster/?[:named:]?$|^[:params:]?/?observer/?[:named:]?$~"} []
[2018-11-13 13:12:03] System.INFO: Route successfully added to Container {"uri":"~^[:params:]?/?rules/?$~"} []
[2018-11-13 13:12:03] System.INFO: Route successfully added to Container {"uri":"~^[:params:]?/?bloodnamed/?$~"} []
[2018-11-13 13:12:03] System.INFO: Route successfully added to Container {"uri":"~^coinMachine/getResult/?$~"} []
[2018-11-13 13:12:03] System.INFO: Route successfully added to Container {"uri":"~^[:params:]?/?tables/?$~"} []
[2018-11-13 13:12:03] System.INFO: Route successfully added to Container {"uri":"~^fight/save/?$~"} []
[2018-11-13 13:12:03] System.INFO: Route successfully added to Container {"uri":"~^[:params:]?/?$|^[:params:]?/?fame/?$~"} []
[2018-11-13 13:12:03] System.INFO: Shutdown and error handlers have been registered [] []
[2018-11-13 13:12:03] System.INFO: Output manager initialized [] []
[2018-11-13 13:12:03] System.INFO: Application initialized [] []
[2018-11-13 13:12:03] System.DEBUG: No hook definitions found for 'application.init.after'. Available hook definitions [["coinritual.route.beforeDispatch"]] []
[2018-11-13 13:12:03] System.INFO: Beginning process for request. ["[object] (SlaxWeb\\Router\\Request: GET /language HTTP/1.0\r\nAccept:           text/html,application/xhtml+xml,application/xml;q=0.9,*/*;q=0.8\r\nAccept-Charset:   utf-8,ISO-8859-1;q=0.7,*;q=0.7\r\nAccept-Encoding:  x-gzip, gzip, deflate\r\nAccept-Language:  en-us,en-gb,en;q=0.7,*;q=0.3\r\nConnection:       close\r\nCookie:           PHPSESSID=dovbl3ovspqqq2tb5jihfuvncs\r\nCookie2:          $Version=1\r\nHost:             tob.clanwolf.net\r\nUser-Agent:       Mozilla/5.0 (Linux; Android 8.0.0; Pixel XL Build/OPR1.170623.027) AppleWebKit/537.36 (KHTML, like Gecko) Chrome/61.0.3163.98 Mobile Safari/537.36\r\nX-Accel-Internal: /internal-nginx-static-location\r\nX-Forwarded-For:  38.79.215.109\r\nX-Real-Ip:        38.79.215.109\r\n\r\n)"] []
[2018-11-13 13:12:03] System.DEBUG: No hook definitions found for 'application.dispatch.before'. Available hook definitions [["coinritual.route.beforeDispatch"]] []
[2018-11-13 13:12:03] System.INFO: Router Dispatcher initialized [] []
[2018-11-13 13:12:03] System.INFO: Trying to find match for (GET) 'language' [] []
[2018-11-13 13:12:03] System.INFO: Route match found [] []
[2018-11-13 13:12:03] System.DEBUG: No hook definitions found for 'router.dispatcher.beforeDispatch'. Available hook definitions [["coinritual.route.beforeDispatch"]] []
[2018-11-13 13:12:03] System.INFO: Executing route definition {"name":"~^language$~","action":"[object] (Closure: {})"} []
[2018-11-13 13:12:03] System.DEBUG: No hook definitions found for 'model.translation.before.init'. Available hook definitions [["coinritual.route.beforeDispatch"]] []
[2018-11-13 13:12:03] System.DEBUG: No hook definitions found for 'model.translation.after.init'. Available hook definitions [["coinritual.route.beforeDispatch"]] []
[2018-11-13 13:12:03] System.DEBUG: No hook definitions found for 'model.translation.before.select'. Available hook definitions [["coinritual.route.beforeDispatch"]] []
[2018-11-13 13:12:03] System.DEBUG: No hook definitions found for 'model.translation.after.select'. Available hook definitions [["coinritual.route.beforeDispatch"]] []
[2018-11-13 13:12:03] System.DEBUG: No hook definitions found for 'router.dispatcher.afterDispatch'. Available hook definitions [["coinritual.route.beforeDispatch"]] []
[2018-11-13 13:12:03] System.INFO: Request has finished processing, Response is ready to be sent to caller. [] []
[2018-11-13 13:12:03] System.DEBUG: No hook definitions found for 'application.dispatch.after'. Available hook definitions [["coinritual.route.beforeDispatch"]] []
[2018-11-13 13:12:03] System.DEBUG: Time taken to finish Request processing {"start":1542114723.010067,"end":1542114723.032153,"elapsed":0.022085905075073242,"uri":"/language"} []
[2018-11-13 21:53:19] System.INFO: Hooks component initialized [] []
[2018-11-13 21:53:19] System.DEBUG: Adding definition for hook 'coinritual.route.beforeDispatch' for the first time. [] []
[2018-11-13 21:53:19] System.INFO: Route Container initialized [] []
[2018-11-13 21:53:19] System.INFO: Route successfully added to Container {"uri":"~^language$~"} []
[2018-11-13 21:53:19] System.INFO: Route successfully added to Container {"uri":"~^[:params:]?/?oathmaster/?[:named:]?$|^[:params:]?/?observer/?[:named:]?$~"} []
[2018-11-13 21:53:19] System.INFO: Route successfully added to Container {"uri":"~^[:params:]?/?rules/?$~"} []
[2018-11-13 21:53:19] System.INFO: Route successfully added to Container {"uri":"~^[:params:]?/?bloodnamed/?$~"} []
[2018-11-13 21:53:19] System.INFO: Route successfully added to Container {"uri":"~^coinMachine/getResult/?$~"} []
[2018-11-13 21:53:19] System.INFO: Route successfully added to Container {"uri":"~^[:params:]?/?tables/?$~"} []
[2018-11-13 21:53:19] System.INFO: Route successfully added to Container {"uri":"~^fight/save/?$~"} []
[2018-11-13 21:53:19] System.INFO: Route successfully added to Container {"uri":"~^[:params:]?/?$|^[:params:]?/?fame/?$~"} []
[2018-11-13 21:53:19] System.INFO: Shutdown and error handlers have been registered [] []
[2018-11-13 21:53:19] System.INFO: Output manager initialized [] []
[2018-11-13 21:53:19] System.INFO: Application initialized [] []
[2018-11-13 21:53:19] System.DEBUG: No hook definitions found for 'application.init.after'. Available hook definitions [["coinritual.route.beforeDispatch"]] []
[2018-11-13 21:53:19] System.INFO: Beginning process for request. ["[object] (SlaxWeb\\Router\\Request: GET / HTTP/1.0\r\nAccept:           */*\r\nAccept-Encoding:  gzip, deflate\r\nCache-Control:    no-cache\r\nConnection:       close\r\nFrom:             bingbot(at)microsoft.com\r\nHost:             tob.clanwolf.net\r\nPragma:           no-cache\r\nUser-Agent:       Mozilla/5.0 (compatible; bingbot/2.0; +http://www.bing.com/bingbot.htm)\r\nX-Accel-Internal: /internal-nginx-static-location\r\nX-Forwarded-For:  157.55.39.67\r\nX-Real-Ip:        157.55.39.67\r\n\r\n)"] []
[2018-11-13 21:53:19] System.DEBUG: No hook definitions found for 'application.dispatch.before'. Available hook definitions [["coinritual.route.beforeDispatch"]] []
[2018-11-13 21:53:19] System.INFO: Router Dispatcher initialized [] []
[2018-11-13 21:53:19] System.INFO: Trying to find match for (GET) '' [] []
[2018-11-13 21:53:19] System.INFO: Route match found [] []
[2018-11-13 21:53:19] System.INFO: Calling definition for hook 'coinritual.route.beforeDispatch' [] []
[2018-11-13 21:53:19] System.DEBUG: Hook definition parameters ["[object] (SlaxWeb\\Bootstrap\\Application: {})","[object] (SlaxWeb\\Router\\Route: {})"] []
[2018-11-13 23:26:14] System.INFO: Hooks component initialized [] []
[2018-11-13 23:26:14] System.DEBUG: Adding definition for hook 'coinritual.route.beforeDispatch' for the first time. [] []
[2018-11-13 23:26:14] System.INFO: Route Container initialized [] []
[2018-11-13 23:26:14] System.INFO: Route successfully added to Container {"uri":"~^language$~"} []
[2018-11-13 23:26:14] System.INFO: Route successfully added to Container {"uri":"~^[:params:]?/?oathmaster/?[:named:]?$|^[:params:]?/?observer/?[:named:]?$~"} []
[2018-11-13 23:26:14] System.INFO: Route successfully added to Container {"uri":"~^[:params:]?/?rules/?$~"} []
[2018-11-13 23:26:14] System.INFO: Route successfully added to Container {"uri":"~^[:params:]?/?bloodnamed/?$~"} []
[2018-11-13 23:26:14] System.INFO: Route successfully added to Container {"uri":"~^coinMachine/getResult/?$~"} []
[2018-11-13 23:26:14] System.INFO: Route successfully added to Container {"uri":"~^[:params:]?/?tables/?$~"} []
[2018-11-13 23:26:14] System.INFO: Route successfully added to Container {"uri":"~^fight/save/?$~"} []
[2018-11-13 23:26:14] System.INFO: Route successfully added to Container {"uri":"~^[:params:]?/?$|^[:params:]?/?fame/?$~"} []
[2018-11-13 23:26:14] System.INFO: Shutdown and error handlers have been registered [] []
[2018-11-13 23:26:14] System.INFO: Output manager initialized [] []
[2018-11-13 23:26:14] System.INFO: Application initialized [] []
[2018-11-13 23:26:14] System.DEBUG: No hook definitions found for 'application.init.after'. Available hook definitions [["coinritual.route.beforeDispatch"]] []
[2018-11-13 23:26:14] System.INFO: Beginning process for request. ["[object] (SlaxWeb\\Router\\Request: GET / HTTP/1.0\r\nAccept:           text/html,application/xhtml+xml,application/xml;q=0.9,*/*;q=0.8\r\nAccept-Encoding:  gzip,deflate\r\nConnection:       close\r\nHost:             tob.clanwolf.net\r\nUser-Agent:       Mozilla/5.0 (compatible; BLEXBot/1.0; +http://webmeup-crawler.com/)\r\nX-Accel-Internal: /internal-nginx-static-location\r\nX-Forwarded-For:  94.130.219.230\r\nX-Real-Ip:        94.130.219.230\r\n\r\n)"] []
[2018-11-13 23:26:14] System.DEBUG: No hook definitions found for 'application.dispatch.before'. Available hook definitions [["coinritual.route.beforeDispatch"]] []
[2018-11-13 23:26:14] System.INFO: Router Dispatcher initialized [] []
[2018-11-13 23:26:14] System.INFO: Trying to find match for (GET) '' [] []
[2018-11-13 23:26:14] System.INFO: Route match found [] []
[2018-11-13 23:26:14] System.INFO: Calling definition for hook 'coinritual.route.beforeDispatch' [] []
[2018-11-13 23:26:14] System.DEBUG: Hook definition parameters ["[object] (SlaxWeb\\Bootstrap\\Application: {})","[object] (SlaxWeb\\Router\\Route: {})"] []
[2018-11-13 23:26:14] System.INFO: Hooks component initialized [] []
[2018-11-13 23:26:14] System.DEBUG: Adding definition for hook 'coinritual.route.beforeDispatch' for the first time. [] []
[2018-11-13 23:26:14] System.INFO: Route Container initialized [] []
[2018-11-13 23:26:14] System.INFO: Route successfully added to Container {"uri":"~^language$~"} []
[2018-11-13 23:26:14] System.INFO: Route successfully added to Container {"uri":"~^[:params:]?/?oathmaster/?[:named:]?$|^[:params:]?/?observer/?[:named:]?$~"} []
[2018-11-13 23:26:14] System.INFO: Route successfully added to Container {"uri":"~^[:params:]?/?rules/?$~"} []
[2018-11-13 23:26:14] System.INFO: Route successfully added to Container {"uri":"~^[:params:]?/?bloodnamed/?$~"} []
[2018-11-13 23:26:14] System.INFO: Route successfully added to Container {"uri":"~^coinMachine/getResult/?$~"} []
[2018-11-13 23:26:14] System.INFO: Route successfully added to Container {"uri":"~^[:params:]?/?tables/?$~"} []
[2018-11-13 23:26:14] System.INFO: Route successfully added to Container {"uri":"~^fight/save/?$~"} []
[2018-11-13 23:26:14] System.INFO: Route successfully added to Container {"uri":"~^[:params:]?/?$|^[:params:]?/?fame/?$~"} []
[2018-11-13 23:26:14] System.INFO: Shutdown and error handlers have been registered [] []
[2018-11-13 23:26:14] System.INFO: Output manager initialized [] []
[2018-11-13 23:26:14] System.INFO: Application initialized [] []
[2018-11-13 23:26:14] System.DEBUG: No hook definitions found for 'application.init.after'. Available hook definitions [["coinritual.route.beforeDispatch"]] []
[2018-11-13 23:26:14] System.INFO: Beginning process for request. ["[object] (SlaxWeb\\Router\\Request: GET /language HTTP/1.0\r\nAccept:           text/html,application/xhtml+xml,application/xml;q=0.9,*/*;q=0.8\r\nAccept-Encoding:  gzip,deflate\r\nConnection:       close\r\nCookie:           PHPSESSID=7d4cch1itvah633fda9cqqussr\r\nHost:             tob.clanwolf.net\r\nUser-Agent:       Mozilla/5.0 (compatible; BLEXBot/1.0; +http://webmeup-crawler.com/)\r\nX-Accel-Internal: /internal-nginx-static-location\r\nX-Forwarded-For:  94.130.219.230\r\nX-Real-Ip:        94.130.219.230\r\n\r\n)"] []
[2018-11-13 23:26:14] System.DEBUG: No hook definitions found for 'application.dispatch.before'. Available hook definitions [["coinritual.route.beforeDispatch"]] []
[2018-11-13 23:26:14] System.INFO: Router Dispatcher initialized [] []
[2018-11-13 23:26:14] System.INFO: Trying to find match for (GET) 'language' [] []
[2018-11-13 23:26:14] System.INFO: Route match found [] []
[2018-11-13 23:26:14] System.DEBUG: No hook definitions found for 'router.dispatcher.beforeDispatch'. Available hook definitions [["coinritual.route.beforeDispatch"]] []
[2018-11-13 23:26:14] System.INFO: Executing route definition {"name":"~^language$~","action":"[object] (Closure: {})"} []
[2018-11-13 23:26:14] System.DEBUG: No hook definitions found for 'model.translation.before.init'. Available hook definitions [["coinritual.route.beforeDispatch"]] []
[2018-11-13 23:26:14] System.DEBUG: No hook definitions found for 'model.translation.after.init'. Available hook definitions [["coinritual.route.beforeDispatch"]] []
[2018-11-13 23:26:14] System.DEBUG: No hook definitions found for 'model.translation.before.select'. Available hook definitions [["coinritual.route.beforeDispatch"]] []
[2018-11-13 23:26:14] System.DEBUG: No hook definitions found for 'model.translation.after.select'. Available hook definitions [["coinritual.route.beforeDispatch"]] []
[2018-11-13 23:26:14] System.DEBUG: No hook definitions found for 'router.dispatcher.afterDispatch'. Available hook definitions [["coinritual.route.beforeDispatch"]] []
[2018-11-13 23:26:14] System.INFO: Request has finished processing, Response is ready to be sent to caller. [] []
[2018-11-13 23:26:14] System.DEBUG: No hook definitions found for 'application.dispatch.after'. Available hook definitions [["coinritual.route.beforeDispatch"]] []
[2018-11-13 23:26:14] System.DEBUG: Time taken to finish Request processing {"start":1542151574.614204,"end":1542151574.634201,"elapsed":0.019997119903564453,"uri":"/language"} []
