[2018-11-10 02:58:01] System.INFO: Hooks component initialized [] []
[2018-11-10 02:58:01] System.DEBUG: Adding definition for hook 'coinritual.route.beforeDispatch' for the first time. [] []
[2018-11-10 02:58:01] System.INFO: Route Container initialized [] []
[2018-11-10 02:58:01] System.INFO: Route successfully added to Container {"uri":"~^language$~"} []
[2018-11-10 02:58:01] System.INFO: Route successfully added to Container {"uri":"~^[:params:]?/?oathmaster/?[:named:]?$|^[:params:]?/?observer/?[:named:]?$~"} []
[2018-11-10 02:58:01] System.INFO: Route successfully added to Container {"uri":"~^[:params:]?/?rules/?$~"} []
[2018-11-10 02:58:01] System.INFO: Route successfully added to Container {"uri":"~^[:params:]?/?bloodnamed/?$~"} []
[2018-11-10 02:58:01] System.INFO: Route successfully added to Container {"uri":"~^coinMachine/getResult/?$~"} []
[2018-11-10 02:58:01] System.INFO: Route successfully added to Container {"uri":"~^[:params:]?/?tables/?$~"} []
[2018-11-10 02:58:01] System.INFO: Route successfully added to Container {"uri":"~^fight/save/?$~"} []
[2018-11-10 02:58:01] System.INFO: Route successfully added to Container {"uri":"~^[:params:]?/?$|^[:params:]?/?fame/?$~"} []
[2018-11-10 02:58:01] System.INFO: Shutdown and error handlers have been registered [] []
[2018-11-10 02:58:01] System.INFO: Output manager initialized [] []
[2018-11-10 02:58:01] System.INFO: Application initialized [] []
[2018-11-10 02:58:01] System.DEBUG: No hook definitions found for 'application.init.after'. Available hook definitions [["coinritual.route.beforeDispatch"]] []
[2018-11-10 02:58:01] System.INFO: Beginning process for request. ["[object] (SlaxWeb\\Router\\Request: GET / HTTP/1.0\r\nConnection:       close\r\nHost:             tob.clanwolf.net\r\nUser-Agent:       Mozilla/5.0 (iPad; U; CPU OS 3_2 like Mac OS X; en-us) AppleWebKit/531.21.10 (KHTML, like Gecko) Version/4.0.4 Mobile/7B334b Safari/531.21.10\r\nX-Accel-Internal: /internal-nginx-static-location\r\nX-Forwarded-For:  91.204.24.253\r\nX-Real-Ip:        91.204.24.253\r\n\r\n)"] []
[2018-11-10 02:58:01] System.DEBUG: No hook definitions found for 'application.dispatch.before'. Available hook definitions [["coinritual.route.beforeDispatch"]] []
[2018-11-10 02:58:01] System.INFO: Router Dispatcher initialized [] []
[2018-11-10 02:58:01] System.INFO: Trying to find match for (GET) '' [] []
[2018-11-10 02:58:01] System.INFO: Route match found [] []
[2018-11-10 02:58:01] System.INFO: Calling definition for hook 'coinritual.route.beforeDispatch' [] []
[2018-11-10 02:58:01] System.DEBUG: Hook definition parameters ["[object] (SlaxWeb\\Bootstrap\\Application: {})","[object] (SlaxWeb\\Router\\Route: {})"] []
[2018-11-10 05:02:00] System.INFO: Hooks component initialized [] []
[2018-11-10 05:02:00] System.DEBUG: Adding definition for hook 'coinritual.route.beforeDispatch' for the first time. [] []
[2018-11-10 05:02:00] System.INFO: Route Container initialized [] []
[2018-11-10 05:02:00] System.INFO: Route successfully added to Container {"uri":"~^language$~"} []
[2018-11-10 05:02:00] System.INFO: Route successfully added to Container {"uri":"~^[:params:]?/?oathmaster/?[:named:]?$|^[:params:]?/?observer/?[:named:]?$~"} []
[2018-11-10 05:02:00] System.INFO: Route successfully added to Container {"uri":"~^[:params:]?/?rules/?$~"} []
[2018-11-10 05:02:00] System.INFO: Route successfully added to Container {"uri":"~^[:params:]?/?bloodnamed/?$~"} []
[2018-11-10 05:02:00] System.INFO: Route successfully added to Container {"uri":"~^coinMachine/getResult/?$~"} []
[2018-11-10 05:02:00] System.INFO: Route successfully added to Container {"uri":"~^[:params:]?/?tables/?$~"} []
[2018-11-10 05:02:00] System.INFO: Route successfully added to Container {"uri":"~^fight/save/?$~"} []
[2018-11-10 05:02:00] System.INFO: Route successfully added to Container {"uri":"~^[:params:]?/?$|^[:params:]?/?fame/?$~"} []
[2018-11-10 05:02:00] System.INFO: Shutdown and error handlers have been registered [] []
[2018-11-10 05:02:00] System.INFO: Output manager initialized [] []
[2018-11-10 05:02:00] System.INFO: Application initialized [] []
[2018-11-10 05:02:00] System.DEBUG: No hook definitions found for 'application.init.after'. Available hook definitions [["coinritual.route.beforeDispatch"]] []
[2018-11-10 05:02:00] System.INFO: Beginning process for request. ["[object] (SlaxWeb\\Router\\Request: GET / HTTP/1.0\r\nAccept:           text/html,application/xhtml+xml,application/xml;q=0.9,*/*;q=0.8\r\nAccept-Encoding:  gzip,deflate,br\r\nConnection:       close\r\nFrom:             googlebot(at)googlebot.com\r\nHost:             tob.clanwolf.net\r\nUser-Agent:       Mozilla/5.0 (Linux; Android 6.0.1; Nexus 5X Build/MMB29P) AppleWebKit/537.36 (KHTML, like Gecko) Chrome/41.0.2272.96 Mobile Safari/537.36 (compatible; Googlebot/2.1; +http://www.google.com/bot.html)\r\nX-Accel-Internal: /internal-nginx-static-location\r\nX-Forwarded-For:  66.249.76.68\r\nX-Real-Ip:        66.249.76.68\r\n\r\n)"] []
[2018-11-10 05:02:00] System.DEBUG: No hook definitions found for 'application.dispatch.before'. Available hook definitions [["coinritual.route.beforeDispatch"]] []
[2018-11-10 05:02:00] System.INFO: Router Dispatcher initialized [] []
[2018-11-10 05:02:00] System.INFO: Trying to find match for (GET) '' [] []
[2018-11-10 05:02:00] System.INFO: Route match found [] []
[2018-11-10 05:02:00] System.INFO: Calling definition for hook 'coinritual.route.beforeDispatch' [] []
[2018-11-10 05:02:00] System.DEBUG: Hook definition parameters ["[object] (SlaxWeb\\Bootstrap\\Application: {})","[object] (SlaxWeb\\Router\\Route: {})"] []
[2018-11-10 05:02:01] System.INFO: Hooks component initialized [] []
[2018-11-10 05:02:01] System.DEBUG: Adding definition for hook 'coinritual.route.beforeDispatch' for the first time. [] []
[2018-11-10 05:02:01] System.INFO: Route Container initialized [] []
[2018-11-10 05:02:01] System.INFO: Route successfully added to Container {"uri":"~^language$~"} []
[2018-11-10 05:02:01] System.INFO: Route successfully added to Container {"uri":"~^[:params:]?/?oathmaster/?[:named:]?$|^[:params:]?/?observer/?[:named:]?$~"} []
[2018-11-10 05:02:01] System.INFO: Route successfully added to Container {"uri":"~^[:params:]?/?rules/?$~"} []
[2018-11-10 05:02:01] System.INFO: Route successfully added to Container {"uri":"~^[:params:]?/?bloodnamed/?$~"} []
[2018-11-10 05:02:01] System.INFO: Route successfully added to Container {"uri":"~^coinMachine/getResult/?$~"} []
[2018-11-10 05:02:01] System.INFO: Route successfully added to Container {"uri":"~^[:params:]?/?tables/?$~"} []
[2018-11-10 05:02:01] System.INFO: Route successfully added to Container {"uri":"~^fight/save/?$~"} []
[2018-11-10 05:02:01] System.INFO: Route successfully added to Container {"uri":"~^[:params:]?/?$|^[:params:]?/?fame/?$~"} []
[2018-11-10 05:02:01] System.INFO: Shutdown and error handlers have been registered [] []
[2018-11-10 05:02:01] System.INFO: Output manager initialized [] []
[2018-11-10 05:02:01] System.INFO: Application initialized [] []
[2018-11-10 05:02:01] System.DEBUG: No hook definitions found for 'application.init.after'. Available hook definitions [["coinritual.route.beforeDispatch"]] []
[2018-11-10 05:02:01] System.INFO: Beginning process for request. ["[object] (SlaxWeb\\Router\\Request: GET /language HTTP/1.0\r\nAccept:           text/html,application/xhtml+xml,application/xml;q=0.9,*/*;q=0.8\r\nAccept-Encoding:  gzip,deflate,br\r\nConnection:       close\r\nCookie:           PHPSESSID=rgbkeri6ismdpabelsikjum8j4\r\nFrom:             googlebot(at)googlebot.com\r\nHost:             tob.clanwolf.net\r\nUser-Agent:       Mozilla/5.0 (Linux; Android 6.0.1; Nexus 5X Build/MMB29P) AppleWebKit/537.36 (KHTML, like Gecko) Chrome/41.0.2272.96 Mobile Safari/537.36 (compatible; Googlebot/2.1; +http://www.google.com/bot.html)\r\nX-Accel-Internal: /internal-nginx-static-location\r\nX-Forwarded-For:  66.249.76.65\r\nX-Real-Ip:        66.249.76.65\r\n\r\n)"] []
[2018-11-10 05:02:01] System.DEBUG: No hook definitions found for 'application.dispatch.before'. Available hook definitions [["coinritual.route.beforeDispatch"]] []
[2018-11-10 05:02:01] System.INFO: Router Dispatcher initialized [] []
[2018-11-10 05:02:01] System.INFO: Trying to find match for (GET) 'language' [] []
[2018-11-10 05:02:01] System.INFO: Route match found [] []
[2018-11-10 05:02:01] System.DEBUG: No hook definitions found for 'router.dispatcher.beforeDispatch'. Available hook definitions [["coinritual.route.beforeDispatch"]] []
[2018-11-10 05:02:01] System.INFO: Executing route definition {"name":"~^language$~","action":"[object] (Closure: {})"} []
[2018-11-10 05:02:01] System.DEBUG: No hook definitions found for 'model.translation.before.init'. Available hook definitions [["coinritual.route.beforeDispatch"]] []
[2018-11-10 05:02:01] System.DEBUG: No hook definitions found for 'model.translation.after.init'. Available hook definitions [["coinritual.route.beforeDispatch"]] []
[2018-11-10 05:02:01] System.DEBUG: No hook definitions found for 'model.translation.before.select'. Available hook definitions [["coinritual.route.beforeDispatch"]] []
[2018-11-10 05:02:01] System.DEBUG: No hook definitions found for 'model.translation.after.select'. Available hook definitions [["coinritual.route.beforeDispatch"]] []
[2018-11-10 05:02:01] System.DEBUG: No hook definitions found for 'router.dispatcher.afterDispatch'. Available hook definitions [["coinritual.route.beforeDispatch"]] []
[2018-11-10 05:02:01] System.INFO: Request has finished processing, Response is ready to be sent to caller. [] []
[2018-11-10 05:02:01] System.DEBUG: No hook definitions found for 'application.dispatch.after'. Available hook definitions [["coinritual.route.beforeDispatch"]] []
[2018-11-10 05:02:01] System.DEBUG: Time taken to finish Request processing {"start":1541826121.380483,"end":1541826121.402041,"elapsed":0.021558046340942383,"uri":"/language"} []
[2018-11-10 06:46:15] System.INFO: Hooks component initialized [] []
[2018-11-10 06:46:15] System.DEBUG: Adding definition for hook 'coinritual.route.beforeDispatch' for the first time. [] []
[2018-11-10 06:46:15] System.INFO: Route Container initialized [] []
[2018-11-10 06:46:15] System.INFO: Route successfully added to Container {"uri":"~^language$~"} []
[2018-11-10 06:46:15] System.INFO: Route successfully added to Container {"uri":"~^[:params:]?/?oathmaster/?[:named:]?$|^[:params:]?/?observer/?[:named:]?$~"} []
[2018-11-10 06:46:15] System.INFO: Route successfully added to Container {"uri":"~^[:params:]?/?rules/?$~"} []
[2018-11-10 06:46:15] System.INFO: Route successfully added to Container {"uri":"~^[:params:]?/?bloodnamed/?$~"} []
[2018-11-10 06:46:15] System.INFO: Route successfully added to Container {"uri":"~^coinMachine/getResult/?$~"} []
[2018-11-10 06:46:15] System.INFO: Route successfully added to Container {"uri":"~^[:params:]?/?tables/?$~"} []
[2018-11-10 06:46:15] System.INFO: Route successfully added to Container {"uri":"~^fight/save/?$~"} []
[2018-11-10 06:46:15] System.INFO: Route successfully added to Container {"uri":"~^[:params:]?/?$|^[:params:]?/?fame/?$~"} []
[2018-11-10 06:46:15] System.INFO: Shutdown and error handlers have been registered [] []
[2018-11-10 06:46:15] System.INFO: Output manager initialized [] []
[2018-11-10 06:46:15] System.INFO: Application initialized [] []
[2018-11-10 06:46:15] System.DEBUG: No hook definitions found for 'application.init.after'. Available hook definitions [["coinritual.route.beforeDispatch"]] []
[2018-11-10 06:46:15] System.INFO: Beginning process for request. ["[object] (SlaxWeb\\Router\\Request: GET /home HTTP/1.0\r\nAccept:           */*\r\nAccept-Encoding:  gzip, deflate\r\nCache-Control:    no-cache\r\nConnection:       close\r\nFrom:             bingbot(at)microsoft.com\r\nHost:             tob.clanwolf.net\r\nPragma:           no-cache\r\nUser-Agent:       Mozilla/5.0 (compatible; bingbot/2.0; +http://www.bing.com/bingbot.htm)\r\nX-Accel-Internal: /internal-nginx-static-location\r\nX-Forwarded-For:  40.77.167.89\r\nX-Real-Ip:        40.77.167.89\r\n\r\n)"] []
[2018-11-10 06:46:15] System.DEBUG: No hook definitions found for 'application.dispatch.before'. Available hook definitions [["coinritual.route.beforeDispatch"]] []
[2018-11-10 06:46:15] System.INFO: Router Dispatcher initialized [] []
[2018-11-10 06:46:15] System.INFO: Trying to find match for (GET) 'home' [] []
[2018-11-10 06:46:15] System.INFO: Route match found [] []
[2018-11-10 06:46:15] System.INFO: Calling definition for hook 'coinritual.route.beforeDispatch' [] []
[2018-11-10 06:46:15] System.DEBUG: Hook definition parameters ["[object] (SlaxWeb\\Bootstrap\\Application: {})","[object] (SlaxWeb\\Router\\Route: {})"] []
[2018-11-10 06:46:18] System.INFO: Hooks component initialized [] []
[2018-11-10 06:46:18] System.DEBUG: Adding definition for hook 'coinritual.route.beforeDispatch' for the first time. [] []
[2018-11-10 06:46:18] System.INFO: Route Container initialized [] []
[2018-11-10 06:46:18] System.INFO: Route successfully added to Container {"uri":"~^language$~"} []
[2018-11-10 06:46:18] System.INFO: Route successfully added to Container {"uri":"~^[:params:]?/?oathmaster/?[:named:]?$|^[:params:]?/?observer/?[:named:]?$~"} []
[2018-11-10 06:46:18] System.INFO: Route successfully added to Container {"uri":"~^[:params:]?/?rules/?$~"} []
[2018-11-10 06:46:18] System.INFO: Route successfully added to Container {"uri":"~^[:params:]?/?bloodnamed/?$~"} []
[2018-11-10 06:46:18] System.INFO: Route successfully added to Container {"uri":"~^coinMachine/getResult/?$~"} []
[2018-11-10 06:46:18] System.INFO: Route successfully added to Container {"uri":"~^[:params:]?/?tables/?$~"} []
[2018-11-10 06:46:18] System.INFO: Route successfully added to Container {"uri":"~^fight/save/?$~"} []
[2018-11-10 06:46:18] System.INFO: Route successfully added to Container {"uri":"~^[:params:]?/?$|^[:params:]?/?fame/?$~"} []
[2018-11-10 06:46:18] System.INFO: Shutdown and error handlers have been registered [] []
[2018-11-10 06:46:18] System.INFO: Output manager initialized [] []
[2018-11-10 06:46:18] System.INFO: Application initialized [] []
[2018-11-10 06:46:18] System.DEBUG: No hook definitions found for 'application.init.after'. Available hook definitions [["coinritual.route.beforeDispatch"]] []
[2018-11-10 06:46:18] System.INFO: Beginning process for request. ["[object] (SlaxWeb\\Router\\Request: GET /language HTTP/1.0\r\nAccept:           */*\r\nAccept-Encoding:  gzip, deflate\r\nCache-Control:    no-cache\r\nConnection:       close\r\nFrom:             bingbot(at)microsoft.com\r\nHost:             tob.clanwolf.net\r\nPragma:           no-cache\r\nUser-Agent:       Mozilla/5.0 (compatible; bingbot/2.0; +http://www.bing.com/bingbot.htm)\r\nX-Accel-Internal: /internal-nginx-static-location\r\nX-Forwarded-For:  40.77.167.89\r\nX-Real-Ip:        40.77.167.89\r\n\r\n)"] []
[2018-11-10 06:46:18] System.DEBUG: No hook definitions found for 'application.dispatch.before'. Available hook definitions [["coinritual.route.beforeDispatch"]] []
[2018-11-10 06:46:18] System.INFO: Router Dispatcher initialized [] []
[2018-11-10 06:46:18] System.INFO: Trying to find match for (GET) 'language' [] []
[2018-11-10 06:46:18] System.INFO: Route match found [] []
[2018-11-10 06:46:18] System.DEBUG: No hook definitions found for 'router.dispatcher.beforeDispatch'. Available hook definitions [["coinritual.route.beforeDispatch"]] []
[2018-11-10 06:46:18] System.INFO: Executing route definition {"name":"~^language$~","action":"[object] (Closure: {})"} []
[2018-11-10 06:46:18] System.DEBUG: No hook definitions found for 'model.translation.before.init'. Available hook definitions [["coinritual.route.beforeDispatch"]] []
[2018-11-10 06:46:18] System.DEBUG: No hook definitions found for 'model.translation.after.init'. Available hook definitions [["coinritual.route.beforeDispatch"]] []
[2018-11-10 06:46:18] System.DEBUG: No hook definitions found for 'model.translation.before.select'. Available hook definitions [["coinritual.route.beforeDispatch"]] []
[2018-11-10 06:46:18] System.DEBUG: No hook definitions found for 'model.translation.after.select'. Available hook definitions [["coinritual.route.beforeDispatch"]] []
[2018-11-10 06:46:18] System.DEBUG: No hook definitions found for 'router.dispatcher.afterDispatch'. Available hook definitions [["coinritual.route.beforeDispatch"]] []
[2018-11-10 06:46:18] System.INFO: Request has finished processing, Response is ready to be sent to caller. [] []
[2018-11-10 06:46:18] System.DEBUG: No hook definitions found for 'application.dispatch.after'. Available hook definitions [["coinritual.route.beforeDispatch"]] []
[2018-11-10 06:46:18] System.DEBUG: Time taken to finish Request processing {"start":1541832378.86925,"end":1541832378.890171,"elapsed":0.020920991897583008,"uri":"/language"} []
[2018-11-10 09:36:43] System.INFO: Hooks component initialized [] []
[2018-11-10 09:36:43] System.DEBUG: Adding definition for hook 'coinritual.route.beforeDispatch' for the first time. [] []
[2018-11-10 09:36:43] System.INFO: Route Container initialized [] []
[2018-11-10 09:36:43] System.INFO: Route successfully added to Container {"uri":"~^language$~"} []
[2018-11-10 09:36:43] System.INFO: Route successfully added to Container {"uri":"~^[:params:]?/?oathmaster/?[:named:]?$|^[:params:]?/?observer/?[:named:]?$~"} []
[2018-11-10 09:36:43] System.INFO: Route successfully added to Container {"uri":"~^[:params:]?/?rules/?$~"} []
[2018-11-10 09:36:43] System.INFO: Route successfully added to Container {"uri":"~^[:params:]?/?bloodnamed/?$~"} []
[2018-11-10 09:36:43] System.INFO: Route successfully added to Container {"uri":"~^coinMachine/getResult/?$~"} []
[2018-11-10 09:36:43] System.INFO: Route successfully added to Container {"uri":"~^[:params:]?/?tables/?$~"} []
[2018-11-10 09:36:43] System.INFO: Route successfully added to Container {"uri":"~^fight/save/?$~"} []
[2018-11-10 09:36:43] System.INFO: Route successfully added to Container {"uri":"~^[:params:]?/?$|^[:params:]?/?fame/?$~"} []
[2018-11-10 09:36:43] System.INFO: Shutdown and error handlers have been registered [] []
[2018-11-10 09:36:43] System.INFO: Output manager initialized [] []
[2018-11-10 09:36:43] System.INFO: Application initialized [] []
[2018-11-10 09:36:43] System.DEBUG: No hook definitions found for 'application.init.after'. Available hook definitions [["coinritual.route.beforeDispatch"]] []
[2018-11-10 09:36:43] System.INFO: Beginning process for request. ["[object] (SlaxWeb\\Router\\Request: GET /index.php?/language HTTP/1.0\r\nAccept:           text/html,text/plain,text/xml,text/*,application/xml,application/xhtml+xml,application/rss+xml,application/atom+xml,application/rdf+xml,application/php,application/x-php,application/x-httpd-php\r\nAccept-Language:  en\r\nConnection:       close\r\nHost:             tob.clanwolf.net\r\nUser-Agent:       Mozilla/5.0 (compatible; MJ12bot/v1.4.8; http://mj12bot.com/)\r\nX-Accel-Internal: /internal-nginx-static-location\r\nX-Forwarded-For:  148.251.244.137\r\nX-Real-Ip:        148.251.244.137\r\n\r\n)"] []
[2018-11-10 09:36:43] System.DEBUG: No hook definitions found for 'application.dispatch.before'. Available hook definitions [["coinritual.route.beforeDispatch"]] []
[2018-11-10 09:36:43] System.INFO: Router Dispatcher initialized [] []
[2018-11-10 09:36:43] System.INFO: Trying to find match for (GET) '' [] []
[2018-11-10 09:36:43] System.INFO: Route match found [] []
[2018-11-10 09:36:43] System.INFO: Calling definition for hook 'coinritual.route.beforeDispatch' [] []
[2018-11-10 09:36:43] System.DEBUG: Hook definition parameters ["[object] (SlaxWeb\\Bootstrap\\Application: {})","[object] (SlaxWeb\\Router\\Route: {})"] []
[2018-11-10 09:36:45] System.INFO: Hooks component initialized [] []
[2018-11-10 09:36:45] System.DEBUG: Adding definition for hook 'coinritual.route.beforeDispatch' for the first time. [] []
[2018-11-10 09:36:45] System.INFO: Route Container initialized [] []
[2018-11-10 09:36:45] System.INFO: Route successfully added to Container {"uri":"~^language$~"} []
[2018-11-10 09:36:45] System.INFO: Route successfully added to Container {"uri":"~^[:params:]?/?oathmaster/?[:named:]?$|^[:params:]?/?observer/?[:named:]?$~"} []
[2018-11-10 09:36:45] System.INFO: Route successfully added to Container {"uri":"~^[:params:]?/?rules/?$~"} []
[2018-11-10 09:36:45] System.INFO: Route successfully added to Container {"uri":"~^[:params:]?/?bloodnamed/?$~"} []
[2018-11-10 09:36:45] System.INFO: Route successfully added to Container {"uri":"~^coinMachine/getResult/?$~"} []
[2018-11-10 09:36:45] System.INFO: Route successfully added to Container {"uri":"~^[:params:]?/?tables/?$~"} []
[2018-11-10 09:36:45] System.INFO: Route successfully added to Container {"uri":"~^fight/save/?$~"} []
[2018-11-10 09:36:45] System.INFO: Route successfully added to Container {"uri":"~^[:params:]?/?$|^[:params:]?/?fame/?$~"} []
[2018-11-10 09:36:45] System.INFO: Shutdown and error handlers have been registered [] []
[2018-11-10 09:36:45] System.INFO: Output manager initialized [] []
[2018-11-10 09:36:45] System.INFO: Application initialized [] []
[2018-11-10 09:36:45] System.DEBUG: No hook definitions found for 'application.init.after'. Available hook definitions [["coinritual.route.beforeDispatch"]] []
[2018-11-10 09:36:45] System.INFO: Beginning process for request. ["[object] (SlaxWeb\\Router\\Request: GET /language HTTP/1.0\r\nAccept:           text/html,text/plain,text/xml,text/*,application/xml,application/xhtml+xml,application/rss+xml,application/atom+xml,application/rdf+xml,application/php,application/x-php,application/x-httpd-php\r\nAccept-Language:  en\r\nConnection:       close\r\nHost:             tob.clanwolf.net\r\nUser-Agent:       Mozilla/5.0 (compatible; MJ12bot/v1.4.8; http://mj12bot.com/)\r\nX-Accel-Internal: /internal-nginx-static-location\r\nX-Forwarded-For:  148.251.244.137\r\nX-Real-Ip:        148.251.244.137\r\n\r\n)"] []
[2018-11-10 09:36:45] System.DEBUG: No hook definitions found for 'application.dispatch.before'. Available hook definitions [["coinritual.route.beforeDispatch"]] []
[2018-11-10 09:36:45] System.INFO: Router Dispatcher initialized [] []
[2018-11-10 09:36:45] System.INFO: Trying to find match for (GET) 'language' [] []
[2018-11-10 09:36:45] System.INFO: Route match found [] []
[2018-11-10 09:36:45] System.DEBUG: No hook definitions found for 'router.dispatcher.beforeDispatch'. Available hook definitions [["coinritual.route.beforeDispatch"]] []
[2018-11-10 09:36:45] System.INFO: Executing route definition {"name":"~^language$~","action":"[object] (Closure: {})"} []
[2018-11-10 09:36:45] System.DEBUG: No hook definitions found for 'model.translation.before.init'. Available hook definitions [["coinritual.route.beforeDispatch"]] []
[2018-11-10 09:36:45] System.DEBUG: No hook definitions found for 'model.translation.after.init'. Available hook definitions [["coinritual.route.beforeDispatch"]] []
[2018-11-10 09:36:45] System.DEBUG: No hook definitions found for 'model.translation.before.select'. Available hook definitions [["coinritual.route.beforeDispatch"]] []
[2018-11-10 09:36:45] System.DEBUG: No hook definitions found for 'model.translation.after.select'. Available hook definitions [["coinritual.route.beforeDispatch"]] []
[2018-11-10 09:36:45] System.DEBUG: No hook definitions found for 'router.dispatcher.afterDispatch'. Available hook definitions [["coinritual.route.beforeDispatch"]] []
[2018-11-10 09:36:45] System.INFO: Request has finished processing, Response is ready to be sent to caller. [] []
[2018-11-10 09:36:45] System.DEBUG: No hook definitions found for 'application.dispatch.after'. Available hook definitions [["coinritual.route.beforeDispatch"]] []
[2018-11-10 09:36:45] System.DEBUG: Time taken to finish Request processing {"start":1541842605.166433,"end":1541842605.187292,"elapsed":0.0208590030670166,"uri":"/language"} []
[2018-11-10 09:36:46] System.INFO: Hooks component initialized [] []
[2018-11-10 09:36:46] System.DEBUG: Adding definition for hook 'coinritual.route.beforeDispatch' for the first time. [] []
[2018-11-10 09:36:46] System.INFO: Route Container initialized [] []
[2018-11-10 09:36:46] System.INFO: Route successfully added to Container {"uri":"~^language$~"} []
[2018-11-10 09:36:46] System.INFO: Route successfully added to Container {"uri":"~^[:params:]?/?oathmaster/?[:named:]?$|^[:params:]?/?observer/?[:named:]?$~"} []
[2018-11-10 09:36:46] System.INFO: Route successfully added to Container {"uri":"~^[:params:]?/?rules/?$~"} []
[2018-11-10 09:36:46] System.INFO: Route successfully added to Container {"uri":"~^[:params:]?/?bloodnamed/?$~"} []
[2018-11-10 09:36:46] System.INFO: Route successfully added to Container {"uri":"~^coinMachine/getResult/?$~"} []
[2018-11-10 09:36:46] System.INFO: Route successfully added to Container {"uri":"~^[:params:]?/?tables/?$~"} []
[2018-11-10 09:36:46] System.INFO: Route successfully added to Container {"uri":"~^fight/save/?$~"} []
[2018-11-10 09:36:46] System.INFO: Route successfully added to Container {"uri":"~^[:params:]?/?$|^[:params:]?/?fame/?$~"} []
[2018-11-10 09:36:46] System.INFO: Shutdown and error handlers have been registered [] []
[2018-11-10 09:36:46] System.INFO: Output manager initialized [] []
[2018-11-10 09:36:46] System.INFO: Application initialized [] []
[2018-11-10 09:36:46] System.DEBUG: No hook definitions found for 'application.init.after'. Available hook definitions [["coinritual.route.beforeDispatch"]] []
[2018-11-10 09:36:46] System.INFO: Beginning process for request. ["[object] (SlaxWeb\\Router\\Request: GET /language HTTP/1.0\r\nAccept:           text/html,text/plain,text/xml,text/*,application/xml,application/xhtml+xml,application/rss+xml,application/atom+xml,application/rdf+xml,application/php,application/x-php,application/x-httpd-php\r\nAccept-Encoding:  gzip\r\nAccept-Language:  en\r\nConnection:       close\r\nHost:             tob.clanwolf.net\r\nUser-Agent:       Mozilla/5.0 (compatible; MJ12bot/v1.4.8; http://mj12bot.com/)\r\nX-Accel-Internal: /internal-nginx-static-location\r\nX-Forwarded-For:  148.251.244.137\r\nX-Real-Ip:        148.251.244.137\r\n\r\n)"] []
[2018-11-10 09:36:46] System.DEBUG: No hook definitions found for 'application.dispatch.before'. Available hook definitions [["coinritual.route.beforeDispatch"]] []
[2018-11-10 09:36:46] System.INFO: Router Dispatcher initialized [] []
[2018-11-10 09:36:46] System.INFO: Trying to find match for (GET) 'language' [] []
[2018-11-10 09:36:46] System.INFO: Route match found [] []
[2018-11-10 09:36:46] System.DEBUG: No hook definitions found for 'router.dispatcher.beforeDispatch'. Available hook definitions [["coinritual.route.beforeDispatch"]] []
[2018-11-10 09:36:46] System.INFO: Executing route definition {"name":"~^language$~","action":"[object] (Closure: {})"} []
[2018-11-10 09:36:46] System.DEBUG: No hook definitions found for 'model.translation.before.init'. Available hook definitions [["coinritual.route.beforeDispatch"]] []
[2018-11-10 09:36:46] System.DEBUG: No hook definitions found for 'model.translation.after.init'. Available hook definitions [["coinritual.route.beforeDispatch"]] []
[2018-11-10 09:36:46] System.DEBUG: No hook definitions found for 'model.translation.before.select'. Available hook definitions [["coinritual.route.beforeDispatch"]] []
[2018-11-10 09:36:46] System.DEBUG: No hook definitions found for 'model.translation.after.select'. Available hook definitions [["coinritual.route.beforeDispatch"]] []
[2018-11-10 09:36:46] System.DEBUG: No hook definitions found for 'router.dispatcher.afterDispatch'. Available hook definitions [["coinritual.route.beforeDispatch"]] []
[2018-11-10 09:36:46] System.INFO: Request has finished processing, Response is ready to be sent to caller. [] []
[2018-11-10 09:36:46] System.DEBUG: No hook definitions found for 'application.dispatch.after'. Available hook definitions [["coinritual.route.beforeDispatch"]] []
[2018-11-10 09:36:46] System.DEBUG: Time taken to finish Request processing {"start":1541842606.829864,"end":1541842606.842014,"elapsed":0.012150049209594727,"uri":"/language"} []
[2018-11-10 10:53:29] System.INFO: Hooks component initialized [] []
[2018-11-10 10:53:29] System.DEBUG: Adding definition for hook 'coinritual.route.beforeDispatch' for the first time. [] []
[2018-11-10 10:53:29] System.INFO: Route Container initialized [] []
[2018-11-10 10:53:29] System.INFO: Route successfully added to Container {"uri":"~^language$~"} []
[2018-11-10 10:53:29] System.INFO: Route successfully added to Container {"uri":"~^[:params:]?/?oathmaster/?[:named:]?$|^[:params:]?/?observer/?[:named:]?$~"} []
[2018-11-10 10:53:29] System.INFO: Route successfully added to Container {"uri":"~^[:params:]?/?rules/?$~"} []
[2018-11-10 10:53:29] System.INFO: Route successfully added to Container {"uri":"~^[:params:]?/?bloodnamed/?$~"} []
[2018-11-10 10:53:29] System.INFO: Route successfully added to Container {"uri":"~^coinMachine/getResult/?$~"} []
[2018-11-10 10:53:29] System.INFO: Route successfully added to Container {"uri":"~^[:params:]?/?tables/?$~"} []
[2018-11-10 10:53:29] System.INFO: Route successfully added to Container {"uri":"~^fight/save/?$~"} []
[2018-11-10 10:53:29] System.INFO: Route successfully added to Container {"uri":"~^[:params:]?/?$|^[:params:]?/?fame/?$~"} []
[2018-11-10 10:53:29] System.INFO: Shutdown and error handlers have been registered [] []
[2018-11-10 10:53:29] System.INFO: Output manager initialized [] []
[2018-11-10 10:53:29] System.INFO: Application initialized [] []
[2018-11-10 10:53:29] System.DEBUG: No hook definitions found for 'application.init.after'. Available hook definitions [["coinritual.route.beforeDispatch"]] []
[2018-11-10 10:53:29] System.INFO: Beginning process for request. ["[object] (SlaxWeb\\Router\\Request: GET /home HTTP/1.0\r\nAccept:           */*\r\nAccept-Language:  en-US\r\nConnection:       close\r\nHost:             tob.clanwolf.net\r\nUser-Agent:       Mozilla/5.0 (compatible; Baiduspider/2.0; +http://www.baidu.com/search/spider.html)\r\nX-Accel-Internal: /internal-nginx-static-location\r\nX-Forwarded-For:  180.76.15.139\r\nX-Real-Ip:        180.76.15.139\r\n\r\n)"] []
[2018-11-10 10:53:29] System.DEBUG: No hook definitions found for 'application.dispatch.before'. Available hook definitions [["coinritual.route.beforeDispatch"]] []
[2018-11-10 10:53:29] System.INFO: Router Dispatcher initialized [] []
[2018-11-10 10:53:29] System.INFO: Trying to find match for (GET) 'home' [] []
[2018-11-10 10:53:29] System.INFO: Route match found [] []
[2018-11-10 10:53:29] System.INFO: Calling definition for hook 'coinritual.route.beforeDispatch' [] []
[2018-11-10 10:53:29] System.DEBUG: Hook definition parameters ["[object] (SlaxWeb\\Bootstrap\\Application: {})","[object] (SlaxWeb\\Router\\Route: {})"] []
[2018-11-10 12:32:39] System.INFO: Hooks component initialized [] []
[2018-11-10 12:32:39] System.DEBUG: Adding definition for hook 'coinritual.route.beforeDispatch' for the first time. [] []
[2018-11-10 12:32:39] System.INFO: Route Container initialized [] []
[2018-11-10 12:32:39] System.INFO: Route successfully added to Container {"uri":"~^language$~"} []
[2018-11-10 12:32:39] System.INFO: Route successfully added to Container {"uri":"~^[:params:]?/?oathmaster/?[:named:]?$|^[:params:]?/?observer/?[:named:]?$~"} []
[2018-11-10 12:32:39] System.INFO: Route successfully added to Container {"uri":"~^[:params:]?/?rules/?$~"} []
[2018-11-10 12:32:39] System.INFO: Route successfully added to Container {"uri":"~^[:params:]?/?bloodnamed/?$~"} []
[2018-11-10 12:32:39] System.INFO: Route successfully added to Container {"uri":"~^coinMachine/getResult/?$~"} []
[2018-11-10 12:32:39] System.INFO: Route successfully added to Container {"uri":"~^[:params:]?/?tables/?$~"} []
[2018-11-10 12:32:39] System.INFO: Route successfully added to Container {"uri":"~^fight/save/?$~"} []
[2018-11-10 12:32:39] System.INFO: Route successfully added to Container {"uri":"~^[:params:]?/?$|^[:params:]?/?fame/?$~"} []
[2018-11-10 12:32:39] System.INFO: Shutdown and error handlers have been registered [] []
[2018-11-10 12:32:39] System.INFO: Output manager initialized [] []
[2018-11-10 12:32:39] System.INFO: Application initialized [] []
[2018-11-10 12:32:39] System.DEBUG: No hook definitions found for 'application.init.after'. Available hook definitions [["coinritual.route.beforeDispatch"]] []
[2018-11-10 12:32:39] System.INFO: Beginning process for request. ["[object] (SlaxWeb\\Router\\Request: GET / HTTP/1.0\r\nAccept:           */*\r\nAccept-Encoding:  gzip, deflate\r\nCache-Control:    no-cache\r\nConnection:       close\r\nFrom:             bingbot(at)microsoft.com\r\nHost:             tob.clanwolf.net\r\nPragma:           no-cache\r\nUser-Agent:       Mozilla/5.0 (compatible; bingbot/2.0; +http://www.bing.com/bingbot.htm)\r\nX-Accel-Internal: /internal-nginx-static-location\r\nX-Forwarded-For:  40.77.167.102\r\nX-Real-Ip:        40.77.167.102\r\n\r\n)"] []
[2018-11-10 12:32:39] System.DEBUG: No hook definitions found for 'application.dispatch.before'. Available hook definitions [["coinritual.route.beforeDispatch"]] []
[2018-11-10 12:32:39] System.INFO: Router Dispatcher initialized [] []
[2018-11-10 12:32:39] System.INFO: Trying to find match for (GET) '' [] []
[2018-11-10 12:32:39] System.INFO: Route match found [] []
[2018-11-10 12:32:39] System.INFO: Calling definition for hook 'coinritual.route.beforeDispatch' [] []
[2018-11-10 12:32:39] System.DEBUG: Hook definition parameters ["[object] (SlaxWeb\\Bootstrap\\Application: {})","[object] (SlaxWeb\\Router\\Route: {})"] []
[2018-11-10 12:58:07] System.INFO: Hooks component initialized [] []
[2018-11-10 12:58:07] System.DEBUG: Adding definition for hook 'coinritual.route.beforeDispatch' for the first time. [] []
[2018-11-10 12:58:07] System.INFO: Route Container initialized [] []
[2018-11-10 12:58:07] System.INFO: Route successfully added to Container {"uri":"~^language$~"} []
[2018-11-10 12:58:07] System.INFO: Route successfully added to Container {"uri":"~^[:params:]?/?oathmaster/?[:named:]?$|^[:params:]?/?observer/?[:named:]?$~"} []
[2018-11-10 12:58:07] System.INFO: Route successfully added to Container {"uri":"~^[:params:]?/?rules/?$~"} []
[2018-11-10 12:58:07] System.INFO: Route successfully added to Container {"uri":"~^[:params:]?/?bloodnamed/?$~"} []
[2018-11-10 12:58:07] System.INFO: Route successfully added to Container {"uri":"~^coinMachine/getResult/?$~"} []
[2018-11-10 12:58:07] System.INFO: Route successfully added to Container {"uri":"~^[:params:]?/?tables/?$~"} []
[2018-11-10 12:58:07] System.INFO: Route successfully added to Container {"uri":"~^fight/save/?$~"} []
[2018-11-10 12:58:07] System.INFO: Route successfully added to Container {"uri":"~^[:params:]?/?$|^[:params:]?/?fame/?$~"} []
[2018-11-10 12:58:07] System.INFO: Shutdown and error handlers have been registered [] []
[2018-11-10 12:58:07] System.INFO: Output manager initialized [] []
[2018-11-10 12:58:07] System.INFO: Application initialized [] []
[2018-11-10 12:58:07] System.DEBUG: No hook definitions found for 'application.init.after'. Available hook definitions [["coinritual.route.beforeDispatch"]] []
[2018-11-10 12:58:07] System.INFO: Beginning process for request. ["[object] (SlaxWeb\\Router\\Request: GET /index.php?/language HTTP/1.0\r\nAccept:           */*\r\nAccept-Language:  en-US\r\nConnection:       close\r\nHost:             tob.clanwolf.net\r\nUser-Agent:       Mozilla/5.0 (compatible; Baiduspider/2.0; +http://www.baidu.com/search/spider.html)\r\nX-Accel-Internal: /internal-nginx-static-location\r\nX-Forwarded-For:  180.76.15.156\r\nX-Real-Ip:        180.76.15.156\r\n\r\n)"] []
[2018-11-10 12:58:07] System.DEBUG: No hook definitions found for 'application.dispatch.before'. Available hook definitions [["coinritual.route.beforeDispatch"]] []
[2018-11-10 12:58:07] System.INFO: Router Dispatcher initialized [] []
[2018-11-10 12:58:07] System.INFO: Trying to find match for (GET) '' [] []
[2018-11-10 12:58:07] System.INFO: Route match found [] []
[2018-11-10 12:58:07] System.INFO: Calling definition for hook 'coinritual.route.beforeDispatch' [] []
[2018-11-10 12:58:07] System.DEBUG: Hook definition parameters ["[object] (SlaxWeb\\Bootstrap\\Application: {})","[object] (SlaxWeb\\Router\\Route: {})"] []
[2018-11-10 12:58:08] System.INFO: Hooks component initialized [] []
[2018-11-10 12:58:08] System.DEBUG: Adding definition for hook 'coinritual.route.beforeDispatch' for the first time. [] []
[2018-11-10 12:58:08] System.INFO: Route Container initialized [] []
[2018-11-10 12:58:08] System.INFO: Route successfully added to Container {"uri":"~^language$~"} []
[2018-11-10 12:58:08] System.INFO: Route successfully added to Container {"uri":"~^[:params:]?/?oathmaster/?[:named:]?$|^[:params:]?/?observer/?[:named:]?$~"} []
[2018-11-10 12:58:08] System.INFO: Route successfully added to Container {"uri":"~^[:params:]?/?rules/?$~"} []
[2018-11-10 12:58:08] System.INFO: Route successfully added to Container {"uri":"~^[:params:]?/?bloodnamed/?$~"} []
[2018-11-10 12:58:08] System.INFO: Route successfully added to Container {"uri":"~^coinMachine/getResult/?$~"} []
[2018-11-10 12:58:08] System.INFO: Route successfully added to Container {"uri":"~^[:params:]?/?tables/?$~"} []
[2018-11-10 12:58:08] System.INFO: Route successfully added to Container {"uri":"~^fight/save/?$~"} []
[2018-11-10 12:58:08] System.INFO: Route successfully added to Container {"uri":"~^[:params:]?/?$|^[:params:]?/?fame/?$~"} []
[2018-11-10 12:58:08] System.INFO: Shutdown and error handlers have been registered [] []
[2018-11-10 12:58:08] System.INFO: Output manager initialized [] []
[2018-11-10 12:58:08] System.INFO: Application initialized [] []
[2018-11-10 12:58:08] System.DEBUG: No hook definitions found for 'application.init.after'. Available hook definitions [["coinritual.route.beforeDispatch"]] []
[2018-11-10 12:58:08] System.INFO: Beginning process for request. ["[object] (SlaxWeb\\Router\\Request: GET /language HTTP/1.0\r\nAccept:           */*\r\nAccept-Language:  en-US\r\nConnection:       close\r\nCookie:           PHPSESSID=d5raois88bciakcuhilcvtqrmd;\r\nHost:             tob.clanwolf.net\r\nUser-Agent:       Mozilla/5.0 (compatible; Baiduspider/2.0; +http://www.baidu.com/search/spider.html)\r\nX-Accel-Internal: /internal-nginx-static-location\r\nX-Forwarded-For:  180.76.15.162\r\nX-Real-Ip:        180.76.15.162\r\n\r\n)"] []
[2018-11-10 12:58:08] System.DEBUG: No hook definitions found for 'application.dispatch.before'. Available hook definitions [["coinritual.route.beforeDispatch"]] []
[2018-11-10 12:58:08] System.INFO: Router Dispatcher initialized [] []
[2018-11-10 12:58:08] System.INFO: Trying to find match for (GET) 'language' [] []
[2018-11-10 12:58:08] System.INFO: Route match found [] []
[2018-11-10 12:58:08] System.DEBUG: No hook definitions found for 'router.dispatcher.beforeDispatch'. Available hook definitions [["coinritual.route.beforeDispatch"]] []
[2018-11-10 12:58:08] System.INFO: Executing route definition {"name":"~^language$~","action":"[object] (Closure: {})"} []
[2018-11-10 12:58:08] System.DEBUG: No hook definitions found for 'model.translation.before.init'. Available hook definitions [["coinritual.route.beforeDispatch"]] []
[2018-11-10 12:58:08] System.DEBUG: No hook definitions found for 'model.translation.after.init'. Available hook definitions [["coinritual.route.beforeDispatch"]] []
[2018-11-10 12:58:08] System.DEBUG: No hook definitions found for 'model.translation.before.select'. Available hook definitions [["coinritual.route.beforeDispatch"]] []
[2018-11-10 12:58:08] System.DEBUG: No hook definitions found for 'model.translation.after.select'. Available hook definitions [["coinritual.route.beforeDispatch"]] []
[2018-11-10 12:58:08] System.DEBUG: No hook definitions found for 'router.dispatcher.afterDispatch'. Available hook definitions [["coinritual.route.beforeDispatch"]] []
[2018-11-10 12:58:08] System.INFO: Request has finished processing, Response is ready to be sent to caller. [] []
[2018-11-10 12:58:08] System.DEBUG: No hook definitions found for 'application.dispatch.after'. Available hook definitions [["coinritual.route.beforeDispatch"]] []
[2018-11-10 12:58:08] System.DEBUG: Time taken to finish Request processing {"start":1541854688.689428,"end":1541854688.713161,"elapsed":0.023732900619506836,"uri":"/language"} []
[2018-11-10 16:52:16] System.INFO: Hooks component initialized [] []
[2018-11-10 16:52:16] System.DEBUG: Adding definition for hook 'coinritual.route.beforeDispatch' for the first time. [] []
[2018-11-10 16:52:16] System.INFO: Route Container initialized [] []
[2018-11-10 16:52:16] System.INFO: Route successfully added to Container {"uri":"~^language$~"} []
[2018-11-10 16:52:16] System.INFO: Route successfully added to Container {"uri":"~^[:params:]?/?oathmaster/?[:named:]?$|^[:params:]?/?observer/?[:named:]?$~"} []
[2018-11-10 16:52:16] System.INFO: Route successfully added to Container {"uri":"~^[:params:]?/?rules/?$~"} []
[2018-11-10 16:52:16] System.INFO: Route successfully added to Container {"uri":"~^[:params:]?/?bloodnamed/?$~"} []
[2018-11-10 16:52:16] System.INFO: Route successfully added to Container {"uri":"~^coinMachine/getResult/?$~"} []
[2018-11-10 16:52:16] System.INFO: Route successfully added to Container {"uri":"~^[:params:]?/?tables/?$~"} []
[2018-11-10 16:52:16] System.INFO: Route successfully added to Container {"uri":"~^fight/save/?$~"} []
[2018-11-10 16:52:16] System.INFO: Route successfully added to Container {"uri":"~^[:params:]?/?$|^[:params:]?/?fame/?$~"} []
[2018-11-10 16:52:16] System.INFO: Shutdown and error handlers have been registered [] []
[2018-11-10 16:52:16] System.INFO: Output manager initialized [] []
[2018-11-10 16:52:16] System.INFO: Application initialized [] []
[2018-11-10 16:52:16] System.DEBUG: No hook definitions found for 'application.init.after'. Available hook definitions [["coinritual.route.beforeDispatch"]] []
[2018-11-10 16:52:16] System.INFO: Beginning process for request. ["[object] (SlaxWeb\\Router\\Request: GET / HTTP/1.0\r\nAccept:           */*\r\nAccept-Encoding:  gzip,deflate\r\nAccept-Language:  ru, uk;q=0.8, be;q=0.8, en;q=0.7, *;q=0.01\r\nConnection:       close\r\nFrom:             support@search.yandex.ru\r\nHost:             tob.clanwolf.net\r\nUser-Agent:       Mozilla/5.0 (compatible; YandexBot/3.0; +http://yandex.com/bots)\r\nX-Accel-Internal: /internal-nginx-static-location\r\nX-Forwarded-For:  5.255.251.5\r\nX-Real-Ip:        5.255.251.5\r\n\r\n)"] []
[2018-11-10 16:52:16] System.DEBUG: No hook definitions found for 'application.dispatch.before'. Available hook definitions [["coinritual.route.beforeDispatch"]] []
[2018-11-10 16:52:16] System.INFO: Router Dispatcher initialized [] []
[2018-11-10 16:52:16] System.INFO: Trying to find match for (GET) '' [] []
[2018-11-10 16:52:16] System.INFO: Route match found [] []
[2018-11-10 16:52:16] System.INFO: Calling definition for hook 'coinritual.route.beforeDispatch' [] []
[2018-11-10 16:52:16] System.DEBUG: Hook definition parameters ["[object] (SlaxWeb\\Bootstrap\\Application: {})","[object] (SlaxWeb\\Router\\Route: {})"] []
[2018-11-10 16:52:27] System.INFO: Hooks component initialized [] []
[2018-11-10 16:52:27] System.DEBUG: Adding definition for hook 'coinritual.route.beforeDispatch' for the first time. [] []
[2018-11-10 16:52:27] System.INFO: Route Container initialized [] []
[2018-11-10 16:52:27] System.INFO: Route successfully added to Container {"uri":"~^language$~"} []
[2018-11-10 16:52:27] System.INFO: Route successfully added to Container {"uri":"~^[:params:]?/?oathmaster/?[:named:]?$|^[:params:]?/?observer/?[:named:]?$~"} []
[2018-11-10 16:52:27] System.INFO: Route successfully added to Container {"uri":"~^[:params:]?/?rules/?$~"} []
[2018-11-10 16:52:27] System.INFO: Route successfully added to Container {"uri":"~^[:params:]?/?bloodnamed/?$~"} []
[2018-11-10 16:52:27] System.INFO: Route successfully added to Container {"uri":"~^coinMachine/getResult/?$~"} []
[2018-11-10 16:52:27] System.INFO: Route successfully added to Container {"uri":"~^[:params:]?/?tables/?$~"} []
[2018-11-10 16:52:27] System.INFO: Route successfully added to Container {"uri":"~^fight/save/?$~"} []
[2018-11-10 16:52:27] System.INFO: Route successfully added to Container {"uri":"~^[:params:]?/?$|^[:params:]?/?fame/?$~"} []
[2018-11-10 16:52:27] System.INFO: Shutdown and error handlers have been registered [] []
[2018-11-10 16:52:27] System.INFO: Output manager initialized [] []
[2018-11-10 16:52:27] System.INFO: Application initialized [] []
[2018-11-10 16:52:27] System.DEBUG: No hook definitions found for 'application.init.after'. Available hook definitions [["coinritual.route.beforeDispatch"]] []
[2018-11-10 16:52:27] System.INFO: Beginning process for request. ["[object] (SlaxWeb\\Router\\Request: GET /language HTTP/1.0\r\nAccept:           */*\r\nAccept-Encoding:  gzip,deflate\r\nAccept-Language:  ru, uk;q=0.8, be;q=0.8, en;q=0.7, *;q=0.01\r\nConnection:       close\r\nFrom:             support@search.yandex.ru\r\nHost:             tob.clanwolf.net\r\nUser-Agent:       Mozilla/5.0 (compatible; YandexBot/3.0; +http://yandex.com/bots)\r\nX-Accel-Internal: /internal-nginx-static-location\r\nX-Forwarded-For:  5.255.251.11\r\nX-Real-Ip:        5.255.251.11\r\n\r\n)"] []
[2018-11-10 16:52:27] System.DEBUG: No hook definitions found for 'application.dispatch.before'. Available hook definitions [["coinritual.route.beforeDispatch"]] []
[2018-11-10 16:52:27] System.INFO: Router Dispatcher initialized [] []
[2018-11-10 16:52:27] System.INFO: Trying to find match for (GET) 'language' [] []
[2018-11-10 16:52:27] System.INFO: Route match found [] []
[2018-11-10 16:52:27] System.DEBUG: No hook definitions found for 'router.dispatcher.beforeDispatch'. Available hook definitions [["coinritual.route.beforeDispatch"]] []
[2018-11-10 16:52:27] System.INFO: Executing route definition {"name":"~^language$~","action":"[object] (Closure: {})"} []
[2018-11-10 16:52:27] System.DEBUG: No hook definitions found for 'model.translation.before.init'. Available hook definitions [["coinritual.route.beforeDispatch"]] []
[2018-11-10 16:52:27] System.DEBUG: No hook definitions found for 'model.translation.after.init'. Available hook definitions [["coinritual.route.beforeDispatch"]] []
[2018-11-10 16:52:27] System.DEBUG: No hook definitions found for 'model.translation.before.select'. Available hook definitions [["coinritual.route.beforeDispatch"]] []
[2018-11-10 16:52:27] System.DEBUG: No hook definitions found for 'model.translation.after.select'. Available hook definitions [["coinritual.route.beforeDispatch"]] []
[2018-11-10 16:52:27] System.DEBUG: No hook definitions found for 'router.dispatcher.afterDispatch'. Available hook definitions [["coinritual.route.beforeDispatch"]] []
[2018-11-10 16:52:27] System.INFO: Request has finished processing, Response is ready to be sent to caller. [] []
[2018-11-10 16:52:27] System.DEBUG: No hook definitions found for 'application.dispatch.after'. Available hook definitions [["coinritual.route.beforeDispatch"]] []
[2018-11-10 16:52:27] System.DEBUG: Time taken to finish Request processing {"start":1541868747.080695,"end":1541868747.100816,"elapsed":0.020121097564697266,"uri":"/language"} []
