[2018-11-05 00:29:00] System.INFO: Hooks component initialized [] []
[2018-11-05 00:29:00] System.DEBUG: Adding definition for hook 'coinritual.route.beforeDispatch' for the first time. [] []
[2018-11-05 00:29:00] System.INFO: Route Container initialized [] []
[2018-11-05 00:29:00] System.INFO: Route successfully added to Container {"uri":"~^language$~"} []
[2018-11-05 00:29:00] System.INFO: Route successfully added to Container {"uri":"~^[:params:]?/?oathmaster/?[:named:]?$|^[:params:]?/?observer/?[:named:]?$~"} []
[2018-11-05 00:29:00] System.INFO: Route successfully added to Container {"uri":"~^[:params:]?/?rules/?$~"} []
[2018-11-05 00:29:00] System.INFO: Route successfully added to Container {"uri":"~^[:params:]?/?bloodnamed/?$~"} []
[2018-11-05 00:29:00] System.INFO: Route successfully added to Container {"uri":"~^coinMachine/getResult/?$~"} []
[2018-11-05 00:29:00] System.INFO: Route successfully added to Container {"uri":"~^[:params:]?/?tables/?$~"} []
[2018-11-05 00:29:00] System.INFO: Route successfully added to Container {"uri":"~^fight/save/?$~"} []
[2018-11-05 00:29:00] System.INFO: Route successfully added to Container {"uri":"~^[:params:]?/?$|^[:params:]?/?fame/?$~"} []
[2018-11-05 00:29:00] System.INFO: Shutdown and error handlers have been registered [] []
[2018-11-05 00:29:00] System.INFO: Output manager initialized [] []
[2018-11-05 00:29:00] System.INFO: Application initialized [] []
[2018-11-05 00:29:00] System.DEBUG: No hook definitions found for 'application.init.after'. Available hook definitions [["coinritual.route.beforeDispatch"]] []
[2018-11-05 00:29:00] System.INFO: Beginning process for request. ["[object] (SlaxWeb\\Router\\Request: GET / HTTP/1.0\r\nAccept-Encoding:  gzip\r\nAccept-Language:  *\r\nConnection:       close\r\nHost:             tob.clanwolf.net\r\nReferer:          https://tob.clanwolf.net\r\nUser-Agent:       Mozilla/5.0 (Windows NT 6.3; WOW64) AppleWebKit/537.36 (KHTML, like Gecko) Chrome/34.0.1847.137 Safari/537.36\r\nX-Accel-Internal: /internal-nginx-static-location\r\nX-Forwarded-For:  158.69.124.228\r\nX-Real-Ip:        158.69.124.228\r\n\r\n)"] []
[2018-11-05 00:29:00] System.DEBUG: No hook definitions found for 'application.dispatch.before'. Available hook definitions [["coinritual.route.beforeDispatch"]] []
[2018-11-05 00:29:00] System.INFO: Router Dispatcher initialized [] []
[2018-11-05 00:29:00] System.INFO: Trying to find match for (GET) '' [] []
[2018-11-05 00:29:00] System.INFO: Route match found [] []
[2018-11-05 00:29:00] System.INFO: Calling definition for hook 'coinritual.route.beforeDispatch' [] []
[2018-11-05 00:29:00] System.DEBUG: Hook definition parameters ["[object] (SlaxWeb\\Bootstrap\\Application: {})","[object] (SlaxWeb\\Router\\Route: {})"] []
[2018-11-05 00:29:00] System.INFO: Hooks component initialized [] []
[2018-11-05 00:29:00] System.DEBUG: Adding definition for hook 'coinritual.route.beforeDispatch' for the first time. [] []
[2018-11-05 00:29:00] System.INFO: Route Container initialized [] []
[2018-11-05 00:29:00] System.INFO: Route successfully added to Container {"uri":"~^language$~"} []
[2018-11-05 00:29:00] System.INFO: Route successfully added to Container {"uri":"~^[:params:]?/?oathmaster/?[:named:]?$|^[:params:]?/?observer/?[:named:]?$~"} []
[2018-11-05 00:29:00] System.INFO: Route successfully added to Container {"uri":"~^[:params:]?/?rules/?$~"} []
[2018-11-05 00:29:00] System.INFO: Route successfully added to Container {"uri":"~^[:params:]?/?bloodnamed/?$~"} []
[2018-11-05 00:29:00] System.INFO: Route successfully added to Container {"uri":"~^coinMachine/getResult/?$~"} []
[2018-11-05 00:29:00] System.INFO: Route successfully added to Container {"uri":"~^[:params:]?/?tables/?$~"} []
[2018-11-05 00:29:00] System.INFO: Route successfully added to Container {"uri":"~^fight/save/?$~"} []
[2018-11-05 00:29:00] System.INFO: Route successfully added to Container {"uri":"~^[:params:]?/?$|^[:params:]?/?fame/?$~"} []
[2018-11-05 00:29:00] System.INFO: Shutdown and error handlers have been registered [] []
[2018-11-05 00:29:00] System.INFO: Output manager initialized [] []
[2018-11-05 00:29:00] System.INFO: Application initialized [] []
[2018-11-05 00:29:00] System.DEBUG: No hook definitions found for 'application.init.after'. Available hook definitions [["coinritual.route.beforeDispatch"]] []
[2018-11-05 00:29:00] System.INFO: Beginning process for request. ["[object] (SlaxWeb\\Router\\Request: GET /language HTTP/1.0\r\nAccept-Encoding:  gzip\r\nAccept-Language:  *\r\nConnection:       close\r\nCookie:           PHPSESSID=ob6f9ij8f46i2nt9gcm3jg105i\r\nHost:             tob.clanwolf.net\r\nReferer:          https://tob.clanwolf.net\r\nUser-Agent:       Mozilla/5.0 (Windows NT 6.3; WOW64) AppleWebKit/537.36 (KHTML, like Gecko) Chrome/34.0.1847.137 Safari/537.36\r\nX-Accel-Internal: /internal-nginx-static-location\r\nX-Forwarded-For:  158.69.124.228\r\nX-Real-Ip:        158.69.124.228\r\n\r\n)"] []
[2018-11-05 00:29:00] System.DEBUG: No hook definitions found for 'application.dispatch.before'. Available hook definitions [["coinritual.route.beforeDispatch"]] []
[2018-11-05 00:29:00] System.INFO: Router Dispatcher initialized [] []
[2018-11-05 00:29:00] System.INFO: Trying to find match for (GET) 'language' [] []
[2018-11-05 00:29:00] System.INFO: Route match found [] []
[2018-11-05 00:29:00] System.DEBUG: No hook definitions found for 'router.dispatcher.beforeDispatch'. Available hook definitions [["coinritual.route.beforeDispatch"]] []
[2018-11-05 00:29:00] System.INFO: Executing route definition {"name":"~^language$~","action":"[object] (Closure: {})"} []
[2018-11-05 00:29:00] System.DEBUG: No hook definitions found for 'model.translation.before.init'. Available hook definitions [["coinritual.route.beforeDispatch"]] []
[2018-11-05 00:29:00] System.DEBUG: No hook definitions found for 'model.translation.after.init'. Available hook definitions [["coinritual.route.beforeDispatch"]] []
[2018-11-05 00:29:00] System.DEBUG: No hook definitions found for 'model.translation.before.select'. Available hook definitions [["coinritual.route.beforeDispatch"]] []
[2018-11-05 00:29:00] System.DEBUG: No hook definitions found for 'model.translation.after.select'. Available hook definitions [["coinritual.route.beforeDispatch"]] []
[2018-11-05 00:29:00] System.DEBUG: No hook definitions found for 'router.dispatcher.afterDispatch'. Available hook definitions [["coinritual.route.beforeDispatch"]] []
[2018-11-05 00:29:00] System.INFO: Request has finished processing, Response is ready to be sent to caller. [] []
[2018-11-05 00:29:00] System.DEBUG: No hook definitions found for 'application.dispatch.after'. Available hook definitions [["coinritual.route.beforeDispatch"]] []
[2018-11-05 00:29:00] System.DEBUG: Time taken to finish Request processing {"start":1541377740.559461,"end":1541377740.58093,"elapsed":0.0214688777923584,"uri":"/language"} []
[2018-11-05 06:25:24] System.INFO: Hooks component initialized [] []
[2018-11-05 06:25:24] System.DEBUG: Adding definition for hook 'coinritual.route.beforeDispatch' for the first time. [] []
[2018-11-05 06:25:24] System.INFO: Route Container initialized [] []
[2018-11-05 06:25:24] System.INFO: Route successfully added to Container {"uri":"~^language$~"} []
[2018-11-05 06:25:24] System.INFO: Route successfully added to Container {"uri":"~^[:params:]?/?oathmaster/?[:named:]?$|^[:params:]?/?observer/?[:named:]?$~"} []
[2018-11-05 06:25:24] System.INFO: Route successfully added to Container {"uri":"~^[:params:]?/?rules/?$~"} []
[2018-11-05 06:25:24] System.INFO: Route successfully added to Container {"uri":"~^[:params:]?/?bloodnamed/?$~"} []
[2018-11-05 06:25:24] System.INFO: Route successfully added to Container {"uri":"~^coinMachine/getResult/?$~"} []
[2018-11-05 06:25:24] System.INFO: Route successfully added to Container {"uri":"~^[:params:]?/?tables/?$~"} []
[2018-11-05 06:25:24] System.INFO: Route successfully added to Container {"uri":"~^fight/save/?$~"} []
[2018-11-05 06:25:24] System.INFO: Route successfully added to Container {"uri":"~^[:params:]?/?$|^[:params:]?/?fame/?$~"} []
[2018-11-05 06:25:24] System.INFO: Shutdown and error handlers have been registered [] []
[2018-11-05 06:25:24] System.INFO: Output manager initialized [] []
[2018-11-05 06:25:24] System.INFO: Application initialized [] []
[2018-11-05 06:25:24] System.DEBUG: No hook definitions found for 'application.init.after'. Available hook definitions [["coinritual.route.beforeDispatch"]] []
[2018-11-05 06:25:24] System.INFO: Beginning process for request. ["[object] (SlaxWeb\\Router\\Request: GET / HTTP/1.0\r\nAccept:           */*\r\nAccept-Language:  en-US\r\nConnection:       close\r\nHost:             ipv4.tob.clanwolf.net\r\nUser-Agent:       Mozilla/5.0 (compatible; Baiduspider/2.0; +http://www.baidu.com/search/spider.html)\r\nX-Accel-Internal: /internal-nginx-static-location\r\nX-Forwarded-For:  180.76.15.20\r\nX-Real-Ip:        180.76.15.20\r\n\r\n)"] []
[2018-11-05 06:25:24] System.DEBUG: No hook definitions found for 'application.dispatch.before'. Available hook definitions [["coinritual.route.beforeDispatch"]] []
[2018-11-05 06:25:24] System.INFO: Router Dispatcher initialized [] []
[2018-11-05 06:25:24] System.INFO: Trying to find match for (GET) '' [] []
[2018-11-05 06:25:24] System.INFO: Route match found [] []
[2018-11-05 06:25:24] System.INFO: Calling definition for hook 'coinritual.route.beforeDispatch' [] []
[2018-11-05 06:25:24] System.DEBUG: Hook definition parameters ["[object] (SlaxWeb\\Bootstrap\\Application: {})","[object] (SlaxWeb\\Router\\Route: {})"] []
[2018-11-05 06:25:24] System.INFO: Hooks component initialized [] []
[2018-11-05 06:25:24] System.DEBUG: Adding definition for hook 'coinritual.route.beforeDispatch' for the first time. [] []
[2018-11-05 06:25:24] System.INFO: Route Container initialized [] []
[2018-11-05 06:25:24] System.INFO: Route successfully added to Container {"uri":"~^language$~"} []
[2018-11-05 06:25:24] System.INFO: Route successfully added to Container {"uri":"~^[:params:]?/?oathmaster/?[:named:]?$|^[:params:]?/?observer/?[:named:]?$~"} []
[2018-11-05 06:25:24] System.INFO: Route successfully added to Container {"uri":"~^[:params:]?/?rules/?$~"} []
[2018-11-05 06:25:24] System.INFO: Route successfully added to Container {"uri":"~^[:params:]?/?bloodnamed/?$~"} []
[2018-11-05 06:25:24] System.INFO: Route successfully added to Container {"uri":"~^coinMachine/getResult/?$~"} []
[2018-11-05 06:25:24] System.INFO: Route successfully added to Container {"uri":"~^[:params:]?/?tables/?$~"} []
[2018-11-05 06:25:24] System.INFO: Route successfully added to Container {"uri":"~^fight/save/?$~"} []
[2018-11-05 06:25:24] System.INFO: Route successfully added to Container {"uri":"~^[:params:]?/?$|^[:params:]?/?fame/?$~"} []
[2018-11-05 06:25:24] System.INFO: Shutdown and error handlers have been registered [] []
[2018-11-05 06:25:24] System.INFO: Output manager initialized [] []
[2018-11-05 06:25:24] System.INFO: Application initialized [] []
[2018-11-05 06:25:24] System.DEBUG: No hook definitions found for 'application.init.after'. Available hook definitions [["coinritual.route.beforeDispatch"]] []
[2018-11-05 06:25:24] System.INFO: Beginning process for request. ["[object] (SlaxWeb\\Router\\Request: GET /language HTTP/1.0\r\nAccept:           */*\r\nAccept-Language:  en-US\r\nConnection:       close\r\nCookie:           PHPSESSID=djbsl83icbvi2qn99280f3gbd5;\r\nHost:             ipv4.tob.clanwolf.net\r\nUser-Agent:       Mozilla/5.0 (compatible; Baiduspider/2.0; +http://www.baidu.com/search/spider.html)\r\nX-Accel-Internal: /internal-nginx-static-location\r\nX-Forwarded-For:  180.76.15.10\r\nX-Real-Ip:        180.76.15.10\r\n\r\n)"] []
[2018-11-05 06:25:24] System.DEBUG: No hook definitions found for 'application.dispatch.before'. Available hook definitions [["coinritual.route.beforeDispatch"]] []
[2018-11-05 06:25:24] System.INFO: Router Dispatcher initialized [] []
[2018-11-05 06:25:24] System.INFO: Trying to find match for (GET) 'language' [] []
[2018-11-05 06:25:24] System.INFO: Route match found [] []
[2018-11-05 06:25:24] System.DEBUG: No hook definitions found for 'router.dispatcher.beforeDispatch'. Available hook definitions [["coinritual.route.beforeDispatch"]] []
[2018-11-05 06:25:24] System.INFO: Executing route definition {"name":"~^language$~","action":"[object] (Closure: {})"} []
[2018-11-05 06:25:25] System.DEBUG: No hook definitions found for 'model.translation.before.init'. Available hook definitions [["coinritual.route.beforeDispatch"]] []
[2018-11-05 06:25:25] System.DEBUG: No hook definitions found for 'model.translation.after.init'. Available hook definitions [["coinritual.route.beforeDispatch"]] []
[2018-11-05 06:25:25] System.DEBUG: No hook definitions found for 'model.translation.before.select'. Available hook definitions [["coinritual.route.beforeDispatch"]] []
[2018-11-05 06:25:25] System.DEBUG: No hook definitions found for 'model.translation.after.select'. Available hook definitions [["coinritual.route.beforeDispatch"]] []
[2018-11-05 06:25:25] System.DEBUG: No hook definitions found for 'router.dispatcher.afterDispatch'. Available hook definitions [["coinritual.route.beforeDispatch"]] []
[2018-11-05 06:25:25] System.INFO: Request has finished processing, Response is ready to be sent to caller. [] []
[2018-11-05 06:25:25] System.DEBUG: No hook definitions found for 'application.dispatch.after'. Available hook definitions [["coinritual.route.beforeDispatch"]] []
[2018-11-05 06:25:25] System.DEBUG: Time taken to finish Request processing {"start":1541399124.989701,"end":1541399125.012991,"elapsed":0.023289918899536133,"uri":"/language"} []
[2018-11-05 07:30:22] System.INFO: Hooks component initialized [] []
[2018-11-05 07:30:22] System.DEBUG: Adding definition for hook 'coinritual.route.beforeDispatch' for the first time. [] []
[2018-11-05 07:30:22] System.INFO: Route Container initialized [] []
[2018-11-05 07:30:22] System.INFO: Route successfully added to Container {"uri":"~^language$~"} []
[2018-11-05 07:30:22] System.INFO: Route successfully added to Container {"uri":"~^[:params:]?/?oathmaster/?[:named:]?$|^[:params:]?/?observer/?[:named:]?$~"} []
[2018-11-05 07:30:22] System.INFO: Route successfully added to Container {"uri":"~^[:params:]?/?rules/?$~"} []
[2018-11-05 07:30:22] System.INFO: Route successfully added to Container {"uri":"~^[:params:]?/?bloodnamed/?$~"} []
[2018-11-05 07:30:22] System.INFO: Route successfully added to Container {"uri":"~^coinMachine/getResult/?$~"} []
[2018-11-05 07:30:22] System.INFO: Route successfully added to Container {"uri":"~^[:params:]?/?tables/?$~"} []
[2018-11-05 07:30:22] System.INFO: Route successfully added to Container {"uri":"~^fight/save/?$~"} []
[2018-11-05 07:30:22] System.INFO: Route successfully added to Container {"uri":"~^[:params:]?/?$|^[:params:]?/?fame/?$~"} []
[2018-11-05 07:30:22] System.INFO: Shutdown and error handlers have been registered [] []
[2018-11-05 07:30:22] System.INFO: Output manager initialized [] []
[2018-11-05 07:30:22] System.INFO: Application initialized [] []
[2018-11-05 07:30:22] System.DEBUG: No hook definitions found for 'application.init.after'. Available hook definitions [["coinritual.route.beforeDispatch"]] []
[2018-11-05 07:30:22] System.INFO: Beginning process for request. ["[object] (SlaxWeb\\Router\\Request: GET / HTTP/1.0\r\nAccept:           */*\r\nAccept-Encoding:  gzip, deflate\r\nCache-Control:    no-cache\r\nConnection:       close\r\nFrom:             bingbot(at)microsoft.com\r\nHost:             tob.clanwolf.net\r\nPragma:           no-cache\r\nUser-Agent:       Mozilla/5.0 (compatible; bingbot/2.0; +http://www.bing.com/bingbot.htm)\r\nX-Accel-Internal: /internal-nginx-static-location\r\nX-Forwarded-For:  207.46.13.29\r\nX-Real-Ip:        207.46.13.29\r\n\r\n)"] []
[2018-11-05 07:30:22] System.DEBUG: No hook definitions found for 'application.dispatch.before'. Available hook definitions [["coinritual.route.beforeDispatch"]] []
[2018-11-05 07:30:22] System.INFO: Router Dispatcher initialized [] []
[2018-11-05 07:30:22] System.INFO: Trying to find match for (GET) '' [] []
[2018-11-05 07:30:22] System.INFO: Route match found [] []
[2018-11-05 07:30:22] System.INFO: Calling definition for hook 'coinritual.route.beforeDispatch' [] []
[2018-11-05 07:30:22] System.DEBUG: Hook definition parameters ["[object] (SlaxWeb\\Bootstrap\\Application: {})","[object] (SlaxWeb\\Router\\Route: {})"] []
[2018-11-05 18:40:28] System.INFO: Hooks component initialized [] []
[2018-11-05 18:40:28] System.DEBUG: Adding definition for hook 'coinritual.route.beforeDispatch' for the first time. [] []
[2018-11-05 18:40:28] System.INFO: Route Container initialized [] []
[2018-11-05 18:40:28] System.INFO: Route successfully added to Container {"uri":"~^language$~"} []
[2018-11-05 18:40:28] System.INFO: Route successfully added to Container {"uri":"~^[:params:]?/?oathmaster/?[:named:]?$|^[:params:]?/?observer/?[:named:]?$~"} []
[2018-11-05 18:40:28] System.INFO: Route successfully added to Container {"uri":"~^[:params:]?/?rules/?$~"} []
[2018-11-05 18:40:28] System.INFO: Route successfully added to Container {"uri":"~^[:params:]?/?bloodnamed/?$~"} []
[2018-11-05 18:40:28] System.INFO: Route successfully added to Container {"uri":"~^coinMachine/getResult/?$~"} []
[2018-11-05 18:40:28] System.INFO: Route successfully added to Container {"uri":"~^[:params:]?/?tables/?$~"} []
[2018-11-05 18:40:28] System.INFO: Route successfully added to Container {"uri":"~^fight/save/?$~"} []
[2018-11-05 18:40:28] System.INFO: Route successfully added to Container {"uri":"~^[:params:]?/?$|^[:params:]?/?fame/?$~"} []
[2018-11-05 18:40:28] System.INFO: Shutdown and error handlers have been registered [] []
[2018-11-05 18:40:28] System.INFO: Output manager initialized [] []
[2018-11-05 18:40:28] System.INFO: Application initialized [] []
[2018-11-05 18:40:28] System.DEBUG: No hook definitions found for 'application.init.after'. Available hook definitions [["coinritual.route.beforeDispatch"]] []
[2018-11-05 18:40:28] System.INFO: Beginning process for request. ["[object] (SlaxWeb\\Router\\Request: GET /tables HTTP/1.0\r\nAccept-Encoding:  gzip\r\nConnection:       close\r\nHost:             tob.clanwolf.net\r\nUser-Agent:       Mozilla/5.0 (iPhone; CPU iPhone OS 11_0 like Mac OS X) AppleWebKit/537.36 (KHTML, like Gecko) Chrome/49.0.5377.49 Mobile Safari/537.36\r\nX-Accel-Internal: /internal-nginx-static-location\r\nX-Forwarded-For:  220.243.135.67\r\nX-Real-Ip:        220.243.135.67\r\n\r\n)"] []
[2018-11-05 18:40:28] System.DEBUG: No hook definitions found for 'application.dispatch.before'. Available hook definitions [["coinritual.route.beforeDispatch"]] []
[2018-11-05 18:40:28] System.INFO: Router Dispatcher initialized [] []
[2018-11-05 18:40:28] System.INFO: Trying to find match for (GET) 'tables' [] []
[2018-11-05 18:40:28] System.INFO: Route match found [] []
[2018-11-05 18:40:28] System.INFO: Calling definition for hook 'coinritual.route.beforeDispatch' [] []
[2018-11-05 18:40:28] System.DEBUG: Hook definition parameters ["[object] (SlaxWeb\\Bootstrap\\Application: {})","[object] (SlaxWeb\\Router\\Route: {})"] []
[2018-11-05 18:40:29] System.INFO: Hooks component initialized [] []
[2018-11-05 18:40:29] System.DEBUG: Adding definition for hook 'coinritual.route.beforeDispatch' for the first time. [] []
[2018-11-05 18:40:29] System.INFO: Route Container initialized [] []
[2018-11-05 18:40:29] System.INFO: Route successfully added to Container {"uri":"~^language$~"} []
[2018-11-05 18:40:29] System.INFO: Route successfully added to Container {"uri":"~^[:params:]?/?oathmaster/?[:named:]?$|^[:params:]?/?observer/?[:named:]?$~"} []
[2018-11-05 18:40:29] System.INFO: Route successfully added to Container {"uri":"~^[:params:]?/?rules/?$~"} []
[2018-11-05 18:40:29] System.INFO: Route successfully added to Container {"uri":"~^[:params:]?/?bloodnamed/?$~"} []
[2018-11-05 18:40:29] System.INFO: Route successfully added to Container {"uri":"~^coinMachine/getResult/?$~"} []
[2018-11-05 18:40:29] System.INFO: Route successfully added to Container {"uri":"~^[:params:]?/?tables/?$~"} []
[2018-11-05 18:40:29] System.INFO: Route successfully added to Container {"uri":"~^fight/save/?$~"} []
[2018-11-05 18:40:29] System.INFO: Route successfully added to Container {"uri":"~^[:params:]?/?$|^[:params:]?/?fame/?$~"} []
[2018-11-05 18:40:29] System.INFO: Shutdown and error handlers have been registered [] []
[2018-11-05 18:40:29] System.INFO: Output manager initialized [] []
[2018-11-05 18:40:29] System.INFO: Application initialized [] []
[2018-11-05 18:40:29] System.DEBUG: No hook definitions found for 'application.init.after'. Available hook definitions [["coinritual.route.beforeDispatch"]] []
[2018-11-05 18:40:29] System.INFO: Beginning process for request. ["[object] (SlaxWeb\\Router\\Request: GET /fame HTTP/1.0\r\nAccept-Encoding:  gzip\r\nConnection:       close\r\nHost:             tob.clanwolf.net\r\nUser-Agent:       Mozilla/5.0 (Linux; Android 5.0; SM-G900P Build/LRX21T) AppleWebKit/537.36 (KHTML, like Gecko) Chrome/47.0.8186.545 Mobile Safari/537.36\r\nX-Accel-Internal: /internal-nginx-static-location\r\nX-Forwarded-For:  220.243.136.175\r\nX-Real-Ip:        220.243.136.175\r\n\r\n)"] []
[2018-11-05 18:40:29] System.DEBUG: No hook definitions found for 'application.dispatch.before'. Available hook definitions [["coinritual.route.beforeDispatch"]] []
[2018-11-05 18:40:29] System.INFO: Router Dispatcher initialized [] []
[2018-11-05 18:40:29] System.INFO: Trying to find match for (GET) 'fame' [] []
[2018-11-05 18:40:29] System.INFO: Route match found [] []
[2018-11-05 18:40:29] System.INFO: Calling definition for hook 'coinritual.route.beforeDispatch' [] []
[2018-11-05 18:40:29] System.DEBUG: Hook definition parameters ["[object] (SlaxWeb\\Bootstrap\\Application: {})","[object] (SlaxWeb\\Router\\Route: {})"] []
[2018-11-05 18:40:29] System.INFO: Hooks component initialized [] []
[2018-11-05 18:40:29] System.DEBUG: Adding definition for hook 'coinritual.route.beforeDispatch' for the first time. [] []
[2018-11-05 18:40:29] System.INFO: Route Container initialized [] []
[2018-11-05 18:40:29] System.INFO: Route successfully added to Container {"uri":"~^language$~"} []
[2018-11-05 18:40:29] System.INFO: Route successfully added to Container {"uri":"~^[:params:]?/?oathmaster/?[:named:]?$|^[:params:]?/?observer/?[:named:]?$~"} []
[2018-11-05 18:40:29] System.INFO: Route successfully added to Container {"uri":"~^[:params:]?/?rules/?$~"} []
[2018-11-05 18:40:29] System.INFO: Route successfully added to Container {"uri":"~^[:params:]?/?bloodnamed/?$~"} []
[2018-11-05 18:40:29] System.INFO: Route successfully added to Container {"uri":"~^coinMachine/getResult/?$~"} []
[2018-11-05 18:40:29] System.INFO: Route successfully added to Container {"uri":"~^[:params:]?/?tables/?$~"} []
[2018-11-05 18:40:29] System.INFO: Route successfully added to Container {"uri":"~^fight/save/?$~"} []
[2018-11-05 18:40:29] System.INFO: Route successfully added to Container {"uri":"~^[:params:]?/?$|^[:params:]?/?fame/?$~"} []
[2018-11-05 18:40:29] System.INFO: Shutdown and error handlers have been registered [] []
[2018-11-05 18:40:29] System.INFO: Output manager initialized [] []
[2018-11-05 18:40:29] System.INFO: Application initialized [] []
[2018-11-05 18:40:29] System.DEBUG: No hook definitions found for 'application.init.after'. Available hook definitions [["coinritual.route.beforeDispatch"]] []
[2018-11-05 18:40:29] System.INFO: Beginning process for request. ["[object] (SlaxWeb\\Router\\Request: GET /language HTTP/1.0\r\nAccept-Encoding:  gzip\r\nConnection:       close\r\nCookie:           PHPSESSID=ju2dta595t9r3cft3r629qv341\r\nHost:             tob.clanwolf.net\r\nUser-Agent:       Mozilla/5.0 (iPhone; CPU iPhone OS 11_0 like Mac OS X) AppleWebKit/537.36 (KHTML, like Gecko) Chrome/49.0.5377.49 Mobile Safari/537.36\r\nX-Accel-Internal: /internal-nginx-static-location\r\nX-Forwarded-For:  220.243.135.73\r\nX-Real-Ip:        220.243.135.73\r\n\r\n)"] []
[2018-11-05 18:40:29] System.DEBUG: No hook definitions found for 'application.dispatch.before'. Available hook definitions [["coinritual.route.beforeDispatch"]] []
[2018-11-05 18:40:29] System.INFO: Router Dispatcher initialized [] []
[2018-11-05 18:40:29] System.INFO: Trying to find match for (GET) 'language' [] []
[2018-11-05 18:40:29] System.INFO: Route match found [] []
[2018-11-05 18:40:29] System.DEBUG: No hook definitions found for 'router.dispatcher.beforeDispatch'. Available hook definitions [["coinritual.route.beforeDispatch"]] []
[2018-11-05 18:40:29] System.INFO: Executing route definition {"name":"~^language$~","action":"[object] (Closure: {})"} []
[2018-11-05 18:40:29] System.INFO: Hooks component initialized [] []
[2018-11-05 18:40:29] System.DEBUG: Adding definition for hook 'coinritual.route.beforeDispatch' for the first time. [] []
[2018-11-05 18:40:29] System.INFO: Route Container initialized [] []
[2018-11-05 18:40:29] System.INFO: Route successfully added to Container {"uri":"~^language$~"} []
[2018-11-05 18:40:29] System.DEBUG: No hook definitions found for 'model.translation.before.init'. Available hook definitions [["coinritual.route.beforeDispatch"]] []
[2018-11-05 18:40:29] System.INFO: Route successfully added to Container {"uri":"~^[:params:]?/?oathmaster/?[:named:]?$|^[:params:]?/?observer/?[:named:]?$~"} []
[2018-11-05 18:40:29] System.INFO: Route successfully added to Container {"uri":"~^[:params:]?/?rules/?$~"} []
[2018-11-05 18:40:29] System.INFO: Route successfully added to Container {"uri":"~^[:params:]?/?bloodnamed/?$~"} []
[2018-11-05 18:40:29] System.INFO: Route successfully added to Container {"uri":"~^coinMachine/getResult/?$~"} []
[2018-11-05 18:40:29] System.INFO: Route successfully added to Container {"uri":"~^[:params:]?/?tables/?$~"} []
[2018-11-05 18:40:29] System.INFO: Route successfully added to Container {"uri":"~^fight/save/?$~"} []
[2018-11-05 18:40:29] System.INFO: Route successfully added to Container {"uri":"~^[:params:]?/?$|^[:params:]?/?fame/?$~"} []
[2018-11-05 18:40:29] System.DEBUG: No hook definitions found for 'model.translation.after.init'. Available hook definitions [["coinritual.route.beforeDispatch"]] []
[2018-11-05 18:40:29] System.DEBUG: No hook definitions found for 'model.translation.before.select'. Available hook definitions [["coinritual.route.beforeDispatch"]] []
[2018-11-05 18:40:29] System.DEBUG: No hook definitions found for 'model.translation.after.select'. Available hook definitions [["coinritual.route.beforeDispatch"]] []
[2018-11-05 18:40:29] System.DEBUG: No hook definitions found for 'router.dispatcher.afterDispatch'. Available hook definitions [["coinritual.route.beforeDispatch"]] []
[2018-11-05 18:40:29] System.INFO: Request has finished processing, Response is ready to be sent to caller. [] []
[2018-11-05 18:40:29] System.DEBUG: No hook definitions found for 'application.dispatch.after'. Available hook definitions [["coinritual.route.beforeDispatch"]] []
[2018-11-05 18:40:29] System.DEBUG: Time taken to finish Request processing {"start":1541443229.54391,"end":1541443229.567298,"elapsed":0.023387908935546875,"uri":"/language"} []
[2018-11-05 18:40:29] System.INFO: Shutdown and error handlers have been registered [] []
[2018-11-05 18:40:29] System.INFO: Output manager initialized [] []
[2018-11-05 18:40:29] System.INFO: Application initialized [] []
[2018-11-05 18:40:29] System.DEBUG: No hook definitions found for 'application.init.after'. Available hook definitions [["coinritual.route.beforeDispatch"]] []
[2018-11-05 18:40:29] System.INFO: Beginning process for request. ["[object] (SlaxWeb\\Router\\Request: GET / HTTP/1.0\r\nAccept:                    text/html,application/xhtml+xml,application/xml;q=0.9,image/webp,image/apng,*/*;q=0.8\r\nAccept-Encoding:           gzip, deflate\r\nConnection:                close\r\nHost:                      tob.clanwolf.net\r\nUpgrade-Insecure-Requests: 1\r\nUser-Agent:                Mozilla/5.0 (Linux; Android 6.0; Nexus 5 Build/MRA58N) AppleWebKit/537.36 (KHTML, like Gecko) Chrome/57.0.1202.32 Mobile Safari/537.36\r\nX-Accel-Internal:          /internal-nginx-static-location\r\nX-Forwarded-For:           220.243.136.175\r\nX-Real-Ip:                 220.243.136.175\r\n\r\n)"] []
[2018-11-05 18:40:29] System.DEBUG: No hook definitions found for 'application.dispatch.before'. Available hook definitions [["coinritual.route.beforeDispatch"]] []
[2018-11-05 18:40:29] System.INFO: Router Dispatcher initialized [] []
[2018-11-05 18:40:29] System.INFO: Trying to find match for (GET) '' [] []
[2018-11-05 18:40:29] System.INFO: Route match found [] []
[2018-11-05 18:40:29] System.INFO: Calling definition for hook 'coinritual.route.beforeDispatch' [] []
[2018-11-05 18:40:29] System.DEBUG: Hook definition parameters ["[object] (SlaxWeb\\Bootstrap\\Application: {})","[object] (SlaxWeb\\Router\\Route: {})"] []
[2018-11-05 18:40:29] System.INFO: Hooks component initialized [] []
[2018-11-05 18:40:29] System.DEBUG: Adding definition for hook 'coinritual.route.beforeDispatch' for the first time. [] []
[2018-11-05 18:40:29] System.INFO: Route Container initialized [] []
[2018-11-05 18:40:29] System.INFO: Route successfully added to Container {"uri":"~^language$~"} []
[2018-11-05 18:40:29] System.INFO: Route successfully added to Container {"uri":"~^[:params:]?/?oathmaster/?[:named:]?$|^[:params:]?/?observer/?[:named:]?$~"} []
[2018-11-05 18:40:29] System.INFO: Route successfully added to Container {"uri":"~^[:params:]?/?rules/?$~"} []
[2018-11-05 18:40:29] System.INFO: Route successfully added to Container {"uri":"~^[:params:]?/?bloodnamed/?$~"} []
[2018-11-05 18:40:29] System.INFO: Route successfully added to Container {"uri":"~^coinMachine/getResult/?$~"} []
[2018-11-05 18:40:29] System.INFO: Route successfully added to Container {"uri":"~^[:params:]?/?tables/?$~"} []
[2018-11-05 18:40:29] System.INFO: Route successfully added to Container {"uri":"~^fight/save/?$~"} []
[2018-11-05 18:40:29] System.INFO: Route successfully added to Container {"uri":"~^[:params:]?/?$|^[:params:]?/?fame/?$~"} []
[2018-11-05 18:40:29] System.INFO: Shutdown and error handlers have been registered [] []
[2018-11-05 18:40:29] System.INFO: Output manager initialized [] []
[2018-11-05 18:40:29] System.INFO: Application initialized [] []
[2018-11-05 18:40:29] System.DEBUG: No hook definitions found for 'application.init.after'. Available hook definitions [["coinritual.route.beforeDispatch"]] []
[2018-11-05 18:40:29] System.INFO: Beginning process for request. ["[object] (SlaxWeb\\Router\\Request: GET /language HTTP/1.0\r\nAccept:                    text/html,application/xhtml+xml,application/xml;q=0.9,image/webp,image/apng,*/*;q=0.8\r\nAccept-Encoding:           gzip, deflate\r\nConnection:                close\r\nCookie:                    PHPSESSID=ihn6aga6kl4faeako1950gunv0\r\nHost:                      tob.clanwolf.net\r\nUpgrade-Insecure-Requests: 1\r\nUser-Agent:                Mozilla/5.0 (Linux; Android 6.0; Nexus 5 Build/MRA58N) AppleWebKit/537.36 (KHTML, like Gecko) Chrome/57.0.1202.32 Mobile Safari/537.36\r\nX-Accel-Internal:          /internal-nginx-static-location\r\nX-Forwarded-For:           220.243.136.175\r\nX-Real-Ip:                 220.243.136.175\r\n\r\n)"] []
[2018-11-05 18:40:29] System.DEBUG: No hook definitions found for 'application.dispatch.before'. Available hook definitions [["coinritual.route.beforeDispatch"]] []
[2018-11-05 18:40:29] System.INFO: Router Dispatcher initialized [] []
[2018-11-05 18:40:29] System.INFO: Trying to find match for (GET) 'language' [] []
[2018-11-05 18:40:29] System.INFO: Route match found [] []
[2018-11-05 18:40:29] System.DEBUG: No hook definitions found for 'router.dispatcher.beforeDispatch'. Available hook definitions [["coinritual.route.beforeDispatch"]] []
[2018-11-05 18:40:29] System.INFO: Executing route definition {"name":"~^language$~","action":"[object] (Closure: {})"} []
[2018-11-05 18:40:29] System.DEBUG: No hook definitions found for 'model.translation.before.init'. Available hook definitions [["coinritual.route.beforeDispatch"]] []
[2018-11-05 18:40:29] System.DEBUG: No hook definitions found for 'model.translation.after.init'. Available hook definitions [["coinritual.route.beforeDispatch"]] []
[2018-11-05 18:40:29] System.DEBUG: No hook definitions found for 'model.translation.before.select'. Available hook definitions [["coinritual.route.beforeDispatch"]] []
[2018-11-05 18:40:29] System.DEBUG: No hook definitions found for 'model.translation.after.select'. Available hook definitions [["coinritual.route.beforeDispatch"]] []
[2018-11-05 18:40:29] System.DEBUG: No hook definitions found for 'router.dispatcher.afterDispatch'. Available hook definitions [["coinritual.route.beforeDispatch"]] []
[2018-11-05 18:40:29] System.INFO: Request has finished processing, Response is ready to be sent to caller. [] []
[2018-11-05 18:40:29] System.DEBUG: No hook definitions found for 'application.dispatch.after'. Available hook definitions [["coinritual.route.beforeDispatch"]] []
[2018-11-05 18:40:29] System.DEBUG: Time taken to finish Request processing {"start":1541443229.869839,"end":1541443229.879867,"elapsed":0.01002812385559082,"uri":"/language"} []
[2018-11-05 18:40:30] System.INFO: Hooks component initialized [] []
[2018-11-05 18:40:30] System.DEBUG: Adding definition for hook 'coinritual.route.beforeDispatch' for the first time. [] []
[2018-11-05 18:40:30] System.INFO: Route Container initialized [] []
[2018-11-05 18:40:30] System.INFO: Route successfully added to Container {"uri":"~^language$~"} []
[2018-11-05 18:40:30] System.INFO: Route successfully added to Container {"uri":"~^[:params:]?/?oathmaster/?[:named:]?$|^[:params:]?/?observer/?[:named:]?$~"} []
[2018-11-05 18:40:30] System.INFO: Route successfully added to Container {"uri":"~^[:params:]?/?rules/?$~"} []
[2018-11-05 18:40:30] System.INFO: Route successfully added to Container {"uri":"~^[:params:]?/?bloodnamed/?$~"} []
[2018-11-05 18:40:30] System.INFO: Route successfully added to Container {"uri":"~^coinMachine/getResult/?$~"} []
[2018-11-05 18:40:30] System.INFO: Route successfully added to Container {"uri":"~^[:params:]?/?tables/?$~"} []
[2018-11-05 18:40:30] System.INFO: Route successfully added to Container {"uri":"~^fight/save/?$~"} []
[2018-11-05 18:40:30] System.INFO: Route successfully added to Container {"uri":"~^[:params:]?/?$|^[:params:]?/?fame/?$~"} []
[2018-11-05 18:40:30] System.INFO: Shutdown and error handlers have been registered [] []
[2018-11-05 18:40:30] System.INFO: Output manager initialized [] []
[2018-11-05 18:40:30] System.INFO: Application initialized [] []
[2018-11-05 18:40:30] System.DEBUG: No hook definitions found for 'application.init.after'. Available hook definitions [["coinritual.route.beforeDispatch"]] []
[2018-11-05 18:40:30] System.INFO: Beginning process for request. ["[object] (SlaxWeb\\Router\\Request: GET /language HTTP/1.0\r\nAccept-Encoding:  gzip\r\nConnection:       close\r\nCookie:           PHPSESSID=jobvgpj83obto5ibu8c5pnmj0d\r\nHost:             tob.clanwolf.net\r\nUser-Agent:       Mozilla/5.0 (Linux; Android 5.0; SM-G900P Build/LRX21T) AppleWebKit/537.36 (KHTML, like Gecko) Chrome/47.0.8186.545 Mobile Safari/537.36\r\nX-Accel-Internal: /internal-nginx-static-location\r\nX-Forwarded-For:  220.243.136.182\r\nX-Real-Ip:        220.243.136.182\r\n\r\n)"] []
[2018-11-05 18:40:30] System.DEBUG: No hook definitions found for 'application.dispatch.before'. Available hook definitions [["coinritual.route.beforeDispatch"]] []
[2018-11-05 18:40:30] System.INFO: Router Dispatcher initialized [] []
[2018-11-05 18:40:30] System.INFO: Trying to find match for (GET) 'language' [] []
[2018-11-05 18:40:30] System.INFO: Route match found [] []
[2018-11-05 18:40:30] System.DEBUG: No hook definitions found for 'router.dispatcher.beforeDispatch'. Available hook definitions [["coinritual.route.beforeDispatch"]] []
[2018-11-05 18:40:30] System.INFO: Executing route definition {"name":"~^language$~","action":"[object] (Closure: {})"} []
[2018-11-05 18:40:30] System.DEBUG: No hook definitions found for 'model.translation.before.init'. Available hook definitions [["coinritual.route.beforeDispatch"]] []
[2018-11-05 18:40:30] System.DEBUG: No hook definitions found for 'model.translation.after.init'. Available hook definitions [["coinritual.route.beforeDispatch"]] []
[2018-11-05 18:40:30] System.DEBUG: No hook definitions found for 'model.translation.before.select'. Available hook definitions [["coinritual.route.beforeDispatch"]] []
[2018-11-05 18:40:30] System.DEBUG: No hook definitions found for 'model.translation.after.select'. Available hook definitions [["coinritual.route.beforeDispatch"]] []
[2018-11-05 18:40:30] System.DEBUG: No hook definitions found for 'router.dispatcher.afterDispatch'. Available hook definitions [["coinritual.route.beforeDispatch"]] []
[2018-11-05 18:40:30] System.INFO: Request has finished processing, Response is ready to be sent to caller. [] []
[2018-11-05 18:40:30] System.DEBUG: No hook definitions found for 'application.dispatch.after'. Available hook definitions [["coinritual.route.beforeDispatch"]] []
[2018-11-05 18:40:30] System.DEBUG: Time taken to finish Request processing {"start":1541443230.546331,"end":1541443230.557934,"elapsed":0.011603116989135742,"uri":"/language"} []
[2018-11-05 19:43:38] System.INFO: Hooks component initialized [] []
[2018-11-05 19:43:38] System.DEBUG: Adding definition for hook 'coinritual.route.beforeDispatch' for the first time. [] []
[2018-11-05 19:43:38] System.INFO: Route Container initialized [] []
[2018-11-05 19:43:38] System.INFO: Route successfully added to Container {"uri":"~^language$~"} []
[2018-11-05 19:43:38] System.INFO: Route successfully added to Container {"uri":"~^[:params:]?/?oathmaster/?[:named:]?$|^[:params:]?/?observer/?[:named:]?$~"} []
[2018-11-05 19:43:38] System.INFO: Route successfully added to Container {"uri":"~^[:params:]?/?rules/?$~"} []
[2018-11-05 19:43:38] System.INFO: Route successfully added to Container {"uri":"~^[:params:]?/?bloodnamed/?$~"} []
[2018-11-05 19:43:38] System.INFO: Route successfully added to Container {"uri":"~^coinMachine/getResult/?$~"} []
[2018-11-05 19:43:38] System.INFO: Route successfully added to Container {"uri":"~^[:params:]?/?tables/?$~"} []
[2018-11-05 19:43:38] System.INFO: Route successfully added to Container {"uri":"~^fight/save/?$~"} []
[2018-11-05 19:43:38] System.INFO: Route successfully added to Container {"uri":"~^[:params:]?/?$|^[:params:]?/?fame/?$~"} []
[2018-11-05 19:43:38] System.INFO: Shutdown and error handlers have been registered [] []
[2018-11-05 19:43:38] System.INFO: Output manager initialized [] []
[2018-11-05 19:43:38] System.INFO: Application initialized [] []
[2018-11-05 19:43:38] System.DEBUG: No hook definitions found for 'application.init.after'. Available hook definitions [["coinritual.route.beforeDispatch"]] []
[2018-11-05 19:43:38] System.INFO: Beginning process for request. ["[object] (SlaxWeb\\Router\\Request: GET / HTTP/1.0\r\nAccept:           text/html,application/xhtml+xml,application/xml;q=0.9,*/*;q=0.8\r\nAccept-Encoding:  gzip,deflate,br\r\nConnection:       close\r\nFrom:             googlebot(at)googlebot.com\r\nHost:             tob.clanwolf.net\r\nUser-Agent:       Mozilla/5.0 (Linux; Android 6.0.1; Nexus 5X Build/MMB29P) AppleWebKit/537.36 (KHTML, like Gecko) Chrome/41.0.2272.96 Mobile Safari/537.36 (compatible; Googlebot/2.1; +http://www.google.com/bot.html)\r\nX-Accel-Internal: /internal-nginx-static-location\r\nX-Forwarded-For:  66.249.66.94\r\nX-Real-Ip:        66.249.66.94\r\n\r\n)"] []
[2018-11-05 19:43:38] System.DEBUG: No hook definitions found for 'application.dispatch.before'. Available hook definitions [["coinritual.route.beforeDispatch"]] []
[2018-11-05 19:43:38] System.INFO: Router Dispatcher initialized [] []
[2018-11-05 19:43:38] System.INFO: Trying to find match for (GET) '' [] []
[2018-11-05 19:43:38] System.INFO: Route match found [] []
[2018-11-05 19:43:38] System.INFO: Calling definition for hook 'coinritual.route.beforeDispatch' [] []
[2018-11-05 19:43:38] System.DEBUG: Hook definition parameters ["[object] (SlaxWeb\\Bootstrap\\Application: {})","[object] (SlaxWeb\\Router\\Route: {})"] []
[2018-11-05 19:43:39] System.INFO: Hooks component initialized [] []
[2018-11-05 19:43:39] System.DEBUG: Adding definition for hook 'coinritual.route.beforeDispatch' for the first time. [] []
[2018-11-05 19:43:39] System.INFO: Route Container initialized [] []
[2018-11-05 19:43:39] System.INFO: Route successfully added to Container {"uri":"~^language$~"} []
[2018-11-05 19:43:39] System.INFO: Route successfully added to Container {"uri":"~^[:params:]?/?oathmaster/?[:named:]?$|^[:params:]?/?observer/?[:named:]?$~"} []
[2018-11-05 19:43:39] System.INFO: Route successfully added to Container {"uri":"~^[:params:]?/?rules/?$~"} []
[2018-11-05 19:43:39] System.INFO: Route successfully added to Container {"uri":"~^[:params:]?/?bloodnamed/?$~"} []
[2018-11-05 19:43:39] System.INFO: Route successfully added to Container {"uri":"~^coinMachine/getResult/?$~"} []
[2018-11-05 19:43:39] System.INFO: Route successfully added to Container {"uri":"~^[:params:]?/?tables/?$~"} []
[2018-11-05 19:43:39] System.INFO: Route successfully added to Container {"uri":"~^fight/save/?$~"} []
[2018-11-05 19:43:39] System.INFO: Route successfully added to Container {"uri":"~^[:params:]?/?$|^[:params:]?/?fame/?$~"} []
[2018-11-05 19:43:39] System.INFO: Shutdown and error handlers have been registered [] []
[2018-11-05 19:43:39] System.INFO: Output manager initialized [] []
[2018-11-05 19:43:39] System.INFO: Application initialized [] []
[2018-11-05 19:43:39] System.DEBUG: No hook definitions found for 'application.init.after'. Available hook definitions [["coinritual.route.beforeDispatch"]] []
[2018-11-05 19:43:39] System.INFO: Beginning process for request. ["[object] (SlaxWeb\\Router\\Request: GET /language HTTP/1.0\r\nAccept:           text/html,application/xhtml+xml,application/xml;q=0.9,*/*;q=0.8\r\nAccept-Encoding:  gzip,deflate,br\r\nConnection:       close\r\nCookie:           PHPSESSID=cvbmiv2d6njmeqi77lrt0q5jkr\r\nFrom:             googlebot(at)googlebot.com\r\nHost:             tob.clanwolf.net\r\nUser-Agent:       Mozilla/5.0 (Linux; Android 6.0.1; Nexus 5X Build/MMB29P) AppleWebKit/537.36 (KHTML, like Gecko) Chrome/41.0.2272.96 Mobile Safari/537.36 (compatible; Googlebot/2.1; +http://www.google.com/bot.html)\r\nX-Accel-Internal: /internal-nginx-static-location\r\nX-Forwarded-For:  66.249.66.92\r\nX-Real-Ip:        66.249.66.92\r\n\r\n)"] []
[2018-11-05 19:43:39] System.DEBUG: No hook definitions found for 'application.dispatch.before'. Available hook definitions [["coinritual.route.beforeDispatch"]] []
[2018-11-05 19:43:39] System.INFO: Router Dispatcher initialized [] []
[2018-11-05 19:43:39] System.INFO: Trying to find match for (GET) 'language' [] []
[2018-11-05 19:43:39] System.INFO: Route match found [] []
[2018-11-05 19:43:39] System.DEBUG: No hook definitions found for 'router.dispatcher.beforeDispatch'. Available hook definitions [["coinritual.route.beforeDispatch"]] []
[2018-11-05 19:43:39] System.INFO: Executing route definition {"name":"~^language$~","action":"[object] (Closure: {})"} []
[2018-11-05 19:43:39] System.DEBUG: No hook definitions found for 'model.translation.before.init'. Available hook definitions [["coinritual.route.beforeDispatch"]] []
[2018-11-05 19:43:39] System.DEBUG: No hook definitions found for 'model.translation.after.init'. Available hook definitions [["coinritual.route.beforeDispatch"]] []
[2018-11-05 19:43:39] System.DEBUG: No hook definitions found for 'model.translation.before.select'. Available hook definitions [["coinritual.route.beforeDispatch"]] []
[2018-11-05 19:43:39] System.DEBUG: No hook definitions found for 'model.translation.after.select'. Available hook definitions [["coinritual.route.beforeDispatch"]] []
[2018-11-05 19:43:39] System.DEBUG: No hook definitions found for 'router.dispatcher.afterDispatch'. Available hook definitions [["coinritual.route.beforeDispatch"]] []
[2018-11-05 19:43:39] System.INFO: Request has finished processing, Response is ready to be sent to caller. [] []
[2018-11-05 19:43:39] System.DEBUG: No hook definitions found for 'application.dispatch.after'. Available hook definitions [["coinritual.route.beforeDispatch"]] []
[2018-11-05 19:43:39] System.DEBUG: Time taken to finish Request processing {"start":1541447019.407725,"end":1541447019.428066,"elapsed":0.020340919494628906,"uri":"/language"} []
[2018-11-05 21:49:42] System.INFO: Hooks component initialized [] []
[2018-11-05 21:49:42] System.DEBUG: Adding definition for hook 'coinritual.route.beforeDispatch' for the first time. [] []
[2018-11-05 21:49:42] System.INFO: Route Container initialized [] []
[2018-11-05 21:49:42] System.INFO: Route successfully added to Container {"uri":"~^language$~"} []
[2018-11-05 21:49:42] System.INFO: Route successfully added to Container {"uri":"~^[:params:]?/?oathmaster/?[:named:]?$|^[:params:]?/?observer/?[:named:]?$~"} []
[2018-11-05 21:49:42] System.INFO: Route successfully added to Container {"uri":"~^[:params:]?/?rules/?$~"} []
[2018-11-05 21:49:42] System.INFO: Route successfully added to Container {"uri":"~^[:params:]?/?bloodnamed/?$~"} []
[2018-11-05 21:49:42] System.INFO: Route successfully added to Container {"uri":"~^coinMachine/getResult/?$~"} []
[2018-11-05 21:49:42] System.INFO: Route successfully added to Container {"uri":"~^[:params:]?/?tables/?$~"} []
[2018-11-05 21:49:42] System.INFO: Route successfully added to Container {"uri":"~^fight/save/?$~"} []
[2018-11-05 21:49:42] System.INFO: Route successfully added to Container {"uri":"~^[:params:]?/?$|^[:params:]?/?fame/?$~"} []
[2018-11-05 21:49:42] System.INFO: Shutdown and error handlers have been registered [] []
[2018-11-05 21:49:42] System.INFO: Output manager initialized [] []
[2018-11-05 21:49:42] System.INFO: Application initialized [] []
[2018-11-05 21:49:42] System.DEBUG: No hook definitions found for 'application.init.after'. Available hook definitions [["coinritual.route.beforeDispatch"]] []
[2018-11-05 21:49:42] System.INFO: Beginning process for request. ["[object] (SlaxWeb\\Router\\Request: GET / HTTP/1.0\r\nAccept:           */*\r\nAccept-Encoding:  gzip, deflate\r\nCache-Control:    no-cache\r\nConnection:       close\r\nFrom:             bingbot(at)microsoft.com\r\nHost:             tob.clanwolf.net\r\nPragma:           no-cache\r\nUser-Agent:       Mozilla/5.0 (compatible; bingbot/2.0; +http://www.bing.com/bingbot.htm)\r\nX-Accel-Internal: /internal-nginx-static-location\r\nX-Forwarded-For:  207.46.13.29\r\nX-Real-Ip:        207.46.13.29\r\n\r\n)"] []
[2018-11-05 21:49:42] System.DEBUG: No hook definitions found for 'application.dispatch.before'. Available hook definitions [["coinritual.route.beforeDispatch"]] []
[2018-11-05 21:49:42] System.INFO: Router Dispatcher initialized [] []
[2018-11-05 21:49:42] System.INFO: Trying to find match for (GET) '' [] []
[2018-11-05 21:49:42] System.INFO: Route match found [] []
[2018-11-05 21:49:42] System.INFO: Calling definition for hook 'coinritual.route.beforeDispatch' [] []
[2018-11-05 21:49:42] System.DEBUG: Hook definition parameters ["[object] (SlaxWeb\\Bootstrap\\Application: {})","[object] (SlaxWeb\\Router\\Route: {})"] []
