[2018-11-08 03:59:32] System.INFO: Hooks component initialized [] []
[2018-11-08 03:59:32] System.DEBUG: Adding definition for hook 'coinritual.route.beforeDispatch' for the first time. [] []
[2018-11-08 03:59:32] System.INFO: Route Container initialized [] []
[2018-11-08 03:59:32] System.INFO: Route successfully added to Container {"uri":"~^language$~"} []
[2018-11-08 03:59:32] System.INFO: Route successfully added to Container {"uri":"~^[:params:]?/?oathmaster/?[:named:]?$|^[:params:]?/?observer/?[:named:]?$~"} []
[2018-11-08 03:59:32] System.INFO: Route successfully added to Container {"uri":"~^[:params:]?/?rules/?$~"} []
[2018-11-08 03:59:32] System.INFO: Route successfully added to Container {"uri":"~^[:params:]?/?bloodnamed/?$~"} []
[2018-11-08 03:59:32] System.INFO: Route successfully added to Container {"uri":"~^coinMachine/getResult/?$~"} []
[2018-11-08 03:59:32] System.INFO: Route successfully added to Container {"uri":"~^[:params:]?/?tables/?$~"} []
[2018-11-08 03:59:32] System.INFO: Route successfully added to Container {"uri":"~^fight/save/?$~"} []
[2018-11-08 03:59:32] System.INFO: Route successfully added to Container {"uri":"~^[:params:]?/?$|^[:params:]?/?fame/?$~"} []
[2018-11-08 03:59:32] System.INFO: Shutdown and error handlers have been registered [] []
[2018-11-08 03:59:32] System.INFO: Output manager initialized [] []
[2018-11-08 03:59:32] System.INFO: Application initialized [] []
[2018-11-08 03:59:32] System.DEBUG: No hook definitions found for 'application.init.after'. Available hook definitions [["coinritual.route.beforeDispatch"]] []
[2018-11-08 03:59:32] System.INFO: Beginning process for request. ["[object] (SlaxWeb\\Router\\Request: GET /home HTTP/1.0\r\nAccept:           */*\r\nAccept-Language:  en-US\r\nConnection:       close\r\nHost:             tob.clanwolf.net\r\nUser-Agent:       Mozilla/5.0 (compatible; Baiduspider/2.0; +http://www.baidu.com/search/spider.html)\r\nX-Accel-Internal: /internal-nginx-static-location\r\nX-Forwarded-For:  180.76.15.162\r\nX-Real-Ip:        180.76.15.162\r\n\r\n)"] []
[2018-11-08 03:59:32] System.DEBUG: No hook definitions found for 'application.dispatch.before'. Available hook definitions [["coinritual.route.beforeDispatch"]] []
[2018-11-08 03:59:32] System.INFO: Router Dispatcher initialized [] []
[2018-11-08 03:59:32] System.INFO: Trying to find match for (GET) 'home' [] []
[2018-11-08 03:59:32] System.INFO: Route match found [] []
[2018-11-08 03:59:32] System.INFO: Calling definition for hook 'coinritual.route.beforeDispatch' [] []
[2018-11-08 03:59:32] System.DEBUG: Hook definition parameters ["[object] (SlaxWeb\\Bootstrap\\Application: {})","[object] (SlaxWeb\\Router\\Route: {})"] []
[2018-11-08 03:59:33] System.INFO: Hooks component initialized [] []
[2018-11-08 03:59:33] System.DEBUG: Adding definition for hook 'coinritual.route.beforeDispatch' for the first time. [] []
[2018-11-08 03:59:33] System.INFO: Route Container initialized [] []
[2018-11-08 03:59:33] System.INFO: Route successfully added to Container {"uri":"~^language$~"} []
[2018-11-08 03:59:33] System.INFO: Route successfully added to Container {"uri":"~^[:params:]?/?oathmaster/?[:named:]?$|^[:params:]?/?observer/?[:named:]?$~"} []
[2018-11-08 03:59:33] System.INFO: Route successfully added to Container {"uri":"~^[:params:]?/?rules/?$~"} []
[2018-11-08 03:59:33] System.INFO: Route successfully added to Container {"uri":"~^[:params:]?/?bloodnamed/?$~"} []
[2018-11-08 03:59:33] System.INFO: Route successfully added to Container {"uri":"~^coinMachine/getResult/?$~"} []
[2018-11-08 03:59:33] System.INFO: Route successfully added to Container {"uri":"~^[:params:]?/?tables/?$~"} []
[2018-11-08 03:59:33] System.INFO: Route successfully added to Container {"uri":"~^fight/save/?$~"} []
[2018-11-08 03:59:33] System.INFO: Route successfully added to Container {"uri":"~^[:params:]?/?$|^[:params:]?/?fame/?$~"} []
[2018-11-08 03:59:33] System.INFO: Shutdown and error handlers have been registered [] []
[2018-11-08 03:59:33] System.INFO: Output manager initialized [] []
[2018-11-08 03:59:33] System.INFO: Application initialized [] []
[2018-11-08 03:59:33] System.DEBUG: No hook definitions found for 'application.init.after'. Available hook definitions [["coinritual.route.beforeDispatch"]] []
[2018-11-08 03:59:33] System.INFO: Beginning process for request. ["[object] (SlaxWeb\\Router\\Request: GET /index.php?/language HTTP/1.0\r\nAccept:           */*\r\nAccept-Language:  en-US\r\nConnection:       close\r\nCookie:           PHPSESSID=p4h1sdno9dg8nqo738m076sjjh;\r\nHost:             tob.clanwolf.net\r\nUser-Agent:       Mozilla/5.0 (compatible; Baiduspider/2.0; +http://www.baidu.com/search/spider.html)\r\nX-Accel-Internal: /internal-nginx-static-location\r\nX-Forwarded-For:  180.76.15.156\r\nX-Real-Ip:        180.76.15.156\r\n\r\n)"] []
[2018-11-08 03:59:33] System.DEBUG: No hook definitions found for 'application.dispatch.before'. Available hook definitions [["coinritual.route.beforeDispatch"]] []
[2018-11-08 03:59:33] System.INFO: Router Dispatcher initialized [] []
[2018-11-08 03:59:33] System.INFO: Trying to find match for (GET) '' [] []
[2018-11-08 03:59:33] System.INFO: Route match found [] []
[2018-11-08 03:59:33] System.INFO: Calling definition for hook 'coinritual.route.beforeDispatch' [] []
[2018-11-08 03:59:33] System.DEBUG: Hook definition parameters ["[object] (SlaxWeb\\Bootstrap\\Application: {})","[object] (SlaxWeb\\Router\\Route: {})"] []
[2018-11-08 03:59:34] System.INFO: Hooks component initialized [] []
[2018-11-08 03:59:34] System.DEBUG: Adding definition for hook 'coinritual.route.beforeDispatch' for the first time. [] []
[2018-11-08 03:59:34] System.INFO: Route Container initialized [] []
[2018-11-08 03:59:34] System.INFO: Route successfully added to Container {"uri":"~^language$~"} []
[2018-11-08 03:59:34] System.INFO: Route successfully added to Container {"uri":"~^[:params:]?/?oathmaster/?[:named:]?$|^[:params:]?/?observer/?[:named:]?$~"} []
[2018-11-08 03:59:34] System.INFO: Route successfully added to Container {"uri":"~^[:params:]?/?rules/?$~"} []
[2018-11-08 03:59:34] System.INFO: Route successfully added to Container {"uri":"~^[:params:]?/?bloodnamed/?$~"} []
[2018-11-08 03:59:34] System.INFO: Route successfully added to Container {"uri":"~^coinMachine/getResult/?$~"} []
[2018-11-08 03:59:34] System.INFO: Route successfully added to Container {"uri":"~^[:params:]?/?tables/?$~"} []
[2018-11-08 03:59:34] System.INFO: Route successfully added to Container {"uri":"~^fight/save/?$~"} []
[2018-11-08 03:59:34] System.INFO: Route successfully added to Container {"uri":"~^[:params:]?/?$|^[:params:]?/?fame/?$~"} []
[2018-11-08 03:59:34] System.INFO: Shutdown and error handlers have been registered [] []
[2018-11-08 03:59:34] System.INFO: Output manager initialized [] []
[2018-11-08 03:59:34] System.INFO: Application initialized [] []
[2018-11-08 03:59:34] System.DEBUG: No hook definitions found for 'application.init.after'. Available hook definitions [["coinritual.route.beforeDispatch"]] []
[2018-11-08 03:59:34] System.INFO: Beginning process for request. ["[object] (SlaxWeb\\Router\\Request: GET /language HTTP/1.0\r\nAccept:           */*\r\nAccept-Language:  en-US\r\nConnection:       close\r\nCookie:           PHPSESSID=p4h1sdno9dg8nqo738m076sjjh;\r\nHost:             tob.clanwolf.net\r\nUser-Agent:       Mozilla/5.0 (compatible; Baiduspider/2.0; +http://www.baidu.com/search/spider.html)\r\nX-Accel-Internal: /internal-nginx-static-location\r\nX-Forwarded-For:  180.76.15.17\r\nX-Real-Ip:        180.76.15.17\r\n\r\n)"] []
[2018-11-08 03:59:34] System.DEBUG: No hook definitions found for 'application.dispatch.before'. Available hook definitions [["coinritual.route.beforeDispatch"]] []
[2018-11-08 03:59:34] System.INFO: Router Dispatcher initialized [] []
[2018-11-08 03:59:34] System.INFO: Trying to find match for (GET) 'language' [] []
[2018-11-08 03:59:34] System.INFO: Route match found [] []
[2018-11-08 03:59:34] System.DEBUG: No hook definitions found for 'router.dispatcher.beforeDispatch'. Available hook definitions [["coinritual.route.beforeDispatch"]] []
[2018-11-08 03:59:34] System.INFO: Executing route definition {"name":"~^language$~","action":"[object] (Closure: {})"} []
[2018-11-08 03:59:34] System.DEBUG: No hook definitions found for 'model.translation.before.init'. Available hook definitions [["coinritual.route.beforeDispatch"]] []
[2018-11-08 03:59:34] System.DEBUG: No hook definitions found for 'model.translation.after.init'. Available hook definitions [["coinritual.route.beforeDispatch"]] []
[2018-11-08 03:59:34] System.DEBUG: No hook definitions found for 'model.translation.before.select'. Available hook definitions [["coinritual.route.beforeDispatch"]] []
[2018-11-08 03:59:34] System.DEBUG: No hook definitions found for 'model.translation.after.select'. Available hook definitions [["coinritual.route.beforeDispatch"]] []
[2018-11-08 03:59:34] System.DEBUG: No hook definitions found for 'router.dispatcher.afterDispatch'. Available hook definitions [["coinritual.route.beforeDispatch"]] []
[2018-11-08 03:59:34] System.INFO: Request has finished processing, Response is ready to be sent to caller. [] []
[2018-11-08 03:59:34] System.DEBUG: No hook definitions found for 'application.dispatch.after'. Available hook definitions [["coinritual.route.beforeDispatch"]] []
[2018-11-08 03:59:34] System.DEBUG: Time taken to finish Request processing {"start":1541649574.969674,"end":1541649574.994608,"elapsed":0.024933815002441406,"uri":"/language"} []
[2018-11-08 04:35:10] System.INFO: Hooks component initialized [] []
[2018-11-08 04:35:10] System.DEBUG: Adding definition for hook 'coinritual.route.beforeDispatch' for the first time. [] []
[2018-11-08 04:35:10] System.INFO: Route Container initialized [] []
[2018-11-08 04:35:10] System.INFO: Route successfully added to Container {"uri":"~^language$~"} []
[2018-11-08 04:35:10] System.INFO: Route successfully added to Container {"uri":"~^[:params:]?/?oathmaster/?[:named:]?$|^[:params:]?/?observer/?[:named:]?$~"} []
[2018-11-08 04:35:10] System.INFO: Route successfully added to Container {"uri":"~^[:params:]?/?rules/?$~"} []
[2018-11-08 04:35:10] System.INFO: Route successfully added to Container {"uri":"~^[:params:]?/?bloodnamed/?$~"} []
[2018-11-08 04:35:10] System.INFO: Route successfully added to Container {"uri":"~^coinMachine/getResult/?$~"} []
[2018-11-08 04:35:10] System.INFO: Route successfully added to Container {"uri":"~^[:params:]?/?tables/?$~"} []
[2018-11-08 04:35:10] System.INFO: Route successfully added to Container {"uri":"~^fight/save/?$~"} []
[2018-11-08 04:35:10] System.INFO: Route successfully added to Container {"uri":"~^[:params:]?/?$|^[:params:]?/?fame/?$~"} []
[2018-11-08 04:35:10] System.INFO: Shutdown and error handlers have been registered [] []
[2018-11-08 04:35:10] System.INFO: Output manager initialized [] []
[2018-11-08 04:35:10] System.INFO: Application initialized [] []
[2018-11-08 04:35:10] System.DEBUG: No hook definitions found for 'application.init.after'. Available hook definitions [["coinritual.route.beforeDispatch"]] []
[2018-11-08 04:35:10] System.INFO: Beginning process for request. ["[object] (SlaxWeb\\Router\\Request: GET / HTTP/1.0\r\nAccept:           */*\r\nAccept-Encoding:  gzip, deflate\r\nCache-Control:    no-cache\r\nConnection:       close\r\nFrom:             bingbot(at)microsoft.com\r\nHost:             tob.clanwolf.net\r\nPragma:           no-cache\r\nUser-Agent:       Mozilla/5.0 (compatible; bingbot/2.0; +http://www.bing.com/bingbot.htm)\r\nX-Accel-Internal: /internal-nginx-static-location\r\nX-Forwarded-For:  40.77.167.102\r\nX-Real-Ip:        40.77.167.102\r\n\r\n)"] []
[2018-11-08 04:35:10] System.DEBUG: No hook definitions found for 'application.dispatch.before'. Available hook definitions [["coinritual.route.beforeDispatch"]] []
[2018-11-08 04:35:10] System.INFO: Router Dispatcher initialized [] []
[2018-11-08 04:35:10] System.INFO: Trying to find match for (GET) '' [] []
[2018-11-08 04:35:10] System.INFO: Route match found [] []
[2018-11-08 04:35:10] System.INFO: Calling definition for hook 'coinritual.route.beforeDispatch' [] []
[2018-11-08 04:35:10] System.DEBUG: Hook definition parameters ["[object] (SlaxWeb\\Bootstrap\\Application: {})","[object] (SlaxWeb\\Router\\Route: {})"] []
[2018-11-08 08:25:22] System.INFO: Hooks component initialized [] []
[2018-11-08 08:25:22] System.DEBUG: Adding definition for hook 'coinritual.route.beforeDispatch' for the first time. [] []
[2018-11-08 08:25:22] System.INFO: Route Container initialized [] []
[2018-11-08 08:25:22] System.INFO: Route successfully added to Container {"uri":"~^language$~"} []
[2018-11-08 08:25:22] System.INFO: Route successfully added to Container {"uri":"~^[:params:]?/?oathmaster/?[:named:]?$|^[:params:]?/?observer/?[:named:]?$~"} []
[2018-11-08 08:25:22] System.INFO: Route successfully added to Container {"uri":"~^[:params:]?/?rules/?$~"} []
[2018-11-08 08:25:22] System.INFO: Route successfully added to Container {"uri":"~^[:params:]?/?bloodnamed/?$~"} []
[2018-11-08 08:25:22] System.INFO: Route successfully added to Container {"uri":"~^coinMachine/getResult/?$~"} []
[2018-11-08 08:25:22] System.INFO: Route successfully added to Container {"uri":"~^[:params:]?/?tables/?$~"} []
[2018-11-08 08:25:22] System.INFO: Route successfully added to Container {"uri":"~^fight/save/?$~"} []
[2018-11-08 08:25:22] System.INFO: Route successfully added to Container {"uri":"~^[:params:]?/?$|^[:params:]?/?fame/?$~"} []
[2018-11-08 08:25:22] System.INFO: Shutdown and error handlers have been registered [] []
[2018-11-08 08:25:22] System.INFO: Output manager initialized [] []
[2018-11-08 08:25:22] System.INFO: Application initialized [] []
[2018-11-08 08:25:22] System.DEBUG: No hook definitions found for 'application.init.after'. Available hook definitions [["coinritual.route.beforeDispatch"]] []
[2018-11-08 08:25:22] System.INFO: Beginning process for request. ["[object] (SlaxWeb\\Router\\Request: GET /tables HTTP/1.0\r\nAccept:           */*\r\nAccept-Encoding:  gzip, deflate\r\nCache-Control:    no-cache\r\nConnection:       close\r\nFrom:             bingbot(at)microsoft.com\r\nHost:             tob.clanwolf.net\r\nPragma:           no-cache\r\nUser-Agent:       Mozilla/5.0 (compatible; bingbot/2.0; +http://www.bing.com/bingbot.htm)\r\nX-Accel-Internal: /internal-nginx-static-location\r\nX-Forwarded-For:  207.46.13.111\r\nX-Real-Ip:        207.46.13.111\r\n\r\n)"] []
[2018-11-08 08:25:22] System.DEBUG: No hook definitions found for 'application.dispatch.before'. Available hook definitions [["coinritual.route.beforeDispatch"]] []
[2018-11-08 08:25:22] System.INFO: Router Dispatcher initialized [] []
[2018-11-08 08:25:22] System.INFO: Trying to find match for (GET) 'tables' [] []
[2018-11-08 08:25:22] System.INFO: Route match found [] []
[2018-11-08 08:25:22] System.INFO: Calling definition for hook 'coinritual.route.beforeDispatch' [] []
[2018-11-08 08:25:22] System.DEBUG: Hook definition parameters ["[object] (SlaxWeb\\Bootstrap\\Application: {})","[object] (SlaxWeb\\Router\\Route: {})"] []
[2018-11-08 08:25:25] System.INFO: Hooks component initialized [] []
[2018-11-08 08:25:25] System.DEBUG: Adding definition for hook 'coinritual.route.beforeDispatch' for the first time. [] []
[2018-11-08 08:25:25] System.INFO: Route Container initialized [] []
[2018-11-08 08:25:25] System.INFO: Route successfully added to Container {"uri":"~^language$~"} []
[2018-11-08 08:25:25] System.INFO: Route successfully added to Container {"uri":"~^[:params:]?/?oathmaster/?[:named:]?$|^[:params:]?/?observer/?[:named:]?$~"} []
[2018-11-08 08:25:25] System.INFO: Route successfully added to Container {"uri":"~^[:params:]?/?rules/?$~"} []
[2018-11-08 08:25:25] System.INFO: Route successfully added to Container {"uri":"~^[:params:]?/?bloodnamed/?$~"} []
[2018-11-08 08:25:25] System.INFO: Route successfully added to Container {"uri":"~^coinMachine/getResult/?$~"} []
[2018-11-08 08:25:25] System.INFO: Route successfully added to Container {"uri":"~^[:params:]?/?tables/?$~"} []
[2018-11-08 08:25:25] System.INFO: Route successfully added to Container {"uri":"~^fight/save/?$~"} []
[2018-11-08 08:25:25] System.INFO: Route successfully added to Container {"uri":"~^[:params:]?/?$|^[:params:]?/?fame/?$~"} []
[2018-11-08 08:25:25] System.INFO: Shutdown and error handlers have been registered [] []
[2018-11-08 08:25:25] System.INFO: Output manager initialized [] []
[2018-11-08 08:25:25] System.INFO: Application initialized [] []
[2018-11-08 08:25:25] System.DEBUG: No hook definitions found for 'application.init.after'. Available hook definitions [["coinritual.route.beforeDispatch"]] []
[2018-11-08 08:25:25] System.INFO: Beginning process for request. ["[object] (SlaxWeb\\Router\\Request: GET /language HTTP/1.0\r\nAccept:           */*\r\nAccept-Encoding:  gzip, deflate\r\nCache-Control:    no-cache\r\nConnection:       close\r\nFrom:             bingbot(at)microsoft.com\r\nHost:             tob.clanwolf.net\r\nPragma:           no-cache\r\nUser-Agent:       Mozilla/5.0 (compatible; bingbot/2.0; +http://www.bing.com/bingbot.htm)\r\nX-Accel-Internal: /internal-nginx-static-location\r\nX-Forwarded-For:  207.46.13.111\r\nX-Real-Ip:        207.46.13.111\r\n\r\n)"] []
[2018-11-08 08:25:25] System.DEBUG: No hook definitions found for 'application.dispatch.before'. Available hook definitions [["coinritual.route.beforeDispatch"]] []
[2018-11-08 08:25:25] System.INFO: Router Dispatcher initialized [] []
[2018-11-08 08:25:25] System.INFO: Trying to find match for (GET) 'language' [] []
[2018-11-08 08:25:25] System.INFO: Route match found [] []
[2018-11-08 08:25:25] System.DEBUG: No hook definitions found for 'router.dispatcher.beforeDispatch'. Available hook definitions [["coinritual.route.beforeDispatch"]] []
[2018-11-08 08:25:25] System.INFO: Executing route definition {"name":"~^language$~","action":"[object] (Closure: {})"} []
[2018-11-08 08:25:25] System.DEBUG: No hook definitions found for 'model.translation.before.init'. Available hook definitions [["coinritual.route.beforeDispatch"]] []
[2018-11-08 08:25:25] System.DEBUG: No hook definitions found for 'model.translation.after.init'. Available hook definitions [["coinritual.route.beforeDispatch"]] []
[2018-11-08 08:25:25] System.DEBUG: No hook definitions found for 'model.translation.before.select'. Available hook definitions [["coinritual.route.beforeDispatch"]] []
[2018-11-08 08:25:25] System.DEBUG: No hook definitions found for 'model.translation.after.select'. Available hook definitions [["coinritual.route.beforeDispatch"]] []
[2018-11-08 08:25:25] System.DEBUG: No hook definitions found for 'router.dispatcher.afterDispatch'. Available hook definitions [["coinritual.route.beforeDispatch"]] []
[2018-11-08 08:25:25] System.INFO: Request has finished processing, Response is ready to be sent to caller. [] []
[2018-11-08 08:25:25] System.DEBUG: No hook definitions found for 'application.dispatch.after'. Available hook definitions [["coinritual.route.beforeDispatch"]] []
[2018-11-08 08:25:25] System.DEBUG: Time taken to finish Request processing {"start":1541665525.829419,"end":1541665525.85114,"elapsed":0.02172112464904785,"uri":"/language"} []
[2018-11-08 11:38:20] System.INFO: Hooks component initialized [] []
[2018-11-08 11:38:20] System.DEBUG: Adding definition for hook 'coinritual.route.beforeDispatch' for the first time. [] []
[2018-11-08 11:38:20] System.INFO: Route Container initialized [] []
[2018-11-08 11:38:20] System.INFO: Route successfully added to Container {"uri":"~^language$~"} []
[2018-11-08 11:38:20] System.INFO: Route successfully added to Container {"uri":"~^[:params:]?/?oathmaster/?[:named:]?$|^[:params:]?/?observer/?[:named:]?$~"} []
[2018-11-08 11:38:20] System.INFO: Route successfully added to Container {"uri":"~^[:params:]?/?rules/?$~"} []
[2018-11-08 11:38:20] System.INFO: Route successfully added to Container {"uri":"~^[:params:]?/?bloodnamed/?$~"} []
[2018-11-08 11:38:20] System.INFO: Route successfully added to Container {"uri":"~^coinMachine/getResult/?$~"} []
[2018-11-08 11:38:20] System.INFO: Route successfully added to Container {"uri":"~^[:params:]?/?tables/?$~"} []
[2018-11-08 11:38:20] System.INFO: Route successfully added to Container {"uri":"~^fight/save/?$~"} []
[2018-11-08 11:38:20] System.INFO: Route successfully added to Container {"uri":"~^[:params:]?/?$|^[:params:]?/?fame/?$~"} []
[2018-11-08 11:38:20] System.INFO: Shutdown and error handlers have been registered [] []
[2018-11-08 11:38:20] System.INFO: Output manager initialized [] []
[2018-11-08 11:38:20] System.INFO: Application initialized [] []
[2018-11-08 11:38:20] System.DEBUG: No hook definitions found for 'application.init.after'. Available hook definitions [["coinritual.route.beforeDispatch"]] []
[2018-11-08 11:38:21] System.INFO: Beginning process for request. ["[object] (SlaxWeb\\Router\\Request: GET / HTTP/1.0\r\nAccept:           text/html,application/xhtml+xml,application/xml;q=0.9,image/webp,*/*;q=0.8\r\nConnection:       close\r\nHost:             tob.clanwolf.net\r\nReferer:          https://tob.clanwolf.net/\r\nUser-Agent:       Mozilla/5.0 (Windows NT 10.0; Win64; x64) AppleWebKit/537.36 (KHTML, like Gecko) Chrome/68.0.3440.106 Safari/537.36\r\nX-Accel-Internal: /internal-nginx-static-location\r\nX-Forwarded-For:  109.162.125.13\r\nX-Real-Ip:        109.162.125.13\r\n\r\n)"] []
[2018-11-08 11:38:21] System.DEBUG: No hook definitions found for 'application.dispatch.before'. Available hook definitions [["coinritual.route.beforeDispatch"]] []
[2018-11-08 11:38:21] System.INFO: Router Dispatcher initialized [] []
[2018-11-08 11:38:21] System.INFO: Trying to find match for (GET) '' [] []
[2018-11-08 11:38:21] System.INFO: Route match found [] []
[2018-11-08 11:38:21] System.INFO: Calling definition for hook 'coinritual.route.beforeDispatch' [] []
[2018-11-08 11:38:21] System.DEBUG: Hook definition parameters ["[object] (SlaxWeb\\Bootstrap\\Application: {})","[object] (SlaxWeb\\Router\\Route: {})"] []
[2018-11-08 11:38:21] System.INFO: Hooks component initialized [] []
[2018-11-08 11:38:21] System.DEBUG: Adding definition for hook 'coinritual.route.beforeDispatch' for the first time. [] []
[2018-11-08 11:38:21] System.INFO: Route Container initialized [] []
[2018-11-08 11:38:21] System.INFO: Route successfully added to Container {"uri":"~^language$~"} []
[2018-11-08 11:38:21] System.INFO: Route successfully added to Container {"uri":"~^[:params:]?/?oathmaster/?[:named:]?$|^[:params:]?/?observer/?[:named:]?$~"} []
[2018-11-08 11:38:21] System.INFO: Route successfully added to Container {"uri":"~^[:params:]?/?rules/?$~"} []
[2018-11-08 11:38:21] System.INFO: Route successfully added to Container {"uri":"~^[:params:]?/?bloodnamed/?$~"} []
[2018-11-08 11:38:21] System.INFO: Route successfully added to Container {"uri":"~^coinMachine/getResult/?$~"} []
[2018-11-08 11:38:21] System.INFO: Route successfully added to Container {"uri":"~^[:params:]?/?tables/?$~"} []
[2018-11-08 11:38:21] System.INFO: Route successfully added to Container {"uri":"~^fight/save/?$~"} []
[2018-11-08 11:38:21] System.INFO: Route successfully added to Container {"uri":"~^[:params:]?/?$|^[:params:]?/?fame/?$~"} []
[2018-11-08 11:38:21] System.INFO: Shutdown and error handlers have been registered [] []
[2018-11-08 11:38:21] System.INFO: Output manager initialized [] []
[2018-11-08 11:38:21] System.INFO: Application initialized [] []
[2018-11-08 11:38:21] System.DEBUG: No hook definitions found for 'application.init.after'. Available hook definitions [["coinritual.route.beforeDispatch"]] []
[2018-11-08 11:38:21] System.INFO: Beginning process for request. ["[object] (SlaxWeb\\Router\\Request: GET /language HTTP/1.0\r\nAccept:           text/html,application/xhtml+xml,application/xml;q=0.9,image/webp,*/*;q=0.8\r\nConnection:       close\r\nCookie:           PHPSESSID=sdpsv8mgmbjgk6nilfg3n9ar8p\r\nHost:             tob.clanwolf.net\r\nReferer:          https://tob.clanwolf.net/language\r\nUser-Agent:       Mozilla/5.0 (Windows NT 10.0; Win64; x64) AppleWebKit/537.36 (KHTML, like Gecko) Chrome/68.0.3440.106 Safari/537.36\r\nX-Accel-Internal: /internal-nginx-static-location\r\nX-Forwarded-For:  109.162.125.13\r\nX-Real-Ip:        109.162.125.13\r\n\r\n)"] []
[2018-11-08 11:38:21] System.DEBUG: No hook definitions found for 'application.dispatch.before'. Available hook definitions [["coinritual.route.beforeDispatch"]] []
[2018-11-08 11:38:21] System.INFO: Router Dispatcher initialized [] []
[2018-11-08 11:38:21] System.INFO: Trying to find match for (GET) 'language' [] []
[2018-11-08 11:38:21] System.INFO: Route match found [] []
[2018-11-08 11:38:21] System.DEBUG: No hook definitions found for 'router.dispatcher.beforeDispatch'. Available hook definitions [["coinritual.route.beforeDispatch"]] []
[2018-11-08 11:38:21] System.INFO: Executing route definition {"name":"~^language$~","action":"[object] (Closure: {})"} []
[2018-11-08 11:38:21] System.DEBUG: No hook definitions found for 'model.translation.before.init'. Available hook definitions [["coinritual.route.beforeDispatch"]] []
[2018-11-08 11:38:21] System.DEBUG: No hook definitions found for 'model.translation.after.init'. Available hook definitions [["coinritual.route.beforeDispatch"]] []
[2018-11-08 11:38:21] System.DEBUG: No hook definitions found for 'model.translation.before.select'. Available hook definitions [["coinritual.route.beforeDispatch"]] []
[2018-11-08 11:38:21] System.DEBUG: No hook definitions found for 'model.translation.after.select'. Available hook definitions [["coinritual.route.beforeDispatch"]] []
[2018-11-08 11:38:21] System.DEBUG: No hook definitions found for 'router.dispatcher.afterDispatch'. Available hook definitions [["coinritual.route.beforeDispatch"]] []
[2018-11-08 11:38:21] System.INFO: Request has finished processing, Response is ready to be sent to caller. [] []
[2018-11-08 11:38:21] System.DEBUG: No hook definitions found for 'application.dispatch.after'. Available hook definitions [["coinritual.route.beforeDispatch"]] []
[2018-11-08 11:38:21] System.DEBUG: Time taken to finish Request processing {"start":1541677101.458995,"end":1541677101.482671,"elapsed":0.023675918579101562,"uri":"/language"} []
[2018-11-08 13:17:05] System.INFO: Hooks component initialized [] []
[2018-11-08 13:17:05] System.DEBUG: Adding definition for hook 'coinritual.route.beforeDispatch' for the first time. [] []
[2018-11-08 13:17:05] System.INFO: Route Container initialized [] []
[2018-11-08 13:17:05] System.INFO: Route successfully added to Container {"uri":"~^language$~"} []
[2018-11-08 13:17:05] System.INFO: Route successfully added to Container {"uri":"~^[:params:]?/?oathmaster/?[:named:]?$|^[:params:]?/?observer/?[:named:]?$~"} []
[2018-11-08 13:17:05] System.INFO: Route successfully added to Container {"uri":"~^[:params:]?/?rules/?$~"} []
[2018-11-08 13:17:05] System.INFO: Route successfully added to Container {"uri":"~^[:params:]?/?bloodnamed/?$~"} []
[2018-11-08 13:17:05] System.INFO: Route successfully added to Container {"uri":"~^coinMachine/getResult/?$~"} []
[2018-11-08 13:17:05] System.INFO: Route successfully added to Container {"uri":"~^[:params:]?/?tables/?$~"} []
[2018-11-08 13:17:05] System.INFO: Route successfully added to Container {"uri":"~^fight/save/?$~"} []
[2018-11-08 13:17:05] System.INFO: Route successfully added to Container {"uri":"~^[:params:]?/?$|^[:params:]?/?fame/?$~"} []
[2018-11-08 13:17:05] System.INFO: Shutdown and error handlers have been registered [] []
[2018-11-08 13:17:05] System.INFO: Output manager initialized [] []
[2018-11-08 13:17:05] System.INFO: Application initialized [] []
[2018-11-08 13:17:05] System.DEBUG: No hook definitions found for 'application.init.after'. Available hook definitions [["coinritual.route.beforeDispatch"]] []
[2018-11-08 13:17:05] System.INFO: Beginning process for request. ["[object] (SlaxWeb\\Router\\Request: GET /home HTTP/1.0\r\nAccept:           */*\r\nAccept-Language:  en-US\r\nConnection:       close\r\nHost:             tob.clanwolf.net\r\nUser-Agent:       Mozilla/5.0 (compatible; Baiduspider/2.0; +http://www.baidu.com/search/spider.html)\r\nX-Accel-Internal: /internal-nginx-static-location\r\nX-Forwarded-For:  180.76.15.148\r\nX-Real-Ip:        180.76.15.148\r\n\r\n)"] []
[2018-11-08 13:17:05] System.DEBUG: No hook definitions found for 'application.dispatch.before'. Available hook definitions [["coinritual.route.beforeDispatch"]] []
[2018-11-08 13:17:05] System.INFO: Router Dispatcher initialized [] []
[2018-11-08 13:17:05] System.INFO: Trying to find match for (GET) 'home' [] []
[2018-11-08 13:17:05] System.INFO: Route match found [] []
[2018-11-08 13:17:05] System.INFO: Calling definition for hook 'coinritual.route.beforeDispatch' [] []
[2018-11-08 13:17:05] System.DEBUG: Hook definition parameters ["[object] (SlaxWeb\\Bootstrap\\Application: {})","[object] (SlaxWeb\\Router\\Route: {})"] []
[2018-11-08 13:17:06] System.INFO: Hooks component initialized [] []
[2018-11-08 13:17:06] System.DEBUG: Adding definition for hook 'coinritual.route.beforeDispatch' for the first time. [] []
[2018-11-08 13:17:06] System.INFO: Route Container initialized [] []
[2018-11-08 13:17:06] System.INFO: Route successfully added to Container {"uri":"~^language$~"} []
[2018-11-08 13:17:06] System.INFO: Route successfully added to Container {"uri":"~^[:params:]?/?oathmaster/?[:named:]?$|^[:params:]?/?observer/?[:named:]?$~"} []
[2018-11-08 13:17:06] System.INFO: Route successfully added to Container {"uri":"~^[:params:]?/?rules/?$~"} []
[2018-11-08 13:17:06] System.INFO: Route successfully added to Container {"uri":"~^[:params:]?/?bloodnamed/?$~"} []
[2018-11-08 13:17:06] System.INFO: Route successfully added to Container {"uri":"~^coinMachine/getResult/?$~"} []
[2018-11-08 13:17:06] System.INFO: Route successfully added to Container {"uri":"~^[:params:]?/?tables/?$~"} []
[2018-11-08 13:17:06] System.INFO: Route successfully added to Container {"uri":"~^fight/save/?$~"} []
[2018-11-08 13:17:06] System.INFO: Route successfully added to Container {"uri":"~^[:params:]?/?$|^[:params:]?/?fame/?$~"} []
[2018-11-08 13:17:06] System.INFO: Shutdown and error handlers have been registered [] []
[2018-11-08 13:17:06] System.INFO: Output manager initialized [] []
[2018-11-08 13:17:06] System.INFO: Application initialized [] []
[2018-11-08 13:17:06] System.DEBUG: No hook definitions found for 'application.init.after'. Available hook definitions [["coinritual.route.beforeDispatch"]] []
[2018-11-08 13:17:06] System.INFO: Beginning process for request. ["[object] (SlaxWeb\\Router\\Request: GET /index.php?/language HTTP/1.0\r\nAccept:           */*\r\nAccept-Language:  en-US\r\nConnection:       close\r\nCookie:           PHPSESSID=tmvqkunp8u11hmmqqcpsnj1fau;\r\nHost:             tob.clanwolf.net\r\nUser-Agent:       Mozilla/5.0 (compatible; Baiduspider/2.0; +http://www.baidu.com/search/spider.html)\r\nX-Accel-Internal: /internal-nginx-static-location\r\nX-Forwarded-For:  180.76.15.9\r\nX-Real-Ip:        180.76.15.9\r\n\r\n)"] []
[2018-11-08 13:17:06] System.DEBUG: No hook definitions found for 'application.dispatch.before'. Available hook definitions [["coinritual.route.beforeDispatch"]] []
[2018-11-08 13:17:06] System.INFO: Router Dispatcher initialized [] []
[2018-11-08 13:17:06] System.INFO: Trying to find match for (GET) '' [] []
[2018-11-08 13:17:06] System.INFO: Route match found [] []
[2018-11-08 13:17:06] System.INFO: Calling definition for hook 'coinritual.route.beforeDispatch' [] []
[2018-11-08 13:17:06] System.DEBUG: Hook definition parameters ["[object] (SlaxWeb\\Bootstrap\\Application: {})","[object] (SlaxWeb\\Router\\Route: {})"] []
[2018-11-08 13:17:07] System.INFO: Hooks component initialized [] []
[2018-11-08 13:17:07] System.DEBUG: Adding definition for hook 'coinritual.route.beforeDispatch' for the first time. [] []
[2018-11-08 13:17:07] System.INFO: Route Container initialized [] []
[2018-11-08 13:17:07] System.INFO: Route successfully added to Container {"uri":"~^language$~"} []
[2018-11-08 13:17:07] System.INFO: Route successfully added to Container {"uri":"~^[:params:]?/?oathmaster/?[:named:]?$|^[:params:]?/?observer/?[:named:]?$~"} []
[2018-11-08 13:17:07] System.INFO: Route successfully added to Container {"uri":"~^[:params:]?/?rules/?$~"} []
[2018-11-08 13:17:07] System.INFO: Route successfully added to Container {"uri":"~^[:params:]?/?bloodnamed/?$~"} []
[2018-11-08 13:17:07] System.INFO: Route successfully added to Container {"uri":"~^coinMachine/getResult/?$~"} []
[2018-11-08 13:17:07] System.INFO: Route successfully added to Container {"uri":"~^[:params:]?/?tables/?$~"} []
[2018-11-08 13:17:07] System.INFO: Route successfully added to Container {"uri":"~^fight/save/?$~"} []
[2018-11-08 13:17:07] System.INFO: Route successfully added to Container {"uri":"~^[:params:]?/?$|^[:params:]?/?fame/?$~"} []
[2018-11-08 13:17:07] System.INFO: Shutdown and error handlers have been registered [] []
[2018-11-08 13:17:07] System.INFO: Output manager initialized [] []
[2018-11-08 13:17:07] System.INFO: Application initialized [] []
[2018-11-08 13:17:07] System.DEBUG: No hook definitions found for 'application.init.after'. Available hook definitions [["coinritual.route.beforeDispatch"]] []
[2018-11-08 13:17:07] System.INFO: Beginning process for request. ["[object] (SlaxWeb\\Router\\Request: GET /language HTTP/1.0\r\nAccept:           */*\r\nAccept-Language:  en-US\r\nConnection:       close\r\nCookie:           PHPSESSID=tmvqkunp8u11hmmqqcpsnj1fau;\r\nHost:             tob.clanwolf.net\r\nUser-Agent:       Mozilla/5.0 (compatible; Baiduspider/2.0; +http://www.baidu.com/search/spider.html)\r\nX-Accel-Internal: /internal-nginx-static-location\r\nX-Forwarded-For:  180.76.15.7\r\nX-Real-Ip:        180.76.15.7\r\n\r\n)"] []
[2018-11-08 13:17:07] System.DEBUG: No hook definitions found for 'application.dispatch.before'. Available hook definitions [["coinritual.route.beforeDispatch"]] []
[2018-11-08 13:17:07] System.INFO: Router Dispatcher initialized [] []
[2018-11-08 13:17:07] System.INFO: Trying to find match for (GET) 'language' [] []
[2018-11-08 13:17:07] System.INFO: Route match found [] []
[2018-11-08 13:17:07] System.DEBUG: No hook definitions found for 'router.dispatcher.beforeDispatch'. Available hook definitions [["coinritual.route.beforeDispatch"]] []
[2018-11-08 13:17:07] System.INFO: Executing route definition {"name":"~^language$~","action":"[object] (Closure: {})"} []
[2018-11-08 13:17:07] System.DEBUG: No hook definitions found for 'model.translation.before.init'. Available hook definitions [["coinritual.route.beforeDispatch"]] []
[2018-11-08 13:17:07] System.DEBUG: No hook definitions found for 'model.translation.after.init'. Available hook definitions [["coinritual.route.beforeDispatch"]] []
[2018-11-08 13:17:07] System.DEBUG: No hook definitions found for 'model.translation.before.select'. Available hook definitions [["coinritual.route.beforeDispatch"]] []
[2018-11-08 13:17:07] System.DEBUG: No hook definitions found for 'model.translation.after.select'. Available hook definitions [["coinritual.route.beforeDispatch"]] []
[2018-11-08 13:17:07] System.DEBUG: No hook definitions found for 'router.dispatcher.afterDispatch'. Available hook definitions [["coinritual.route.beforeDispatch"]] []
[2018-11-08 13:17:07] System.INFO: Request has finished processing, Response is ready to be sent to caller. [] []
[2018-11-08 13:17:07] System.DEBUG: No hook definitions found for 'application.dispatch.after'. Available hook definitions [["coinritual.route.beforeDispatch"]] []
[2018-11-08 13:17:07] System.DEBUG: Time taken to finish Request processing {"start":1541683027.578514,"end":1541683027.607191,"elapsed":0.028676986694335938,"uri":"/language"} []
[2018-11-08 14:20:11] System.INFO: Hooks component initialized [] []
[2018-11-08 14:20:11] System.DEBUG: Adding definition for hook 'coinritual.route.beforeDispatch' for the first time. [] []
[2018-11-08 14:20:11] System.INFO: Route Container initialized [] []
[2018-11-08 14:20:11] System.INFO: Route successfully added to Container {"uri":"~^language$~"} []
[2018-11-08 14:20:11] System.INFO: Route successfully added to Container {"uri":"~^[:params:]?/?oathmaster/?[:named:]?$|^[:params:]?/?observer/?[:named:]?$~"} []
[2018-11-08 14:20:11] System.INFO: Route successfully added to Container {"uri":"~^[:params:]?/?rules/?$~"} []
[2018-11-08 14:20:11] System.INFO: Route successfully added to Container {"uri":"~^[:params:]?/?bloodnamed/?$~"} []
[2018-11-08 14:20:11] System.INFO: Route successfully added to Container {"uri":"~^coinMachine/getResult/?$~"} []
[2018-11-08 14:20:11] System.INFO: Route successfully added to Container {"uri":"~^[:params:]?/?tables/?$~"} []
[2018-11-08 14:20:11] System.INFO: Route successfully added to Container {"uri":"~^fight/save/?$~"} []
[2018-11-08 14:20:11] System.INFO: Route successfully added to Container {"uri":"~^[:params:]?/?$|^[:params:]?/?fame/?$~"} []
[2018-11-08 14:20:11] System.INFO: Shutdown and error handlers have been registered [] []
[2018-11-08 14:20:11] System.INFO: Output manager initialized [] []
[2018-11-08 14:20:11] System.INFO: Application initialized [] []
[2018-11-08 14:20:11] System.DEBUG: No hook definitions found for 'application.init.after'. Available hook definitions [["coinritual.route.beforeDispatch"]] []
[2018-11-08 14:20:11] System.INFO: Beginning process for request. ["[object] (SlaxWeb\\Router\\Request: GET / HTTP/1.0\r\nAccept:                    text/html,application/xhtml+xml,application/xml;q=0.9,image/webp,image/apng,*/*;q=0.8\r\nAccept-Encoding:           gzip, deflate\r\nConnection:                close\r\nHost:                      tob.clanwolf.net\r\nUpgrade-Insecure-Requests: 1\r\nUser-Agent:                Mozilla/5.0 (Linux; Android 5.0; SM-G900P Build/LRX21T) AppleWebKit/537.36 (KHTML, like Gecko) Chrome/42.0.7088.364 Mobile Safari/537.36\r\nX-Accel-Internal:          /internal-nginx-static-location\r\nX-Forwarded-For:           220.243.136.185\r\nX-Real-Ip:                 220.243.136.185\r\n\r\n)"] []
[2018-11-08 14:20:11] System.DEBUG: No hook definitions found for 'application.dispatch.before'. Available hook definitions [["coinritual.route.beforeDispatch"]] []
[2018-11-08 14:20:11] System.INFO: Router Dispatcher initialized [] []
[2018-11-08 14:20:11] System.INFO: Trying to find match for (GET) '' [] []
[2018-11-08 14:20:11] System.INFO: Route match found [] []
[2018-11-08 14:20:11] System.INFO: Calling definition for hook 'coinritual.route.beforeDispatch' [] []
[2018-11-08 14:20:11] System.DEBUG: Hook definition parameters ["[object] (SlaxWeb\\Bootstrap\\Application: {})","[object] (SlaxWeb\\Router\\Route: {})"] []
[2018-11-08 14:20:12] System.INFO: Hooks component initialized [] []
[2018-11-08 14:20:12] System.DEBUG: Adding definition for hook 'coinritual.route.beforeDispatch' for the first time. [] []
[2018-11-08 14:20:12] System.INFO: Route Container initialized [] []
[2018-11-08 14:20:12] System.INFO: Route successfully added to Container {"uri":"~^language$~"} []
[2018-11-08 14:20:12] System.INFO: Route successfully added to Container {"uri":"~^[:params:]?/?oathmaster/?[:named:]?$|^[:params:]?/?observer/?[:named:]?$~"} []
[2018-11-08 14:20:12] System.INFO: Route successfully added to Container {"uri":"~^[:params:]?/?rules/?$~"} []
[2018-11-08 14:20:12] System.INFO: Route successfully added to Container {"uri":"~^[:params:]?/?bloodnamed/?$~"} []
[2018-11-08 14:20:12] System.INFO: Route successfully added to Container {"uri":"~^coinMachine/getResult/?$~"} []
[2018-11-08 14:20:12] System.INFO: Route successfully added to Container {"uri":"~^[:params:]?/?tables/?$~"} []
[2018-11-08 14:20:12] System.INFO: Route successfully added to Container {"uri":"~^fight/save/?$~"} []
[2018-11-08 14:20:12] System.INFO: Route successfully added to Container {"uri":"~^[:params:]?/?$|^[:params:]?/?fame/?$~"} []
[2018-11-08 14:20:12] System.INFO: Shutdown and error handlers have been registered [] []
[2018-11-08 14:20:12] System.INFO: Output manager initialized [] []
[2018-11-08 14:20:12] System.INFO: Application initialized [] []
[2018-11-08 14:20:12] System.DEBUG: No hook definitions found for 'application.init.after'. Available hook definitions [["coinritual.route.beforeDispatch"]] []
[2018-11-08 14:20:12] System.INFO: Beginning process for request. ["[object] (SlaxWeb\\Router\\Request: GET /language HTTP/1.0\r\nAccept:                    text/html,application/xhtml+xml,application/xml;q=0.9,image/webp,image/apng,*/*;q=0.8\r\nAccept-Encoding:           gzip, deflate\r\nConnection:                close\r\nCookie:                    PHPSESSID=ujld1k35ra6dfmuck0c2d5qdvh\r\nHost:                      tob.clanwolf.net\r\nUpgrade-Insecure-Requests: 1\r\nUser-Agent:                Mozilla/5.0 (Linux; Android 5.0; SM-G900P Build/LRX21T) AppleWebKit/537.36 (KHTML, like Gecko) Chrome/42.0.7088.364 Mobile Safari/537.36\r\nX-Accel-Internal:          /internal-nginx-static-location\r\nX-Forwarded-For:           220.243.136.185\r\nX-Real-Ip:                 220.243.136.185\r\n\r\n)"] []
[2018-11-08 14:20:12] System.DEBUG: No hook definitions found for 'application.dispatch.before'. Available hook definitions [["coinritual.route.beforeDispatch"]] []
[2018-11-08 14:20:12] System.INFO: Router Dispatcher initialized [] []
[2018-11-08 14:20:12] System.INFO: Trying to find match for (GET) 'language' [] []
[2018-11-08 14:20:12] System.INFO: Route match found [] []
[2018-11-08 14:20:12] System.DEBUG: No hook definitions found for 'router.dispatcher.beforeDispatch'. Available hook definitions [["coinritual.route.beforeDispatch"]] []
[2018-11-08 14:20:12] System.INFO: Executing route definition {"name":"~^language$~","action":"[object] (Closure: {})"} []
[2018-11-08 14:20:12] System.DEBUG: No hook definitions found for 'model.translation.before.init'. Available hook definitions [["coinritual.route.beforeDispatch"]] []
[2018-11-08 14:20:12] System.DEBUG: No hook definitions found for 'model.translation.after.init'. Available hook definitions [["coinritual.route.beforeDispatch"]] []
[2018-11-08 14:20:12] System.DEBUG: No hook definitions found for 'model.translation.before.select'. Available hook definitions [["coinritual.route.beforeDispatch"]] []
[2018-11-08 14:20:12] System.DEBUG: No hook definitions found for 'model.translation.after.select'. Available hook definitions [["coinritual.route.beforeDispatch"]] []
[2018-11-08 14:20:12] System.DEBUG: No hook definitions found for 'router.dispatcher.afterDispatch'. Available hook definitions [["coinritual.route.beforeDispatch"]] []
[2018-11-08 14:20:12] System.INFO: Request has finished processing, Response is ready to be sent to caller. [] []
[2018-11-08 14:20:12] System.DEBUG: No hook definitions found for 'application.dispatch.after'. Available hook definitions [["coinritual.route.beforeDispatch"]] []
[2018-11-08 14:20:12] System.DEBUG: Time taken to finish Request processing {"start":1541686812.189313,"end":1541686812.209232,"elapsed":0.019919157028198242,"uri":"/language"} []
[2018-11-08 19:20:17] System.INFO: Hooks component initialized [] []
[2018-11-08 19:20:17] System.DEBUG: Adding definition for hook 'coinritual.route.beforeDispatch' for the first time. [] []
[2018-11-08 19:20:17] System.INFO: Route Container initialized [] []
[2018-11-08 19:20:17] System.INFO: Route successfully added to Container {"uri":"~^language$~"} []
[2018-11-08 19:20:17] System.INFO: Route successfully added to Container {"uri":"~^[:params:]?/?oathmaster/?[:named:]?$|^[:params:]?/?observer/?[:named:]?$~"} []
[2018-11-08 19:20:17] System.INFO: Route successfully added to Container {"uri":"~^[:params:]?/?rules/?$~"} []
[2018-11-08 19:20:17] System.INFO: Route successfully added to Container {"uri":"~^[:params:]?/?bloodnamed/?$~"} []
[2018-11-08 19:20:17] System.INFO: Route successfully added to Container {"uri":"~^coinMachine/getResult/?$~"} []
[2018-11-08 19:20:17] System.INFO: Route successfully added to Container {"uri":"~^[:params:]?/?tables/?$~"} []
[2018-11-08 19:20:17] System.INFO: Route successfully added to Container {"uri":"~^fight/save/?$~"} []
[2018-11-08 19:20:17] System.INFO: Route successfully added to Container {"uri":"~^[:params:]?/?$|^[:params:]?/?fame/?$~"} []
[2018-11-08 19:20:17] System.INFO: Shutdown and error handlers have been registered [] []
[2018-11-08 19:20:17] System.INFO: Output manager initialized [] []
[2018-11-08 19:20:17] System.INFO: Application initialized [] []
[2018-11-08 19:20:17] System.DEBUG: No hook definitions found for 'application.init.after'. Available hook definitions [["coinritual.route.beforeDispatch"]] []
[2018-11-08 19:20:17] System.INFO: Beginning process for request. ["[object] (SlaxWeb\\Router\\Request: GET / HTTP/1.0\r\nAccept:           */*\r\nAccept-Encoding:  gzip, deflate\r\nCache-Control:    no-cache\r\nConnection:       close\r\nFrom:             bingbot(at)microsoft.com\r\nHost:             tob.clanwolf.net\r\nPragma:           no-cache\r\nUser-Agent:       Mozilla/5.0 (compatible; bingbot/2.0; +http://www.bing.com/bingbot.htm)\r\nX-Accel-Internal: /internal-nginx-static-location\r\nX-Forwarded-For:  40.77.167.102\r\nX-Real-Ip:        40.77.167.102\r\n\r\n)"] []
[2018-11-08 19:20:17] System.DEBUG: No hook definitions found for 'application.dispatch.before'. Available hook definitions [["coinritual.route.beforeDispatch"]] []
[2018-11-08 19:20:17] System.INFO: Router Dispatcher initialized [] []
[2018-11-08 19:20:17] System.INFO: Trying to find match for (GET) '' [] []
[2018-11-08 19:20:17] System.INFO: Route match found [] []
[2018-11-08 19:20:17] System.INFO: Calling definition for hook 'coinritual.route.beforeDispatch' [] []
[2018-11-08 19:20:17] System.DEBUG: Hook definition parameters ["[object] (SlaxWeb\\Bootstrap\\Application: {})","[object] (SlaxWeb\\Router\\Route: {})"] []
[2018-11-08 19:23:05] System.INFO: Hooks component initialized [] []
[2018-11-08 19:23:05] System.DEBUG: Adding definition for hook 'coinritual.route.beforeDispatch' for the first time. [] []
[2018-11-08 19:23:05] System.INFO: Route Container initialized [] []
[2018-11-08 19:23:05] System.INFO: Route successfully added to Container {"uri":"~^language$~"} []
[2018-11-08 19:23:05] System.INFO: Route successfully added to Container {"uri":"~^[:params:]?/?oathmaster/?[:named:]?$|^[:params:]?/?observer/?[:named:]?$~"} []
[2018-11-08 19:23:05] System.INFO: Route successfully added to Container {"uri":"~^[:params:]?/?rules/?$~"} []
[2018-11-08 19:23:05] System.INFO: Route successfully added to Container {"uri":"~^[:params:]?/?bloodnamed/?$~"} []
[2018-11-08 19:23:05] System.INFO: Route successfully added to Container {"uri":"~^coinMachine/getResult/?$~"} []
[2018-11-08 19:23:05] System.INFO: Route successfully added to Container {"uri":"~^[:params:]?/?tables/?$~"} []
[2018-11-08 19:23:05] System.INFO: Route successfully added to Container {"uri":"~^fight/save/?$~"} []
[2018-11-08 19:23:05] System.INFO: Route successfully added to Container {"uri":"~^[:params:]?/?$|^[:params:]?/?fame/?$~"} []
[2018-11-08 19:23:05] System.INFO: Shutdown and error handlers have been registered [] []
[2018-11-08 19:23:05] System.INFO: Output manager initialized [] []
[2018-11-08 19:23:05] System.INFO: Application initialized [] []
[2018-11-08 19:23:05] System.DEBUG: No hook definitions found for 'application.init.after'. Available hook definitions [["coinritual.route.beforeDispatch"]] []
[2018-11-08 19:23:05] System.INFO: Beginning process for request. ["[object] (SlaxWeb\\Router\\Request: GET / HTTP/1.0\r\nAccept:           text/html, image/gif, image/jpeg, *; q=.2, */*; q=.2\r\nConnection:       close\r\nHost:             tob.clanwolf.net\r\nUser-Agent:       Mozilla/5.0 (compatible; MSIE 9.0; Windows NT 6.1; WOW64; Trident/5.0)\r\nX-Accel-Internal: /internal-nginx-static-location\r\nX-Forwarded-For:  120.132.95.35\r\nX-Real-Ip:        120.132.95.35\r\n\r\n)"] []
[2018-11-08 19:23:05] System.DEBUG: No hook definitions found for 'application.dispatch.before'. Available hook definitions [["coinritual.route.beforeDispatch"]] []
[2018-11-08 19:23:05] System.INFO: Router Dispatcher initialized [] []
[2018-11-08 19:23:05] System.INFO: Trying to find match for (GET) '' [] []
[2018-11-08 19:23:05] System.INFO: Route match found [] []
[2018-11-08 19:23:05] System.INFO: Calling definition for hook 'coinritual.route.beforeDispatch' [] []
[2018-11-08 19:23:05] System.DEBUG: Hook definition parameters ["[object] (SlaxWeb\\Bootstrap\\Application: {})","[object] (SlaxWeb\\Router\\Route: {})"] []
[2018-11-08 20:13:54] System.INFO: Hooks component initialized [] []
[2018-11-08 20:13:54] System.DEBUG: Adding definition for hook 'coinritual.route.beforeDispatch' for the first time. [] []
[2018-11-08 20:13:54] System.INFO: Route Container initialized [] []
[2018-11-08 20:13:54] System.INFO: Route successfully added to Container {"uri":"~^language$~"} []
[2018-11-08 20:13:54] System.INFO: Route successfully added to Container {"uri":"~^[:params:]?/?oathmaster/?[:named:]?$|^[:params:]?/?observer/?[:named:]?$~"} []
[2018-11-08 20:13:54] System.INFO: Route successfully added to Container {"uri":"~^[:params:]?/?rules/?$~"} []
[2018-11-08 20:13:54] System.INFO: Route successfully added to Container {"uri":"~^[:params:]?/?bloodnamed/?$~"} []
[2018-11-08 20:13:54] System.INFO: Route successfully added to Container {"uri":"~^coinMachine/getResult/?$~"} []
[2018-11-08 20:13:54] System.INFO: Route successfully added to Container {"uri":"~^[:params:]?/?tables/?$~"} []
[2018-11-08 20:13:54] System.INFO: Route successfully added to Container {"uri":"~^fight/save/?$~"} []
[2018-11-08 20:13:54] System.INFO: Route successfully added to Container {"uri":"~^[:params:]?/?$|^[:params:]?/?fame/?$~"} []
[2018-11-08 20:13:54] System.INFO: Shutdown and error handlers have been registered [] []
[2018-11-08 20:13:54] System.INFO: Output manager initialized [] []
[2018-11-08 20:13:54] System.INFO: Application initialized [] []
[2018-11-08 20:13:54] System.DEBUG: No hook definitions found for 'application.init.after'. Available hook definitions [["coinritual.route.beforeDispatch"]] []
[2018-11-08 20:13:54] System.INFO: Beginning process for request. ["[object] (SlaxWeb\\Router\\Request: GET / HTTP/1.0\r\nAccept:           */*\r\nAccept-Encoding:  gzip,deflate\r\nAccept-Language:  ru, uk;q=0.8, be;q=0.8, en;q=0.7, *;q=0.01\r\nConnection:       close\r\nFrom:             support@search.yandex.ru\r\nHost:             tob.clanwolf.net\r\nUser-Agent:       Mozilla/5.0 (compatible; YandexBot/3.0; +http://yandex.com/bots)\r\nX-Accel-Internal: /internal-nginx-static-location\r\nX-Forwarded-For:  5.255.251.5\r\nX-Real-Ip:        5.255.251.5\r\n\r\n)"] []
[2018-11-08 20:13:54] System.DEBUG: No hook definitions found for 'application.dispatch.before'. Available hook definitions [["coinritual.route.beforeDispatch"]] []
[2018-11-08 20:13:54] System.INFO: Router Dispatcher initialized [] []
[2018-11-08 20:13:54] System.INFO: Trying to find match for (GET) '' [] []
[2018-11-08 20:13:54] System.INFO: Route match found [] []
[2018-11-08 20:13:54] System.INFO: Calling definition for hook 'coinritual.route.beforeDispatch' [] []
[2018-11-08 20:13:54] System.DEBUG: Hook definition parameters ["[object] (SlaxWeb\\Bootstrap\\Application: {})","[object] (SlaxWeb\\Router\\Route: {})"] []
[2018-11-08 20:13:58] System.INFO: Hooks component initialized [] []
[2018-11-08 20:13:58] System.DEBUG: Adding definition for hook 'coinritual.route.beforeDispatch' for the first time. [] []
[2018-11-08 20:13:58] System.INFO: Route Container initialized [] []
[2018-11-08 20:13:58] System.INFO: Route successfully added to Container {"uri":"~^language$~"} []
[2018-11-08 20:13:58] System.INFO: Route successfully added to Container {"uri":"~^[:params:]?/?oathmaster/?[:named:]?$|^[:params:]?/?observer/?[:named:]?$~"} []
[2018-11-08 20:13:58] System.INFO: Route successfully added to Container {"uri":"~^[:params:]?/?rules/?$~"} []
[2018-11-08 20:13:58] System.INFO: Route successfully added to Container {"uri":"~^[:params:]?/?bloodnamed/?$~"} []
[2018-11-08 20:13:58] System.INFO: Route successfully added to Container {"uri":"~^coinMachine/getResult/?$~"} []
[2018-11-08 20:13:58] System.INFO: Route successfully added to Container {"uri":"~^[:params:]?/?tables/?$~"} []
[2018-11-08 20:13:58] System.INFO: Route successfully added to Container {"uri":"~^fight/save/?$~"} []
[2018-11-08 20:13:58] System.INFO: Route successfully added to Container {"uri":"~^[:params:]?/?$|^[:params:]?/?fame/?$~"} []
[2018-11-08 20:13:58] System.INFO: Shutdown and error handlers have been registered [] []
[2018-11-08 20:13:58] System.INFO: Output manager initialized [] []
[2018-11-08 20:13:58] System.INFO: Application initialized [] []
[2018-11-08 20:13:58] System.DEBUG: No hook definitions found for 'application.init.after'. Available hook definitions [["coinritual.route.beforeDispatch"]] []
[2018-11-08 20:13:58] System.INFO: Beginning process for request. ["[object] (SlaxWeb\\Router\\Request: GET /language HTTP/1.0\r\nAccept:           */*\r\nAccept-Encoding:  gzip,deflate\r\nAccept-Language:  ru, uk;q=0.8, be;q=0.8, en;q=0.7, *;q=0.01\r\nConnection:       close\r\nFrom:             support@search.yandex.ru\r\nHost:             tob.clanwolf.net\r\nUser-Agent:       Mozilla/5.0 (compatible; YandexBot/3.0; +http://yandex.com/bots)\r\nX-Accel-Internal: /internal-nginx-static-location\r\nX-Forwarded-For:  5.255.251.11\r\nX-Real-Ip:        5.255.251.11\r\n\r\n)"] []
[2018-11-08 20:13:58] System.DEBUG: No hook definitions found for 'application.dispatch.before'. Available hook definitions [["coinritual.route.beforeDispatch"]] []
[2018-11-08 20:13:58] System.INFO: Router Dispatcher initialized [] []
[2018-11-08 20:13:58] System.INFO: Trying to find match for (GET) 'language' [] []
[2018-11-08 20:13:58] System.INFO: Route match found [] []
[2018-11-08 20:13:58] System.DEBUG: No hook definitions found for 'router.dispatcher.beforeDispatch'. Available hook definitions [["coinritual.route.beforeDispatch"]] []
[2018-11-08 20:13:58] System.INFO: Executing route definition {"name":"~^language$~","action":"[object] (Closure: {})"} []
[2018-11-08 20:13:58] System.DEBUG: No hook definitions found for 'model.translation.before.init'. Available hook definitions [["coinritual.route.beforeDispatch"]] []
[2018-11-08 20:13:58] System.DEBUG: No hook definitions found for 'model.translation.after.init'. Available hook definitions [["coinritual.route.beforeDispatch"]] []
[2018-11-08 20:13:58] System.DEBUG: No hook definitions found for 'model.translation.before.select'. Available hook definitions [["coinritual.route.beforeDispatch"]] []
[2018-11-08 20:13:58] System.DEBUG: No hook definitions found for 'model.translation.after.select'. Available hook definitions [["coinritual.route.beforeDispatch"]] []
[2018-11-08 20:13:58] System.DEBUG: No hook definitions found for 'router.dispatcher.afterDispatch'. Available hook definitions [["coinritual.route.beforeDispatch"]] []
[2018-11-08 20:13:58] System.INFO: Request has finished processing, Response is ready to be sent to caller. [] []
[2018-11-08 20:13:58] System.DEBUG: No hook definitions found for 'application.dispatch.after'. Available hook definitions [["coinritual.route.beforeDispatch"]] []
[2018-11-08 20:13:58] System.DEBUG: Time taken to finish Request processing {"start":1541708038.549598,"end":1541708038.57403,"elapsed":0.024431943893432617,"uri":"/language"} []
[2018-11-08 23:44:03] System.INFO: Hooks component initialized [] []
[2018-11-08 23:44:03] System.DEBUG: Adding definition for hook 'coinritual.route.beforeDispatch' for the first time. [] []
[2018-11-08 23:44:03] System.INFO: Route Container initialized [] []
[2018-11-08 23:44:03] System.INFO: Route successfully added to Container {"uri":"~^language$~"} []
[2018-11-08 23:44:03] System.INFO: Route successfully added to Container {"uri":"~^[:params:]?/?oathmaster/?[:named:]?$|^[:params:]?/?observer/?[:named:]?$~"} []
[2018-11-08 23:44:03] System.INFO: Route successfully added to Container {"uri":"~^[:params:]?/?rules/?$~"} []
[2018-11-08 23:44:03] System.INFO: Route successfully added to Container {"uri":"~^[:params:]?/?bloodnamed/?$~"} []
[2018-11-08 23:44:03] System.INFO: Route successfully added to Container {"uri":"~^coinMachine/getResult/?$~"} []
[2018-11-08 23:44:03] System.INFO: Route successfully added to Container {"uri":"~^[:params:]?/?tables/?$~"} []
[2018-11-08 23:44:03] System.INFO: Route successfully added to Container {"uri":"~^fight/save/?$~"} []
[2018-11-08 23:44:03] System.INFO: Route successfully added to Container {"uri":"~^[:params:]?/?$|^[:params:]?/?fame/?$~"} []
[2018-11-08 23:44:03] System.INFO: Shutdown and error handlers have been registered [] []
[2018-11-08 23:44:03] System.INFO: Output manager initialized [] []
[2018-11-08 23:44:03] System.INFO: Application initialized [] []
[2018-11-08 23:44:03] System.DEBUG: No hook definitions found for 'application.init.after'. Available hook definitions [["coinritual.route.beforeDispatch"]] []
[2018-11-08 23:44:03] System.INFO: Beginning process for request. ["[object] (SlaxWeb\\Router\\Request: GET / HTTP/1.0\r\nAccept:           text/html,application/xhtml+xml,application/xml;q=0.9,*/*;q=0.8\r\nAccept-Encoding:  gzip,deflate,br\r\nConnection:       close\r\nFrom:             googlebot(at)googlebot.com\r\nHost:             tob.clanwolf.net\r\nUser-Agent:       Mozilla/5.0 (compatible; Googlebot/2.1; +http://www.google.com/bot.html)\r\nX-Accel-Internal: /internal-nginx-static-location\r\nX-Forwarded-For:  66.249.66.21\r\nX-Real-Ip:        66.249.66.21\r\n\r\n)"] []
[2018-11-08 23:44:03] System.DEBUG: No hook definitions found for 'application.dispatch.before'. Available hook definitions [["coinritual.route.beforeDispatch"]] []
[2018-11-08 23:44:03] System.INFO: Router Dispatcher initialized [] []
[2018-11-08 23:44:03] System.INFO: Trying to find match for (GET) '' [] []
[2018-11-08 23:44:03] System.INFO: Route match found [] []
[2018-11-08 23:44:03] System.INFO: Calling definition for hook 'coinritual.route.beforeDispatch' [] []
[2018-11-08 23:44:03] System.DEBUG: Hook definition parameters ["[object] (SlaxWeb\\Bootstrap\\Application: {})","[object] (SlaxWeb\\Router\\Route: {})"] []
[2018-11-08 23:44:04] System.INFO: Hooks component initialized [] []
[2018-11-08 23:44:04] System.DEBUG: Adding definition for hook 'coinritual.route.beforeDispatch' for the first time. [] []
[2018-11-08 23:44:04] System.INFO: Route Container initialized [] []
[2018-11-08 23:44:04] System.INFO: Route successfully added to Container {"uri":"~^language$~"} []
[2018-11-08 23:44:04] System.INFO: Route successfully added to Container {"uri":"~^[:params:]?/?oathmaster/?[:named:]?$|^[:params:]?/?observer/?[:named:]?$~"} []
[2018-11-08 23:44:04] System.INFO: Route successfully added to Container {"uri":"~^[:params:]?/?rules/?$~"} []
[2018-11-08 23:44:04] System.INFO: Route successfully added to Container {"uri":"~^[:params:]?/?bloodnamed/?$~"} []
[2018-11-08 23:44:04] System.INFO: Route successfully added to Container {"uri":"~^coinMachine/getResult/?$~"} []
[2018-11-08 23:44:04] System.INFO: Route successfully added to Container {"uri":"~^[:params:]?/?tables/?$~"} []
[2018-11-08 23:44:04] System.INFO: Route successfully added to Container {"uri":"~^fight/save/?$~"} []
[2018-11-08 23:44:04] System.INFO: Route successfully added to Container {"uri":"~^[:params:]?/?$|^[:params:]?/?fame/?$~"} []
[2018-11-08 23:44:04] System.INFO: Shutdown and error handlers have been registered [] []
[2018-11-08 23:44:04] System.INFO: Output manager initialized [] []
[2018-11-08 23:44:04] System.INFO: Application initialized [] []
[2018-11-08 23:44:04] System.DEBUG: No hook definitions found for 'application.init.after'. Available hook definitions [["coinritual.route.beforeDispatch"]] []
[2018-11-08 23:44:04] System.INFO: Beginning process for request. ["[object] (SlaxWeb\\Router\\Request: GET /language HTTP/1.0\r\nAccept:           text/html,application/xhtml+xml,application/xml;q=0.9,*/*;q=0.8\r\nAccept-Encoding:  gzip,deflate,br\r\nConnection:       close\r\nCookie:           PHPSESSID=c7368i9mrbhf39m6fhua7lrgm3\r\nFrom:             googlebot(at)googlebot.com\r\nHost:             tob.clanwolf.net\r\nUser-Agent:       Mozilla/5.0 (compatible; Googlebot/2.1; +http://www.google.com/bot.html)\r\nX-Accel-Internal: /internal-nginx-static-location\r\nX-Forwarded-For:  66.249.66.21\r\nX-Real-Ip:        66.249.66.21\r\n\r\n)"] []
[2018-11-08 23:44:04] System.DEBUG: No hook definitions found for 'application.dispatch.before'. Available hook definitions [["coinritual.route.beforeDispatch"]] []
[2018-11-08 23:44:04] System.INFO: Router Dispatcher initialized [] []
[2018-11-08 23:44:04] System.INFO: Trying to find match for (GET) 'language' [] []
[2018-11-08 23:44:04] System.INFO: Route match found [] []
[2018-11-08 23:44:04] System.DEBUG: No hook definitions found for 'router.dispatcher.beforeDispatch'. Available hook definitions [["coinritual.route.beforeDispatch"]] []
[2018-11-08 23:44:04] System.INFO: Executing route definition {"name":"~^language$~","action":"[object] (Closure: {})"} []
[2018-11-08 23:44:04] System.DEBUG: No hook definitions found for 'model.translation.before.init'. Available hook definitions [["coinritual.route.beforeDispatch"]] []
[2018-11-08 23:44:04] System.DEBUG: No hook definitions found for 'model.translation.after.init'. Available hook definitions [["coinritual.route.beforeDispatch"]] []
[2018-11-08 23:44:04] System.DEBUG: No hook definitions found for 'model.translation.before.select'. Available hook definitions [["coinritual.route.beforeDispatch"]] []
[2018-11-08 23:44:04] System.DEBUG: No hook definitions found for 'model.translation.after.select'. Available hook definitions [["coinritual.route.beforeDispatch"]] []
[2018-11-08 23:44:04] System.DEBUG: No hook definitions found for 'router.dispatcher.afterDispatch'. Available hook definitions [["coinritual.route.beforeDispatch"]] []
[2018-11-08 23:44:04] System.INFO: Request has finished processing, Response is ready to be sent to caller. [] []
[2018-11-08 23:44:04] System.DEBUG: No hook definitions found for 'application.dispatch.after'. Available hook definitions [["coinritual.route.beforeDispatch"]] []
[2018-11-08 23:44:04] System.DEBUG: Time taken to finish Request processing {"start":1541720644.284265,"end":1541720644.305965,"elapsed":0.021699905395507812,"uri":"/language"} []
