[2019-04-26 22:48:35] System.INFO: Hooks component initialized [] []
[2019-04-26 22:48:35] System.DEBUG: Adding definition for hook 'coinritual.route.beforeDispatch' for the first time. [] []
[2019-04-26 22:48:35] System.INFO: Route Container initialized [] []
[2019-04-26 22:48:35] System.INFO: Route successfully added to Container {"uri":"~^language$~"} []
[2019-04-26 22:48:35] System.INFO: Route successfully added to Container {"uri":"~^[:params:]?/?oathmaster/?[:named:]?$|^[:params:]?/?observer/?[:named:]?$~"} []
[2019-04-26 22:48:35] System.INFO: Route successfully added to Container {"uri":"~^[:params:]?/?rules/?$~"} []
[2019-04-26 22:48:35] System.INFO: Route successfully added to Container {"uri":"~^[:params:]?/?bloodnamed/?$~"} []
[2019-04-26 22:48:35] System.INFO: Route successfully added to Container {"uri":"~^coinMachine/getResult/?$~"} []
[2019-04-26 22:48:35] System.INFO: Route successfully added to Container {"uri":"~^[:params:]?/?tables/?$~"} []
[2019-04-26 22:48:35] System.INFO: Route successfully added to Container {"uri":"~^fight/save/?$~"} []
[2019-04-26 22:48:35] System.INFO: Route successfully added to Container {"uri":"~^[:params:]?/?$|^[:params:]?/?fame/?$~"} []
[2019-04-26 22:48:35] System.INFO: Shutdown and error handlers have been registered [] []
[2019-04-26 22:48:35] System.INFO: Output manager initialized [] []
[2019-04-26 22:48:35] System.INFO: Application initialized [] []
[2019-04-26 22:48:35] System.DEBUG: No hook definitions found for 'application.init.after'. Available hook definitions [["coinritual.route.beforeDispatch"]] []
[2019-04-26 22:48:35] System.INFO: Beginning process for request. ["[object] (SlaxWeb\\Router\\Request: GET /apps/ToB/ HTTP/1.0\r\nAccept:                    text/html,application/xhtml+xml,application/xml;q=0.9,image/webp,image/apng,*/*;q=0.8,application/signed-exchange;v=b3\r\nAccept-Encoding:           gzip, deflate, br\r\nAccept-Language:           de-DE,de;q=0.9\r\nConnection:                close\r\nCookie:                    cookieconsent_status=dismiss; fusionCWG_visited=yes; PHPSESSID=d1uu00s4iqi7ogbv6csvu246u0; sid=hgct3jh5ksh5b553lgkem1b9n5; fusionCWG_session=fgv1rvqn4h6dmj8ve3fiqigr74; acpState=1; cw_user=55390d9e5fb674fa545276faf102e1781a357376b03c107f715725f48751d3408883\r\nDnt:                       1\r\nHost:                      www.clanwolf.net\r\nUpgrade-Insecure-Requests: 1\r\nUser-Agent:                Mozilla/5.0 (Windows NT 10.0; Win64; x64) AppleWebKit/537.36 (KHTML, like Gecko) Chrome/74.0.3729.108 Safari/537.36\r\nX-Accel-Internal:          /internal-nginx-static-location\r\nX-Forwarded-For:           128.0.100.152\r\nX-Real-Ip:                 128.0.100.152\r\n\r\n)"] []
[2019-04-26 22:48:35] System.DEBUG: No hook definitions found for 'application.dispatch.before'. Available hook definitions [["coinritual.route.beforeDispatch"]] []
[2019-04-26 22:48:35] System.INFO: Router Dispatcher initialized [] []
[2019-04-26 22:48:35] System.INFO: Trying to find match for (GET) '' [] []
[2019-04-26 22:48:35] System.INFO: Route match found [] []
[2019-04-26 22:48:35] System.INFO: Calling definition for hook 'coinritual.route.beforeDispatch' [] []
[2019-04-26 22:48:35] System.DEBUG: Hook definition parameters ["[object] (SlaxWeb\\Bootstrap\\Application: {})","[object] (SlaxWeb\\Router\\Route: {})"] []
[2019-04-26 22:48:59] System.INFO: Hooks component initialized [] []
[2019-04-26 22:48:59] System.DEBUG: Adding definition for hook 'coinritual.route.beforeDispatch' for the first time. [] []
[2019-04-26 22:48:59] System.INFO: Route Container initialized [] []
[2019-04-26 22:48:59] System.INFO: Route successfully added to Container {"uri":"~^language$~"} []
[2019-04-26 22:48:59] System.INFO: Route successfully added to Container {"uri":"~^[:params:]?/?oathmaster/?[:named:]?$|^[:params:]?/?observer/?[:named:]?$~"} []
[2019-04-26 22:48:59] System.INFO: Route successfully added to Container {"uri":"~^[:params:]?/?rules/?$~"} []
[2019-04-26 22:48:59] System.INFO: Route successfully added to Container {"uri":"~^[:params:]?/?bloodnamed/?$~"} []
[2019-04-26 22:48:59] System.INFO: Route successfully added to Container {"uri":"~^coinMachine/getResult/?$~"} []
[2019-04-26 22:48:59] System.INFO: Route successfully added to Container {"uri":"~^[:params:]?/?tables/?$~"} []
[2019-04-26 22:48:59] System.INFO: Route successfully added to Container {"uri":"~^fight/save/?$~"} []
[2019-04-26 22:48:59] System.INFO: Route successfully added to Container {"uri":"~^[:params:]?/?$|^[:params:]?/?fame/?$~"} []
[2019-04-26 22:48:59] System.INFO: Shutdown and error handlers have been registered [] []
[2019-04-26 22:48:59] System.INFO: Output manager initialized [] []
[2019-04-26 22:48:59] System.INFO: Application initialized [] []
[2019-04-26 22:48:59] System.DEBUG: No hook definitions found for 'application.init.after'. Available hook definitions [["coinritual.route.beforeDispatch"]] []
[2019-04-26 22:48:59] System.INFO: Beginning process for request. ["[object] (SlaxWeb\\Router\\Request: GET /apps/ToB/index.php HTTP/1.0\r\nAccept:                    text/html,application/xhtml+xml,application/xml;q=0.9,image/webp,image/apng,*/*;q=0.8,application/signed-exchange;v=b3\r\nAccept-Encoding:           gzip, deflate, br\r\nAccept-Language:           de-DE,de;q=0.9\r\nConnection:                close\r\nCookie:                    cookieconsent_status=dismiss; fusionCWG_visited=yes; PHPSESSID=d1uu00s4iqi7ogbv6csvu246u0; sid=hgct3jh5ksh5b553lgkem1b9n5; fusionCWG_session=fgv1rvqn4h6dmj8ve3fiqigr74; acpState=1; cw_user=55390d9e5fb674fa545276faf102e1781a357376b03c107f715725f48751d3408883\r\nDnt:                       1\r\nHost:                      www.clanwolf.net\r\nUpgrade-Insecure-Requests: 1\r\nUser-Agent:                Mozilla/5.0 (Windows NT 10.0; Win64; x64) AppleWebKit/537.36 (KHTML, like Gecko) Chrome/74.0.3729.108 Safari/537.36\r\nX-Accel-Internal:          /internal-nginx-static-location\r\nX-Forwarded-For:           128.0.100.152\r\nX-Real-Ip:                 128.0.100.152\r\n\r\n)"] []
[2019-04-26 22:48:59] System.DEBUG: No hook definitions found for 'application.dispatch.before'. Available hook definitions [["coinritual.route.beforeDispatch"]] []
[2019-04-26 22:48:59] System.INFO: Router Dispatcher initialized [] []
[2019-04-26 22:48:59] System.INFO: Trying to find match for (GET) '' [] []
[2019-04-26 22:48:59] System.INFO: Route match found [] []
[2019-04-26 22:48:59] System.INFO: Calling definition for hook 'coinritual.route.beforeDispatch' [] []
[2019-04-26 22:48:59] System.DEBUG: Hook definition parameters ["[object] (SlaxWeb\\Bootstrap\\Application: {})","[object] (SlaxWeb\\Router\\Route: {})"] []
[2019-04-26 22:49:28] System.INFO: Hooks component initialized [] []
[2019-04-26 22:49:28] System.DEBUG: Adding definition for hook 'coinritual.route.beforeDispatch' for the first time. [] []
[2019-04-26 22:49:28] System.INFO: Route Container initialized [] []
[2019-04-26 22:49:28] System.INFO: Route successfully added to Container {"uri":"~^language$~"} []
[2019-04-26 22:49:28] System.INFO: Route successfully added to Container {"uri":"~^[:params:]?/?oathmaster/?[:named:]?$|^[:params:]?/?observer/?[:named:]?$~"} []
[2019-04-26 22:49:28] System.INFO: Route successfully added to Container {"uri":"~^[:params:]?/?rules/?$~"} []
[2019-04-26 22:49:28] System.INFO: Route successfully added to Container {"uri":"~^[:params:]?/?bloodnamed/?$~"} []
[2019-04-26 22:49:28] System.INFO: Route successfully added to Container {"uri":"~^coinMachine/getResult/?$~"} []
[2019-04-26 22:49:28] System.INFO: Route successfully added to Container {"uri":"~^[:params:]?/?tables/?$~"} []
[2019-04-26 22:49:28] System.INFO: Route successfully added to Container {"uri":"~^fight/save/?$~"} []
[2019-04-26 22:49:28] System.INFO: Route successfully added to Container {"uri":"~^[:params:]?/?$|^[:params:]?/?fame/?$~"} []
[2019-04-26 22:49:28] System.INFO: Shutdown and error handlers have been registered [] []
[2019-04-26 22:49:28] System.INFO: Output manager initialized [] []
[2019-04-26 22:49:28] System.INFO: Application initialized [] []
[2019-04-26 22:49:28] System.DEBUG: No hook definitions found for 'application.init.after'. Available hook definitions [["coinritual.route.beforeDispatch"]] []
[2019-04-26 22:49:28] System.INFO: Beginning process for request. ["[object] (SlaxWeb\\Router\\Request: GET /apps/ToB/index.php HTTP/1.0\r\nAccept:                    text/html,application/xhtml+xml,application/xml;q=0.9,image/webp,image/apng,*/*;q=0.8,application/signed-exchange;v=b3\r\nAccept-Encoding:           gzip, deflate, br\r\nAccept-Language:           de-DE,de;q=0.9\r\nConnection:                close\r\nCookie:                    cookieconsent_status=dismiss; fusionCWG_visited=yes; PHPSESSID=d1uu00s4iqi7ogbv6csvu246u0; sid=hgct3jh5ksh5b553lgkem1b9n5; fusionCWG_session=fgv1rvqn4h6dmj8ve3fiqigr74; acpState=1; cw_user=55390d9e5fb674fa545276faf102e1781a357376b03c107f715725f48751d3408883\r\nDnt:                       1\r\nHost:                      www.clanwolf.net\r\nUpgrade-Insecure-Requests: 1\r\nUser-Agent:                Mozilla/5.0 (Windows NT 10.0; Win64; x64) AppleWebKit/537.36 (KHTML, like Gecko) Chrome/74.0.3729.108 Safari/537.36\r\nX-Accel-Internal:          /internal-nginx-static-location\r\nX-Forwarded-For:           128.0.100.152\r\nX-Real-Ip:                 128.0.100.152\r\n\r\n)"] []
[2019-04-26 22:49:28] System.DEBUG: No hook definitions found for 'application.dispatch.before'. Available hook definitions [["coinritual.route.beforeDispatch"]] []
[2019-04-26 22:49:28] System.INFO: Router Dispatcher initialized [] []
[2019-04-26 22:49:28] System.INFO: Trying to find match for (GET) '' [] []
[2019-04-26 22:49:28] System.INFO: Route match found [] []
[2019-04-26 22:49:28] System.INFO: Calling definition for hook 'coinritual.route.beforeDispatch' [] []
[2019-04-26 22:49:28] System.DEBUG: Hook definition parameters ["[object] (SlaxWeb\\Bootstrap\\Application: {})","[object] (SlaxWeb\\Router\\Route: {})"] []
[2019-04-26 22:50:42] System.INFO: Hooks component initialized [] []
[2019-04-26 22:50:42] System.DEBUG: Adding definition for hook 'coinritual.route.beforeDispatch' for the first time. [] []
[2019-04-26 22:50:42] System.INFO: Route Container initialized [] []
[2019-04-26 22:50:42] System.INFO: Route successfully added to Container {"uri":"~^language$~"} []
[2019-04-26 22:50:42] System.INFO: Route successfully added to Container {"uri":"~^[:params:]?/?oathmaster/?[:named:]?$|^[:params:]?/?observer/?[:named:]?$~"} []
[2019-04-26 22:50:42] System.INFO: Route successfully added to Container {"uri":"~^[:params:]?/?rules/?$~"} []
[2019-04-26 22:50:42] System.INFO: Route successfully added to Container {"uri":"~^[:params:]?/?bloodnamed/?$~"} []
[2019-04-26 22:50:42] System.INFO: Route successfully added to Container {"uri":"~^coinMachine/getResult/?$~"} []
[2019-04-26 22:50:42] System.INFO: Route successfully added to Container {"uri":"~^[:params:]?/?tables/?$~"} []
[2019-04-26 22:50:42] System.INFO: Route successfully added to Container {"uri":"~^fight/save/?$~"} []
[2019-04-26 22:50:42] System.INFO: Route successfully added to Container {"uri":"~^[:params:]?/?$|^[:params:]?/?fame/?$~"} []
[2019-04-26 22:50:42] System.INFO: Shutdown and error handlers have been registered [] []
[2019-04-26 22:50:42] System.INFO: Output manager initialized [] []
[2019-04-26 22:50:42] System.INFO: Application initialized [] []
[2019-04-26 22:50:42] System.DEBUG: No hook definitions found for 'application.init.after'. Available hook definitions [["coinritual.route.beforeDispatch"]] []
[2019-04-26 22:50:42] System.INFO: Beginning process for request. ["[object] (SlaxWeb\\Router\\Request: GET /apps/ToB/index.php HTTP/1.0\r\nAccept:                    text/html,application/xhtml+xml,application/xml;q=0.9,image/webp,image/apng,*/*;q=0.8,application/signed-exchange;v=b3\r\nAccept-Encoding:           gzip, deflate, br\r\nAccept-Language:           de-DE,de;q=0.9\r\nConnection:                close\r\nCookie:                    cookieconsent_status=dismiss; fusionCWG_visited=yes; PHPSESSID=d1uu00s4iqi7ogbv6csvu246u0; sid=hgct3jh5ksh5b553lgkem1b9n5; fusionCWG_session=fgv1rvqn4h6dmj8ve3fiqigr74; acpState=1; cw_user=55390d9e5fb674fa545276faf102e1781a357376b03c107f715725f48751d3408883\r\nDnt:                       1\r\nHost:                      www.clanwolf.net\r\nUpgrade-Insecure-Requests: 1\r\nUser-Agent:                Mozilla/5.0 (Windows NT 10.0; Win64; x64) AppleWebKit/537.36 (KHTML, like Gecko) Chrome/74.0.3729.108 Safari/537.36\r\nX-Accel-Internal:          /internal-nginx-static-location\r\nX-Forwarded-For:           128.0.100.152\r\nX-Real-Ip:                 128.0.100.152\r\n\r\n)"] []
[2019-04-26 22:50:42] System.DEBUG: No hook definitions found for 'application.dispatch.before'. Available hook definitions [["coinritual.route.beforeDispatch"]] []
[2019-04-26 22:50:42] System.INFO: Router Dispatcher initialized [] []
[2019-04-26 22:50:42] System.INFO: Trying to find match for (GET) '' [] []
[2019-04-26 22:50:42] System.INFO: Route match found [] []
[2019-04-26 22:50:42] System.INFO: Calling definition for hook 'coinritual.route.beforeDispatch' [] []
[2019-04-26 22:50:42] System.DEBUG: Hook definition parameters ["[object] (SlaxWeb\\Bootstrap\\Application: {})","[object] (SlaxWeb\\Router\\Route: {})"] []
[2019-04-26 23:06:24] System.INFO: Hooks component initialized [] []
[2019-04-26 23:06:24] System.DEBUG: Adding definition for hook 'coinritual.route.beforeDispatch' for the first time. [] []
[2019-04-26 23:06:24] System.INFO: Route Container initialized [] []
[2019-04-26 23:06:24] System.INFO: Route successfully added to Container {"uri":"~^language$~"} []
[2019-04-26 23:06:24] System.INFO: Route successfully added to Container {"uri":"~^[:params:]?/?oathmaster/?[:named:]?$|^[:params:]?/?observer/?[:named:]?$~"} []
[2019-04-26 23:06:24] System.INFO: Route successfully added to Container {"uri":"~^[:params:]?/?rules/?$~"} []
[2019-04-26 23:06:24] System.INFO: Route successfully added to Container {"uri":"~^[:params:]?/?bloodnamed/?$~"} []
[2019-04-26 23:06:24] System.INFO: Route successfully added to Container {"uri":"~^coinMachine/getResult/?$~"} []
[2019-04-26 23:06:24] System.INFO: Route successfully added to Container {"uri":"~^[:params:]?/?tables/?$~"} []
[2019-04-26 23:06:24] System.INFO: Route successfully added to Container {"uri":"~^fight/save/?$~"} []
[2019-04-26 23:06:24] System.INFO: Route successfully added to Container {"uri":"~^[:params:]?/?$|^[:params:]?/?fame/?$~"} []
[2019-04-26 23:06:24] System.INFO: Shutdown and error handlers have been registered [] []
[2019-04-26 23:06:24] System.INFO: Output manager initialized [] []
[2019-04-26 23:06:24] System.INFO: Application initialized [] []
[2019-04-26 23:06:24] System.DEBUG: No hook definitions found for 'application.init.after'. Available hook definitions [["coinritual.route.beforeDispatch"]] []
[2019-04-26 23:06:24] System.INFO: Beginning process for request. ["[object] (SlaxWeb\\Router\\Request: GET /apps/ToB/index.php HTTP/1.0\r\nAccept:                    text/html,application/xhtml+xml,application/xml;q=0.9,image/webp,image/apng,*/*;q=0.8,application/signed-exchange;v=b3\r\nAccept-Encoding:           gzip, deflate, br\r\nAccept-Language:           de-DE,de;q=0.9\r\nConnection:                close\r\nCookie:                    cookieconsent_status=dismiss; fusionCWG_visited=yes; PHPSESSID=d1uu00s4iqi7ogbv6csvu246u0; sid=hgct3jh5ksh5b553lgkem1b9n5; fusionCWG_session=fgv1rvqn4h6dmj8ve3fiqigr74; acpState=1; cw_user=55390d9e5fb674fa545276faf102e1781a357376b03c107f715725f48751d3408883\r\nDnt:                       1\r\nHost:                      www.clanwolf.net\r\nReferer:                   https://www.clanwolf.net/landingpad.htm\r\nUpgrade-Insecure-Requests: 1\r\nUser-Agent:                Mozilla/5.0 (Windows NT 10.0; Win64; x64) AppleWebKit/537.36 (KHTML, like Gecko) Chrome/74.0.3729.108 Safari/537.36\r\nX-Accel-Internal:          /internal-nginx-static-location\r\nX-Forwarded-For:           128.0.100.152\r\nX-Real-Ip:                 128.0.100.152\r\n\r\n)"] []
[2019-04-26 23:06:24] System.DEBUG: No hook definitions found for 'application.dispatch.before'. Available hook definitions [["coinritual.route.beforeDispatch"]] []
[2019-04-26 23:06:24] System.INFO: Router Dispatcher initialized [] []
[2019-04-26 23:06:24] System.INFO: Trying to find match for (GET) '' [] []
[2019-04-26 23:06:24] System.INFO: Route match found [] []
[2019-04-26 23:06:24] System.INFO: Calling definition for hook 'coinritual.route.beforeDispatch' [] []
[2019-04-26 23:06:24] System.DEBUG: Hook definition parameters ["[object] (SlaxWeb\\Bootstrap\\Application: {})","[object] (SlaxWeb\\Router\\Route: {})"] []
[2019-04-26 23:08:10] System.INFO: Hooks component initialized [] []
[2019-04-26 23:08:10] System.DEBUG: Adding definition for hook 'coinritual.route.beforeDispatch' for the first time. [] []
[2019-04-26 23:08:10] System.INFO: Route Container initialized [] []
[2019-04-26 23:08:10] System.INFO: Route successfully added to Container {"uri":"~^language$~"} []
[2019-04-26 23:08:10] System.INFO: Route successfully added to Container {"uri":"~^[:params:]?/?oathmaster/?[:named:]?$|^[:params:]?/?observer/?[:named:]?$~"} []
[2019-04-26 23:08:10] System.INFO: Route successfully added to Container {"uri":"~^[:params:]?/?rules/?$~"} []
[2019-04-26 23:08:10] System.INFO: Route successfully added to Container {"uri":"~^[:params:]?/?bloodnamed/?$~"} []
[2019-04-26 23:08:10] System.INFO: Route successfully added to Container {"uri":"~^coinMachine/getResult/?$~"} []
[2019-04-26 23:08:10] System.INFO: Route successfully added to Container {"uri":"~^[:params:]?/?tables/?$~"} []
[2019-04-26 23:08:10] System.INFO: Route successfully added to Container {"uri":"~^fight/save/?$~"} []
[2019-04-26 23:08:10] System.INFO: Route successfully added to Container {"uri":"~^[:params:]?/?$|^[:params:]?/?fame/?$~"} []
[2019-04-26 23:08:10] System.INFO: Shutdown and error handlers have been registered [] []
[2019-04-26 23:08:10] System.INFO: Output manager initialized [] []
[2019-04-26 23:08:10] System.INFO: Application initialized [] []
[2019-04-26 23:08:10] System.DEBUG: No hook definitions found for 'application.init.after'. Available hook definitions [["coinritual.route.beforeDispatch"]] []
[2019-04-26 23:08:10] System.INFO: Beginning process for request. ["[object] (SlaxWeb\\Router\\Request: GET /apps/ToB/index.php HTTP/1.0\r\nAccept:                    text/html,application/xhtml+xml,application/xml;q=0.9,image/webp,image/apng,*/*;q=0.8,application/signed-exchange;v=b3\r\nAccept-Encoding:           gzip, deflate, br\r\nAccept-Language:           de-DE,de;q=0.9\r\nConnection:                close\r\nCookie:                    cookieconsent_status=dismiss; fusionCWG_visited=yes; PHPSESSID=d1uu00s4iqi7ogbv6csvu246u0; sid=hgct3jh5ksh5b553lgkem1b9n5; fusionCWG_session=fgv1rvqn4h6dmj8ve3fiqigr74; acpState=1; cw_user=55390d9e5fb674fa545276faf102e1781a357376b03c107f715725f48751d3408883\r\nDnt:                       1\r\nHost:                      www.clanwolf.net\r\nReferer:                   https://www.clanwolf.net/landingpad.htm\r\nUpgrade-Insecure-Requests: 1\r\nUser-Agent:                Mozilla/5.0 (Windows NT 10.0; Win64; x64) AppleWebKit/537.36 (KHTML, like Gecko) Chrome/74.0.3729.108 Safari/537.36\r\nX-Accel-Internal:          /internal-nginx-static-location\r\nX-Forwarded-For:           128.0.100.152\r\nX-Real-Ip:                 128.0.100.152\r\n\r\n)"] []
[2019-04-26 23:08:10] System.DEBUG: No hook definitions found for 'application.dispatch.before'. Available hook definitions [["coinritual.route.beforeDispatch"]] []
[2019-04-26 23:08:10] System.INFO: Router Dispatcher initialized [] []
[2019-04-26 23:08:10] System.INFO: Trying to find match for (GET) '' [] []
[2019-04-26 23:08:10] System.INFO: Route match found [] []
[2019-04-26 23:08:10] System.INFO: Calling definition for hook 'coinritual.route.beforeDispatch' [] []
[2019-04-26 23:08:10] System.DEBUG: Hook definition parameters ["[object] (SlaxWeb\\Bootstrap\\Application: {})","[object] (SlaxWeb\\Router\\Route: {})"] []
[2019-04-26 23:12:42] System.INFO: Hooks component initialized [] []
[2019-04-26 23:12:42] System.DEBUG: Adding definition for hook 'coinritual.route.beforeDispatch' for the first time. [] []
[2019-04-26 23:12:42] System.INFO: Route Container initialized [] []
[2019-04-26 23:12:42] System.INFO: Route successfully added to Container {"uri":"~^language$~"} []
[2019-04-26 23:12:42] System.INFO: Route successfully added to Container {"uri":"~^[:params:]?/?oathmaster/?[:named:]?$|^[:params:]?/?observer/?[:named:]?$~"} []
[2019-04-26 23:12:42] System.INFO: Route successfully added to Container {"uri":"~^[:params:]?/?rules/?$~"} []
[2019-04-26 23:12:42] System.INFO: Route successfully added to Container {"uri":"~^[:params:]?/?bloodnamed/?$~"} []
[2019-04-26 23:12:42] System.INFO: Route successfully added to Container {"uri":"~^coinMachine/getResult/?$~"} []
[2019-04-26 23:12:42] System.INFO: Route successfully added to Container {"uri":"~^[:params:]?/?tables/?$~"} []
[2019-04-26 23:12:42] System.INFO: Route successfully added to Container {"uri":"~^fight/save/?$~"} []
[2019-04-26 23:12:42] System.INFO: Route successfully added to Container {"uri":"~^[:params:]?/?$|^[:params:]?/?fame/?$~"} []
[2019-04-26 23:12:42] System.INFO: Shutdown and error handlers have been registered [] []
[2019-04-26 23:12:42] System.INFO: Output manager initialized [] []
[2019-04-26 23:12:42] System.INFO: Application initialized [] []
[2019-04-26 23:12:42] System.DEBUG: No hook definitions found for 'application.init.after'. Available hook definitions [["coinritual.route.beforeDispatch"]] []
[2019-04-26 23:12:42] System.INFO: Beginning process for request. ["[object] (SlaxWeb\\Router\\Request: GET /apps/ToB/index.php HTTP/1.0\r\nAccept:                    text/html,application/xhtml+xml,application/xml;q=0.9,image/webp,image/apng,*/*;q=0.8,application/signed-exchange;v=b3\r\nAccept-Encoding:           gzip, deflate, br\r\nAccept-Language:           de-DE,de;q=0.9\r\nConnection:                close\r\nCookie:                    cookieconsent_status=dismiss; fusionCWG_visited=yes; PHPSESSID=d1uu00s4iqi7ogbv6csvu246u0; sid=hgct3jh5ksh5b553lgkem1b9n5; fusionCWG_session=fgv1rvqn4h6dmj8ve3fiqigr74; acpState=1; cw_user=55390d9e5fb674fa545276faf102e1781a357376b03c107f715725f48751d3408883\r\nDnt:                       1\r\nHost:                      www.clanwolf.net\r\nReferer:                   https://www.clanwolf.net/landingpad.htm\r\nUpgrade-Insecure-Requests: 1\r\nUser-Agent:                Mozilla/5.0 (Windows NT 10.0; Win64; x64) AppleWebKit/537.36 (KHTML, like Gecko) Chrome/74.0.3729.108 Safari/537.36\r\nX-Accel-Internal:          /internal-nginx-static-location\r\nX-Forwarded-For:           128.0.100.152\r\nX-Real-Ip:                 128.0.100.152\r\n\r\n)"] []
[2019-04-26 23:12:42] System.DEBUG: No hook definitions found for 'application.dispatch.before'. Available hook definitions [["coinritual.route.beforeDispatch"]] []
[2019-04-26 23:12:42] System.INFO: Router Dispatcher initialized [] []
[2019-04-26 23:12:42] System.INFO: Trying to find match for (GET) '' [] []
[2019-04-26 23:12:42] System.INFO: Route match found [] []
[2019-04-26 23:12:42] System.INFO: Calling definition for hook 'coinritual.route.beforeDispatch' [] []
[2019-04-26 23:12:42] System.DEBUG: Hook definition parameters ["[object] (SlaxWeb\\Bootstrap\\Application: {})","[object] (SlaxWeb\\Router\\Route: {})"] []
[2019-04-26 23:14:24] System.INFO: Hooks component initialized [] []
[2019-04-26 23:14:24] System.DEBUG: Adding definition for hook 'coinritual.route.beforeDispatch' for the first time. [] []
[2019-04-26 23:14:24] System.INFO: Route Container initialized [] []
[2019-04-26 23:14:24] System.INFO: Route successfully added to Container {"uri":"~^language$~"} []
[2019-04-26 23:14:24] System.INFO: Route successfully added to Container {"uri":"~^[:params:]?/?oathmaster/?[:named:]?$|^[:params:]?/?observer/?[:named:]?$~"} []
[2019-04-26 23:14:24] System.INFO: Route successfully added to Container {"uri":"~^[:params:]?/?rules/?$~"} []
[2019-04-26 23:14:24] System.INFO: Route successfully added to Container {"uri":"~^[:params:]?/?bloodnamed/?$~"} []
[2019-04-26 23:14:24] System.INFO: Route successfully added to Container {"uri":"~^coinMachine/getResult/?$~"} []
[2019-04-26 23:14:24] System.INFO: Route successfully added to Container {"uri":"~^[:params:]?/?tables/?$~"} []
[2019-04-26 23:14:24] System.INFO: Route successfully added to Container {"uri":"~^fight/save/?$~"} []
[2019-04-26 23:14:24] System.INFO: Route successfully added to Container {"uri":"~^[:params:]?/?$|^[:params:]?/?fame/?$~"} []
[2019-04-26 23:14:24] System.INFO: Shutdown and error handlers have been registered [] []
[2019-04-26 23:14:24] System.INFO: Output manager initialized [] []
[2019-04-26 23:14:24] System.INFO: Application initialized [] []
[2019-04-26 23:14:24] System.DEBUG: No hook definitions found for 'application.init.after'. Available hook definitions [["coinritual.route.beforeDispatch"]] []
[2019-04-26 23:14:24] System.INFO: Beginning process for request. ["[object] (SlaxWeb\\Router\\Request: GET /apps/ToB/index.php HTTP/1.0\r\nAccept:                    text/html,application/xhtml+xml,application/xml;q=0.9,image/webp,image/apng,*/*;q=0.8,application/signed-exchange;v=b3\r\nAccept-Encoding:           gzip, deflate, br\r\nAccept-Language:           de-DE,de;q=0.9\r\nConnection:                close\r\nCookie:                    cookieconsent_status=dismiss; fusionCWG_visited=yes; PHPSESSID=d1uu00s4iqi7ogbv6csvu246u0; sid=hgct3jh5ksh5b553lgkem1b9n5; fusionCWG_session=fgv1rvqn4h6dmj8ve3fiqigr74; acpState=1; cw_user=55390d9e5fb674fa545276faf102e1781a357376b03c107f715725f48751d3408883\r\nDnt:                       1\r\nHost:                      www.clanwolf.net\r\nReferer:                   https://www.clanwolf.net/landingpad.htm\r\nUpgrade-Insecure-Requests: 1\r\nUser-Agent:                Mozilla/5.0 (Windows NT 10.0; Win64; x64) AppleWebKit/537.36 (KHTML, like Gecko) Chrome/74.0.3729.108 Safari/537.36\r\nX-Accel-Internal:          /internal-nginx-static-location\r\nX-Forwarded-For:           128.0.100.152\r\nX-Real-Ip:                 128.0.100.152\r\n\r\n)"] []
[2019-04-26 23:14:24] System.DEBUG: No hook definitions found for 'application.dispatch.before'. Available hook definitions [["coinritual.route.beforeDispatch"]] []
[2019-04-26 23:14:24] System.INFO: Router Dispatcher initialized [] []
[2019-04-26 23:14:24] System.INFO: Trying to find match for (GET) '' [] []
[2019-04-26 23:14:24] System.INFO: Route match found [] []
[2019-04-26 23:14:24] System.INFO: Calling definition for hook 'coinritual.route.beforeDispatch' [] []
[2019-04-26 23:14:24] System.DEBUG: Hook definition parameters ["[object] (SlaxWeb\\Bootstrap\\Application: {})","[object] (SlaxWeb\\Router\\Route: {})"] []
[2019-04-26 23:21:11] System.INFO: Hooks component initialized [] []
[2019-04-26 23:21:11] System.DEBUG: Adding definition for hook 'coinritual.route.beforeDispatch' for the first time. [] []
[2019-04-26 23:21:11] System.INFO: Route Container initialized [] []
[2019-04-26 23:21:11] System.INFO: Route successfully added to Container {"uri":"~^language$~"} []
[2019-04-26 23:21:11] System.INFO: Route successfully added to Container {"uri":"~^[:params:]?/?oathmaster/?[:named:]?$|^[:params:]?/?observer/?[:named:]?$~"} []
[2019-04-26 23:21:11] System.INFO: Route successfully added to Container {"uri":"~^[:params:]?/?rules/?$~"} []
[2019-04-26 23:21:11] System.INFO: Route successfully added to Container {"uri":"~^[:params:]?/?bloodnamed/?$~"} []
[2019-04-26 23:21:11] System.INFO: Route successfully added to Container {"uri":"~^coinMachine/getResult/?$~"} []
[2019-04-26 23:21:11] System.INFO: Route successfully added to Container {"uri":"~^[:params:]?/?tables/?$~"} []
[2019-04-26 23:21:11] System.INFO: Route successfully added to Container {"uri":"~^fight/save/?$~"} []
[2019-04-26 23:21:11] System.INFO: Route successfully added to Container {"uri":"~^[:params:]?/?$|^[:params:]?/?fame/?$~"} []
[2019-04-26 23:21:11] System.INFO: Shutdown and error handlers have been registered [] []
[2019-04-26 23:21:11] System.INFO: Output manager initialized [] []
[2019-04-26 23:21:11] System.INFO: Application initialized [] []
[2019-04-26 23:21:11] System.DEBUG: No hook definitions found for 'application.init.after'. Available hook definitions [["coinritual.route.beforeDispatch"]] []
[2019-04-26 23:21:11] System.INFO: Beginning process for request. ["[object] (SlaxWeb\\Router\\Request: GET /apps/ToB/index.php HTTP/1.0\r\nAccept:                    text/html,application/xhtml+xml,application/xml;q=0.9,image/webp,image/apng,*/*;q=0.8,application/signed-exchange;v=b3\r\nAccept-Encoding:           gzip, deflate, br\r\nAccept-Language:           de-DE,de;q=0.9\r\nConnection:                close\r\nCookie:                    cookieconsent_status=dismiss; fusionCWG_visited=yes; PHPSESSID=d1uu00s4iqi7ogbv6csvu246u0; sid=hgct3jh5ksh5b553lgkem1b9n5; fusionCWG_session=fgv1rvqn4h6dmj8ve3fiqigr74; acpState=1; cw_user=55390d9e5fb674fa545276faf102e1781a357376b03c107f715725f48751d3408883\r\nDnt:                       1\r\nHost:                      www.clanwolf.net\r\nReferer:                   https://www.clanwolf.net/landingpad.htm\r\nUpgrade-Insecure-Requests: 1\r\nUser-Agent:                Mozilla/5.0 (Windows NT 10.0; Win64; x64) AppleWebKit/537.36 (KHTML, like Gecko) Chrome/74.0.3729.108 Safari/537.36\r\nX-Accel-Internal:          /internal-nginx-static-location\r\nX-Forwarded-For:           128.0.100.152\r\nX-Real-Ip:                 128.0.100.152\r\n\r\n)"] []
[2019-04-26 23:21:11] System.DEBUG: No hook definitions found for 'application.dispatch.before'. Available hook definitions [["coinritual.route.beforeDispatch"]] []
[2019-04-26 23:21:11] System.INFO: Router Dispatcher initialized [] []
[2019-04-26 23:21:11] System.INFO: Trying to find match for (GET) '' [] []
[2019-04-26 23:21:11] System.INFO: Route match found [] []
[2019-04-26 23:21:11] System.INFO: Calling definition for hook 'coinritual.route.beforeDispatch' [] []
[2019-04-26 23:21:11] System.DEBUG: Hook definition parameters ["[object] (SlaxWeb\\Bootstrap\\Application: {})","[object] (SlaxWeb\\Router\\Route: {})"] []
[2019-04-26 23:28:29] System.INFO: Hooks component initialized [] []
[2019-04-26 23:28:29] System.DEBUG: Adding definition for hook 'coinritual.route.beforeDispatch' for the first time. [] []
[2019-04-26 23:28:29] System.INFO: Route Container initialized [] []
[2019-04-26 23:28:29] System.INFO: Route successfully added to Container {"uri":"~^language$~"} []
[2019-04-26 23:28:29] System.INFO: Route successfully added to Container {"uri":"~^[:params:]?/?oathmaster/?[:named:]?$|^[:params:]?/?observer/?[:named:]?$~"} []
[2019-04-26 23:28:29] System.INFO: Route successfully added to Container {"uri":"~^[:params:]?/?rules/?$~"} []
[2019-04-26 23:28:29] System.INFO: Route successfully added to Container {"uri":"~^[:params:]?/?bloodnamed/?$~"} []
[2019-04-26 23:28:29] System.INFO: Route successfully added to Container {"uri":"~^coinMachine/getResult/?$~"} []
[2019-04-26 23:28:29] System.INFO: Route successfully added to Container {"uri":"~^[:params:]?/?tables/?$~"} []
[2019-04-26 23:28:29] System.INFO: Route successfully added to Container {"uri":"~^fight/save/?$~"} []
[2019-04-26 23:28:29] System.INFO: Route successfully added to Container {"uri":"~^[:params:]?/?$|^[:params:]?/?fame/?$~"} []
[2019-04-26 23:28:29] System.INFO: Shutdown and error handlers have been registered [] []
[2019-04-26 23:28:29] System.INFO: Output manager initialized [] []
[2019-04-26 23:28:29] System.INFO: Application initialized [] []
[2019-04-26 23:28:29] System.DEBUG: No hook definitions found for 'application.init.after'. Available hook definitions [["coinritual.route.beforeDispatch"]] []
[2019-04-26 23:28:29] System.INFO: Beginning process for request. ["[object] (SlaxWeb\\Router\\Request: GET /apps/ToB/index.php HTTP/1.0\r\nAccept:                    text/html,application/xhtml+xml,application/xml;q=0.9,image/webp,image/apng,*/*;q=0.8,application/signed-exchange;v=b3\r\nAccept-Encoding:           gzip, deflate, br\r\nAccept-Language:           de-DE,de;q=0.9\r\nConnection:                close\r\nCookie:                    cookieconsent_status=dismiss; fusionCWG_visited=yes; PHPSESSID=d1uu00s4iqi7ogbv6csvu246u0; sid=hgct3jh5ksh5b553lgkem1b9n5; fusionCWG_session=fgv1rvqn4h6dmj8ve3fiqigr74; acpState=1; cw_user=55390d9e5fb674fa545276faf102e1781a357376b03c107f715725f48751d3408883\r\nDnt:                       1\r\nHost:                      www.clanwolf.net\r\nReferer:                   https://www.clanwolf.net/landingpad.htm\r\nUpgrade-Insecure-Requests: 1\r\nUser-Agent:                Mozilla/5.0 (Windows NT 10.0; Win64; x64) AppleWebKit/537.36 (KHTML, like Gecko) Chrome/74.0.3729.108 Safari/537.36\r\nX-Accel-Internal:          /internal-nginx-static-location\r\nX-Forwarded-For:           128.0.100.152\r\nX-Real-Ip:                 128.0.100.152\r\n\r\n)"] []
[2019-04-26 23:28:29] System.DEBUG: No hook definitions found for 'application.dispatch.before'. Available hook definitions [["coinritual.route.beforeDispatch"]] []
[2019-04-26 23:28:29] System.INFO: Router Dispatcher initialized [] []
[2019-04-26 23:28:29] System.INFO: Trying to find match for (GET) '' [] []
[2019-04-26 23:28:29] System.INFO: Route match found [] []
[2019-04-26 23:28:29] System.INFO: Calling definition for hook 'coinritual.route.beforeDispatch' [] []
[2019-04-26 23:28:29] System.DEBUG: Hook definition parameters ["[object] (SlaxWeb\\Bootstrap\\Application: {})","[object] (SlaxWeb\\Router\\Route: {})"] []
[2019-04-26 23:36:06] System.INFO: Hooks component initialized [] []
[2019-04-26 23:36:06] System.DEBUG: Adding definition for hook 'coinritual.route.beforeDispatch' for the first time. [] []
[2019-04-26 23:36:06] System.INFO: Route Container initialized [] []
[2019-04-26 23:36:06] System.INFO: Route successfully added to Container {"uri":"~^language$~"} []
[2019-04-26 23:36:06] System.INFO: Route successfully added to Container {"uri":"~^[:params:]?/?oathmaster/?[:named:]?$|^[:params:]?/?observer/?[:named:]?$~"} []
[2019-04-26 23:36:06] System.INFO: Route successfully added to Container {"uri":"~^[:params:]?/?rules/?$~"} []
[2019-04-26 23:36:06] System.INFO: Route successfully added to Container {"uri":"~^[:params:]?/?bloodnamed/?$~"} []
[2019-04-26 23:36:06] System.INFO: Route successfully added to Container {"uri":"~^coinMachine/getResult/?$~"} []
[2019-04-26 23:36:06] System.INFO: Route successfully added to Container {"uri":"~^[:params:]?/?tables/?$~"} []
[2019-04-26 23:36:06] System.INFO: Route successfully added to Container {"uri":"~^fight/save/?$~"} []
[2019-04-26 23:36:06] System.INFO: Route successfully added to Container {"uri":"~^[:params:]?/?$|^[:params:]?/?fame/?$~"} []
[2019-04-26 23:36:06] System.INFO: Shutdown and error handlers have been registered [] []
[2019-04-26 23:36:06] System.INFO: Output manager initialized [] []
[2019-04-26 23:36:06] System.INFO: Application initialized [] []
[2019-04-26 23:36:06] System.DEBUG: No hook definitions found for 'application.init.after'. Available hook definitions [["coinritual.route.beforeDispatch"]] []
[2019-04-26 23:36:06] System.INFO: Beginning process for request. ["[object] (SlaxWeb\\Router\\Request: GET /apps/ToB/index.php HTTP/1.0\r\nAccept:                    text/html,application/xhtml+xml,application/xml;q=0.9,image/webp,image/apng,*/*;q=0.8,application/signed-exchange;v=b3\r\nAccept-Encoding:           gzip, deflate, br\r\nAccept-Language:           de-DE,de;q=0.9\r\nConnection:                close\r\nCookie:                    cookieconsent_status=dismiss; fusionCWG_visited=yes; PHPSESSID=d1uu00s4iqi7ogbv6csvu246u0; sid=hgct3jh5ksh5b553lgkem1b9n5; fusionCWG_session=fgv1rvqn4h6dmj8ve3fiqigr74; acpState=1; cw_user=55390d9e5fb674fa545276faf102e1781a357376b03c107f715725f48751d3408883\r\nDnt:                       1\r\nHost:                      www.clanwolf.net\r\nReferer:                   https://www.clanwolf.net/landingpad.htm\r\nUpgrade-Insecure-Requests: 1\r\nUser-Agent:                Mozilla/5.0 (Windows NT 10.0; Win64; x64) AppleWebKit/537.36 (KHTML, like Gecko) Chrome/74.0.3729.108 Safari/537.36\r\nX-Accel-Internal:          /internal-nginx-static-location\r\nX-Forwarded-For:           128.0.100.152\r\nX-Real-Ip:                 128.0.100.152\r\n\r\n)"] []
[2019-04-26 23:36:06] System.DEBUG: No hook definitions found for 'application.dispatch.before'. Available hook definitions [["coinritual.route.beforeDispatch"]] []
[2019-04-26 23:36:06] System.INFO: Router Dispatcher initialized [] []
[2019-04-26 23:36:06] System.INFO: Trying to find match for (GET) '' [] []
[2019-04-26 23:36:06] System.INFO: Route match found [] []
[2019-04-26 23:36:06] System.INFO: Calling definition for hook 'coinritual.route.beforeDispatch' [] []
[2019-04-26 23:36:06] System.DEBUG: Hook definition parameters ["[object] (SlaxWeb\\Bootstrap\\Application: {})","[object] (SlaxWeb\\Router\\Route: {})"] []
[2019-04-26 23:59:08] System.INFO: Hooks component initialized [] []
[2019-04-26 23:59:08] System.DEBUG: Adding definition for hook 'coinritual.route.beforeDispatch' for the first time. [] []
[2019-04-26 23:59:08] System.INFO: Route Container initialized [] []
[2019-04-26 23:59:08] System.INFO: Route successfully added to Container {"uri":"~^language$~"} []
[2019-04-26 23:59:08] System.INFO: Route successfully added to Container {"uri":"~^[:params:]?/?oathmaster/?[:named:]?$|^[:params:]?/?observer/?[:named:]?$~"} []
[2019-04-26 23:59:08] System.INFO: Route successfully added to Container {"uri":"~^[:params:]?/?rules/?$~"} []
[2019-04-26 23:59:08] System.INFO: Route successfully added to Container {"uri":"~^[:params:]?/?bloodnamed/?$~"} []
[2019-04-26 23:59:08] System.INFO: Route successfully added to Container {"uri":"~^coinMachine/getResult/?$~"} []
[2019-04-26 23:59:08] System.INFO: Route successfully added to Container {"uri":"~^[:params:]?/?tables/?$~"} []
[2019-04-26 23:59:08] System.INFO: Route successfully added to Container {"uri":"~^fight/save/?$~"} []
[2019-04-26 23:59:08] System.INFO: Route successfully added to Container {"uri":"~^[:params:]?/?$|^[:params:]?/?fame/?$~"} []
[2019-04-26 23:59:08] System.INFO: Shutdown and error handlers have been registered [] []
[2019-04-26 23:59:08] System.INFO: Output manager initialized [] []
[2019-04-26 23:59:08] System.INFO: Application initialized [] []
[2019-04-26 23:59:08] System.DEBUG: No hook definitions found for 'application.init.after'. Available hook definitions [["coinritual.route.beforeDispatch"]] []
[2019-04-26 23:59:08] System.INFO: Beginning process for request. ["[object] (SlaxWeb\\Router\\Request: GET /apps/ToB/index.php HTTP/1.0\r\nAccept:                    text/html,application/xhtml+xml,application/xml;q=0.9,image/webp,image/apng,*/*;q=0.8,application/signed-exchange;v=b3\r\nAccept-Encoding:           gzip, deflate, br\r\nAccept-Language:           de-DE,de;q=0.9\r\nConnection:                close\r\nCookie:                    cookieconsent_status=dismiss; fusionCWG_visited=yes; PHPSESSID=d1uu00s4iqi7ogbv6csvu246u0; sid=hgct3jh5ksh5b553lgkem1b9n5; fusionCWG_session=fgv1rvqn4h6dmj8ve3fiqigr74; acpState=1; cw_user=55390d9e5fb674fa545276faf102e1781a357376b03c107f715725f48751d3408883\r\nDnt:                       1\r\nHost:                      www.clanwolf.net\r\nReferer:                   https://www.clanwolf.net/landingpad.htm\r\nUpgrade-Insecure-Requests: 1\r\nUser-Agent:                Mozilla/5.0 (Windows NT 10.0; Win64; x64) AppleWebKit/537.36 (KHTML, like Gecko) Chrome/74.0.3729.108 Safari/537.36\r\nX-Accel-Internal:          /internal-nginx-static-location\r\nX-Forwarded-For:           128.0.100.152\r\nX-Real-Ip:                 128.0.100.152\r\n\r\n)"] []
[2019-04-26 23:59:08] System.DEBUG: No hook definitions found for 'application.dispatch.before'. Available hook definitions [["coinritual.route.beforeDispatch"]] []
[2019-04-26 23:59:08] System.INFO: Router Dispatcher initialized [] []
[2019-04-26 23:59:08] System.INFO: Trying to find match for (GET) '' [] []
[2019-04-26 23:59:08] System.INFO: Route match found [] []
[2019-04-26 23:59:08] System.INFO: Calling definition for hook 'coinritual.route.beforeDispatch' [] []
[2019-04-26 23:59:08] System.DEBUG: Hook definition parameters ["[object] (SlaxWeb\\Bootstrap\\Application: {})","[object] (SlaxWeb\\Router\\Route: {})"] []
