[2018-11-12 02:53:35] System.INFO: Hooks component initialized [] []
[2018-11-12 02:53:35] System.DEBUG: Adding definition for hook 'coinritual.route.beforeDispatch' for the first time. [] []
[2018-11-12 02:53:35] System.INFO: Route Container initialized [] []
[2018-11-12 02:53:35] System.INFO: Route successfully added to Container {"uri":"~^language$~"} []
[2018-11-12 02:53:35] System.INFO: Route successfully added to Container {"uri":"~^[:params:]?/?oathmaster/?[:named:]?$|^[:params:]?/?observer/?[:named:]?$~"} []
[2018-11-12 02:53:35] System.INFO: Route successfully added to Container {"uri":"~^[:params:]?/?rules/?$~"} []
[2018-11-12 02:53:35] System.INFO: Route successfully added to Container {"uri":"~^[:params:]?/?bloodnamed/?$~"} []
[2018-11-12 02:53:35] System.INFO: Route successfully added to Container {"uri":"~^coinMachine/getResult/?$~"} []
[2018-11-12 02:53:35] System.INFO: Route successfully added to Container {"uri":"~^[:params:]?/?tables/?$~"} []
[2018-11-12 02:53:35] System.INFO: Route successfully added to Container {"uri":"~^fight/save/?$~"} []
[2018-11-12 02:53:35] System.INFO: Route successfully added to Container {"uri":"~^[:params:]?/?$|^[:params:]?/?fame/?$~"} []
[2018-11-12 02:53:35] System.INFO: Shutdown and error handlers have been registered [] []
[2018-11-12 02:53:35] System.INFO: Output manager initialized [] []
[2018-11-12 02:53:35] System.INFO: Application initialized [] []
[2018-11-12 02:53:35] System.DEBUG: No hook definitions found for 'application.init.after'. Available hook definitions [["coinritual.route.beforeDispatch"]] []
[2018-11-12 02:53:35] System.INFO: Beginning process for request. ["[object] (SlaxWeb\\Router\\Request: GET / HTTP/1.0\r\nAccept:           */*\r\nAccept-Language:  en-US\r\nConnection:       close\r\nHost:             tob.clanwolf.net\r\nUser-Agent:       Mozilla/5.0 (Windows NT 10.0; WOW64) AppleWebKit/537.36 (KHTML, like Gecko) Chrome/45.0.2454.93 Safari/537.36\r\nX-Accel-Internal: /internal-nginx-static-location\r\nX-Forwarded-For:  202.46.54.144\r\nX-Real-Ip:        202.46.54.144\r\n\r\n)"] []
[2018-11-12 02:53:35] System.DEBUG: No hook definitions found for 'application.dispatch.before'. Available hook definitions [["coinritual.route.beforeDispatch"]] []
[2018-11-12 02:53:35] System.INFO: Router Dispatcher initialized [] []
[2018-11-12 02:53:35] System.INFO: Trying to find match for (GET) '' [] []
[2018-11-12 02:53:35] System.INFO: Route match found [] []
[2018-11-12 02:53:35] System.INFO: Calling definition for hook 'coinritual.route.beforeDispatch' [] []
[2018-11-12 02:53:35] System.DEBUG: Hook definition parameters ["[object] (SlaxWeb\\Bootstrap\\Application: {})","[object] (SlaxWeb\\Router\\Route: {})"] []
[2018-11-12 02:53:36] System.INFO: Hooks component initialized [] []
[2018-11-12 02:53:36] System.DEBUG: Adding definition for hook 'coinritual.route.beforeDispatch' for the first time. [] []
[2018-11-12 02:53:36] System.INFO: Route Container initialized [] []
[2018-11-12 02:53:36] System.INFO: Route successfully added to Container {"uri":"~^language$~"} []
[2018-11-12 02:53:36] System.INFO: Route successfully added to Container {"uri":"~^[:params:]?/?oathmaster/?[:named:]?$|^[:params:]?/?observer/?[:named:]?$~"} []
[2018-11-12 02:53:36] System.INFO: Route successfully added to Container {"uri":"~^[:params:]?/?rules/?$~"} []
[2018-11-12 02:53:36] System.INFO: Route successfully added to Container {"uri":"~^[:params:]?/?bloodnamed/?$~"} []
[2018-11-12 02:53:36] System.INFO: Route successfully added to Container {"uri":"~^coinMachine/getResult/?$~"} []
[2018-11-12 02:53:36] System.INFO: Route successfully added to Container {"uri":"~^[:params:]?/?tables/?$~"} []
[2018-11-12 02:53:36] System.INFO: Route successfully added to Container {"uri":"~^fight/save/?$~"} []
[2018-11-12 02:53:36] System.INFO: Route successfully added to Container {"uri":"~^[:params:]?/?$|^[:params:]?/?fame/?$~"} []
[2018-11-12 02:53:36] System.INFO: Shutdown and error handlers have been registered [] []
[2018-11-12 02:53:36] System.INFO: Output manager initialized [] []
[2018-11-12 02:53:36] System.INFO: Application initialized [] []
[2018-11-12 02:53:36] System.DEBUG: No hook definitions found for 'application.init.after'. Available hook definitions [["coinritual.route.beforeDispatch"]] []
[2018-11-12 02:53:36] System.INFO: Beginning process for request. ["[object] (SlaxWeb\\Router\\Request: GET /language HTTP/1.0\r\nAccept:           */*\r\nAccept-Language:  en-US\r\nConnection:       close\r\nCookie:           PHPSESSID=77ae388ltbughrkuie6irs80vr;\r\nHost:             tob.clanwolf.net\r\nUser-Agent:       Mozilla/5.0 (Windows NT 10.0; WOW64) AppleWebKit/537.36 (KHTML, like Gecko) Chrome/45.0.2454.93 Safari/537.36\r\nX-Accel-Internal: /internal-nginx-static-location\r\nX-Forwarded-For:  202.46.49.69\r\nX-Real-Ip:        202.46.49.69\r\n\r\n)"] []
[2018-11-12 02:53:36] System.DEBUG: No hook definitions found for 'application.dispatch.before'. Available hook definitions [["coinritual.route.beforeDispatch"]] []
[2018-11-12 02:53:37] System.INFO: Router Dispatcher initialized [] []
[2018-11-12 02:53:37] System.INFO: Trying to find match for (GET) 'language' [] []
[2018-11-12 02:53:37] System.INFO: Route match found [] []
[2018-11-12 02:53:37] System.DEBUG: No hook definitions found for 'router.dispatcher.beforeDispatch'. Available hook definitions [["coinritual.route.beforeDispatch"]] []
[2018-11-12 02:53:37] System.INFO: Executing route definition {"name":"~^language$~","action":"[object] (Closure: {})"} []
[2018-11-12 02:53:37] System.DEBUG: No hook definitions found for 'model.translation.before.init'. Available hook definitions [["coinritual.route.beforeDispatch"]] []
[2018-11-12 02:53:37] System.DEBUG: No hook definitions found for 'model.translation.after.init'. Available hook definitions [["coinritual.route.beforeDispatch"]] []
[2018-11-12 02:53:37] System.DEBUG: No hook definitions found for 'model.translation.before.select'. Available hook definitions [["coinritual.route.beforeDispatch"]] []
[2018-11-12 02:53:37] System.DEBUG: No hook definitions found for 'model.translation.after.select'. Available hook definitions [["coinritual.route.beforeDispatch"]] []
[2018-11-12 02:53:37] System.DEBUG: No hook definitions found for 'router.dispatcher.afterDispatch'. Available hook definitions [["coinritual.route.beforeDispatch"]] []
[2018-11-12 02:53:37] System.INFO: Request has finished processing, Response is ready to be sent to caller. [] []
[2018-11-12 02:53:37] System.DEBUG: No hook definitions found for 'application.dispatch.after'. Available hook definitions [["coinritual.route.beforeDispatch"]] []
[2018-11-12 02:53:37] System.DEBUG: Time taken to finish Request processing {"start":1541991216.999769,"end":1541991217.100622,"elapsed":0.10085296630859375,"uri":"/language"} []
[2018-11-12 03:03:56] System.INFO: Hooks component initialized [] []
[2018-11-12 03:03:56] System.DEBUG: Adding definition for hook 'coinritual.route.beforeDispatch' for the first time. [] []
[2018-11-12 03:03:56] System.INFO: Route Container initialized [] []
[2018-11-12 03:03:56] System.INFO: Route successfully added to Container {"uri":"~^language$~"} []
[2018-11-12 03:03:56] System.INFO: Route successfully added to Container {"uri":"~^[:params:]?/?oathmaster/?[:named:]?$|^[:params:]?/?observer/?[:named:]?$~"} []
[2018-11-12 03:03:56] System.INFO: Route successfully added to Container {"uri":"~^[:params:]?/?rules/?$~"} []
[2018-11-12 03:03:56] System.INFO: Route successfully added to Container {"uri":"~^[:params:]?/?bloodnamed/?$~"} []
[2018-11-12 03:03:56] System.INFO: Route successfully added to Container {"uri":"~^coinMachine/getResult/?$~"} []
[2018-11-12 03:03:56] System.INFO: Route successfully added to Container {"uri":"~^[:params:]?/?tables/?$~"} []
[2018-11-12 03:03:56] System.INFO: Route successfully added to Container {"uri":"~^fight/save/?$~"} []
[2018-11-12 03:03:56] System.INFO: Route successfully added to Container {"uri":"~^[:params:]?/?$|^[:params:]?/?fame/?$~"} []
[2018-11-12 03:03:56] System.INFO: Shutdown and error handlers have been registered [] []
[2018-11-12 03:03:56] System.INFO: Output manager initialized [] []
[2018-11-12 03:03:56] System.INFO: Application initialized [] []
[2018-11-12 03:03:56] System.DEBUG: No hook definitions found for 'application.init.after'. Available hook definitions [["coinritual.route.beforeDispatch"]] []
[2018-11-12 03:03:56] System.INFO: Beginning process for request. ["[object] (SlaxWeb\\Router\\Request: GET / HTTP/1.0\r\nAccept:           */*\r\nAccept-Encoding:  gzip, deflate\r\nCache-Control:    no-cache\r\nConnection:       close\r\nFrom:             bingbot(at)microsoft.com\r\nHost:             tob.clanwolf.net\r\nPragma:           no-cache\r\nUser-Agent:       Mozilla/5.0 (compatible; bingbot/2.0; +http://www.bing.com/bingbot.htm)\r\nX-Accel-Internal: /internal-nginx-static-location\r\nX-Forwarded-For:  40.77.167.21\r\nX-Real-Ip:        40.77.167.21\r\n\r\n)"] []
[2018-11-12 03:03:56] System.DEBUG: No hook definitions found for 'application.dispatch.before'. Available hook definitions [["coinritual.route.beforeDispatch"]] []
[2018-11-12 03:03:56] System.INFO: Router Dispatcher initialized [] []
[2018-11-12 03:03:56] System.INFO: Trying to find match for (GET) '' [] []
[2018-11-12 03:03:56] System.INFO: Route match found [] []
[2018-11-12 03:03:56] System.INFO: Calling definition for hook 'coinritual.route.beforeDispatch' [] []
[2018-11-12 03:03:56] System.DEBUG: Hook definition parameters ["[object] (SlaxWeb\\Bootstrap\\Application: {})","[object] (SlaxWeb\\Router\\Route: {})"] []
[2018-11-12 07:06:34] System.INFO: Hooks component initialized [] []
[2018-11-12 07:06:34] System.DEBUG: Adding definition for hook 'coinritual.route.beforeDispatch' for the first time. [] []
[2018-11-12 07:06:34] System.INFO: Route Container initialized [] []
[2018-11-12 07:06:34] System.INFO: Route successfully added to Container {"uri":"~^language$~"} []
[2018-11-12 07:06:34] System.INFO: Route successfully added to Container {"uri":"~^[:params:]?/?oathmaster/?[:named:]?$|^[:params:]?/?observer/?[:named:]?$~"} []
[2018-11-12 07:06:34] System.INFO: Route successfully added to Container {"uri":"~^[:params:]?/?rules/?$~"} []
[2018-11-12 07:06:34] System.INFO: Route successfully added to Container {"uri":"~^[:params:]?/?bloodnamed/?$~"} []
[2018-11-12 07:06:34] System.INFO: Route successfully added to Container {"uri":"~^coinMachine/getResult/?$~"} []
[2018-11-12 07:06:34] System.INFO: Route successfully added to Container {"uri":"~^[:params:]?/?tables/?$~"} []
[2018-11-12 07:06:34] System.INFO: Route successfully added to Container {"uri":"~^fight/save/?$~"} []
[2018-11-12 07:06:34] System.INFO: Route successfully added to Container {"uri":"~^[:params:]?/?$|^[:params:]?/?fame/?$~"} []
[2018-11-12 07:06:34] System.INFO: Shutdown and error handlers have been registered [] []
[2018-11-12 07:06:34] System.INFO: Output manager initialized [] []
[2018-11-12 07:06:34] System.INFO: Application initialized [] []
[2018-11-12 07:06:34] System.DEBUG: No hook definitions found for 'application.init.after'. Available hook definitions [["coinritual.route.beforeDispatch"]] []
[2018-11-12 07:06:34] System.INFO: Beginning process for request. ["[object] (SlaxWeb\\Router\\Request: GET / HTTP/1.0\r\nAccept:           */*\r\nAccept-Encoding:  gzip, deflate\r\nCache-Control:    no-cache\r\nConnection:       close\r\nFrom:             bingbot(at)microsoft.com\r\nHost:             tob.clanwolf.net\r\nPragma:           no-cache\r\nUser-Agent:       Mozilla/5.0 (compatible; bingbot/2.0; +http://www.bing.com/bingbot.htm)\r\nX-Accel-Internal: /internal-nginx-static-location\r\nX-Forwarded-For:  40.77.167.21\r\nX-Real-Ip:        40.77.167.21\r\n\r\n)"] []
[2018-11-12 07:06:34] System.DEBUG: No hook definitions found for 'application.dispatch.before'. Available hook definitions [["coinritual.route.beforeDispatch"]] []
[2018-11-12 07:06:34] System.INFO: Router Dispatcher initialized [] []
[2018-11-12 07:06:34] System.INFO: Trying to find match for (GET) '' [] []
[2018-11-12 07:06:34] System.INFO: Route match found [] []
[2018-11-12 07:06:34] System.INFO: Calling definition for hook 'coinritual.route.beforeDispatch' [] []
[2018-11-12 07:06:34] System.DEBUG: Hook definition parameters ["[object] (SlaxWeb\\Bootstrap\\Application: {})","[object] (SlaxWeb\\Router\\Route: {})"] []
[2018-11-12 07:06:35] System.INFO: Hooks component initialized [] []
[2018-11-12 07:06:35] System.DEBUG: Adding definition for hook 'coinritual.route.beforeDispatch' for the first time. [] []
[2018-11-12 07:06:35] System.INFO: Route Container initialized [] []
[2018-11-12 07:06:35] System.INFO: Route successfully added to Container {"uri":"~^language$~"} []
[2018-11-12 07:06:35] System.INFO: Route successfully added to Container {"uri":"~^[:params:]?/?oathmaster/?[:named:]?$|^[:params:]?/?observer/?[:named:]?$~"} []
[2018-11-12 07:06:35] System.INFO: Route successfully added to Container {"uri":"~^[:params:]?/?rules/?$~"} []
[2018-11-12 07:06:35] System.INFO: Route successfully added to Container {"uri":"~^[:params:]?/?bloodnamed/?$~"} []
[2018-11-12 07:06:35] System.INFO: Route successfully added to Container {"uri":"~^coinMachine/getResult/?$~"} []
[2018-11-12 07:06:35] System.INFO: Route successfully added to Container {"uri":"~^[:params:]?/?tables/?$~"} []
[2018-11-12 07:06:35] System.INFO: Route successfully added to Container {"uri":"~^fight/save/?$~"} []
[2018-11-12 07:06:35] System.INFO: Route successfully added to Container {"uri":"~^[:params:]?/?$|^[:params:]?/?fame/?$~"} []
[2018-11-12 07:06:35] System.INFO: Shutdown and error handlers have been registered [] []
[2018-11-12 07:06:35] System.INFO: Output manager initialized [] []
[2018-11-12 07:06:35] System.INFO: Application initialized [] []
[2018-11-12 07:06:35] System.DEBUG: No hook definitions found for 'application.init.after'. Available hook definitions [["coinritual.route.beforeDispatch"]] []
[2018-11-12 07:06:35] System.INFO: Beginning process for request. ["[object] (SlaxWeb\\Router\\Request: GET /language HTTP/1.0\r\nAccept:           */*\r\nAccept-Encoding:  gzip, deflate\r\nCache-Control:    no-cache\r\nConnection:       close\r\nFrom:             bingbot(at)microsoft.com\r\nHost:             tob.clanwolf.net\r\nPragma:           no-cache\r\nUser-Agent:       Mozilla/5.0 (compatible; bingbot/2.0; +http://www.bing.com/bingbot.htm)\r\nX-Accel-Internal: /internal-nginx-static-location\r\nX-Forwarded-For:  40.77.167.21\r\nX-Real-Ip:        40.77.167.21\r\n\r\n)"] []
[2018-11-12 07:06:35] System.DEBUG: No hook definitions found for 'application.dispatch.before'. Available hook definitions [["coinritual.route.beforeDispatch"]] []
[2018-11-12 07:06:35] System.INFO: Router Dispatcher initialized [] []
[2018-11-12 07:06:35] System.INFO: Trying to find match for (GET) 'language' [] []
[2018-11-12 07:06:35] System.INFO: Route match found [] []
[2018-11-12 07:06:35] System.DEBUG: No hook definitions found for 'router.dispatcher.beforeDispatch'. Available hook definitions [["coinritual.route.beforeDispatch"]] []
[2018-11-12 07:06:35] System.INFO: Executing route definition {"name":"~^language$~","action":"[object] (Closure: {})"} []
[2018-11-12 07:06:35] System.DEBUG: No hook definitions found for 'model.translation.before.init'. Available hook definitions [["coinritual.route.beforeDispatch"]] []
[2018-11-12 07:06:35] System.DEBUG: No hook definitions found for 'model.translation.after.init'. Available hook definitions [["coinritual.route.beforeDispatch"]] []
[2018-11-12 07:06:35] System.DEBUG: No hook definitions found for 'model.translation.before.select'. Available hook definitions [["coinritual.route.beforeDispatch"]] []
[2018-11-12 07:06:35] System.DEBUG: No hook definitions found for 'model.translation.after.select'. Available hook definitions [["coinritual.route.beforeDispatch"]] []
[2018-11-12 07:06:35] System.DEBUG: No hook definitions found for 'router.dispatcher.afterDispatch'. Available hook definitions [["coinritual.route.beforeDispatch"]] []
[2018-11-12 07:06:35] System.INFO: Request has finished processing, Response is ready to be sent to caller. [] []
[2018-11-12 07:06:35] System.DEBUG: No hook definitions found for 'application.dispatch.after'. Available hook definitions [["coinritual.route.beforeDispatch"]] []
[2018-11-12 07:06:35] System.DEBUG: Time taken to finish Request processing {"start":1542006395.889173,"end":1542006395.959681,"elapsed":0.07050800323486328,"uri":"/language"} []
[2018-11-12 07:07:08] System.INFO: Hooks component initialized [] []
[2018-11-12 07:07:08] System.DEBUG: Adding definition for hook 'coinritual.route.beforeDispatch' for the first time. [] []
[2018-11-12 07:07:08] System.INFO: Route Container initialized [] []
[2018-11-12 07:07:08] System.INFO: Route successfully added to Container {"uri":"~^language$~"} []
[2018-11-12 07:07:08] System.INFO: Route successfully added to Container {"uri":"~^[:params:]?/?oathmaster/?[:named:]?$|^[:params:]?/?observer/?[:named:]?$~"} []
[2018-11-12 07:07:08] System.INFO: Route successfully added to Container {"uri":"~^[:params:]?/?rules/?$~"} []
[2018-11-12 07:07:08] System.INFO: Route successfully added to Container {"uri":"~^[:params:]?/?bloodnamed/?$~"} []
[2018-11-12 07:07:08] System.INFO: Route successfully added to Container {"uri":"~^coinMachine/getResult/?$~"} []
[2018-11-12 07:07:08] System.INFO: Route successfully added to Container {"uri":"~^[:params:]?/?tables/?$~"} []
[2018-11-12 07:07:08] System.INFO: Route successfully added to Container {"uri":"~^fight/save/?$~"} []
[2018-11-12 07:07:08] System.INFO: Route successfully added to Container {"uri":"~^[:params:]?/?$|^[:params:]?/?fame/?$~"} []
[2018-11-12 07:07:08] System.INFO: Shutdown and error handlers have been registered [] []
[2018-11-12 07:07:08] System.INFO: Output manager initialized [] []
[2018-11-12 07:07:08] System.INFO: Application initialized [] []
[2018-11-12 07:07:08] System.DEBUG: No hook definitions found for 'application.init.after'. Available hook definitions [["coinritual.route.beforeDispatch"]] []
[2018-11-12 07:07:08] System.INFO: Beginning process for request. ["[object] (SlaxWeb\\Router\\Request: GET /home HTTP/1.0\r\nAccept:           */*\r\nAccept-Language:  en-US\r\nConnection:       close\r\nHost:             tob.clanwolf.net\r\nUser-Agent:       Mozilla/5.0 (compatible; Baiduspider/2.0; +http://www.baidu.com/search/spider.html)\r\nX-Accel-Internal: /internal-nginx-static-location\r\nX-Forwarded-For:  180.76.15.139\r\nX-Real-Ip:        180.76.15.139\r\n\r\n)"] []
[2018-11-12 07:07:08] System.DEBUG: No hook definitions found for 'application.dispatch.before'. Available hook definitions [["coinritual.route.beforeDispatch"]] []
[2018-11-12 07:07:08] System.INFO: Router Dispatcher initialized [] []
[2018-11-12 07:07:08] System.INFO: Trying to find match for (GET) 'home' [] []
[2018-11-12 07:07:08] System.INFO: Route match found [] []
[2018-11-12 07:07:08] System.INFO: Calling definition for hook 'coinritual.route.beforeDispatch' [] []
[2018-11-12 07:07:08] System.DEBUG: Hook definition parameters ["[object] (SlaxWeb\\Bootstrap\\Application: {})","[object] (SlaxWeb\\Router\\Route: {})"] []
[2018-11-12 07:07:10] System.INFO: Hooks component initialized [] []
[2018-11-12 07:07:10] System.DEBUG: Adding definition for hook 'coinritual.route.beforeDispatch' for the first time. [] []
[2018-11-12 07:07:10] System.INFO: Route Container initialized [] []
[2018-11-12 07:07:10] System.INFO: Route successfully added to Container {"uri":"~^language$~"} []
[2018-11-12 07:07:10] System.INFO: Route successfully added to Container {"uri":"~^[:params:]?/?oathmaster/?[:named:]?$|^[:params:]?/?observer/?[:named:]?$~"} []
[2018-11-12 07:07:10] System.INFO: Route successfully added to Container {"uri":"~^[:params:]?/?rules/?$~"} []
[2018-11-12 07:07:10] System.INFO: Route successfully added to Container {"uri":"~^[:params:]?/?bloodnamed/?$~"} []
[2018-11-12 07:07:10] System.INFO: Route successfully added to Container {"uri":"~^coinMachine/getResult/?$~"} []
[2018-11-12 07:07:10] System.INFO: Route successfully added to Container {"uri":"~^[:params:]?/?tables/?$~"} []
[2018-11-12 07:07:10] System.INFO: Route successfully added to Container {"uri":"~^fight/save/?$~"} []
[2018-11-12 07:07:10] System.INFO: Route successfully added to Container {"uri":"~^[:params:]?/?$|^[:params:]?/?fame/?$~"} []
[2018-11-12 07:07:10] System.INFO: Shutdown and error handlers have been registered [] []
[2018-11-12 07:07:10] System.INFO: Output manager initialized [] []
[2018-11-12 07:07:10] System.INFO: Application initialized [] []
[2018-11-12 07:07:10] System.DEBUG: No hook definitions found for 'application.init.after'. Available hook definitions [["coinritual.route.beforeDispatch"]] []
[2018-11-12 07:07:10] System.INFO: Beginning process for request. ["[object] (SlaxWeb\\Router\\Request: GET /index.php?/language HTTP/1.0\r\nAccept:           */*\r\nAccept-Language:  en-US\r\nConnection:       close\r\nCookie:           PHPSESSID=ntarclh6eo0ha2n00ehihnps7g;\r\nHost:             tob.clanwolf.net\r\nUser-Agent:       Mozilla/5.0 (compatible; Baiduspider/2.0; +http://www.baidu.com/search/spider.html)\r\nX-Accel-Internal: /internal-nginx-static-location\r\nX-Forwarded-For:  180.76.15.24\r\nX-Real-Ip:        180.76.15.24\r\n\r\n)"] []
[2018-11-12 07:07:10] System.DEBUG: No hook definitions found for 'application.dispatch.before'. Available hook definitions [["coinritual.route.beforeDispatch"]] []
[2018-11-12 07:07:10] System.INFO: Router Dispatcher initialized [] []
[2018-11-12 07:07:10] System.INFO: Trying to find match for (GET) '' [] []
[2018-11-12 07:07:10] System.INFO: Route match found [] []
[2018-11-12 07:07:10] System.INFO: Calling definition for hook 'coinritual.route.beforeDispatch' [] []
[2018-11-12 07:07:10] System.DEBUG: Hook definition parameters ["[object] (SlaxWeb\\Bootstrap\\Application: {})","[object] (SlaxWeb\\Router\\Route: {})"] []
[2018-11-12 07:07:11] System.INFO: Hooks component initialized [] []
[2018-11-12 07:07:11] System.DEBUG: Adding definition for hook 'coinritual.route.beforeDispatch' for the first time. [] []
[2018-11-12 07:07:11] System.INFO: Route Container initialized [] []
[2018-11-12 07:07:11] System.INFO: Route successfully added to Container {"uri":"~^language$~"} []
[2018-11-12 07:07:11] System.INFO: Route successfully added to Container {"uri":"~^[:params:]?/?oathmaster/?[:named:]?$|^[:params:]?/?observer/?[:named:]?$~"} []
[2018-11-12 07:07:11] System.INFO: Route successfully added to Container {"uri":"~^[:params:]?/?rules/?$~"} []
[2018-11-12 07:07:11] System.INFO: Route successfully added to Container {"uri":"~^[:params:]?/?bloodnamed/?$~"} []
[2018-11-12 07:07:11] System.INFO: Route successfully added to Container {"uri":"~^coinMachine/getResult/?$~"} []
[2018-11-12 07:07:11] System.INFO: Route successfully added to Container {"uri":"~^[:params:]?/?tables/?$~"} []
[2018-11-12 07:07:11] System.INFO: Route successfully added to Container {"uri":"~^fight/save/?$~"} []
[2018-11-12 07:07:11] System.INFO: Route successfully added to Container {"uri":"~^[:params:]?/?$|^[:params:]?/?fame/?$~"} []
[2018-11-12 07:07:11] System.INFO: Shutdown and error handlers have been registered [] []
[2018-11-12 07:07:11] System.INFO: Output manager initialized [] []
[2018-11-12 07:07:11] System.INFO: Application initialized [] []
[2018-11-12 07:07:11] System.DEBUG: No hook definitions found for 'application.init.after'. Available hook definitions [["coinritual.route.beforeDispatch"]] []
[2018-11-12 07:07:11] System.INFO: Beginning process for request. ["[object] (SlaxWeb\\Router\\Request: GET /language HTTP/1.0\r\nAccept:           */*\r\nAccept-Language:  en-US\r\nConnection:       close\r\nCookie:           PHPSESSID=ntarclh6eo0ha2n00ehihnps7g;\r\nHost:             tob.clanwolf.net\r\nUser-Agent:       Mozilla/5.0 (compatible; Baiduspider/2.0; +http://www.baidu.com/search/spider.html)\r\nX-Accel-Internal: /internal-nginx-static-location\r\nX-Forwarded-For:  180.76.15.12\r\nX-Real-Ip:        180.76.15.12\r\n\r\n)"] []
[2018-11-12 07:07:11] System.DEBUG: No hook definitions found for 'application.dispatch.before'. Available hook definitions [["coinritual.route.beforeDispatch"]] []
[2018-11-12 07:07:11] System.INFO: Router Dispatcher initialized [] []
[2018-11-12 07:07:11] System.INFO: Trying to find match for (GET) 'language' [] []
[2018-11-12 07:07:11] System.INFO: Route match found [] []
[2018-11-12 07:07:11] System.DEBUG: No hook definitions found for 'router.dispatcher.beforeDispatch'. Available hook definitions [["coinritual.route.beforeDispatch"]] []
[2018-11-12 07:07:11] System.INFO: Executing route definition {"name":"~^language$~","action":"[object] (Closure: {})"} []
[2018-11-12 07:07:11] System.DEBUG: No hook definitions found for 'model.translation.before.init'. Available hook definitions [["coinritual.route.beforeDispatch"]] []
[2018-11-12 07:07:11] System.DEBUG: No hook definitions found for 'model.translation.after.init'. Available hook definitions [["coinritual.route.beforeDispatch"]] []
[2018-11-12 07:07:11] System.DEBUG: No hook definitions found for 'model.translation.before.select'. Available hook definitions [["coinritual.route.beforeDispatch"]] []
[2018-11-12 07:07:11] System.DEBUG: No hook definitions found for 'model.translation.after.select'. Available hook definitions [["coinritual.route.beforeDispatch"]] []
[2018-11-12 07:07:11] System.DEBUG: No hook definitions found for 'router.dispatcher.afterDispatch'. Available hook definitions [["coinritual.route.beforeDispatch"]] []
[2018-11-12 07:07:11] System.INFO: Request has finished processing, Response is ready to be sent to caller. [] []
[2018-11-12 07:07:11] System.DEBUG: No hook definitions found for 'application.dispatch.after'. Available hook definitions [["coinritual.route.beforeDispatch"]] []
[2018-11-12 07:07:11] System.DEBUG: Time taken to finish Request processing {"start":1542006431.151609,"end":1542006431.17027,"elapsed":0.018661022186279297,"uri":"/language"} []
[2018-11-12 16:24:58] System.INFO: Hooks component initialized [] []
[2018-11-12 16:24:58] System.DEBUG: Adding definition for hook 'coinritual.route.beforeDispatch' for the first time. [] []
[2018-11-12 16:24:58] System.INFO: Route Container initialized [] []
[2018-11-12 16:24:58] System.INFO: Route successfully added to Container {"uri":"~^language$~"} []
[2018-11-12 16:24:58] System.INFO: Route successfully added to Container {"uri":"~^[:params:]?/?oathmaster/?[:named:]?$|^[:params:]?/?observer/?[:named:]?$~"} []
[2018-11-12 16:24:58] System.INFO: Route successfully added to Container {"uri":"~^[:params:]?/?rules/?$~"} []
[2018-11-12 16:24:58] System.INFO: Route successfully added to Container {"uri":"~^[:params:]?/?bloodnamed/?$~"} []
[2018-11-12 16:24:58] System.INFO: Route successfully added to Container {"uri":"~^coinMachine/getResult/?$~"} []
[2018-11-12 16:24:58] System.INFO: Route successfully added to Container {"uri":"~^[:params:]?/?tables/?$~"} []
[2018-11-12 16:24:58] System.INFO: Route successfully added to Container {"uri":"~^fight/save/?$~"} []
[2018-11-12 16:24:58] System.INFO: Route successfully added to Container {"uri":"~^[:params:]?/?$|^[:params:]?/?fame/?$~"} []
[2018-11-12 16:24:58] System.INFO: Shutdown and error handlers have been registered [] []
[2018-11-12 16:24:58] System.INFO: Output manager initialized [] []
[2018-11-12 16:24:58] System.INFO: Application initialized [] []
[2018-11-12 16:24:58] System.DEBUG: No hook definitions found for 'application.init.after'. Available hook definitions [["coinritual.route.beforeDispatch"]] []
[2018-11-12 16:24:58] System.INFO: Beginning process for request. ["[object] (SlaxWeb\\Router\\Request: GET / HTTP/1.0\r\nAccept:           */*\r\nAccept-Encoding:  gzip,deflate\r\nAccept-Language:  ru, uk;q=0.8, be;q=0.8, en;q=0.7, *;q=0.01\r\nConnection:       close\r\nFrom:             support@search.yandex.ru\r\nHost:             tob.clanwolf.net\r\nUser-Agent:       Mozilla/5.0 (compatible; YandexBot/3.0; +http://yandex.com/bots)\r\nX-Accel-Internal: /internal-nginx-static-location\r\nX-Forwarded-For:  5.255.251.11\r\nX-Real-Ip:        5.255.251.11\r\n\r\n)"] []
[2018-11-12 16:24:58] System.DEBUG: No hook definitions found for 'application.dispatch.before'. Available hook definitions [["coinritual.route.beforeDispatch"]] []
[2018-11-12 16:24:58] System.INFO: Router Dispatcher initialized [] []
[2018-11-12 16:24:58] System.INFO: Trying to find match for (GET) '' [] []
[2018-11-12 16:24:58] System.INFO: Route match found [] []
[2018-11-12 16:24:58] System.INFO: Calling definition for hook 'coinritual.route.beforeDispatch' [] []
[2018-11-12 16:24:58] System.DEBUG: Hook definition parameters ["[object] (SlaxWeb\\Bootstrap\\Application: {})","[object] (SlaxWeb\\Router\\Route: {})"] []
[2018-11-12 16:25:05] System.INFO: Hooks component initialized [] []
[2018-11-12 16:25:05] System.DEBUG: Adding definition for hook 'coinritual.route.beforeDispatch' for the first time. [] []
[2018-11-12 16:25:05] System.INFO: Route Container initialized [] []
[2018-11-12 16:25:05] System.INFO: Route successfully added to Container {"uri":"~^language$~"} []
[2018-11-12 16:25:05] System.INFO: Route successfully added to Container {"uri":"~^[:params:]?/?oathmaster/?[:named:]?$|^[:params:]?/?observer/?[:named:]?$~"} []
[2018-11-12 16:25:05] System.INFO: Route successfully added to Container {"uri":"~^[:params:]?/?rules/?$~"} []
[2018-11-12 16:25:05] System.INFO: Route successfully added to Container {"uri":"~^[:params:]?/?bloodnamed/?$~"} []
[2018-11-12 16:25:05] System.INFO: Route successfully added to Container {"uri":"~^coinMachine/getResult/?$~"} []
[2018-11-12 16:25:05] System.INFO: Route successfully added to Container {"uri":"~^[:params:]?/?tables/?$~"} []
[2018-11-12 16:25:05] System.INFO: Route successfully added to Container {"uri":"~^fight/save/?$~"} []
[2018-11-12 16:25:05] System.INFO: Route successfully added to Container {"uri":"~^[:params:]?/?$|^[:params:]?/?fame/?$~"} []
[2018-11-12 16:25:05] System.INFO: Shutdown and error handlers have been registered [] []
[2018-11-12 16:25:05] System.INFO: Output manager initialized [] []
[2018-11-12 16:25:05] System.INFO: Application initialized [] []
[2018-11-12 16:25:05] System.DEBUG: No hook definitions found for 'application.init.after'. Available hook definitions [["coinritual.route.beforeDispatch"]] []
[2018-11-12 16:25:05] System.INFO: Beginning process for request. ["[object] (SlaxWeb\\Router\\Request: GET /language HTTP/1.0\r\nAccept:           */*\r\nAccept-Encoding:  gzip,deflate\r\nAccept-Language:  ru, uk;q=0.8, be;q=0.8, en;q=0.7, *;q=0.01\r\nConnection:       close\r\nFrom:             support@search.yandex.ru\r\nHost:             tob.clanwolf.net\r\nUser-Agent:       Mozilla/5.0 (compatible; YandexBot/3.0; +http://yandex.com/bots)\r\nX-Accel-Internal: /internal-nginx-static-location\r\nX-Forwarded-For:  141.8.141.139\r\nX-Real-Ip:        141.8.141.139\r\n\r\n)"] []
[2018-11-12 16:25:05] System.DEBUG: No hook definitions found for 'application.dispatch.before'. Available hook definitions [["coinritual.route.beforeDispatch"]] []
[2018-11-12 16:25:05] System.INFO: Router Dispatcher initialized [] []
[2018-11-12 16:25:05] System.INFO: Trying to find match for (GET) 'language' [] []
[2018-11-12 16:25:05] System.INFO: Route match found [] []
[2018-11-12 16:25:05] System.DEBUG: No hook definitions found for 'router.dispatcher.beforeDispatch'. Available hook definitions [["coinritual.route.beforeDispatch"]] []
[2018-11-12 16:25:05] System.INFO: Executing route definition {"name":"~^language$~","action":"[object] (Closure: {})"} []
[2018-11-12 16:25:05] System.DEBUG: No hook definitions found for 'model.translation.before.init'. Available hook definitions [["coinritual.route.beforeDispatch"]] []
[2018-11-12 16:25:05] System.DEBUG: No hook definitions found for 'model.translation.after.init'. Available hook definitions [["coinritual.route.beforeDispatch"]] []
[2018-11-12 16:25:05] System.DEBUG: No hook definitions found for 'model.translation.before.select'. Available hook definitions [["coinritual.route.beforeDispatch"]] []
[2018-11-12 16:25:05] System.DEBUG: No hook definitions found for 'model.translation.after.select'. Available hook definitions [["coinritual.route.beforeDispatch"]] []
[2018-11-12 16:25:05] System.DEBUG: No hook definitions found for 'router.dispatcher.afterDispatch'. Available hook definitions [["coinritual.route.beforeDispatch"]] []
[2018-11-12 16:25:05] System.INFO: Request has finished processing, Response is ready to be sent to caller. [] []
[2018-11-12 16:25:05] System.DEBUG: No hook definitions found for 'application.dispatch.after'. Available hook definitions [["coinritual.route.beforeDispatch"]] []
[2018-11-12 16:25:05] System.DEBUG: Time taken to finish Request processing {"start":1542039905.37029,"end":1542039905.432921,"elapsed":0.06263089179992676,"uri":"/language"} []
[2018-11-12 18:26:44] System.INFO: Hooks component initialized [] []
[2018-11-12 18:26:44] System.DEBUG: Adding definition for hook 'coinritual.route.beforeDispatch' for the first time. [] []
[2018-11-12 18:26:44] System.INFO: Route Container initialized [] []
[2018-11-12 18:26:44] System.INFO: Route successfully added to Container {"uri":"~^language$~"} []
[2018-11-12 18:26:44] System.INFO: Route successfully added to Container {"uri":"~^[:params:]?/?oathmaster/?[:named:]?$|^[:params:]?/?observer/?[:named:]?$~"} []
[2018-11-12 18:26:44] System.INFO: Route successfully added to Container {"uri":"~^[:params:]?/?rules/?$~"} []
[2018-11-12 18:26:44] System.INFO: Route successfully added to Container {"uri":"~^[:params:]?/?bloodnamed/?$~"} []
[2018-11-12 18:26:44] System.INFO: Route successfully added to Container {"uri":"~^coinMachine/getResult/?$~"} []
[2018-11-12 18:26:44] System.INFO: Route successfully added to Container {"uri":"~^[:params:]?/?tables/?$~"} []
[2018-11-12 18:26:44] System.INFO: Route successfully added to Container {"uri":"~^fight/save/?$~"} []
[2018-11-12 18:26:44] System.INFO: Route successfully added to Container {"uri":"~^[:params:]?/?$|^[:params:]?/?fame/?$~"} []
[2018-11-12 18:26:44] System.INFO: Shutdown and error handlers have been registered [] []
[2018-11-12 18:26:44] System.INFO: Output manager initialized [] []
[2018-11-12 18:26:44] System.INFO: Application initialized [] []
[2018-11-12 18:26:44] System.DEBUG: No hook definitions found for 'application.init.after'. Available hook definitions [["coinritual.route.beforeDispatch"]] []
[2018-11-12 18:26:44] System.INFO: Beginning process for request. ["[object] (SlaxWeb\\Router\\Request: GET / HTTP/1.0\r\nAccept:           */*\r\nAccept-Encoding:  gzip, deflate\r\nCache-Control:    no-cache\r\nConnection:       close\r\nFrom:             bingbot(at)microsoft.com\r\nHost:             tob.clanwolf.net\r\nPragma:           no-cache\r\nUser-Agent:       Mozilla/5.0 (compatible; bingbot/2.0; +http://www.bing.com/bingbot.htm)\r\nX-Accel-Internal: /internal-nginx-static-location\r\nX-Forwarded-For:  40.77.167.21\r\nX-Real-Ip:        40.77.167.21\r\n\r\n)"] []
[2018-11-12 18:26:44] System.DEBUG: No hook definitions found for 'application.dispatch.before'. Available hook definitions [["coinritual.route.beforeDispatch"]] []
[2018-11-12 18:26:44] System.INFO: Router Dispatcher initialized [] []
[2018-11-12 18:26:44] System.INFO: Trying to find match for (GET) '' [] []
[2018-11-12 18:26:44] System.INFO: Route match found [] []
[2018-11-12 18:26:44] System.INFO: Calling definition for hook 'coinritual.route.beforeDispatch' [] []
[2018-11-12 18:26:44] System.DEBUG: Hook definition parameters ["[object] (SlaxWeb\\Bootstrap\\Application: {})","[object] (SlaxWeb\\Router\\Route: {})"] []
[2018-11-12 22:43:23] System.INFO: Hooks component initialized [] []
[2018-11-12 22:43:23] System.DEBUG: Adding definition for hook 'coinritual.route.beforeDispatch' for the first time. [] []
[2018-11-12 22:43:23] System.INFO: Route Container initialized [] []
[2018-11-12 22:43:23] System.INFO: Route successfully added to Container {"uri":"~^language$~"} []
[2018-11-12 22:43:23] System.INFO: Route successfully added to Container {"uri":"~^[:params:]?/?oathmaster/?[:named:]?$|^[:params:]?/?observer/?[:named:]?$~"} []
[2018-11-12 22:43:23] System.INFO: Route successfully added to Container {"uri":"~^[:params:]?/?rules/?$~"} []
[2018-11-12 22:43:23] System.INFO: Route successfully added to Container {"uri":"~^[:params:]?/?bloodnamed/?$~"} []
[2018-11-12 22:43:23] System.INFO: Route successfully added to Container {"uri":"~^coinMachine/getResult/?$~"} []
[2018-11-12 22:43:23] System.INFO: Route successfully added to Container {"uri":"~^[:params:]?/?tables/?$~"} []
[2018-11-12 22:43:23] System.INFO: Route successfully added to Container {"uri":"~^fight/save/?$~"} []
[2018-11-12 22:43:23] System.INFO: Route successfully added to Container {"uri":"~^[:params:]?/?$|^[:params:]?/?fame/?$~"} []
[2018-11-12 22:43:23] System.INFO: Shutdown and error handlers have been registered [] []
[2018-11-12 22:43:23] System.INFO: Output manager initialized [] []
[2018-11-12 22:43:23] System.INFO: Application initialized [] []
[2018-11-12 22:43:23] System.DEBUG: No hook definitions found for 'application.init.after'. Available hook definitions [["coinritual.route.beforeDispatch"]] []
[2018-11-12 22:43:23] System.INFO: Beginning process for request. ["[object] (SlaxWeb\\Router\\Request: GET /home HTTP/1.0\r\nAccept:           */*\r\nAccept-Language:  en-US\r\nConnection:       close\r\nHost:             tob.clanwolf.net\r\nUser-Agent:       Mozilla/5.0 (compatible; Baiduspider/2.0; +http://www.baidu.com/search/spider.html)\r\nX-Accel-Internal: /internal-nginx-static-location\r\nX-Forwarded-For:  180.76.15.151\r\nX-Real-Ip:        180.76.15.151\r\n\r\n)"] []
[2018-11-12 22:43:23] System.DEBUG: No hook definitions found for 'application.dispatch.before'. Available hook definitions [["coinritual.route.beforeDispatch"]] []
[2018-11-12 22:43:23] System.INFO: Router Dispatcher initialized [] []
[2018-11-12 22:43:23] System.INFO: Trying to find match for (GET) 'home' [] []
[2018-11-12 22:43:23] System.INFO: Route match found [] []
[2018-11-12 22:43:23] System.INFO: Calling definition for hook 'coinritual.route.beforeDispatch' [] []
[2018-11-12 22:43:23] System.DEBUG: Hook definition parameters ["[object] (SlaxWeb\\Bootstrap\\Application: {})","[object] (SlaxWeb\\Router\\Route: {})"] []
