[2018-11-02 07:40:06] System.INFO: Hooks component initialized [] []
[2018-11-02 07:40:06] System.DEBUG: Adding definition for hook 'coinritual.route.beforeDispatch' for the first time. [] []
[2018-11-02 07:40:06] System.INFO: Route Container initialized [] []
[2018-11-02 07:40:06] System.INFO: Route successfully added to Container {"uri":"~^language$~"} []
[2018-11-02 07:40:06] System.INFO: Route successfully added to Container {"uri":"~^[:params:]?/?oathmaster/?[:named:]?$|^[:params:]?/?observer/?[:named:]?$~"} []
[2018-11-02 07:40:06] System.INFO: Route successfully added to Container {"uri":"~^[:params:]?/?rules/?$~"} []
[2018-11-02 07:40:06] System.INFO: Route successfully added to Container {"uri":"~^[:params:]?/?bloodnamed/?$~"} []
[2018-11-02 07:40:06] System.INFO: Route successfully added to Container {"uri":"~^coinMachine/getResult/?$~"} []
[2018-11-02 07:40:06] System.INFO: Route successfully added to Container {"uri":"~^[:params:]?/?tables/?$~"} []
[2018-11-02 07:40:06] System.INFO: Route successfully added to Container {"uri":"~^fight/save/?$~"} []
[2018-11-02 07:40:06] System.INFO: Route successfully added to Container {"uri":"~^[:params:]?/?$|^[:params:]?/?fame/?$~"} []
[2018-11-02 07:40:06] System.INFO: Shutdown and error handlers have been registered [] []
[2018-11-02 07:40:06] System.INFO: Output manager initialized [] []
[2018-11-02 07:40:06] System.INFO: Application initialized [] []
[2018-11-02 07:40:06] System.DEBUG: No hook definitions found for 'application.init.after'. Available hook definitions [["coinritual.route.beforeDispatch"]] []
[2018-11-02 07:40:06] System.INFO: Beginning process for request. ["[object] (SlaxWeb\\Router\\Request: GET / HTTP/1.0\r\nAccept:           */*\r\nAccept-Encoding:  gzip, deflate\r\nCache-Control:    no-cache\r\nConnection:       close\r\nFrom:             bingbot(at)microsoft.com\r\nHost:             tob.clanwolf.net\r\nPragma:           no-cache\r\nUser-Agent:       Mozilla/5.0 (compatible; bingbot/2.0; +http://www.bing.com/bingbot.htm)\r\nX-Accel-Internal: /internal-nginx-static-location\r\nX-Forwarded-For:  207.46.13.29\r\nX-Real-Ip:        207.46.13.29\r\n\r\n)"] []
[2018-11-02 07:40:06] System.DEBUG: No hook definitions found for 'application.dispatch.before'. Available hook definitions [["coinritual.route.beforeDispatch"]] []
[2018-11-02 07:40:06] System.INFO: Router Dispatcher initialized [] []
[2018-11-02 07:40:06] System.INFO: Trying to find match for (GET) '' [] []
[2018-11-02 07:40:06] System.INFO: Route match found [] []
[2018-11-02 07:40:06] System.INFO: Calling definition for hook 'coinritual.route.beforeDispatch' [] []
[2018-11-02 07:40:06] System.DEBUG: Hook definition parameters ["[object] (SlaxWeb\\Bootstrap\\Application: {})","[object] (SlaxWeb\\Router\\Route: {})"] []
[2018-11-02 07:40:09] System.INFO: Hooks component initialized [] []
[2018-11-02 07:40:09] System.DEBUG: Adding definition for hook 'coinritual.route.beforeDispatch' for the first time. [] []
[2018-11-02 07:40:09] System.INFO: Route Container initialized [] []
[2018-11-02 07:40:09] System.INFO: Route successfully added to Container {"uri":"~^language$~"} []
[2018-11-02 07:40:09] System.INFO: Route successfully added to Container {"uri":"~^[:params:]?/?oathmaster/?[:named:]?$|^[:params:]?/?observer/?[:named:]?$~"} []
[2018-11-02 07:40:09] System.INFO: Route successfully added to Container {"uri":"~^[:params:]?/?rules/?$~"} []
[2018-11-02 07:40:09] System.INFO: Route successfully added to Container {"uri":"~^[:params:]?/?bloodnamed/?$~"} []
[2018-11-02 07:40:09] System.INFO: Route successfully added to Container {"uri":"~^coinMachine/getResult/?$~"} []
[2018-11-02 07:40:09] System.INFO: Route successfully added to Container {"uri":"~^[:params:]?/?tables/?$~"} []
[2018-11-02 07:40:09] System.INFO: Route successfully added to Container {"uri":"~^fight/save/?$~"} []
[2018-11-02 07:40:09] System.INFO: Route successfully added to Container {"uri":"~^[:params:]?/?$|^[:params:]?/?fame/?$~"} []
[2018-11-02 07:40:09] System.INFO: Shutdown and error handlers have been registered [] []
[2018-11-02 07:40:09] System.INFO: Output manager initialized [] []
[2018-11-02 07:40:09] System.INFO: Application initialized [] []
[2018-11-02 07:40:09] System.DEBUG: No hook definitions found for 'application.init.after'. Available hook definitions [["coinritual.route.beforeDispatch"]] []
[2018-11-02 07:40:09] System.INFO: Beginning process for request. ["[object] (SlaxWeb\\Router\\Request: GET /language HTTP/1.0\r\nAccept:           */*\r\nAccept-Encoding:  gzip, deflate\r\nCache-Control:    no-cache\r\nConnection:       close\r\nFrom:             bingbot(at)microsoft.com\r\nHost:             tob.clanwolf.net\r\nPragma:           no-cache\r\nUser-Agent:       Mozilla/5.0 (compatible; bingbot/2.0; +http://www.bing.com/bingbot.htm)\r\nX-Accel-Internal: /internal-nginx-static-location\r\nX-Forwarded-For:  207.46.13.29\r\nX-Real-Ip:        207.46.13.29\r\n\r\n)"] []
[2018-11-02 07:40:09] System.DEBUG: No hook definitions found for 'application.dispatch.before'. Available hook definitions [["coinritual.route.beforeDispatch"]] []
[2018-11-02 07:40:09] System.INFO: Router Dispatcher initialized [] []
[2018-11-02 07:40:09] System.INFO: Trying to find match for (GET) 'language' [] []
[2018-11-02 07:40:09] System.INFO: Route match found [] []
[2018-11-02 07:40:09] System.DEBUG: No hook definitions found for 'router.dispatcher.beforeDispatch'. Available hook definitions [["coinritual.route.beforeDispatch"]] []
[2018-11-02 07:40:09] System.INFO: Executing route definition {"name":"~^language$~","action":"[object] (Closure: {})"} []
[2018-11-02 07:40:09] System.DEBUG: No hook definitions found for 'model.translation.before.init'. Available hook definitions [["coinritual.route.beforeDispatch"]] []
[2018-11-02 07:40:09] System.DEBUG: No hook definitions found for 'model.translation.after.init'. Available hook definitions [["coinritual.route.beforeDispatch"]] []
[2018-11-02 07:40:09] System.DEBUG: No hook definitions found for 'model.translation.before.select'. Available hook definitions [["coinritual.route.beforeDispatch"]] []
[2018-11-02 07:40:09] System.DEBUG: No hook definitions found for 'model.translation.after.select'. Available hook definitions [["coinritual.route.beforeDispatch"]] []
[2018-11-02 07:40:09] System.DEBUG: No hook definitions found for 'router.dispatcher.afterDispatch'. Available hook definitions [["coinritual.route.beforeDispatch"]] []
[2018-11-02 07:40:09] System.INFO: Request has finished processing, Response is ready to be sent to caller. [] []
[2018-11-02 07:40:09] System.DEBUG: No hook definitions found for 'application.dispatch.after'. Available hook definitions [["coinritual.route.beforeDispatch"]] []
[2018-11-02 07:40:09] System.DEBUG: Time taken to finish Request processing {"start":1541144409.590527,"end":1541144409.61325,"elapsed":0.022722959518432617,"uri":"/language"} []
[2018-11-02 12:05:03] System.INFO: Hooks component initialized [] []
[2018-11-02 12:05:03] System.DEBUG: Adding definition for hook 'coinritual.route.beforeDispatch' for the first time. [] []
[2018-11-02 12:05:03] System.INFO: Route Container initialized [] []
[2018-11-02 12:05:03] System.INFO: Route successfully added to Container {"uri":"~^language$~"} []
[2018-11-02 12:05:03] System.INFO: Route successfully added to Container {"uri":"~^[:params:]?/?oathmaster/?[:named:]?$|^[:params:]?/?observer/?[:named:]?$~"} []
[2018-11-02 12:05:03] System.INFO: Route successfully added to Container {"uri":"~^[:params:]?/?rules/?$~"} []
[2018-11-02 12:05:03] System.INFO: Route successfully added to Container {"uri":"~^[:params:]?/?bloodnamed/?$~"} []
[2018-11-02 12:05:03] System.INFO: Route successfully added to Container {"uri":"~^coinMachine/getResult/?$~"} []
[2018-11-02 12:05:03] System.INFO: Route successfully added to Container {"uri":"~^[:params:]?/?tables/?$~"} []
[2018-11-02 12:05:03] System.INFO: Route successfully added to Container {"uri":"~^fight/save/?$~"} []
[2018-11-02 12:05:03] System.INFO: Route successfully added to Container {"uri":"~^[:params:]?/?$|^[:params:]?/?fame/?$~"} []
[2018-11-02 12:05:03] System.INFO: Shutdown and error handlers have been registered [] []
[2018-11-02 12:05:03] System.INFO: Output manager initialized [] []
[2018-11-02 12:05:03] System.INFO: Application initialized [] []
[2018-11-02 12:05:03] System.DEBUG: No hook definitions found for 'application.init.after'. Available hook definitions [["coinritual.route.beforeDispatch"]] []
[2018-11-02 12:05:03] System.INFO: Beginning process for request. ["[object] (SlaxWeb\\Router\\Request: GET / HTTP/1.0\r\nAccept:           text/html,application/xhtml+xml,application/xml;q=0.9,*/*;q=0.8\r\nAccept-Encoding:  gzip,deflate,br\r\nConnection:       close\r\nFrom:             googlebot(at)googlebot.com\r\nHost:             tob.clanwolf.net\r\nUser-Agent:       Mozilla/5.0 (Linux; Android 6.0.1; Nexus 5X Build/MMB29P) AppleWebKit/537.36 (KHTML, like Gecko) Chrome/41.0.2272.96 Mobile Safari/537.36 (compatible; Googlebot/2.1; +http://www.google.com/bot.html)\r\nX-Accel-Internal: /internal-nginx-static-location\r\nX-Forwarded-For:  66.249.66.92\r\nX-Real-Ip:        66.249.66.92\r\n\r\n)"] []
[2018-11-02 12:05:03] System.DEBUG: No hook definitions found for 'application.dispatch.before'. Available hook definitions [["coinritual.route.beforeDispatch"]] []
[2018-11-02 12:05:03] System.INFO: Router Dispatcher initialized [] []
[2018-11-02 12:05:03] System.INFO: Trying to find match for (GET) '' [] []
[2018-11-02 12:05:03] System.INFO: Route match found [] []
[2018-11-02 12:05:03] System.INFO: Calling definition for hook 'coinritual.route.beforeDispatch' [] []
[2018-11-02 12:05:03] System.DEBUG: Hook definition parameters ["[object] (SlaxWeb\\Bootstrap\\Application: {})","[object] (SlaxWeb\\Router\\Route: {})"] []
[2018-11-02 12:05:03] System.INFO: Hooks component initialized [] []
[2018-11-02 12:05:03] System.DEBUG: Adding definition for hook 'coinritual.route.beforeDispatch' for the first time. [] []
[2018-11-02 12:05:03] System.INFO: Route Container initialized [] []
[2018-11-02 12:05:03] System.INFO: Route successfully added to Container {"uri":"~^language$~"} []
[2018-11-02 12:05:03] System.INFO: Route successfully added to Container {"uri":"~^[:params:]?/?oathmaster/?[:named:]?$|^[:params:]?/?observer/?[:named:]?$~"} []
[2018-11-02 12:05:03] System.INFO: Route successfully added to Container {"uri":"~^[:params:]?/?rules/?$~"} []
[2018-11-02 12:05:03] System.INFO: Route successfully added to Container {"uri":"~^[:params:]?/?bloodnamed/?$~"} []
[2018-11-02 12:05:03] System.INFO: Route successfully added to Container {"uri":"~^coinMachine/getResult/?$~"} []
[2018-11-02 12:05:03] System.INFO: Route successfully added to Container {"uri":"~^[:params:]?/?tables/?$~"} []
[2018-11-02 12:05:03] System.INFO: Route successfully added to Container {"uri":"~^fight/save/?$~"} []
[2018-11-02 12:05:03] System.INFO: Route successfully added to Container {"uri":"~^[:params:]?/?$|^[:params:]?/?fame/?$~"} []
[2018-11-02 12:05:03] System.INFO: Shutdown and error handlers have been registered [] []
[2018-11-02 12:05:03] System.INFO: Output manager initialized [] []
[2018-11-02 12:05:03] System.INFO: Application initialized [] []
[2018-11-02 12:05:03] System.DEBUG: No hook definitions found for 'application.init.after'. Available hook definitions [["coinritual.route.beforeDispatch"]] []
[2018-11-02 12:05:03] System.INFO: Beginning process for request. ["[object] (SlaxWeb\\Router\\Request: GET /language HTTP/1.0\r\nAccept:           text/html,application/xhtml+xml,application/xml;q=0.9,*/*;q=0.8\r\nAccept-Encoding:  gzip,deflate,br\r\nConnection:       close\r\nCookie:           PHPSESSID=stpshvmli336gj5vtbdnbsjsbj\r\nFrom:             googlebot(at)googlebot.com\r\nHost:             tob.clanwolf.net\r\nUser-Agent:       Mozilla/5.0 (Linux; Android 6.0.1; Nexus 5X Build/MMB29P) AppleWebKit/537.36 (KHTML, like Gecko) Chrome/41.0.2272.96 Mobile Safari/537.36 (compatible; Googlebot/2.1; +http://www.google.com/bot.html)\r\nX-Accel-Internal: /internal-nginx-static-location\r\nX-Forwarded-For:  66.249.66.92\r\nX-Real-Ip:        66.249.66.92\r\n\r\n)"] []
[2018-11-02 12:05:03] System.DEBUG: No hook definitions found for 'application.dispatch.before'. Available hook definitions [["coinritual.route.beforeDispatch"]] []
[2018-11-02 12:05:03] System.INFO: Router Dispatcher initialized [] []
[2018-11-02 12:05:03] System.INFO: Trying to find match for (GET) 'language' [] []
[2018-11-02 12:05:03] System.INFO: Route match found [] []
[2018-11-02 12:05:03] System.DEBUG: No hook definitions found for 'router.dispatcher.beforeDispatch'. Available hook definitions [["coinritual.route.beforeDispatch"]] []
[2018-11-02 12:05:03] System.INFO: Executing route definition {"name":"~^language$~","action":"[object] (Closure: {})"} []
[2018-11-02 12:05:03] System.DEBUG: No hook definitions found for 'model.translation.before.init'. Available hook definitions [["coinritual.route.beforeDispatch"]] []
[2018-11-02 12:05:03] System.DEBUG: No hook definitions found for 'model.translation.after.init'. Available hook definitions [["coinritual.route.beforeDispatch"]] []
[2018-11-02 12:05:03] System.DEBUG: No hook definitions found for 'model.translation.before.select'. Available hook definitions [["coinritual.route.beforeDispatch"]] []
[2018-11-02 12:05:03] System.DEBUG: No hook definitions found for 'model.translation.after.select'. Available hook definitions [["coinritual.route.beforeDispatch"]] []
[2018-11-02 12:05:03] System.DEBUG: No hook definitions found for 'router.dispatcher.afterDispatch'. Available hook definitions [["coinritual.route.beforeDispatch"]] []
[2018-11-02 12:05:03] System.INFO: Request has finished processing, Response is ready to be sent to caller. [] []
[2018-11-02 12:05:03] System.DEBUG: No hook definitions found for 'application.dispatch.after'. Available hook definitions [["coinritual.route.beforeDispatch"]] []
[2018-11-02 12:05:03] System.DEBUG: Time taken to finish Request processing {"start":1541160303.389331,"end":1541160303.408135,"elapsed":0.018803834915161133,"uri":"/language"} []
[2018-11-02 13:08:09] System.INFO: Hooks component initialized [] []
[2018-11-02 13:08:09] System.DEBUG: Adding definition for hook 'coinritual.route.beforeDispatch' for the first time. [] []
[2018-11-02 13:08:09] System.INFO: Route Container initialized [] []
[2018-11-02 13:08:09] System.INFO: Route successfully added to Container {"uri":"~^language$~"} []
[2018-11-02 13:08:09] System.INFO: Route successfully added to Container {"uri":"~^[:params:]?/?oathmaster/?[:named:]?$|^[:params:]?/?observer/?[:named:]?$~"} []
[2018-11-02 13:08:09] System.INFO: Route successfully added to Container {"uri":"~^[:params:]?/?rules/?$~"} []
[2018-11-02 13:08:09] System.INFO: Route successfully added to Container {"uri":"~^[:params:]?/?bloodnamed/?$~"} []
[2018-11-02 13:08:09] System.INFO: Route successfully added to Container {"uri":"~^coinMachine/getResult/?$~"} []
[2018-11-02 13:08:09] System.INFO: Route successfully added to Container {"uri":"~^[:params:]?/?tables/?$~"} []
[2018-11-02 13:08:09] System.INFO: Route successfully added to Container {"uri":"~^fight/save/?$~"} []
[2018-11-02 13:08:09] System.INFO: Route successfully added to Container {"uri":"~^[:params:]?/?$|^[:params:]?/?fame/?$~"} []
[2018-11-02 13:08:09] System.INFO: Shutdown and error handlers have been registered [] []
[2018-11-02 13:08:09] System.INFO: Output manager initialized [] []
[2018-11-02 13:08:09] System.INFO: Application initialized [] []
[2018-11-02 13:08:09] System.DEBUG: No hook definitions found for 'application.init.after'. Available hook definitions [["coinritual.route.beforeDispatch"]] []
[2018-11-02 13:08:09] System.INFO: Beginning process for request. ["[object] (SlaxWeb\\Router\\Request: GET / HTTP/1.0\r\nAccept:           */*\r\nAccept-Encoding:  gzip, deflate\r\nCache-Control:    no-cache\r\nConnection:       close\r\nFrom:             bingbot(at)microsoft.com\r\nHost:             tob.clanwolf.net\r\nPragma:           no-cache\r\nUser-Agent:       Mozilla/5.0 (compatible; bingbot/2.0; +http://www.bing.com/bingbot.htm)\r\nX-Accel-Internal: /internal-nginx-static-location\r\nX-Forwarded-For:  207.46.13.29\r\nX-Real-Ip:        207.46.13.29\r\n\r\n)"] []
[2018-11-02 13:08:09] System.DEBUG: No hook definitions found for 'application.dispatch.before'. Available hook definitions [["coinritual.route.beforeDispatch"]] []
[2018-11-02 13:08:09] System.INFO: Router Dispatcher initialized [] []
[2018-11-02 13:08:09] System.INFO: Trying to find match for (GET) '' [] []
[2018-11-02 13:08:09] System.INFO: Route match found [] []
[2018-11-02 13:08:09] System.INFO: Calling definition for hook 'coinritual.route.beforeDispatch' [] []
[2018-11-02 13:08:09] System.DEBUG: Hook definition parameters ["[object] (SlaxWeb\\Bootstrap\\Application: {})","[object] (SlaxWeb\\Router\\Route: {})"] []
[2018-11-02 13:52:47] System.INFO: Hooks component initialized [] []
[2018-11-02 13:52:47] System.DEBUG: Adding definition for hook 'coinritual.route.beforeDispatch' for the first time. [] []
[2018-11-02 13:52:47] System.INFO: Route Container initialized [] []
[2018-11-02 13:52:47] System.INFO: Route successfully added to Container {"uri":"~^language$~"} []
[2018-11-02 13:52:47] System.INFO: Route successfully added to Container {"uri":"~^[:params:]?/?oathmaster/?[:named:]?$|^[:params:]?/?observer/?[:named:]?$~"} []
[2018-11-02 13:52:47] System.INFO: Route successfully added to Container {"uri":"~^[:params:]?/?rules/?$~"} []
[2018-11-02 13:52:47] System.INFO: Route successfully added to Container {"uri":"~^[:params:]?/?bloodnamed/?$~"} []
[2018-11-02 13:52:47] System.INFO: Route successfully added to Container {"uri":"~^coinMachine/getResult/?$~"} []
[2018-11-02 13:52:47] System.INFO: Route successfully added to Container {"uri":"~^[:params:]?/?tables/?$~"} []
[2018-11-02 13:52:47] System.INFO: Route successfully added to Container {"uri":"~^fight/save/?$~"} []
[2018-11-02 13:52:47] System.INFO: Route successfully added to Container {"uri":"~^[:params:]?/?$|^[:params:]?/?fame/?$~"} []
[2018-11-02 13:52:47] System.INFO: Shutdown and error handlers have been registered [] []
[2018-11-02 13:52:47] System.INFO: Output manager initialized [] []
[2018-11-02 13:52:47] System.INFO: Application initialized [] []
[2018-11-02 13:52:47] System.DEBUG: No hook definitions found for 'application.init.after'. Available hook definitions [["coinritual.route.beforeDispatch"]] []
[2018-11-02 13:52:47] System.INFO: Beginning process for request. ["[object] (SlaxWeb\\Router\\Request: GET /fame HTTP/1.0\r\nAccept:           */*\r\nAccept-Language:  en-US\r\nConnection:       close\r\nHost:             tob.clanwolf.net\r\nUser-Agent:       Mozilla/5.0 (compatible; Baiduspider/2.0; +http://www.baidu.com/search/spider.html)\r\nX-Accel-Internal: /internal-nginx-static-location\r\nX-Forwarded-For:  180.76.15.162\r\nX-Real-Ip:        180.76.15.162\r\n\r\n)"] []
[2018-11-02 13:52:47] System.DEBUG: No hook definitions found for 'application.dispatch.before'. Available hook definitions [["coinritual.route.beforeDispatch"]] []
[2018-11-02 13:52:47] System.INFO: Router Dispatcher initialized [] []
[2018-11-02 13:52:47] System.INFO: Trying to find match for (GET) 'fame' [] []
[2018-11-02 13:52:47] System.INFO: Route match found [] []
[2018-11-02 13:52:47] System.INFO: Calling definition for hook 'coinritual.route.beforeDispatch' [] []
[2018-11-02 13:52:47] System.DEBUG: Hook definition parameters ["[object] (SlaxWeb\\Bootstrap\\Application: {})","[object] (SlaxWeb\\Router\\Route: {})"] []
[2018-11-02 13:52:48] System.INFO: Hooks component initialized [] []
[2018-11-02 13:52:48] System.DEBUG: Adding definition for hook 'coinritual.route.beforeDispatch' for the first time. [] []
[2018-11-02 13:52:48] System.INFO: Route Container initialized [] []
[2018-11-02 13:52:48] System.INFO: Route successfully added to Container {"uri":"~^language$~"} []
[2018-11-02 13:52:48] System.INFO: Route successfully added to Container {"uri":"~^[:params:]?/?oathmaster/?[:named:]?$|^[:params:]?/?observer/?[:named:]?$~"} []
[2018-11-02 13:52:48] System.INFO: Route successfully added to Container {"uri":"~^[:params:]?/?rules/?$~"} []
[2018-11-02 13:52:48] System.INFO: Route successfully added to Container {"uri":"~^[:params:]?/?bloodnamed/?$~"} []
[2018-11-02 13:52:48] System.INFO: Route successfully added to Container {"uri":"~^coinMachine/getResult/?$~"} []
[2018-11-02 13:52:48] System.INFO: Route successfully added to Container {"uri":"~^[:params:]?/?tables/?$~"} []
[2018-11-02 13:52:48] System.INFO: Route successfully added to Container {"uri":"~^fight/save/?$~"} []
[2018-11-02 13:52:48] System.INFO: Route successfully added to Container {"uri":"~^[:params:]?/?$|^[:params:]?/?fame/?$~"} []
[2018-11-02 13:52:48] System.INFO: Shutdown and error handlers have been registered [] []
[2018-11-02 13:52:48] System.INFO: Output manager initialized [] []
[2018-11-02 13:52:48] System.INFO: Application initialized [] []
[2018-11-02 13:52:48] System.DEBUG: No hook definitions found for 'application.init.after'. Available hook definitions [["coinritual.route.beforeDispatch"]] []
[2018-11-02 13:52:48] System.INFO: Beginning process for request. ["[object] (SlaxWeb\\Router\\Request: GET /index.php?/language HTTP/1.0\r\nAccept:           */*\r\nAccept-Language:  en-US\r\nConnection:       close\r\nCookie:           PHPSESSID=m71abrluct486e693aodejbgls;\r\nHost:             tob.clanwolf.net\r\nUser-Agent:       Mozilla/5.0 (compatible; Baiduspider/2.0; +http://www.baidu.com/search/spider.html)\r\nX-Accel-Internal: /internal-nginx-static-location\r\nX-Forwarded-For:  180.76.15.143\r\nX-Real-Ip:        180.76.15.143\r\n\r\n)"] []
[2018-11-02 13:52:48] System.DEBUG: No hook definitions found for 'application.dispatch.before'. Available hook definitions [["coinritual.route.beforeDispatch"]] []
[2018-11-02 13:52:48] System.INFO: Router Dispatcher initialized [] []
[2018-11-02 13:52:48] System.INFO: Trying to find match for (GET) '' [] []
[2018-11-02 13:52:48] System.INFO: Route match found [] []
[2018-11-02 13:52:48] System.INFO: Calling definition for hook 'coinritual.route.beforeDispatch' [] []
[2018-11-02 13:52:48] System.DEBUG: Hook definition parameters ["[object] (SlaxWeb\\Bootstrap\\Application: {})","[object] (SlaxWeb\\Router\\Route: {})"] []
[2018-11-02 13:52:49] System.INFO: Hooks component initialized [] []
[2018-11-02 13:52:49] System.DEBUG: Adding definition for hook 'coinritual.route.beforeDispatch' for the first time. [] []
[2018-11-02 13:52:49] System.INFO: Route Container initialized [] []
[2018-11-02 13:52:49] System.INFO: Route successfully added to Container {"uri":"~^language$~"} []
[2018-11-02 13:52:49] System.INFO: Route successfully added to Container {"uri":"~^[:params:]?/?oathmaster/?[:named:]?$|^[:params:]?/?observer/?[:named:]?$~"} []
[2018-11-02 13:52:49] System.INFO: Route successfully added to Container {"uri":"~^[:params:]?/?rules/?$~"} []
[2018-11-02 13:52:49] System.INFO: Route successfully added to Container {"uri":"~^[:params:]?/?bloodnamed/?$~"} []
[2018-11-02 13:52:49] System.INFO: Route successfully added to Container {"uri":"~^coinMachine/getResult/?$~"} []
[2018-11-02 13:52:49] System.INFO: Route successfully added to Container {"uri":"~^[:params:]?/?tables/?$~"} []
[2018-11-02 13:52:49] System.INFO: Route successfully added to Container {"uri":"~^fight/save/?$~"} []
[2018-11-02 13:52:49] System.INFO: Route successfully added to Container {"uri":"~^[:params:]?/?$|^[:params:]?/?fame/?$~"} []
[2018-11-02 13:52:49] System.INFO: Shutdown and error handlers have been registered [] []
[2018-11-02 13:52:49] System.INFO: Output manager initialized [] []
[2018-11-02 13:52:49] System.INFO: Application initialized [] []
[2018-11-02 13:52:49] System.DEBUG: No hook definitions found for 'application.init.after'. Available hook definitions [["coinritual.route.beforeDispatch"]] []
[2018-11-02 13:52:49] System.INFO: Beginning process for request. ["[object] (SlaxWeb\\Router\\Request: GET /language HTTP/1.0\r\nAccept:           */*\r\nAccept-Language:  en-US\r\nConnection:       close\r\nCookie:           PHPSESSID=m71abrluct486e693aodejbgls;\r\nHost:             tob.clanwolf.net\r\nUser-Agent:       Mozilla/5.0 (compatible; Baiduspider/2.0; +http://www.baidu.com/search/spider.html)\r\nX-Accel-Internal: /internal-nginx-static-location\r\nX-Forwarded-For:  180.76.15.141\r\nX-Real-Ip:        180.76.15.141\r\n\r\n)"] []
[2018-11-02 13:52:49] System.DEBUG: No hook definitions found for 'application.dispatch.before'. Available hook definitions [["coinritual.route.beforeDispatch"]] []
[2018-11-02 13:52:49] System.INFO: Router Dispatcher initialized [] []
[2018-11-02 13:52:49] System.INFO: Trying to find match for (GET) 'language' [] []
[2018-11-02 13:52:49] System.INFO: Route match found [] []
[2018-11-02 13:52:49] System.DEBUG: No hook definitions found for 'router.dispatcher.beforeDispatch'. Available hook definitions [["coinritual.route.beforeDispatch"]] []
[2018-11-02 13:52:49] System.INFO: Executing route definition {"name":"~^language$~","action":"[object] (Closure: {})"} []
[2018-11-02 13:52:49] System.DEBUG: No hook definitions found for 'model.translation.before.init'. Available hook definitions [["coinritual.route.beforeDispatch"]] []
[2018-11-02 13:52:49] System.DEBUG: No hook definitions found for 'model.translation.after.init'. Available hook definitions [["coinritual.route.beforeDispatch"]] []
[2018-11-02 13:52:49] System.DEBUG: No hook definitions found for 'model.translation.before.select'. Available hook definitions [["coinritual.route.beforeDispatch"]] []
[2018-11-02 13:52:49] System.DEBUG: No hook definitions found for 'model.translation.after.select'. Available hook definitions [["coinritual.route.beforeDispatch"]] []
[2018-11-02 13:52:49] System.DEBUG: No hook definitions found for 'router.dispatcher.afterDispatch'. Available hook definitions [["coinritual.route.beforeDispatch"]] []
[2018-11-02 13:52:49] System.INFO: Request has finished processing, Response is ready to be sent to caller. [] []
[2018-11-02 13:52:49] System.DEBUG: No hook definitions found for 'application.dispatch.after'. Available hook definitions [["coinritual.route.beforeDispatch"]] []
[2018-11-02 13:52:49] System.DEBUG: Time taken to finish Request processing {"start":1541166769.899819,"end":1541166769.924401,"elapsed":0.0245821475982666,"uri":"/language"} []
[2018-11-02 14:49:37] System.INFO: Hooks component initialized [] []
[2018-11-02 14:49:37] System.DEBUG: Adding definition for hook 'coinritual.route.beforeDispatch' for the first time. [] []
[2018-11-02 14:49:37] System.INFO: Route Container initialized [] []
[2018-11-02 14:49:37] System.INFO: Route successfully added to Container {"uri":"~^language$~"} []
[2018-11-02 14:49:37] System.INFO: Route successfully added to Container {"uri":"~^[:params:]?/?oathmaster/?[:named:]?$|^[:params:]?/?observer/?[:named:]?$~"} []
[2018-11-02 14:49:37] System.INFO: Route successfully added to Container {"uri":"~^[:params:]?/?rules/?$~"} []
[2018-11-02 14:49:37] System.INFO: Route successfully added to Container {"uri":"~^[:params:]?/?bloodnamed/?$~"} []
[2018-11-02 14:49:37] System.INFO: Route successfully added to Container {"uri":"~^coinMachine/getResult/?$~"} []
[2018-11-02 14:49:37] System.INFO: Route successfully added to Container {"uri":"~^[:params:]?/?tables/?$~"} []
[2018-11-02 14:49:37] System.INFO: Route successfully added to Container {"uri":"~^fight/save/?$~"} []
[2018-11-02 14:49:37] System.INFO: Route successfully added to Container {"uri":"~^[:params:]?/?$|^[:params:]?/?fame/?$~"} []
[2018-11-02 14:49:37] System.INFO: Shutdown and error handlers have been registered [] []
[2018-11-02 14:49:37] System.INFO: Output manager initialized [] []
[2018-11-02 14:49:37] System.INFO: Application initialized [] []
[2018-11-02 14:49:37] System.DEBUG: No hook definitions found for 'application.init.after'. Available hook definitions [["coinritual.route.beforeDispatch"]] []
[2018-11-02 14:49:37] System.INFO: Beginning process for request. ["[object] (SlaxWeb\\Router\\Request: GET /fame HTTP/1.0\r\nAccept:           text/html,application/xhtml+xml,application/xml;q=0.9,*/*;q=0.8\r\nAccept-Encoding:  gzip,deflate,br\r\nConnection:       close\r\nFrom:             googlebot(at)googlebot.com\r\nHost:             tob.clanwolf.net\r\nUser-Agent:       Mozilla/5.0 (Linux; Android 6.0.1; Nexus 5X Build/MMB29P) AppleWebKit/537.36 (KHTML, like Gecko) Chrome/41.0.2272.96 Mobile Safari/537.36 (compatible; Googlebot/2.1; +http://www.google.com/bot.html)\r\nX-Accel-Internal: /internal-nginx-static-location\r\nX-Forwarded-For:  66.249.66.92\r\nX-Real-Ip:        66.249.66.92\r\n\r\n)"] []
[2018-11-02 14:49:37] System.DEBUG: No hook definitions found for 'application.dispatch.before'. Available hook definitions [["coinritual.route.beforeDispatch"]] []
[2018-11-02 14:49:37] System.INFO: Router Dispatcher initialized [] []
[2018-11-02 14:49:37] System.INFO: Trying to find match for (GET) 'fame' [] []
[2018-11-02 14:49:37] System.INFO: Route match found [] []
[2018-11-02 14:49:37] System.INFO: Calling definition for hook 'coinritual.route.beforeDispatch' [] []
[2018-11-02 14:49:37] System.DEBUG: Hook definition parameters ["[object] (SlaxWeb\\Bootstrap\\Application: {})","[object] (SlaxWeb\\Router\\Route: {})"] []
[2018-11-02 14:49:38] System.INFO: Hooks component initialized [] []
[2018-11-02 14:49:38] System.DEBUG: Adding definition for hook 'coinritual.route.beforeDispatch' for the first time. [] []
[2018-11-02 14:49:38] System.INFO: Route Container initialized [] []
[2018-11-02 14:49:38] System.INFO: Route successfully added to Container {"uri":"~^language$~"} []
[2018-11-02 14:49:38] System.INFO: Route successfully added to Container {"uri":"~^[:params:]?/?oathmaster/?[:named:]?$|^[:params:]?/?observer/?[:named:]?$~"} []
[2018-11-02 14:49:38] System.INFO: Route successfully added to Container {"uri":"~^[:params:]?/?rules/?$~"} []
[2018-11-02 14:49:38] System.INFO: Route successfully added to Container {"uri":"~^[:params:]?/?bloodnamed/?$~"} []
[2018-11-02 14:49:38] System.INFO: Route successfully added to Container {"uri":"~^coinMachine/getResult/?$~"} []
[2018-11-02 14:49:38] System.INFO: Route successfully added to Container {"uri":"~^[:params:]?/?tables/?$~"} []
[2018-11-02 14:49:38] System.INFO: Route successfully added to Container {"uri":"~^fight/save/?$~"} []
[2018-11-02 14:49:38] System.INFO: Route successfully added to Container {"uri":"~^[:params:]?/?$|^[:params:]?/?fame/?$~"} []
[2018-11-02 14:49:38] System.INFO: Shutdown and error handlers have been registered [] []
[2018-11-02 14:49:38] System.INFO: Output manager initialized [] []
[2018-11-02 14:49:38] System.INFO: Application initialized [] []
[2018-11-02 14:49:38] System.DEBUG: No hook definitions found for 'application.init.after'. Available hook definitions [["coinritual.route.beforeDispatch"]] []
[2018-11-02 14:49:38] System.INFO: Beginning process for request. ["[object] (SlaxWeb\\Router\\Request: GET /language HTTP/1.0\r\nAccept:           text/html,application/xhtml+xml,application/xml;q=0.9,*/*;q=0.8\r\nAccept-Encoding:  gzip,deflate,br\r\nConnection:       close\r\nCookie:           PHPSESSID=aqlaens9l0phd0desi5eb978qc\r\nFrom:             googlebot(at)googlebot.com\r\nHost:             tob.clanwolf.net\r\nUser-Agent:       Mozilla/5.0 (Linux; Android 6.0.1; Nexus 5X Build/MMB29P) AppleWebKit/537.36 (KHTML, like Gecko) Chrome/41.0.2272.96 Mobile Safari/537.36 (compatible; Googlebot/2.1; +http://www.google.com/bot.html)\r\nX-Accel-Internal: /internal-nginx-static-location\r\nX-Forwarded-For:  66.249.66.94\r\nX-Real-Ip:        66.249.66.94\r\n\r\n)"] []
[2018-11-02 14:49:38] System.DEBUG: No hook definitions found for 'application.dispatch.before'. Available hook definitions [["coinritual.route.beforeDispatch"]] []
[2018-11-02 14:49:38] System.INFO: Router Dispatcher initialized [] []
[2018-11-02 14:49:38] System.INFO: Trying to find match for (GET) 'language' [] []
[2018-11-02 14:49:38] System.INFO: Route match found [] []
[2018-11-02 14:49:38] System.DEBUG: No hook definitions found for 'router.dispatcher.beforeDispatch'. Available hook definitions [["coinritual.route.beforeDispatch"]] []
[2018-11-02 14:49:38] System.INFO: Executing route definition {"name":"~^language$~","action":"[object] (Closure: {})"} []
[2018-11-02 14:49:38] System.DEBUG: No hook definitions found for 'model.translation.before.init'. Available hook definitions [["coinritual.route.beforeDispatch"]] []
[2018-11-02 14:49:38] System.DEBUG: No hook definitions found for 'model.translation.after.init'. Available hook definitions [["coinritual.route.beforeDispatch"]] []
[2018-11-02 14:49:38] System.DEBUG: No hook definitions found for 'model.translation.before.select'. Available hook definitions [["coinritual.route.beforeDispatch"]] []
[2018-11-02 14:49:38] System.DEBUG: No hook definitions found for 'model.translation.after.select'. Available hook definitions [["coinritual.route.beforeDispatch"]] []
[2018-11-02 14:49:38] System.DEBUG: No hook definitions found for 'router.dispatcher.afterDispatch'. Available hook definitions [["coinritual.route.beforeDispatch"]] []
[2018-11-02 14:49:38] System.INFO: Request has finished processing, Response is ready to be sent to caller. [] []
[2018-11-02 14:49:38] System.DEBUG: No hook definitions found for 'application.dispatch.after'. Available hook definitions [["coinritual.route.beforeDispatch"]] []
[2018-11-02 14:49:38] System.DEBUG: Time taken to finish Request processing {"start":1541170178.670617,"end":1541170178.688954,"elapsed":0.018337011337280273,"uri":"/language"} []
[2018-11-02 16:05:55] System.INFO: Hooks component initialized [] []
[2018-11-02 16:05:55] System.DEBUG: Adding definition for hook 'coinritual.route.beforeDispatch' for the first time. [] []
[2018-11-02 16:05:55] System.INFO: Route Container initialized [] []
[2018-11-02 16:05:55] System.INFO: Route successfully added to Container {"uri":"~^language$~"} []
[2018-11-02 16:05:55] System.INFO: Route successfully added to Container {"uri":"~^[:params:]?/?oathmaster/?[:named:]?$|^[:params:]?/?observer/?[:named:]?$~"} []
[2018-11-02 16:05:55] System.INFO: Route successfully added to Container {"uri":"~^[:params:]?/?rules/?$~"} []
[2018-11-02 16:05:55] System.INFO: Route successfully added to Container {"uri":"~^[:params:]?/?bloodnamed/?$~"} []
[2018-11-02 16:05:55] System.INFO: Route successfully added to Container {"uri":"~^coinMachine/getResult/?$~"} []
[2018-11-02 16:05:55] System.INFO: Route successfully added to Container {"uri":"~^[:params:]?/?tables/?$~"} []
[2018-11-02 16:05:55] System.INFO: Route successfully added to Container {"uri":"~^fight/save/?$~"} []
[2018-11-02 16:05:55] System.INFO: Route successfully added to Container {"uri":"~^[:params:]?/?$|^[:params:]?/?fame/?$~"} []
[2018-11-02 16:05:55] System.INFO: Shutdown and error handlers have been registered [] []
[2018-11-02 16:05:55] System.INFO: Output manager initialized [] []
[2018-11-02 16:05:55] System.INFO: Application initialized [] []
[2018-11-02 16:05:55] System.DEBUG: No hook definitions found for 'application.init.after'. Available hook definitions [["coinritual.route.beforeDispatch"]] []
[2018-11-02 16:05:55] System.INFO: Beginning process for request. ["[object] (SlaxWeb\\Router\\Request: GET /home HTTP/1.0\r\nAccept:           text/html,application/xhtml+xml,application/xml;q=0.9,*/*;q=0.8\r\nAccept-Encoding:  gzip,deflate,br\r\nConnection:       close\r\nFrom:             googlebot(at)googlebot.com\r\nHost:             tob.clanwolf.net\r\nUser-Agent:       Mozilla/5.0 (Linux; Android 6.0.1; Nexus 5X Build/MMB29P) AppleWebKit/537.36 (KHTML, like Gecko) Chrome/41.0.2272.96 Mobile Safari/537.36 (compatible; Googlebot/2.1; +http://www.google.com/bot.html)\r\nX-Accel-Internal: /internal-nginx-static-location\r\nX-Forwarded-For:  66.249.66.93\r\nX-Real-Ip:        66.249.66.93\r\n\r\n)"] []
[2018-11-02 16:05:55] System.DEBUG: No hook definitions found for 'application.dispatch.before'. Available hook definitions [["coinritual.route.beforeDispatch"]] []
[2018-11-02 16:05:55] System.INFO: Router Dispatcher initialized [] []
[2018-11-02 16:05:55] System.INFO: Trying to find match for (GET) 'home' [] []
[2018-11-02 16:05:55] System.INFO: Route match found [] []
[2018-11-02 16:05:55] System.INFO: Calling definition for hook 'coinritual.route.beforeDispatch' [] []
[2018-11-02 16:05:55] System.DEBUG: Hook definition parameters ["[object] (SlaxWeb\\Bootstrap\\Application: {})","[object] (SlaxWeb\\Router\\Route: {})"] []
[2018-11-02 16:05:56] System.INFO: Hooks component initialized [] []
[2018-11-02 16:05:56] System.DEBUG: Adding definition for hook 'coinritual.route.beforeDispatch' for the first time. [] []
[2018-11-02 16:05:56] System.INFO: Route Container initialized [] []
[2018-11-02 16:05:56] System.INFO: Route successfully added to Container {"uri":"~^language$~"} []
[2018-11-02 16:05:56] System.INFO: Route successfully added to Container {"uri":"~^[:params:]?/?oathmaster/?[:named:]?$|^[:params:]?/?observer/?[:named:]?$~"} []
[2018-11-02 16:05:56] System.INFO: Route successfully added to Container {"uri":"~^[:params:]?/?rules/?$~"} []
[2018-11-02 16:05:56] System.INFO: Route successfully added to Container {"uri":"~^[:params:]?/?bloodnamed/?$~"} []
[2018-11-02 16:05:56] System.INFO: Route successfully added to Container {"uri":"~^coinMachine/getResult/?$~"} []
[2018-11-02 16:05:56] System.INFO: Route successfully added to Container {"uri":"~^[:params:]?/?tables/?$~"} []
[2018-11-02 16:05:56] System.INFO: Route successfully added to Container {"uri":"~^fight/save/?$~"} []
[2018-11-02 16:05:56] System.INFO: Route successfully added to Container {"uri":"~^[:params:]?/?$|^[:params:]?/?fame/?$~"} []
[2018-11-02 16:05:56] System.INFO: Shutdown and error handlers have been registered [] []
[2018-11-02 16:05:56] System.INFO: Output manager initialized [] []
[2018-11-02 16:05:56] System.INFO: Application initialized [] []
[2018-11-02 16:05:56] System.DEBUG: No hook definitions found for 'application.init.after'. Available hook definitions [["coinritual.route.beforeDispatch"]] []
[2018-11-02 16:05:56] System.INFO: Beginning process for request. ["[object] (SlaxWeb\\Router\\Request: GET /language HTTP/1.0\r\nAccept:           text/html,application/xhtml+xml,application/xml;q=0.9,*/*;q=0.8\r\nAccept-Encoding:  gzip,deflate,br\r\nConnection:       close\r\nCookie:           PHPSESSID=566cgm5dargapigq071iv5go06\r\nFrom:             googlebot(at)googlebot.com\r\nHost:             tob.clanwolf.net\r\nUser-Agent:       Mozilla/5.0 (Linux; Android 6.0.1; Nexus 5X Build/MMB29P) AppleWebKit/537.36 (KHTML, like Gecko) Chrome/41.0.2272.96 Mobile Safari/537.36 (compatible; Googlebot/2.1; +http://www.google.com/bot.html)\r\nX-Accel-Internal: /internal-nginx-static-location\r\nX-Forwarded-For:  66.249.66.92\r\nX-Real-Ip:        66.249.66.92\r\n\r\n)"] []
[2018-11-02 16:05:56] System.DEBUG: No hook definitions found for 'application.dispatch.before'. Available hook definitions [["coinritual.route.beforeDispatch"]] []
[2018-11-02 16:05:56] System.INFO: Router Dispatcher initialized [] []
[2018-11-02 16:05:56] System.INFO: Trying to find match for (GET) 'language' [] []
[2018-11-02 16:05:56] System.INFO: Route match found [] []
[2018-11-02 16:05:56] System.DEBUG: No hook definitions found for 'router.dispatcher.beforeDispatch'. Available hook definitions [["coinritual.route.beforeDispatch"]] []
[2018-11-02 16:05:56] System.INFO: Executing route definition {"name":"~^language$~","action":"[object] (Closure: {})"} []
[2018-11-02 16:05:56] System.DEBUG: No hook definitions found for 'model.translation.before.init'. Available hook definitions [["coinritual.route.beforeDispatch"]] []
[2018-11-02 16:05:56] System.DEBUG: No hook definitions found for 'model.translation.after.init'. Available hook definitions [["coinritual.route.beforeDispatch"]] []
[2018-11-02 16:05:56] System.DEBUG: No hook definitions found for 'model.translation.before.select'. Available hook definitions [["coinritual.route.beforeDispatch"]] []
[2018-11-02 16:05:56] System.DEBUG: No hook definitions found for 'model.translation.after.select'. Available hook definitions [["coinritual.route.beforeDispatch"]] []
[2018-11-02 16:05:56] System.DEBUG: No hook definitions found for 'router.dispatcher.afterDispatch'. Available hook definitions [["coinritual.route.beforeDispatch"]] []
[2018-11-02 16:05:56] System.INFO: Request has finished processing, Response is ready to be sent to caller. [] []
[2018-11-02 16:05:56] System.DEBUG: No hook definitions found for 'application.dispatch.after'. Available hook definitions [["coinritual.route.beforeDispatch"]] []
[2018-11-02 16:05:56] System.DEBUG: Time taken to finish Request processing {"start":1541174756.158819,"end":1541174756.179419,"elapsed":0.020600080490112305,"uri":"/language"} []
[2018-11-02 17:02:46] System.INFO: Hooks component initialized [] []
[2018-11-02 17:02:46] System.DEBUG: Adding definition for hook 'coinritual.route.beforeDispatch' for the first time. [] []
[2018-11-02 17:02:46] System.INFO: Route Container initialized [] []
[2018-11-02 17:02:46] System.INFO: Route successfully added to Container {"uri":"~^language$~"} []
[2018-11-02 17:02:46] System.INFO: Route successfully added to Container {"uri":"~^[:params:]?/?oathmaster/?[:named:]?$|^[:params:]?/?observer/?[:named:]?$~"} []
[2018-11-02 17:02:46] System.INFO: Route successfully added to Container {"uri":"~^[:params:]?/?rules/?$~"} []
[2018-11-02 17:02:46] System.INFO: Route successfully added to Container {"uri":"~^[:params:]?/?bloodnamed/?$~"} []
[2018-11-02 17:02:46] System.INFO: Route successfully added to Container {"uri":"~^coinMachine/getResult/?$~"} []
[2018-11-02 17:02:46] System.INFO: Route successfully added to Container {"uri":"~^[:params:]?/?tables/?$~"} []
[2018-11-02 17:02:46] System.INFO: Route successfully added to Container {"uri":"~^fight/save/?$~"} []
[2018-11-02 17:02:46] System.INFO: Route successfully added to Container {"uri":"~^[:params:]?/?$|^[:params:]?/?fame/?$~"} []
[2018-11-02 17:02:46] System.INFO: Shutdown and error handlers have been registered [] []
[2018-11-02 17:02:46] System.INFO: Output manager initialized [] []
[2018-11-02 17:02:46] System.INFO: Application initialized [] []
[2018-11-02 17:02:46] System.DEBUG: No hook definitions found for 'application.init.after'. Available hook definitions [["coinritual.route.beforeDispatch"]] []
[2018-11-02 17:02:46] System.INFO: Beginning process for request. ["[object] (SlaxWeb\\Router\\Request: GET / HTTP/1.0\r\nAccept:           */*\r\nAccept-Encoding:  gzip,deflate\r\nConnection:       close\r\nFrom:             support@search.yandex.ru\r\nHost:             tob.clanwolf.net\r\nUser-Agent:       Mozilla/5.0 (compatible; YandexBot/3.0; +http://yandex.com/bots)\r\nX-Accel-Internal: /internal-nginx-static-location\r\nX-Forwarded-For:  5.255.251.11\r\nX-Real-Ip:        5.255.251.11\r\n\r\n)"] []
[2018-11-02 17:02:46] System.DEBUG: No hook definitions found for 'application.dispatch.before'. Available hook definitions [["coinritual.route.beforeDispatch"]] []
[2018-11-02 17:02:46] System.INFO: Router Dispatcher initialized [] []
[2018-11-02 17:02:46] System.INFO: Trying to find match for (GET) '' [] []
[2018-11-02 17:02:46] System.INFO: Route match found [] []
[2018-11-02 17:02:46] System.INFO: Calling definition for hook 'coinritual.route.beforeDispatch' [] []
[2018-11-02 17:02:46] System.DEBUG: Hook definition parameters ["[object] (SlaxWeb\\Bootstrap\\Application: {})","[object] (SlaxWeb\\Router\\Route: {})"] []
[2018-11-02 17:02:50] System.INFO: Hooks component initialized [] []
[2018-11-02 17:02:50] System.DEBUG: Adding definition for hook 'coinritual.route.beforeDispatch' for the first time. [] []
[2018-11-02 17:02:50] System.INFO: Route Container initialized [] []
[2018-11-02 17:02:50] System.INFO: Route successfully added to Container {"uri":"~^language$~"} []
[2018-11-02 17:02:50] System.INFO: Route successfully added to Container {"uri":"~^[:params:]?/?oathmaster/?[:named:]?$|^[:params:]?/?observer/?[:named:]?$~"} []
[2018-11-02 17:02:50] System.INFO: Route successfully added to Container {"uri":"~^[:params:]?/?rules/?$~"} []
[2018-11-02 17:02:50] System.INFO: Route successfully added to Container {"uri":"~^[:params:]?/?bloodnamed/?$~"} []
[2018-11-02 17:02:50] System.INFO: Route successfully added to Container {"uri":"~^coinMachine/getResult/?$~"} []
[2018-11-02 17:02:50] System.INFO: Route successfully added to Container {"uri":"~^[:params:]?/?tables/?$~"} []
[2018-11-02 17:02:50] System.INFO: Route successfully added to Container {"uri":"~^fight/save/?$~"} []
[2018-11-02 17:02:50] System.INFO: Route successfully added to Container {"uri":"~^[:params:]?/?$|^[:params:]?/?fame/?$~"} []
[2018-11-02 17:02:50] System.INFO: Shutdown and error handlers have been registered [] []
[2018-11-02 17:02:50] System.INFO: Output manager initialized [] []
[2018-11-02 17:02:50] System.INFO: Application initialized [] []
[2018-11-02 17:02:50] System.DEBUG: No hook definitions found for 'application.init.after'. Available hook definitions [["coinritual.route.beforeDispatch"]] []
[2018-11-02 17:02:50] System.INFO: Beginning process for request. ["[object] (SlaxWeb\\Router\\Request: GET /language HTTP/1.0\r\nAccept:           */*\r\nAccept-Encoding:  gzip,deflate\r\nConnection:       close\r\nFrom:             support@search.yandex.ru\r\nHost:             tob.clanwolf.net\r\nUser-Agent:       Mozilla/5.0 (compatible; YandexBot/3.0; +http://yandex.com/bots)\r\nX-Accel-Internal: /internal-nginx-static-location\r\nX-Forwarded-For:  5.255.251.5\r\nX-Real-Ip:        5.255.251.5\r\n\r\n)"] []
[2018-11-02 17:02:50] System.DEBUG: No hook definitions found for 'application.dispatch.before'. Available hook definitions [["coinritual.route.beforeDispatch"]] []
[2018-11-02 17:02:50] System.INFO: Router Dispatcher initialized [] []
[2018-11-02 17:02:50] System.INFO: Trying to find match for (GET) 'language' [] []
[2018-11-02 17:02:50] System.INFO: Route match found [] []
[2018-11-02 17:02:50] System.DEBUG: No hook definitions found for 'router.dispatcher.beforeDispatch'. Available hook definitions [["coinritual.route.beforeDispatch"]] []
[2018-11-02 17:02:50] System.INFO: Executing route definition {"name":"~^language$~","action":"[object] (Closure: {})"} []
[2018-11-02 17:02:50] System.DEBUG: No hook definitions found for 'model.translation.before.init'. Available hook definitions [["coinritual.route.beforeDispatch"]] []
[2018-11-02 17:02:50] System.DEBUG: No hook definitions found for 'model.translation.after.init'. Available hook definitions [["coinritual.route.beforeDispatch"]] []
[2018-11-02 17:02:50] System.DEBUG: No hook definitions found for 'model.translation.before.select'. Available hook definitions [["coinritual.route.beforeDispatch"]] []
[2018-11-02 17:02:50] System.DEBUG: No hook definitions found for 'model.translation.after.select'. Available hook definitions [["coinritual.route.beforeDispatch"]] []
[2018-11-02 17:02:50] System.DEBUG: No hook definitions found for 'router.dispatcher.afterDispatch'. Available hook definitions [["coinritual.route.beforeDispatch"]] []
[2018-11-02 17:02:50] System.INFO: Request has finished processing, Response is ready to be sent to caller. [] []
[2018-11-02 17:02:50] System.DEBUG: No hook definitions found for 'application.dispatch.after'. Available hook definitions [["coinritual.route.beforeDispatch"]] []
[2018-11-02 17:02:50] System.DEBUG: Time taken to finish Request processing {"start":1541178170.701043,"end":1541178170.721533,"elapsed":0.020490169525146484,"uri":"/language"} []
[2018-11-02 17:21:12] System.INFO: Hooks component initialized [] []
[2018-11-02 17:21:12] System.DEBUG: Adding definition for hook 'coinritual.route.beforeDispatch' for the first time. [] []
[2018-11-02 17:21:12] System.INFO: Route Container initialized [] []
[2018-11-02 17:21:12] System.INFO: Route successfully added to Container {"uri":"~^language$~"} []
[2018-11-02 17:21:12] System.INFO: Route successfully added to Container {"uri":"~^[:params:]?/?oathmaster/?[:named:]?$|^[:params:]?/?observer/?[:named:]?$~"} []
[2018-11-02 17:21:12] System.INFO: Route successfully added to Container {"uri":"~^[:params:]?/?rules/?$~"} []
[2018-11-02 17:21:12] System.INFO: Route successfully added to Container {"uri":"~^[:params:]?/?bloodnamed/?$~"} []
[2018-11-02 17:21:12] System.INFO: Route successfully added to Container {"uri":"~^coinMachine/getResult/?$~"} []
[2018-11-02 17:21:12] System.INFO: Route successfully added to Container {"uri":"~^[:params:]?/?tables/?$~"} []
[2018-11-02 17:21:12] System.INFO: Route successfully added to Container {"uri":"~^fight/save/?$~"} []
[2018-11-02 17:21:12] System.INFO: Route successfully added to Container {"uri":"~^[:params:]?/?$|^[:params:]?/?fame/?$~"} []
[2018-11-02 17:21:12] System.INFO: Shutdown and error handlers have been registered [] []
[2018-11-02 17:21:12] System.INFO: Output manager initialized [] []
[2018-11-02 17:21:12] System.INFO: Application initialized [] []
[2018-11-02 17:21:12] System.DEBUG: No hook definitions found for 'application.init.after'. Available hook definitions [["coinritual.route.beforeDispatch"]] []
[2018-11-02 17:21:12] System.INFO: Beginning process for request. ["[object] (SlaxWeb\\Router\\Request: GET /tables HTTP/1.0\r\nAccept:           text/html,application/xhtml+xml,application/xml;q=0.9,*/*;q=0.8\r\nAccept-Encoding:  gzip,deflate,br\r\nConnection:       close\r\nFrom:             googlebot(at)googlebot.com\r\nHost:             tob.clanwolf.net\r\nUser-Agent:       Mozilla/5.0 (Linux; Android 6.0.1; Nexus 5X Build/MMB29P) AppleWebKit/537.36 (KHTML, like Gecko) Chrome/41.0.2272.96 Mobile Safari/537.36 (compatible; Googlebot/2.1; +http://www.google.com/bot.html)\r\nX-Accel-Internal: /internal-nginx-static-location\r\nX-Forwarded-For:  66.249.66.94\r\nX-Real-Ip:        66.249.66.94\r\n\r\n)"] []
[2018-11-02 17:21:12] System.DEBUG: No hook definitions found for 'application.dispatch.before'. Available hook definitions [["coinritual.route.beforeDispatch"]] []
[2018-11-02 17:21:12] System.INFO: Router Dispatcher initialized [] []
[2018-11-02 17:21:12] System.INFO: Trying to find match for (GET) 'tables' [] []
[2018-11-02 17:21:12] System.INFO: Route match found [] []
[2018-11-02 17:21:12] System.INFO: Calling definition for hook 'coinritual.route.beforeDispatch' [] []
[2018-11-02 17:21:12] System.DEBUG: Hook definition parameters ["[object] (SlaxWeb\\Bootstrap\\Application: {})","[object] (SlaxWeb\\Router\\Route: {})"] []
[2018-11-02 17:21:13] System.INFO: Hooks component initialized [] []
[2018-11-02 17:21:13] System.DEBUG: Adding definition for hook 'coinritual.route.beforeDispatch' for the first time. [] []
[2018-11-02 17:21:13] System.INFO: Route Container initialized [] []
[2018-11-02 17:21:13] System.INFO: Route successfully added to Container {"uri":"~^language$~"} []
[2018-11-02 17:21:13] System.INFO: Route successfully added to Container {"uri":"~^[:params:]?/?oathmaster/?[:named:]?$|^[:params:]?/?observer/?[:named:]?$~"} []
[2018-11-02 17:21:13] System.INFO: Route successfully added to Container {"uri":"~^[:params:]?/?rules/?$~"} []
[2018-11-02 17:21:13] System.INFO: Route successfully added to Container {"uri":"~^[:params:]?/?bloodnamed/?$~"} []
[2018-11-02 17:21:13] System.INFO: Route successfully added to Container {"uri":"~^coinMachine/getResult/?$~"} []
[2018-11-02 17:21:13] System.INFO: Route successfully added to Container {"uri":"~^[:params:]?/?tables/?$~"} []
[2018-11-02 17:21:13] System.INFO: Route successfully added to Container {"uri":"~^fight/save/?$~"} []
[2018-11-02 17:21:13] System.INFO: Route successfully added to Container {"uri":"~^[:params:]?/?$|^[:params:]?/?fame/?$~"} []
[2018-11-02 17:21:13] System.INFO: Shutdown and error handlers have been registered [] []
[2018-11-02 17:21:13] System.INFO: Output manager initialized [] []
[2018-11-02 17:21:13] System.INFO: Application initialized [] []
[2018-11-02 17:21:13] System.DEBUG: No hook definitions found for 'application.init.after'. Available hook definitions [["coinritual.route.beforeDispatch"]] []
[2018-11-02 17:21:13] System.INFO: Beginning process for request. ["[object] (SlaxWeb\\Router\\Request: GET /language HTTP/1.0\r\nAccept:           text/html,application/xhtml+xml,application/xml;q=0.9,*/*;q=0.8\r\nAccept-Encoding:  gzip,deflate,br\r\nConnection:       close\r\nCookie:           PHPSESSID=6e0evp844jr69t55o35jn5tilu\r\nFrom:             googlebot(at)googlebot.com\r\nHost:             tob.clanwolf.net\r\nUser-Agent:       Mozilla/5.0 (Linux; Android 6.0.1; Nexus 5X Build/MMB29P) AppleWebKit/537.36 (KHTML, like Gecko) Chrome/41.0.2272.96 Mobile Safari/537.36 (compatible; Googlebot/2.1; +http://www.google.com/bot.html)\r\nX-Accel-Internal: /internal-nginx-static-location\r\nX-Forwarded-For:  66.249.66.92\r\nX-Real-Ip:        66.249.66.92\r\n\r\n)"] []
[2018-11-02 17:21:13] System.DEBUG: No hook definitions found for 'application.dispatch.before'. Available hook definitions [["coinritual.route.beforeDispatch"]] []
[2018-11-02 17:21:13] System.INFO: Router Dispatcher initialized [] []
[2018-11-02 17:21:13] System.INFO: Trying to find match for (GET) 'language' [] []
[2018-11-02 17:21:13] System.INFO: Route match found [] []
[2018-11-02 17:21:13] System.DEBUG: No hook definitions found for 'router.dispatcher.beforeDispatch'. Available hook definitions [["coinritual.route.beforeDispatch"]] []
[2018-11-02 17:21:13] System.INFO: Executing route definition {"name":"~^language$~","action":"[object] (Closure: {})"} []
[2018-11-02 17:21:13] System.DEBUG: No hook definitions found for 'model.translation.before.init'. Available hook definitions [["coinritual.route.beforeDispatch"]] []
[2018-11-02 17:21:13] System.DEBUG: No hook definitions found for 'model.translation.after.init'. Available hook definitions [["coinritual.route.beforeDispatch"]] []
[2018-11-02 17:21:13] System.DEBUG: No hook definitions found for 'model.translation.before.select'. Available hook definitions [["coinritual.route.beforeDispatch"]] []
[2018-11-02 17:21:13] System.DEBUG: No hook definitions found for 'model.translation.after.select'. Available hook definitions [["coinritual.route.beforeDispatch"]] []
[2018-11-02 17:21:13] System.DEBUG: No hook definitions found for 'router.dispatcher.afterDispatch'. Available hook definitions [["coinritual.route.beforeDispatch"]] []
[2018-11-02 17:21:13] System.INFO: Request has finished processing, Response is ready to be sent to caller. [] []
[2018-11-02 17:21:13] System.DEBUG: No hook definitions found for 'application.dispatch.after'. Available hook definitions [["coinritual.route.beforeDispatch"]] []
[2018-11-02 17:21:13] System.DEBUG: Time taken to finish Request processing {"start":1541179273.223036,"end":1541179273.243719,"elapsed":0.02068305015563965,"uri":"/language"} []
[2018-11-02 17:44:37] System.INFO: Hooks component initialized [] []
[2018-11-02 17:44:37] System.DEBUG: Adding definition for hook 'coinritual.route.beforeDispatch' for the first time. [] []
[2018-11-02 17:44:37] System.INFO: Route Container initialized [] []
[2018-11-02 17:44:37] System.INFO: Route successfully added to Container {"uri":"~^language$~"} []
[2018-11-02 17:44:37] System.INFO: Route successfully added to Container {"uri":"~^[:params:]?/?oathmaster/?[:named:]?$|^[:params:]?/?observer/?[:named:]?$~"} []
[2018-11-02 17:44:37] System.INFO: Route successfully added to Container {"uri":"~^[:params:]?/?rules/?$~"} []
[2018-11-02 17:44:37] System.INFO: Route successfully added to Container {"uri":"~^[:params:]?/?bloodnamed/?$~"} []
[2018-11-02 17:44:37] System.INFO: Route successfully added to Container {"uri":"~^coinMachine/getResult/?$~"} []
[2018-11-02 17:44:37] System.INFO: Route successfully added to Container {"uri":"~^[:params:]?/?tables/?$~"} []
[2018-11-02 17:44:37] System.INFO: Route successfully added to Container {"uri":"~^fight/save/?$~"} []
[2018-11-02 17:44:37] System.INFO: Route successfully added to Container {"uri":"~^[:params:]?/?$|^[:params:]?/?fame/?$~"} []
[2018-11-02 17:44:37] System.INFO: Shutdown and error handlers have been registered [] []
[2018-11-02 17:44:37] System.INFO: Output manager initialized [] []
[2018-11-02 17:44:37] System.INFO: Application initialized [] []
[2018-11-02 17:44:37] System.DEBUG: No hook definitions found for 'application.init.after'. Available hook definitions [["coinritual.route.beforeDispatch"]] []
[2018-11-02 17:44:37] System.INFO: Beginning process for request. ["[object] (SlaxWeb\\Router\\Request: GET /index.php?/oathmaster HTTP/1.0\r\nAccept:           */*\r\nAccept-Encoding:  gzip, deflate\r\nCache-Control:    no-cache\r\nConnection:       close\r\nFrom:             bingbot(at)microsoft.com\r\nHost:             tob.clanwolf.net\r\nPragma:           no-cache\r\nUser-Agent:       Mozilla/5.0 (compatible; bingbot/2.0; +http://www.bing.com/bingbot.htm)\r\nX-Accel-Internal: /internal-nginx-static-location\r\nX-Forwarded-For:  40.77.167.89\r\nX-Real-Ip:        40.77.167.89\r\n\r\n)"] []
[2018-11-02 17:44:37] System.DEBUG: No hook definitions found for 'application.dispatch.before'. Available hook definitions [["coinritual.route.beforeDispatch"]] []
[2018-11-02 17:44:37] System.INFO: Router Dispatcher initialized [] []
[2018-11-02 17:44:37] System.INFO: Trying to find match for (GET) '' [] []
[2018-11-02 17:44:37] System.INFO: Route match found [] []
[2018-11-02 17:44:37] System.INFO: Calling definition for hook 'coinritual.route.beforeDispatch' [] []
[2018-11-02 17:44:37] System.DEBUG: Hook definition parameters ["[object] (SlaxWeb\\Bootstrap\\Application: {})","[object] (SlaxWeb\\Router\\Route: {})"] []
[2018-11-02 17:44:39] System.INFO: Hooks component initialized [] []
[2018-11-02 17:44:39] System.DEBUG: Adding definition for hook 'coinritual.route.beforeDispatch' for the first time. [] []
[2018-11-02 17:44:39] System.INFO: Route Container initialized [] []
[2018-11-02 17:44:39] System.INFO: Route successfully added to Container {"uri":"~^language$~"} []
[2018-11-02 17:44:39] System.INFO: Route successfully added to Container {"uri":"~^[:params:]?/?oathmaster/?[:named:]?$|^[:params:]?/?observer/?[:named:]?$~"} []
[2018-11-02 17:44:39] System.INFO: Route successfully added to Container {"uri":"~^[:params:]?/?rules/?$~"} []
[2018-11-02 17:44:39] System.INFO: Route successfully added to Container {"uri":"~^[:params:]?/?bloodnamed/?$~"} []
[2018-11-02 17:44:39] System.INFO: Route successfully added to Container {"uri":"~^coinMachine/getResult/?$~"} []
[2018-11-02 17:44:39] System.INFO: Route successfully added to Container {"uri":"~^[:params:]?/?tables/?$~"} []
[2018-11-02 17:44:39] System.INFO: Route successfully added to Container {"uri":"~^fight/save/?$~"} []
[2018-11-02 17:44:39] System.INFO: Route successfully added to Container {"uri":"~^[:params:]?/?$|^[:params:]?/?fame/?$~"} []
[2018-11-02 17:44:39] System.INFO: Shutdown and error handlers have been registered [] []
[2018-11-02 17:44:39] System.INFO: Output manager initialized [] []
[2018-11-02 17:44:39] System.INFO: Application initialized [] []
[2018-11-02 17:44:39] System.DEBUG: No hook definitions found for 'application.init.after'. Available hook definitions [["coinritual.route.beforeDispatch"]] []
[2018-11-02 17:44:39] System.INFO: Beginning process for request. ["[object] (SlaxWeb\\Router\\Request: GET /language HTTP/1.0\r\nAccept:           */*\r\nAccept-Encoding:  gzip, deflate\r\nCache-Control:    no-cache\r\nConnection:       close\r\nFrom:             bingbot(at)microsoft.com\r\nHost:             tob.clanwolf.net\r\nPragma:           no-cache\r\nUser-Agent:       Mozilla/5.0 (compatible; bingbot/2.0; +http://www.bing.com/bingbot.htm)\r\nX-Accel-Internal: /internal-nginx-static-location\r\nX-Forwarded-For:  40.77.167.89\r\nX-Real-Ip:        40.77.167.89\r\n\r\n)"] []
[2018-11-02 17:44:39] System.DEBUG: No hook definitions found for 'application.dispatch.before'. Available hook definitions [["coinritual.route.beforeDispatch"]] []
[2018-11-02 17:44:39] System.INFO: Router Dispatcher initialized [] []
[2018-11-02 17:44:39] System.INFO: Trying to find match for (GET) 'language' [] []
[2018-11-02 17:44:39] System.INFO: Route match found [] []
[2018-11-02 17:44:39] System.DEBUG: No hook definitions found for 'router.dispatcher.beforeDispatch'. Available hook definitions [["coinritual.route.beforeDispatch"]] []
[2018-11-02 17:44:39] System.INFO: Executing route definition {"name":"~^language$~","action":"[object] (Closure: {})"} []
[2018-11-02 17:44:39] System.DEBUG: No hook definitions found for 'model.translation.before.init'. Available hook definitions [["coinritual.route.beforeDispatch"]] []
[2018-11-02 17:44:39] System.DEBUG: No hook definitions found for 'model.translation.after.init'. Available hook definitions [["coinritual.route.beforeDispatch"]] []
[2018-11-02 17:44:39] System.DEBUG: No hook definitions found for 'model.translation.before.select'. Available hook definitions [["coinritual.route.beforeDispatch"]] []
[2018-11-02 17:44:39] System.DEBUG: No hook definitions found for 'model.translation.after.select'. Available hook definitions [["coinritual.route.beforeDispatch"]] []
[2018-11-02 17:44:39] System.DEBUG: No hook definitions found for 'router.dispatcher.afterDispatch'. Available hook definitions [["coinritual.route.beforeDispatch"]] []
[2018-11-02 17:44:39] System.INFO: Request has finished processing, Response is ready to be sent to caller. [] []
[2018-11-02 17:44:39] System.DEBUG: No hook definitions found for 'application.dispatch.after'. Available hook definitions [["coinritual.route.beforeDispatch"]] []
[2018-11-02 17:44:39] System.DEBUG: Time taken to finish Request processing {"start":1541180679.938974,"end":1541180679.959462,"elapsed":0.02048802375793457,"uri":"/language"} []
[2018-11-02 17:45:55] System.INFO: Hooks component initialized [] []
[2018-11-02 17:45:55] System.DEBUG: Adding definition for hook 'coinritual.route.beforeDispatch' for the first time. [] []
[2018-11-02 17:45:55] System.INFO: Route Container initialized [] []
[2018-11-02 17:45:55] System.INFO: Route successfully added to Container {"uri":"~^language$~"} []
[2018-11-02 17:45:55] System.INFO: Route successfully added to Container {"uri":"~^[:params:]?/?oathmaster/?[:named:]?$|^[:params:]?/?observer/?[:named:]?$~"} []
[2018-11-02 17:45:55] System.INFO: Route successfully added to Container {"uri":"~^[:params:]?/?rules/?$~"} []
[2018-11-02 17:45:55] System.INFO: Route successfully added to Container {"uri":"~^[:params:]?/?bloodnamed/?$~"} []
[2018-11-02 17:45:55] System.INFO: Route successfully added to Container {"uri":"~^coinMachine/getResult/?$~"} []
[2018-11-02 17:45:55] System.INFO: Route successfully added to Container {"uri":"~^[:params:]?/?tables/?$~"} []
[2018-11-02 17:45:55] System.INFO: Route successfully added to Container {"uri":"~^fight/save/?$~"} []
[2018-11-02 17:45:55] System.INFO: Route successfully added to Container {"uri":"~^[:params:]?/?$|^[:params:]?/?fame/?$~"} []
[2018-11-02 17:45:55] System.INFO: Shutdown and error handlers have been registered [] []
[2018-11-02 17:45:55] System.INFO: Output manager initialized [] []
[2018-11-02 17:45:55] System.INFO: Application initialized [] []
[2018-11-02 17:45:55] System.DEBUG: No hook definitions found for 'application.init.after'. Available hook definitions [["coinritual.route.beforeDispatch"]] []
[2018-11-02 17:45:55] System.INFO: Beginning process for request. ["[object] (SlaxWeb\\Router\\Request: GET / HTTP/1.0\r\nAccept:           */*\r\nAccept-Encoding:  gzip,deflate\r\nAccept-Language:  ru, uk;q=0.8, be;q=0.8, en;q=0.7, *;q=0.01\r\nConnection:       close\r\nFrom:             support@search.yandex.ru\r\nHost:             tob.clanwolf.net\r\nUser-Agent:       Mozilla/5.0 (compatible; YandexBot/3.0; +http://yandex.com/bots)\r\nX-Accel-Internal: /internal-nginx-static-location\r\nX-Forwarded-For:  141.8.141.139\r\nX-Real-Ip:        141.8.141.139\r\n\r\n)"] []
[2018-11-02 17:45:55] System.DEBUG: No hook definitions found for 'application.dispatch.before'. Available hook definitions [["coinritual.route.beforeDispatch"]] []
[2018-11-02 17:45:55] System.INFO: Router Dispatcher initialized [] []
[2018-11-02 17:45:55] System.INFO: Trying to find match for (GET) '' [] []
[2018-11-02 17:45:55] System.INFO: Route match found [] []
[2018-11-02 17:45:55] System.INFO: Calling definition for hook 'coinritual.route.beforeDispatch' [] []
[2018-11-02 17:45:55] System.DEBUG: Hook definition parameters ["[object] (SlaxWeb\\Bootstrap\\Application: {})","[object] (SlaxWeb\\Router\\Route: {})"] []
[2018-11-02 17:45:58] System.INFO: Hooks component initialized [] []
[2018-11-02 17:45:58] System.DEBUG: Adding definition for hook 'coinritual.route.beforeDispatch' for the first time. [] []
[2018-11-02 17:45:58] System.INFO: Route Container initialized [] []
[2018-11-02 17:45:58] System.INFO: Route successfully added to Container {"uri":"~^language$~"} []
[2018-11-02 17:45:58] System.INFO: Route successfully added to Container {"uri":"~^[:params:]?/?oathmaster/?[:named:]?$|^[:params:]?/?observer/?[:named:]?$~"} []
[2018-11-02 17:45:58] System.INFO: Route successfully added to Container {"uri":"~^[:params:]?/?rules/?$~"} []
[2018-11-02 17:45:58] System.INFO: Route successfully added to Container {"uri":"~^[:params:]?/?bloodnamed/?$~"} []
[2018-11-02 17:45:58] System.INFO: Route successfully added to Container {"uri":"~^coinMachine/getResult/?$~"} []
[2018-11-02 17:45:58] System.INFO: Route successfully added to Container {"uri":"~^[:params:]?/?tables/?$~"} []
[2018-11-02 17:45:58] System.INFO: Route successfully added to Container {"uri":"~^fight/save/?$~"} []
[2018-11-02 17:45:58] System.INFO: Route successfully added to Container {"uri":"~^[:params:]?/?$|^[:params:]?/?fame/?$~"} []
[2018-11-02 17:45:58] System.INFO: Shutdown and error handlers have been registered [] []
[2018-11-02 17:45:58] System.INFO: Output manager initialized [] []
[2018-11-02 17:45:58] System.INFO: Application initialized [] []
[2018-11-02 17:45:58] System.DEBUG: No hook definitions found for 'application.init.after'. Available hook definitions [["coinritual.route.beforeDispatch"]] []
[2018-11-02 17:45:58] System.INFO: Beginning process for request. ["[object] (SlaxWeb\\Router\\Request: GET /language HTTP/1.0\r\nAccept:           */*\r\nAccept-Encoding:  gzip,deflate\r\nAccept-Language:  ru, uk;q=0.8, be;q=0.8, en;q=0.7, *;q=0.01\r\nConnection:       close\r\nFrom:             support@search.yandex.ru\r\nHost:             tob.clanwolf.net\r\nUser-Agent:       Mozilla/5.0 (compatible; YandexBot/3.0; +http://yandex.com/bots)\r\nX-Accel-Internal: /internal-nginx-static-location\r\nX-Forwarded-For:  141.8.141.139\r\nX-Real-Ip:        141.8.141.139\r\n\r\n)"] []
[2018-11-02 17:45:58] System.DEBUG: No hook definitions found for 'application.dispatch.before'. Available hook definitions [["coinritual.route.beforeDispatch"]] []
[2018-11-02 17:45:58] System.INFO: Router Dispatcher initialized [] []
[2018-11-02 17:45:58] System.INFO: Trying to find match for (GET) 'language' [] []
[2018-11-02 17:45:58] System.INFO: Route match found [] []
[2018-11-02 17:45:58] System.DEBUG: No hook definitions found for 'router.dispatcher.beforeDispatch'. Available hook definitions [["coinritual.route.beforeDispatch"]] []
[2018-11-02 17:45:58] System.INFO: Executing route definition {"name":"~^language$~","action":"[object] (Closure: {})"} []
[2018-11-02 17:45:58] System.DEBUG: No hook definitions found for 'model.translation.before.init'. Available hook definitions [["coinritual.route.beforeDispatch"]] []
[2018-11-02 17:45:58] System.DEBUG: No hook definitions found for 'model.translation.after.init'. Available hook definitions [["coinritual.route.beforeDispatch"]] []
[2018-11-02 17:45:58] System.DEBUG: No hook definitions found for 'model.translation.before.select'. Available hook definitions [["coinritual.route.beforeDispatch"]] []
[2018-11-02 17:45:58] System.DEBUG: No hook definitions found for 'model.translation.after.select'. Available hook definitions [["coinritual.route.beforeDispatch"]] []
[2018-11-02 17:45:58] System.DEBUG: No hook definitions found for 'router.dispatcher.afterDispatch'. Available hook definitions [["coinritual.route.beforeDispatch"]] []
[2018-11-02 17:45:58] System.INFO: Request has finished processing, Response is ready to be sent to caller. [] []
[2018-11-02 17:45:58] System.DEBUG: No hook definitions found for 'application.dispatch.after'. Available hook definitions [["coinritual.route.beforeDispatch"]] []
[2018-11-02 17:45:58] System.DEBUG: Time taken to finish Request processing {"start":1541180758.513442,"end":1541180758.533826,"elapsed":0.02038407325744629,"uri":"/language"} []
[2018-11-02 18:36:58] System.INFO: Hooks component initialized [] []
[2018-11-02 18:36:58] System.DEBUG: Adding definition for hook 'coinritual.route.beforeDispatch' for the first time. [] []
[2018-11-02 18:36:58] System.INFO: Route Container initialized [] []
[2018-11-02 18:36:58] System.INFO: Route successfully added to Container {"uri":"~^language$~"} []
[2018-11-02 18:36:58] System.INFO: Route successfully added to Container {"uri":"~^[:params:]?/?oathmaster/?[:named:]?$|^[:params:]?/?observer/?[:named:]?$~"} []
[2018-11-02 18:36:58] System.INFO: Route successfully added to Container {"uri":"~^[:params:]?/?rules/?$~"} []
[2018-11-02 18:36:58] System.INFO: Route successfully added to Container {"uri":"~^[:params:]?/?bloodnamed/?$~"} []
[2018-11-02 18:36:58] System.INFO: Route successfully added to Container {"uri":"~^coinMachine/getResult/?$~"} []
[2018-11-02 18:36:58] System.INFO: Route successfully added to Container {"uri":"~^[:params:]?/?tables/?$~"} []
[2018-11-02 18:36:58] System.INFO: Route successfully added to Container {"uri":"~^fight/save/?$~"} []
[2018-11-02 18:36:58] System.INFO: Route successfully added to Container {"uri":"~^[:params:]?/?$|^[:params:]?/?fame/?$~"} []
[2018-11-02 18:36:58] System.INFO: Shutdown and error handlers have been registered [] []
[2018-11-02 18:36:58] System.INFO: Output manager initialized [] []
[2018-11-02 18:36:58] System.INFO: Application initialized [] []
[2018-11-02 18:36:58] System.DEBUG: No hook definitions found for 'application.init.after'. Available hook definitions [["coinritual.route.beforeDispatch"]] []
[2018-11-02 18:36:58] System.INFO: Beginning process for request. ["[object] (SlaxWeb\\Router\\Request: GET /observer HTTP/1.0\r\nAccept:           text/html,application/xhtml+xml,application/xml;q=0.9,*/*;q=0.8\r\nAccept-Encoding:  gzip,deflate,br\r\nConnection:       close\r\nFrom:             googlebot(at)googlebot.com\r\nHost:             tob.clanwolf.net\r\nUser-Agent:       Mozilla/5.0 (Linux; Android 6.0.1; Nexus 5X Build/MMB29P) AppleWebKit/537.36 (KHTML, like Gecko) Chrome/41.0.2272.96 Mobile Safari/537.36 (compatible; Googlebot/2.1; +http://www.google.com/bot.html)\r\nX-Accel-Internal: /internal-nginx-static-location\r\nX-Forwarded-For:  66.249.66.92\r\nX-Real-Ip:        66.249.66.92\r\n\r\n)"] []
[2018-11-02 18:36:58] System.DEBUG: No hook definitions found for 'application.dispatch.before'. Available hook definitions [["coinritual.route.beforeDispatch"]] []
[2018-11-02 18:36:58] System.INFO: Router Dispatcher initialized [] []
[2018-11-02 18:36:58] System.INFO: Trying to find match for (GET) 'observer' [] []
[2018-11-02 18:36:58] System.INFO: Route match found [] []
[2018-11-02 18:36:58] System.INFO: Calling definition for hook 'coinritual.route.beforeDispatch' [] []
[2018-11-02 18:36:58] System.DEBUG: Hook definition parameters ["[object] (SlaxWeb\\Bootstrap\\Application: {})","[object] (SlaxWeb\\Router\\Route: {})"] []
[2018-11-02 18:36:59] System.INFO: Hooks component initialized [] []
[2018-11-02 18:36:59] System.DEBUG: Adding definition for hook 'coinritual.route.beforeDispatch' for the first time. [] []
[2018-11-02 18:36:59] System.INFO: Route Container initialized [] []
[2018-11-02 18:36:59] System.INFO: Route successfully added to Container {"uri":"~^language$~"} []
[2018-11-02 18:36:59] System.INFO: Route successfully added to Container {"uri":"~^[:params:]?/?oathmaster/?[:named:]?$|^[:params:]?/?observer/?[:named:]?$~"} []
[2018-11-02 18:36:59] System.INFO: Route successfully added to Container {"uri":"~^[:params:]?/?rules/?$~"} []
[2018-11-02 18:36:59] System.INFO: Route successfully added to Container {"uri":"~^[:params:]?/?bloodnamed/?$~"} []
[2018-11-02 18:36:59] System.INFO: Route successfully added to Container {"uri":"~^coinMachine/getResult/?$~"} []
[2018-11-02 18:36:59] System.INFO: Route successfully added to Container {"uri":"~^[:params:]?/?tables/?$~"} []
[2018-11-02 18:36:59] System.INFO: Route successfully added to Container {"uri":"~^fight/save/?$~"} []
[2018-11-02 18:36:59] System.INFO: Route successfully added to Container {"uri":"~^[:params:]?/?$|^[:params:]?/?fame/?$~"} []
[2018-11-02 18:36:59] System.INFO: Shutdown and error handlers have been registered [] []
[2018-11-02 18:36:59] System.INFO: Output manager initialized [] []
[2018-11-02 18:36:59] System.INFO: Application initialized [] []
[2018-11-02 18:36:59] System.DEBUG: No hook definitions found for 'application.init.after'. Available hook definitions [["coinritual.route.beforeDispatch"]] []
[2018-11-02 18:36:59] System.INFO: Beginning process for request. ["[object] (SlaxWeb\\Router\\Request: GET /language HTTP/1.0\r\nAccept:           text/html,application/xhtml+xml,application/xml;q=0.9,*/*;q=0.8\r\nAccept-Encoding:  gzip,deflate,br\r\nConnection:       close\r\nCookie:           PHPSESSID=6se9nbuem83acb7fmgq8urlrca\r\nFrom:             googlebot(at)googlebot.com\r\nHost:             tob.clanwolf.net\r\nUser-Agent:       Mozilla/5.0 (Linux; Android 6.0.1; Nexus 5X Build/MMB29P) AppleWebKit/537.36 (KHTML, like Gecko) Chrome/41.0.2272.96 Mobile Safari/537.36 (compatible; Googlebot/2.1; +http://www.google.com/bot.html)\r\nX-Accel-Internal: /internal-nginx-static-location\r\nX-Forwarded-For:  66.249.66.94\r\nX-Real-Ip:        66.249.66.94\r\n\r\n)"] []
[2018-11-02 18:36:59] System.DEBUG: No hook definitions found for 'application.dispatch.before'. Available hook definitions [["coinritual.route.beforeDispatch"]] []
[2018-11-02 18:36:59] System.INFO: Router Dispatcher initialized [] []
[2018-11-02 18:36:59] System.INFO: Trying to find match for (GET) 'language' [] []
[2018-11-02 18:36:59] System.INFO: Route match found [] []
[2018-11-02 18:36:59] System.DEBUG: No hook definitions found for 'router.dispatcher.beforeDispatch'. Available hook definitions [["coinritual.route.beforeDispatch"]] []
[2018-11-02 18:36:59] System.INFO: Executing route definition {"name":"~^language$~","action":"[object] (Closure: {})"} []
[2018-11-02 18:36:59] System.DEBUG: No hook definitions found for 'model.translation.before.init'. Available hook definitions [["coinritual.route.beforeDispatch"]] []
[2018-11-02 18:36:59] System.DEBUG: No hook definitions found for 'model.translation.after.init'. Available hook definitions [["coinritual.route.beforeDispatch"]] []
[2018-11-02 18:36:59] System.DEBUG: No hook definitions found for 'model.translation.before.select'. Available hook definitions [["coinritual.route.beforeDispatch"]] []
[2018-11-02 18:36:59] System.DEBUG: No hook definitions found for 'model.translation.after.select'. Available hook definitions [["coinritual.route.beforeDispatch"]] []
[2018-11-02 18:36:59] System.DEBUG: No hook definitions found for 'router.dispatcher.afterDispatch'. Available hook definitions [["coinritual.route.beforeDispatch"]] []
[2018-11-02 18:36:59] System.INFO: Request has finished processing, Response is ready to be sent to caller. [] []
[2018-11-02 18:36:59] System.DEBUG: No hook definitions found for 'application.dispatch.after'. Available hook definitions [["coinritual.route.beforeDispatch"]] []
[2018-11-02 18:36:59] System.DEBUG: Time taken to finish Request processing {"start":1541183819.95886,"end":1541183819.97845,"elapsed":0.019590139389038086,"uri":"/language"} []
[2018-11-02 18:49:27] System.INFO: Hooks component initialized [] []
[2018-11-02 18:49:27] System.DEBUG: Adding definition for hook 'coinritual.route.beforeDispatch' for the first time. [] []
[2018-11-02 18:49:27] System.INFO: Route Container initialized [] []
[2018-11-02 18:49:27] System.INFO: Route successfully added to Container {"uri":"~^language$~"} []
[2018-11-02 18:49:27] System.INFO: Route successfully added to Container {"uri":"~^[:params:]?/?oathmaster/?[:named:]?$|^[:params:]?/?observer/?[:named:]?$~"} []
[2018-11-02 18:49:27] System.INFO: Route successfully added to Container {"uri":"~^[:params:]?/?rules/?$~"} []
[2018-11-02 18:49:27] System.INFO: Route successfully added to Container {"uri":"~^[:params:]?/?bloodnamed/?$~"} []
[2018-11-02 18:49:27] System.INFO: Route successfully added to Container {"uri":"~^coinMachine/getResult/?$~"} []
[2018-11-02 18:49:27] System.INFO: Route successfully added to Container {"uri":"~^[:params:]?/?tables/?$~"} []
[2018-11-02 18:49:27] System.INFO: Route successfully added to Container {"uri":"~^fight/save/?$~"} []
[2018-11-02 18:49:27] System.INFO: Route successfully added to Container {"uri":"~^[:params:]?/?$|^[:params:]?/?fame/?$~"} []
[2018-11-02 18:49:27] System.INFO: Shutdown and error handlers have been registered [] []
[2018-11-02 18:49:27] System.INFO: Output manager initialized [] []
[2018-11-02 18:49:27] System.INFO: Application initialized [] []
[2018-11-02 18:49:27] System.DEBUG: No hook definitions found for 'application.init.after'. Available hook definitions [["coinritual.route.beforeDispatch"]] []
[2018-11-02 18:49:27] System.INFO: Beginning process for request. ["[object] (SlaxWeb\\Router\\Request: GET /index.php?/en HTTP/1.0\r\nAccept:           */*\r\nAccept-Encoding:  gzip, deflate\r\nCache-Control:    no-cache\r\nConnection:       close\r\nFrom:             bingbot(at)microsoft.com\r\nHost:             tob.clanwolf.net\r\nPragma:           no-cache\r\nUser-Agent:       Mozilla/5.0 (compatible; bingbot/2.0; +http://www.bing.com/bingbot.htm)\r\nX-Accel-Internal: /internal-nginx-static-location\r\nX-Forwarded-For:  157.55.39.179\r\nX-Real-Ip:        157.55.39.179\r\n\r\n)"] []
[2018-11-02 18:49:27] System.DEBUG: No hook definitions found for 'application.dispatch.before'. Available hook definitions [["coinritual.route.beforeDispatch"]] []
[2018-11-02 18:49:27] System.INFO: Router Dispatcher initialized [] []
[2018-11-02 18:49:27] System.INFO: Trying to find match for (GET) '' [] []
[2018-11-02 18:49:27] System.INFO: Route match found [] []
[2018-11-02 18:49:27] System.INFO: Calling definition for hook 'coinritual.route.beforeDispatch' [] []
[2018-11-02 18:49:27] System.DEBUG: Hook definition parameters ["[object] (SlaxWeb\\Bootstrap\\Application: {})","[object] (SlaxWeb\\Router\\Route: {})"] []
[2018-11-02 18:49:28] System.INFO: Hooks component initialized [] []
[2018-11-02 18:49:28] System.DEBUG: Adding definition for hook 'coinritual.route.beforeDispatch' for the first time. [] []
[2018-11-02 18:49:28] System.INFO: Route Container initialized [] []
[2018-11-02 18:49:28] System.INFO: Route successfully added to Container {"uri":"~^language$~"} []
[2018-11-02 18:49:28] System.INFO: Route successfully added to Container {"uri":"~^[:params:]?/?oathmaster/?[:named:]?$|^[:params:]?/?observer/?[:named:]?$~"} []
[2018-11-02 18:49:28] System.INFO: Route successfully added to Container {"uri":"~^[:params:]?/?rules/?$~"} []
[2018-11-02 18:49:28] System.INFO: Route successfully added to Container {"uri":"~^[:params:]?/?bloodnamed/?$~"} []
[2018-11-02 18:49:28] System.INFO: Route successfully added to Container {"uri":"~^coinMachine/getResult/?$~"} []
[2018-11-02 18:49:28] System.INFO: Route successfully added to Container {"uri":"~^[:params:]?/?tables/?$~"} []
[2018-11-02 18:49:28] System.INFO: Route successfully added to Container {"uri":"~^fight/save/?$~"} []
[2018-11-02 18:49:28] System.INFO: Route successfully added to Container {"uri":"~^[:params:]?/?$|^[:params:]?/?fame/?$~"} []
[2018-11-02 18:49:28] System.INFO: Shutdown and error handlers have been registered [] []
[2018-11-02 18:49:28] System.INFO: Output manager initialized [] []
[2018-11-02 18:49:28] System.INFO: Application initialized [] []
[2018-11-02 18:49:28] System.DEBUG: No hook definitions found for 'application.init.after'. Available hook definitions [["coinritual.route.beforeDispatch"]] []
[2018-11-02 18:49:28] System.INFO: Beginning process for request. ["[object] (SlaxWeb\\Router\\Request: GET /language HTTP/1.0\r\nAccept:           */*\r\nAccept-Encoding:  gzip, deflate\r\nCache-Control:    no-cache\r\nConnection:       close\r\nFrom:             bingbot(at)microsoft.com\r\nHost:             tob.clanwolf.net\r\nPragma:           no-cache\r\nUser-Agent:       Mozilla/5.0 (compatible; bingbot/2.0; +http://www.bing.com/bingbot.htm)\r\nX-Accel-Internal: /internal-nginx-static-location\r\nX-Forwarded-For:  157.55.39.179\r\nX-Real-Ip:        157.55.39.179\r\n\r\n)"] []
[2018-11-02 18:49:28] System.DEBUG: No hook definitions found for 'application.dispatch.before'. Available hook definitions [["coinritual.route.beforeDispatch"]] []
[2018-11-02 18:49:28] System.INFO: Router Dispatcher initialized [] []
[2018-11-02 18:49:28] System.INFO: Trying to find match for (GET) 'language' [] []
[2018-11-02 18:49:28] System.INFO: Route match found [] []
[2018-11-02 18:49:28] System.DEBUG: No hook definitions found for 'router.dispatcher.beforeDispatch'. Available hook definitions [["coinritual.route.beforeDispatch"]] []
[2018-11-02 18:49:28] System.INFO: Executing route definition {"name":"~^language$~","action":"[object] (Closure: {})"} []
[2018-11-02 18:49:28] System.DEBUG: No hook definitions found for 'model.translation.before.init'. Available hook definitions [["coinritual.route.beforeDispatch"]] []
[2018-11-02 18:49:28] System.DEBUG: No hook definitions found for 'model.translation.after.init'. Available hook definitions [["coinritual.route.beforeDispatch"]] []
[2018-11-02 18:49:28] System.DEBUG: No hook definitions found for 'model.translation.before.select'. Available hook definitions [["coinritual.route.beforeDispatch"]] []
[2018-11-02 18:49:28] System.DEBUG: No hook definitions found for 'model.translation.after.select'. Available hook definitions [["coinritual.route.beforeDispatch"]] []
[2018-11-02 18:49:28] System.DEBUG: No hook definitions found for 'router.dispatcher.afterDispatch'. Available hook definitions [["coinritual.route.beforeDispatch"]] []
[2018-11-02 18:49:28] System.INFO: Request has finished processing, Response is ready to be sent to caller. [] []
[2018-11-02 18:49:28] System.DEBUG: No hook definitions found for 'application.dispatch.after'. Available hook definitions [["coinritual.route.beforeDispatch"]] []
[2018-11-02 18:49:28] System.DEBUG: Time taken to finish Request processing {"start":1541184568.797975,"end":1541184568.819268,"elapsed":0.021292924880981445,"uri":"/language"} []
[2018-11-02 19:53:01] System.INFO: Hooks component initialized [] []
[2018-11-02 19:53:01] System.DEBUG: Adding definition for hook 'coinritual.route.beforeDispatch' for the first time. [] []
[2018-11-02 19:53:01] System.INFO: Route Container initialized [] []
[2018-11-02 19:53:01] System.INFO: Route successfully added to Container {"uri":"~^language$~"} []
[2018-11-02 19:53:01] System.INFO: Route successfully added to Container {"uri":"~^[:params:]?/?oathmaster/?[:named:]?$|^[:params:]?/?observer/?[:named:]?$~"} []
[2018-11-02 19:53:01] System.INFO: Route successfully added to Container {"uri":"~^[:params:]?/?rules/?$~"} []
[2018-11-02 19:53:01] System.INFO: Route successfully added to Container {"uri":"~^[:params:]?/?bloodnamed/?$~"} []
[2018-11-02 19:53:01] System.INFO: Route successfully added to Container {"uri":"~^coinMachine/getResult/?$~"} []
[2018-11-02 19:53:01] System.INFO: Route successfully added to Container {"uri":"~^[:params:]?/?tables/?$~"} []
[2018-11-02 19:53:01] System.INFO: Route successfully added to Container {"uri":"~^fight/save/?$~"} []
[2018-11-02 19:53:01] System.INFO: Route successfully added to Container {"uri":"~^[:params:]?/?$|^[:params:]?/?fame/?$~"} []
[2018-11-02 19:53:01] System.INFO: Shutdown and error handlers have been registered [] []
[2018-11-02 19:53:01] System.INFO: Output manager initialized [] []
[2018-11-02 19:53:01] System.INFO: Application initialized [] []
[2018-11-02 19:53:01] System.DEBUG: No hook definitions found for 'application.init.after'. Available hook definitions [["coinritual.route.beforeDispatch"]] []
[2018-11-02 19:53:01] System.INFO: Beginning process for request. ["[object] (SlaxWeb\\Router\\Request: GET /oathmaster HTTP/1.0\r\nAccept:           text/html,application/xhtml+xml,application/xml;q=0.9,*/*;q=0.8\r\nAccept-Encoding:  gzip,deflate,br\r\nConnection:       close\r\nFrom:             googlebot(at)googlebot.com\r\nHost:             tob.clanwolf.net\r\nUser-Agent:       Mozilla/5.0 (Linux; Android 6.0.1; Nexus 5X Build/MMB29P) AppleWebKit/537.36 (KHTML, like Gecko) Chrome/41.0.2272.96 Mobile Safari/537.36 (compatible; Googlebot/2.1; +http://www.google.com/bot.html)\r\nX-Accel-Internal: /internal-nginx-static-location\r\nX-Forwarded-For:  66.249.66.93\r\nX-Real-Ip:        66.249.66.93\r\n\r\n)"] []
[2018-11-02 19:53:01] System.DEBUG: No hook definitions found for 'application.dispatch.before'. Available hook definitions [["coinritual.route.beforeDispatch"]] []
[2018-11-02 19:53:01] System.INFO: Router Dispatcher initialized [] []
[2018-11-02 19:53:01] System.INFO: Trying to find match for (GET) 'oathmaster' [] []
[2018-11-02 19:53:01] System.INFO: Route match found [] []
[2018-11-02 19:53:01] System.INFO: Calling definition for hook 'coinritual.route.beforeDispatch' [] []
[2018-11-02 19:53:01] System.DEBUG: Hook definition parameters ["[object] (SlaxWeb\\Bootstrap\\Application: {})","[object] (SlaxWeb\\Router\\Route: {})"] []
[2018-11-02 19:53:03] System.INFO: Hooks component initialized [] []
[2018-11-02 19:53:03] System.DEBUG: Adding definition for hook 'coinritual.route.beforeDispatch' for the first time. [] []
[2018-11-02 19:53:03] System.INFO: Route Container initialized [] []
[2018-11-02 19:53:03] System.INFO: Route successfully added to Container {"uri":"~^language$~"} []
[2018-11-02 19:53:03] System.INFO: Route successfully added to Container {"uri":"~^[:params:]?/?oathmaster/?[:named:]?$|^[:params:]?/?observer/?[:named:]?$~"} []
[2018-11-02 19:53:03] System.INFO: Route successfully added to Container {"uri":"~^[:params:]?/?rules/?$~"} []
[2018-11-02 19:53:03] System.INFO: Route successfully added to Container {"uri":"~^[:params:]?/?bloodnamed/?$~"} []
[2018-11-02 19:53:03] System.INFO: Route successfully added to Container {"uri":"~^coinMachine/getResult/?$~"} []
[2018-11-02 19:53:03] System.INFO: Route successfully added to Container {"uri":"~^[:params:]?/?tables/?$~"} []
[2018-11-02 19:53:03] System.INFO: Route successfully added to Container {"uri":"~^fight/save/?$~"} []
[2018-11-02 19:53:03] System.INFO: Route successfully added to Container {"uri":"~^[:params:]?/?$|^[:params:]?/?fame/?$~"} []
[2018-11-02 19:53:03] System.INFO: Shutdown and error handlers have been registered [] []
[2018-11-02 19:53:03] System.INFO: Output manager initialized [] []
[2018-11-02 19:53:03] System.INFO: Application initialized [] []
[2018-11-02 19:53:03] System.DEBUG: No hook definitions found for 'application.init.after'. Available hook definitions [["coinritual.route.beforeDispatch"]] []
[2018-11-02 19:53:03] System.INFO: Beginning process for request. ["[object] (SlaxWeb\\Router\\Request: GET /language HTTP/1.0\r\nAccept:           text/html,application/xhtml+xml,application/xml;q=0.9,*/*;q=0.8\r\nAccept-Encoding:  gzip,deflate,br\r\nConnection:       close\r\nCookie:           PHPSESSID=580sskggsohuvamo1mh8fhpuqk\r\nFrom:             googlebot(at)googlebot.com\r\nHost:             tob.clanwolf.net\r\nUser-Agent:       Mozilla/5.0 (Linux; Android 6.0.1; Nexus 5X Build/MMB29P) AppleWebKit/537.36 (KHTML, like Gecko) Chrome/41.0.2272.96 Mobile Safari/537.36 (compatible; Googlebot/2.1; +http://www.google.com/bot.html)\r\nX-Accel-Internal: /internal-nginx-static-location\r\nX-Forwarded-For:  66.249.66.94\r\nX-Real-Ip:        66.249.66.94\r\n\r\n)"] []
[2018-11-02 19:53:03] System.DEBUG: No hook definitions found for 'application.dispatch.before'. Available hook definitions [["coinritual.route.beforeDispatch"]] []
[2018-11-02 19:53:03] System.INFO: Router Dispatcher initialized [] []
[2018-11-02 19:53:03] System.INFO: Trying to find match for (GET) 'language' [] []
[2018-11-02 19:53:03] System.INFO: Route match found [] []
[2018-11-02 19:53:03] System.DEBUG: No hook definitions found for 'router.dispatcher.beforeDispatch'. Available hook definitions [["coinritual.route.beforeDispatch"]] []
[2018-11-02 19:53:03] System.INFO: Executing route definition {"name":"~^language$~","action":"[object] (Closure: {})"} []
[2018-11-02 19:53:03] System.DEBUG: No hook definitions found for 'model.translation.before.init'. Available hook definitions [["coinritual.route.beforeDispatch"]] []
[2018-11-02 19:53:03] System.DEBUG: No hook definitions found for 'model.translation.after.init'. Available hook definitions [["coinritual.route.beforeDispatch"]] []
[2018-11-02 19:53:03] System.DEBUG: No hook definitions found for 'model.translation.before.select'. Available hook definitions [["coinritual.route.beforeDispatch"]] []
[2018-11-02 19:53:03] System.DEBUG: No hook definitions found for 'model.translation.after.select'. Available hook definitions [["coinritual.route.beforeDispatch"]] []
[2018-11-02 19:53:03] System.DEBUG: No hook definitions found for 'router.dispatcher.afterDispatch'. Available hook definitions [["coinritual.route.beforeDispatch"]] []
[2018-11-02 19:53:03] System.INFO: Request has finished processing, Response is ready to be sent to caller. [] []
[2018-11-02 19:53:03] System.DEBUG: No hook definitions found for 'application.dispatch.after'. Available hook definitions [["coinritual.route.beforeDispatch"]] []
[2018-11-02 19:53:03] System.DEBUG: Time taken to finish Request processing {"start":1541188383.880455,"end":1541188383.900669,"elapsed":0.020214080810546875,"uri":"/language"} []
[2018-11-02 20:05:25] System.INFO: Hooks component initialized [] []
[2018-11-02 20:05:25] System.DEBUG: Adding definition for hook 'coinritual.route.beforeDispatch' for the first time. [] []
[2018-11-02 20:05:25] System.INFO: Route Container initialized [] []
[2018-11-02 20:05:25] System.INFO: Route successfully added to Container {"uri":"~^language$~"} []
[2018-11-02 20:05:25] System.INFO: Route successfully added to Container {"uri":"~^[:params:]?/?oathmaster/?[:named:]?$|^[:params:]?/?observer/?[:named:]?$~"} []
[2018-11-02 20:05:25] System.INFO: Route successfully added to Container {"uri":"~^[:params:]?/?rules/?$~"} []
[2018-11-02 20:05:25] System.INFO: Route successfully added to Container {"uri":"~^[:params:]?/?bloodnamed/?$~"} []
[2018-11-02 20:05:25] System.INFO: Route successfully added to Container {"uri":"~^coinMachine/getResult/?$~"} []
[2018-11-02 20:05:25] System.INFO: Route successfully added to Container {"uri":"~^[:params:]?/?tables/?$~"} []
[2018-11-02 20:05:25] System.INFO: Route successfully added to Container {"uri":"~^fight/save/?$~"} []
[2018-11-02 20:05:25] System.INFO: Route successfully added to Container {"uri":"~^[:params:]?/?$|^[:params:]?/?fame/?$~"} []
[2018-11-02 20:05:25] System.INFO: Shutdown and error handlers have been registered [] []
[2018-11-02 20:05:25] System.INFO: Output manager initialized [] []
[2018-11-02 20:05:25] System.INFO: Application initialized [] []
[2018-11-02 20:05:25] System.DEBUG: No hook definitions found for 'application.init.after'. Available hook definitions [["coinritual.route.beforeDispatch"]] []
[2018-11-02 20:05:25] System.INFO: Beginning process for request. ["[object] (SlaxWeb\\Router\\Request: GET /tables HTTP/1.0\r\nAccept:           */*\r\nAccept-Encoding:  gzip, deflate\r\nCache-Control:    no-cache\r\nConnection:       close\r\nFrom:             bingbot(at)microsoft.com\r\nHost:             tob.clanwolf.net\r\nPragma:           no-cache\r\nUser-Agent:       Mozilla/5.0 (compatible; bingbot/2.0; +http://www.bing.com/bingbot.htm)\r\nX-Accel-Internal: /internal-nginx-static-location\r\nX-Forwarded-For:  157.55.39.179\r\nX-Real-Ip:        157.55.39.179\r\n\r\n)"] []
[2018-11-02 20:05:25] System.DEBUG: No hook definitions found for 'application.dispatch.before'. Available hook definitions [["coinritual.route.beforeDispatch"]] []
[2018-11-02 20:05:25] System.INFO: Router Dispatcher initialized [] []
[2018-11-02 20:05:25] System.INFO: Trying to find match for (GET) 'tables' [] []
[2018-11-02 20:05:25] System.INFO: Route match found [] []
[2018-11-02 20:05:25] System.INFO: Calling definition for hook 'coinritual.route.beforeDispatch' [] []
[2018-11-02 20:05:25] System.DEBUG: Hook definition parameters ["[object] (SlaxWeb\\Bootstrap\\Application: {})","[object] (SlaxWeb\\Router\\Route: {})"] []
[2018-11-02 20:05:29] System.INFO: Hooks component initialized [] []
[2018-11-02 20:05:29] System.DEBUG: Adding definition for hook 'coinritual.route.beforeDispatch' for the first time. [] []
[2018-11-02 20:05:29] System.INFO: Route Container initialized [] []
[2018-11-02 20:05:29] System.INFO: Route successfully added to Container {"uri":"~^language$~"} []
[2018-11-02 20:05:29] System.INFO: Route successfully added to Container {"uri":"~^[:params:]?/?oathmaster/?[:named:]?$|^[:params:]?/?observer/?[:named:]?$~"} []
[2018-11-02 20:05:29] System.INFO: Route successfully added to Container {"uri":"~^[:params:]?/?rules/?$~"} []
[2018-11-02 20:05:29] System.INFO: Route successfully added to Container {"uri":"~^[:params:]?/?bloodnamed/?$~"} []
[2018-11-02 20:05:29] System.INFO: Route successfully added to Container {"uri":"~^coinMachine/getResult/?$~"} []
[2018-11-02 20:05:29] System.INFO: Route successfully added to Container {"uri":"~^[:params:]?/?tables/?$~"} []
[2018-11-02 20:05:29] System.INFO: Route successfully added to Container {"uri":"~^fight/save/?$~"} []
[2018-11-02 20:05:29] System.INFO: Route successfully added to Container {"uri":"~^[:params:]?/?$|^[:params:]?/?fame/?$~"} []
[2018-11-02 20:05:29] System.INFO: Shutdown and error handlers have been registered [] []
[2018-11-02 20:05:29] System.INFO: Output manager initialized [] []
[2018-11-02 20:05:29] System.INFO: Application initialized [] []
[2018-11-02 20:05:29] System.DEBUG: No hook definitions found for 'application.init.after'. Available hook definitions [["coinritual.route.beforeDispatch"]] []
[2018-11-02 20:05:29] System.INFO: Beginning process for request. ["[object] (SlaxWeb\\Router\\Request: GET /language HTTP/1.0\r\nAccept:           */*\r\nAccept-Encoding:  gzip, deflate\r\nCache-Control:    no-cache\r\nConnection:       close\r\nFrom:             bingbot(at)microsoft.com\r\nHost:             tob.clanwolf.net\r\nPragma:           no-cache\r\nUser-Agent:       Mozilla/5.0 (compatible; bingbot/2.0; +http://www.bing.com/bingbot.htm)\r\nX-Accel-Internal: /internal-nginx-static-location\r\nX-Forwarded-For:  157.55.39.179\r\nX-Real-Ip:        157.55.39.179\r\n\r\n)"] []
[2018-11-02 20:05:29] System.DEBUG: No hook definitions found for 'application.dispatch.before'. Available hook definitions [["coinritual.route.beforeDispatch"]] []
[2018-11-02 20:05:29] System.INFO: Router Dispatcher initialized [] []
[2018-11-02 20:05:29] System.INFO: Trying to find match for (GET) 'language' [] []
[2018-11-02 20:05:29] System.INFO: Route match found [] []
[2018-11-02 20:05:29] System.DEBUG: No hook definitions found for 'router.dispatcher.beforeDispatch'. Available hook definitions [["coinritual.route.beforeDispatch"]] []
[2018-11-02 20:05:29] System.INFO: Executing route definition {"name":"~^language$~","action":"[object] (Closure: {})"} []
[2018-11-02 20:05:29] System.DEBUG: No hook definitions found for 'model.translation.before.init'. Available hook definitions [["coinritual.route.beforeDispatch"]] []
[2018-11-02 20:05:29] System.DEBUG: No hook definitions found for 'model.translation.after.init'. Available hook definitions [["coinritual.route.beforeDispatch"]] []
[2018-11-02 20:05:29] System.DEBUG: No hook definitions found for 'model.translation.before.select'. Available hook definitions [["coinritual.route.beforeDispatch"]] []
[2018-11-02 20:05:29] System.DEBUG: No hook definitions found for 'model.translation.after.select'. Available hook definitions [["coinritual.route.beforeDispatch"]] []
[2018-11-02 20:05:29] System.DEBUG: No hook definitions found for 'router.dispatcher.afterDispatch'. Available hook definitions [["coinritual.route.beforeDispatch"]] []
[2018-11-02 20:05:29] System.INFO: Request has finished processing, Response is ready to be sent to caller. [] []
[2018-11-02 20:05:29] System.DEBUG: No hook definitions found for 'application.dispatch.after'. Available hook definitions [["coinritual.route.beforeDispatch"]] []
[2018-11-02 20:05:29] System.DEBUG: Time taken to finish Request processing {"start":1541189129.152954,"end":1541189129.180489,"elapsed":0.027534961700439453,"uri":"/language"} []
