[2018-11-09 05:14:48] System.INFO: Hooks component initialized [] []
[2018-11-09 05:14:48] System.DEBUG: Adding definition for hook 'coinritual.route.beforeDispatch' for the first time. [] []
[2018-11-09 05:14:48] System.INFO: Route Container initialized [] []
[2018-11-09 05:14:48] System.INFO: Route successfully added to Container {"uri":"~^language$~"} []
[2018-11-09 05:14:48] System.INFO: Route successfully added to Container {"uri":"~^[:params:]?/?oathmaster/?[:named:]?$|^[:params:]?/?observer/?[:named:]?$~"} []
[2018-11-09 05:14:48] System.INFO: Route successfully added to Container {"uri":"~^[:params:]?/?rules/?$~"} []
[2018-11-09 05:14:48] System.INFO: Route successfully added to Container {"uri":"~^[:params:]?/?bloodnamed/?$~"} []
[2018-11-09 05:14:48] System.INFO: Route successfully added to Container {"uri":"~^coinMachine/getResult/?$~"} []
[2018-11-09 05:14:48] System.INFO: Route successfully added to Container {"uri":"~^[:params:]?/?tables/?$~"} []
[2018-11-09 05:14:48] System.INFO: Route successfully added to Container {"uri":"~^fight/save/?$~"} []
[2018-11-09 05:14:48] System.INFO: Route successfully added to Container {"uri":"~^[:params:]?/?$|^[:params:]?/?fame/?$~"} []
[2018-11-09 05:14:48] System.INFO: Shutdown and error handlers have been registered [] []
[2018-11-09 05:14:48] System.INFO: Output manager initialized [] []
[2018-11-09 05:14:48] System.INFO: Application initialized [] []
[2018-11-09 05:14:48] System.DEBUG: No hook definitions found for 'application.init.after'. Available hook definitions [["coinritual.route.beforeDispatch"]] []
[2018-11-09 05:14:48] System.INFO: Beginning process for request. ["[object] (SlaxWeb\\Router\\Request: GET /.well-known/assetlinks.json HTTP/1.0\r\nAccept:           text/html,application/xhtml+xml,application/xml;q=0.9,*/*;q=0.8\r\nAccept-Encoding:  gzip,deflate,br\r\nConnection:       close\r\nFrom:             googlebot(at)googlebot.com\r\nHost:             tob.clanwolf.net\r\nUser-Agent:       Mozilla/5.0 (compatible; Googlebot/2.1; +http://www.google.com/bot.html)\r\nX-Accel-Internal: /internal-nginx-static-location\r\nX-Forwarded-For:  66.249.66.18\r\nX-Real-Ip:        66.249.66.18\r\n\r\n)"] []
[2018-11-09 05:14:48] System.DEBUG: No hook definitions found for 'application.dispatch.before'. Available hook definitions [["coinritual.route.beforeDispatch"]] []
[2018-11-09 05:14:48] System.INFO: Router Dispatcher initialized [] []
[2018-11-09 05:14:48] System.INFO: Trying to find match for (GET) '.well-known/assetlinks.json' [] []
[2018-11-09 05:14:48] System.INFO: Route match found [] []
[2018-11-09 05:14:48] System.INFO: Calling definition for hook 'coinritual.route.beforeDispatch' [] []
[2018-11-09 05:14:48] System.DEBUG: Hook definition parameters ["[object] (SlaxWeb\\Bootstrap\\Application: {})","[object] (SlaxWeb\\Router\\Route: {})"] []
[2018-11-09 05:14:49] System.INFO: Hooks component initialized [] []
[2018-11-09 05:14:49] System.DEBUG: Adding definition for hook 'coinritual.route.beforeDispatch' for the first time. [] []
[2018-11-09 05:14:49] System.INFO: Route Container initialized [] []
[2018-11-09 05:14:49] System.INFO: Route successfully added to Container {"uri":"~^language$~"} []
[2018-11-09 05:14:49] System.INFO: Route successfully added to Container {"uri":"~^[:params:]?/?oathmaster/?[:named:]?$|^[:params:]?/?observer/?[:named:]?$~"} []
[2018-11-09 05:14:49] System.INFO: Route successfully added to Container {"uri":"~^[:params:]?/?rules/?$~"} []
[2018-11-09 05:14:49] System.INFO: Route successfully added to Container {"uri":"~^[:params:]?/?bloodnamed/?$~"} []
[2018-11-09 05:14:49] System.INFO: Route successfully added to Container {"uri":"~^coinMachine/getResult/?$~"} []
[2018-11-09 05:14:49] System.INFO: Route successfully added to Container {"uri":"~^[:params:]?/?tables/?$~"} []
[2018-11-09 05:14:49] System.INFO: Route successfully added to Container {"uri":"~^fight/save/?$~"} []
[2018-11-09 05:14:49] System.INFO: Route successfully added to Container {"uri":"~^[:params:]?/?$|^[:params:]?/?fame/?$~"} []
[2018-11-09 05:14:49] System.INFO: Shutdown and error handlers have been registered [] []
[2018-11-09 05:14:49] System.INFO: Output manager initialized [] []
[2018-11-09 05:14:49] System.INFO: Application initialized [] []
[2018-11-09 05:14:49] System.DEBUG: No hook definitions found for 'application.init.after'. Available hook definitions [["coinritual.route.beforeDispatch"]] []
[2018-11-09 05:14:49] System.INFO: Beginning process for request. ["[object] (SlaxWeb\\Router\\Request: GET /language HTTP/1.0\r\nAccept:           text/html,application/xhtml+xml,application/xml;q=0.9,*/*;q=0.8\r\nAccept-Encoding:  gzip,deflate,br\r\nConnection:       close\r\nCookie:           PHPSESSID=7qgfs8mqsv9ia3m5bhfm6ni2gb\r\nFrom:             googlebot(at)googlebot.com\r\nHost:             tob.clanwolf.net\r\nUser-Agent:       Mozilla/5.0 (compatible; Googlebot/2.1; +http://www.google.com/bot.html)\r\nX-Accel-Internal: /internal-nginx-static-location\r\nX-Forwarded-For:  66.249.66.20\r\nX-Real-Ip:        66.249.66.20\r\n\r\n)"] []
[2018-11-09 05:14:49] System.DEBUG: No hook definitions found for 'application.dispatch.before'. Available hook definitions [["coinritual.route.beforeDispatch"]] []
[2018-11-09 05:14:49] System.INFO: Router Dispatcher initialized [] []
[2018-11-09 05:14:49] System.INFO: Trying to find match for (GET) 'language' [] []
[2018-11-09 05:14:49] System.INFO: Route match found [] []
[2018-11-09 05:14:49] System.DEBUG: No hook definitions found for 'router.dispatcher.beforeDispatch'. Available hook definitions [["coinritual.route.beforeDispatch"]] []
[2018-11-09 05:14:49] System.INFO: Executing route definition {"name":"~^language$~","action":"[object] (Closure: {})"} []
[2018-11-09 05:14:49] System.DEBUG: No hook definitions found for 'model.translation.before.init'. Available hook definitions [["coinritual.route.beforeDispatch"]] []
[2018-11-09 05:14:49] System.DEBUG: No hook definitions found for 'model.translation.after.init'. Available hook definitions [["coinritual.route.beforeDispatch"]] []
[2018-11-09 05:14:49] System.DEBUG: No hook definitions found for 'model.translation.before.select'. Available hook definitions [["coinritual.route.beforeDispatch"]] []
[2018-11-09 05:14:49] System.DEBUG: No hook definitions found for 'model.translation.after.select'. Available hook definitions [["coinritual.route.beforeDispatch"]] []
[2018-11-09 05:14:49] System.DEBUG: No hook definitions found for 'router.dispatcher.afterDispatch'. Available hook definitions [["coinritual.route.beforeDispatch"]] []
[2018-11-09 05:14:49] System.INFO: Request has finished processing, Response is ready to be sent to caller. [] []
[2018-11-09 05:14:49] System.DEBUG: No hook definitions found for 'application.dispatch.after'. Available hook definitions [["coinritual.route.beforeDispatch"]] []
[2018-11-09 05:14:49] System.DEBUG: Time taken to finish Request processing {"start":1541740489.2786,"end":1541740489.301729,"elapsed":0.023128986358642578,"uri":"/language"} []
[2018-11-09 07:11:32] System.INFO: Hooks component initialized [] []
[2018-11-09 07:11:32] System.DEBUG: Adding definition for hook 'coinritual.route.beforeDispatch' for the first time. [] []
[2018-11-09 07:11:32] System.INFO: Route Container initialized [] []
[2018-11-09 07:11:32] System.INFO: Route successfully added to Container {"uri":"~^language$~"} []
[2018-11-09 07:11:32] System.INFO: Route successfully added to Container {"uri":"~^[:params:]?/?oathmaster/?[:named:]?$|^[:params:]?/?observer/?[:named:]?$~"} []
[2018-11-09 07:11:32] System.INFO: Route successfully added to Container {"uri":"~^[:params:]?/?rules/?$~"} []
[2018-11-09 07:11:32] System.INFO: Route successfully added to Container {"uri":"~^[:params:]?/?bloodnamed/?$~"} []
[2018-11-09 07:11:32] System.INFO: Route successfully added to Container {"uri":"~^coinMachine/getResult/?$~"} []
[2018-11-09 07:11:32] System.INFO: Route successfully added to Container {"uri":"~^[:params:]?/?tables/?$~"} []
[2018-11-09 07:11:32] System.INFO: Route successfully added to Container {"uri":"~^fight/save/?$~"} []
[2018-11-09 07:11:32] System.INFO: Route successfully added to Container {"uri":"~^[:params:]?/?$|^[:params:]?/?fame/?$~"} []
[2018-11-09 07:11:32] System.INFO: Shutdown and error handlers have been registered [] []
[2018-11-09 07:11:32] System.INFO: Output manager initialized [] []
[2018-11-09 07:11:32] System.INFO: Application initialized [] []
[2018-11-09 07:11:32] System.DEBUG: No hook definitions found for 'application.init.after'. Available hook definitions [["coinritual.route.beforeDispatch"]] []
[2018-11-09 07:11:32] System.INFO: Beginning process for request. ["[object] (SlaxWeb\\Router\\Request: GET /index.php?/home HTTP/1.0\r\nAccept:           text/html,application/xhtml+xml,application/xml;q=0.9,*/*;q=0.8\r\nAccept-Encoding:  gzip,deflate,br\r\nConnection:       close\r\nFrom:             googlebot(at)googlebot.com\r\nHost:             tob.clanwolf.net\r\nUser-Agent:       Mozilla/5.0 (Linux; Android 6.0.1; Nexus 5X Build/MMB29P) AppleWebKit/537.36 (KHTML, like Gecko) Chrome/41.0.2272.96 Mobile Safari/537.36 (compatible; Googlebot/2.1; +http://www.google.com/bot.html)\r\nX-Accel-Internal: /internal-nginx-static-location\r\nX-Forwarded-For:  66.249.66.93\r\nX-Real-Ip:        66.249.66.93\r\n\r\n)"] []
[2018-11-09 07:11:32] System.DEBUG: No hook definitions found for 'application.dispatch.before'. Available hook definitions [["coinritual.route.beforeDispatch"]] []
[2018-11-09 07:11:32] System.INFO: Router Dispatcher initialized [] []
[2018-11-09 07:11:32] System.INFO: Trying to find match for (GET) '' [] []
[2018-11-09 07:11:32] System.INFO: Route match found [] []
[2018-11-09 07:11:32] System.INFO: Calling definition for hook 'coinritual.route.beforeDispatch' [] []
[2018-11-09 07:11:32] System.DEBUG: Hook definition parameters ["[object] (SlaxWeb\\Bootstrap\\Application: {})","[object] (SlaxWeb\\Router\\Route: {})"] []
[2018-11-09 07:11:33] System.INFO: Hooks component initialized [] []
[2018-11-09 07:11:33] System.DEBUG: Adding definition for hook 'coinritual.route.beforeDispatch' for the first time. [] []
[2018-11-09 07:11:33] System.INFO: Route Container initialized [] []
[2018-11-09 07:11:33] System.INFO: Route successfully added to Container {"uri":"~^language$~"} []
[2018-11-09 07:11:33] System.INFO: Route successfully added to Container {"uri":"~^[:params:]?/?oathmaster/?[:named:]?$|^[:params:]?/?observer/?[:named:]?$~"} []
[2018-11-09 07:11:33] System.INFO: Route successfully added to Container {"uri":"~^[:params:]?/?rules/?$~"} []
[2018-11-09 07:11:33] System.INFO: Route successfully added to Container {"uri":"~^[:params:]?/?bloodnamed/?$~"} []
[2018-11-09 07:11:33] System.INFO: Route successfully added to Container {"uri":"~^coinMachine/getResult/?$~"} []
[2018-11-09 07:11:33] System.INFO: Route successfully added to Container {"uri":"~^[:params:]?/?tables/?$~"} []
[2018-11-09 07:11:33] System.INFO: Route successfully added to Container {"uri":"~^fight/save/?$~"} []
[2018-11-09 07:11:33] System.INFO: Route successfully added to Container {"uri":"~^[:params:]?/?$|^[:params:]?/?fame/?$~"} []
[2018-11-09 07:11:33] System.INFO: Shutdown and error handlers have been registered [] []
[2018-11-09 07:11:33] System.INFO: Output manager initialized [] []
[2018-11-09 07:11:33] System.INFO: Application initialized [] []
[2018-11-09 07:11:33] System.DEBUG: No hook definitions found for 'application.init.after'. Available hook definitions [["coinritual.route.beforeDispatch"]] []
[2018-11-09 07:11:33] System.INFO: Beginning process for request. ["[object] (SlaxWeb\\Router\\Request: GET /language HTTP/1.0\r\nAccept:           text/html,application/xhtml+xml,application/xml;q=0.9,*/*;q=0.8\r\nAccept-Encoding:  gzip,deflate,br\r\nConnection:       close\r\nCookie:           PHPSESSID=vpqrk8f8nrdmjh9usg43j0emup\r\nFrom:             googlebot(at)googlebot.com\r\nHost:             tob.clanwolf.net\r\nUser-Agent:       Mozilla/5.0 (Linux; Android 6.0.1; Nexus 5X Build/MMB29P) AppleWebKit/537.36 (KHTML, like Gecko) Chrome/41.0.2272.96 Mobile Safari/537.36 (compatible; Googlebot/2.1; +http://www.google.com/bot.html)\r\nX-Accel-Internal: /internal-nginx-static-location\r\nX-Forwarded-For:  66.249.66.93\r\nX-Real-Ip:        66.249.66.93\r\n\r\n)"] []
[2018-11-09 07:11:33] System.DEBUG: No hook definitions found for 'application.dispatch.before'. Available hook definitions [["coinritual.route.beforeDispatch"]] []
[2018-11-09 07:11:33] System.INFO: Router Dispatcher initialized [] []
[2018-11-09 07:11:33] System.INFO: Trying to find match for (GET) 'language' [] []
[2018-11-09 07:11:33] System.INFO: Route match found [] []
[2018-11-09 07:11:33] System.DEBUG: No hook definitions found for 'router.dispatcher.beforeDispatch'. Available hook definitions [["coinritual.route.beforeDispatch"]] []
[2018-11-09 07:11:33] System.INFO: Executing route definition {"name":"~^language$~","action":"[object] (Closure: {})"} []
[2018-11-09 07:11:33] System.DEBUG: No hook definitions found for 'model.translation.before.init'. Available hook definitions [["coinritual.route.beforeDispatch"]] []
[2018-11-09 07:11:33] System.DEBUG: No hook definitions found for 'model.translation.after.init'. Available hook definitions [["coinritual.route.beforeDispatch"]] []
[2018-11-09 07:11:33] System.DEBUG: No hook definitions found for 'model.translation.before.select'. Available hook definitions [["coinritual.route.beforeDispatch"]] []
[2018-11-09 07:11:33] System.DEBUG: No hook definitions found for 'model.translation.after.select'. Available hook definitions [["coinritual.route.beforeDispatch"]] []
[2018-11-09 07:11:33] System.DEBUG: No hook definitions found for 'router.dispatcher.afterDispatch'. Available hook definitions [["coinritual.route.beforeDispatch"]] []
[2018-11-09 07:11:33] System.INFO: Request has finished processing, Response is ready to be sent to caller. [] []
[2018-11-09 07:11:33] System.DEBUG: No hook definitions found for 'application.dispatch.after'. Available hook definitions [["coinritual.route.beforeDispatch"]] []
[2018-11-09 07:11:33] System.DEBUG: Time taken to finish Request processing {"start":1541747493.209639,"end":1541747493.22904,"elapsed":0.019400835037231445,"uri":"/language"} []
[2018-11-09 07:41:20] System.INFO: Hooks component initialized [] []
[2018-11-09 07:41:20] System.DEBUG: Adding definition for hook 'coinritual.route.beforeDispatch' for the first time. [] []
[2018-11-09 07:41:20] System.INFO: Route Container initialized [] []
[2018-11-09 07:41:20] System.INFO: Route successfully added to Container {"uri":"~^language$~"} []
[2018-11-09 07:41:20] System.INFO: Route successfully added to Container {"uri":"~^[:params:]?/?oathmaster/?[:named:]?$|^[:params:]?/?observer/?[:named:]?$~"} []
[2018-11-09 07:41:20] System.INFO: Route successfully added to Container {"uri":"~^[:params:]?/?rules/?$~"} []
[2018-11-09 07:41:20] System.INFO: Route successfully added to Container {"uri":"~^[:params:]?/?bloodnamed/?$~"} []
[2018-11-09 07:41:20] System.INFO: Route successfully added to Container {"uri":"~^coinMachine/getResult/?$~"} []
[2018-11-09 07:41:20] System.INFO: Route successfully added to Container {"uri":"~^[:params:]?/?tables/?$~"} []
[2018-11-09 07:41:20] System.INFO: Route successfully added to Container {"uri":"~^fight/save/?$~"} []
[2018-11-09 07:41:20] System.INFO: Route successfully added to Container {"uri":"~^[:params:]?/?$|^[:params:]?/?fame/?$~"} []
[2018-11-09 07:41:20] System.INFO: Shutdown and error handlers have been registered [] []
[2018-11-09 07:41:20] System.INFO: Output manager initialized [] []
[2018-11-09 07:41:20] System.INFO: Application initialized [] []
[2018-11-09 07:41:20] System.DEBUG: No hook definitions found for 'application.init.after'. Available hook definitions [["coinritual.route.beforeDispatch"]] []
[2018-11-09 07:41:20] System.INFO: Beginning process for request. ["[object] (SlaxWeb\\Router\\Request: GET / HTTP/1.0\r\nAccept:           */*\r\nAccept-Encoding:  gzip, deflate\r\nCache-Control:    no-cache\r\nConnection:       close\r\nFrom:             bingbot(at)microsoft.com\r\nHost:             tob.clanwolf.net\r\nPragma:           no-cache\r\nUser-Agent:       Mozilla/5.0 (compatible; bingbot/2.0; +http://www.bing.com/bingbot.htm)\r\nX-Accel-Internal: /internal-nginx-static-location\r\nX-Forwarded-For:  40.77.167.102\r\nX-Real-Ip:        40.77.167.102\r\n\r\n)"] []
[2018-11-09 07:41:20] System.DEBUG: No hook definitions found for 'application.dispatch.before'. Available hook definitions [["coinritual.route.beforeDispatch"]] []
[2018-11-09 07:41:20] System.INFO: Router Dispatcher initialized [] []
[2018-11-09 07:41:20] System.INFO: Trying to find match for (GET) '' [] []
[2018-11-09 07:41:20] System.INFO: Route match found [] []
[2018-11-09 07:41:20] System.INFO: Calling definition for hook 'coinritual.route.beforeDispatch' [] []
[2018-11-09 07:41:20] System.DEBUG: Hook definition parameters ["[object] (SlaxWeb\\Bootstrap\\Application: {})","[object] (SlaxWeb\\Router\\Route: {})"] []
[2018-11-09 09:28:14] System.INFO: Hooks component initialized [] []
[2018-11-09 09:28:14] System.DEBUG: Adding definition for hook 'coinritual.route.beforeDispatch' for the first time. [] []
[2018-11-09 09:28:14] System.INFO: Route Container initialized [] []
[2018-11-09 09:28:14] System.INFO: Route successfully added to Container {"uri":"~^language$~"} []
[2018-11-09 09:28:14] System.INFO: Route successfully added to Container {"uri":"~^[:params:]?/?oathmaster/?[:named:]?$|^[:params:]?/?observer/?[:named:]?$~"} []
[2018-11-09 09:28:14] System.INFO: Route successfully added to Container {"uri":"~^[:params:]?/?rules/?$~"} []
[2018-11-09 09:28:14] System.INFO: Route successfully added to Container {"uri":"~^[:params:]?/?bloodnamed/?$~"} []
[2018-11-09 09:28:14] System.INFO: Route successfully added to Container {"uri":"~^coinMachine/getResult/?$~"} []
[2018-11-09 09:28:14] System.INFO: Route successfully added to Container {"uri":"~^[:params:]?/?tables/?$~"} []
[2018-11-09 09:28:14] System.INFO: Route successfully added to Container {"uri":"~^fight/save/?$~"} []
[2018-11-09 09:28:14] System.INFO: Route successfully added to Container {"uri":"~^[:params:]?/?$|^[:params:]?/?fame/?$~"} []
[2018-11-09 09:28:14] System.INFO: Shutdown and error handlers have been registered [] []
[2018-11-09 09:28:14] System.INFO: Output manager initialized [] []
[2018-11-09 09:28:14] System.INFO: Application initialized [] []
[2018-11-09 09:28:14] System.DEBUG: No hook definitions found for 'application.init.after'. Available hook definitions [["coinritual.route.beforeDispatch"]] []
[2018-11-09 09:28:14] System.INFO: Beginning process for request. ["[object] (SlaxWeb\\Router\\Request: GET /index.php?/oathmaster HTTP/1.0\r\nAccept:           */*\r\nAccept-Encoding:  gzip, deflate\r\nCache-Control:    no-cache\r\nConnection:       close\r\nFrom:             bingbot(at)microsoft.com\r\nHost:             tob.clanwolf.net\r\nPragma:           no-cache\r\nUser-Agent:       Mozilla/5.0 (compatible; bingbot/2.0; +http://www.bing.com/bingbot.htm)\r\nX-Accel-Internal: /internal-nginx-static-location\r\nX-Forwarded-For:  40.77.167.89\r\nX-Real-Ip:        40.77.167.89\r\n\r\n)"] []
[2018-11-09 09:28:14] System.DEBUG: No hook definitions found for 'application.dispatch.before'. Available hook definitions [["coinritual.route.beforeDispatch"]] []
[2018-11-09 09:28:14] System.INFO: Router Dispatcher initialized [] []
[2018-11-09 09:28:14] System.INFO: Trying to find match for (GET) '' [] []
[2018-11-09 09:28:14] System.INFO: Route match found [] []
[2018-11-09 09:28:14] System.INFO: Calling definition for hook 'coinritual.route.beforeDispatch' [] []
[2018-11-09 09:28:14] System.DEBUG: Hook definition parameters ["[object] (SlaxWeb\\Bootstrap\\Application: {})","[object] (SlaxWeb\\Router\\Route: {})"] []
[2018-11-09 09:28:16] System.INFO: Hooks component initialized [] []
[2018-11-09 09:28:16] System.DEBUG: Adding definition for hook 'coinritual.route.beforeDispatch' for the first time. [] []
[2018-11-09 09:28:16] System.INFO: Route Container initialized [] []
[2018-11-09 09:28:16] System.INFO: Route successfully added to Container {"uri":"~^language$~"} []
[2018-11-09 09:28:16] System.INFO: Route successfully added to Container {"uri":"~^[:params:]?/?oathmaster/?[:named:]?$|^[:params:]?/?observer/?[:named:]?$~"} []
[2018-11-09 09:28:16] System.INFO: Route successfully added to Container {"uri":"~^[:params:]?/?rules/?$~"} []
[2018-11-09 09:28:16] System.INFO: Route successfully added to Container {"uri":"~^[:params:]?/?bloodnamed/?$~"} []
[2018-11-09 09:28:16] System.INFO: Route successfully added to Container {"uri":"~^coinMachine/getResult/?$~"} []
[2018-11-09 09:28:16] System.INFO: Route successfully added to Container {"uri":"~^[:params:]?/?tables/?$~"} []
[2018-11-09 09:28:16] System.INFO: Route successfully added to Container {"uri":"~^fight/save/?$~"} []
[2018-11-09 09:28:16] System.INFO: Route successfully added to Container {"uri":"~^[:params:]?/?$|^[:params:]?/?fame/?$~"} []
[2018-11-09 09:28:16] System.INFO: Shutdown and error handlers have been registered [] []
[2018-11-09 09:28:16] System.INFO: Output manager initialized [] []
[2018-11-09 09:28:16] System.INFO: Application initialized [] []
[2018-11-09 09:28:16] System.DEBUG: No hook definitions found for 'application.init.after'. Available hook definitions [["coinritual.route.beforeDispatch"]] []
[2018-11-09 09:28:16] System.INFO: Beginning process for request. ["[object] (SlaxWeb\\Router\\Request: GET /language HTTP/1.0\r\nAccept:           */*\r\nAccept-Encoding:  gzip, deflate\r\nCache-Control:    no-cache\r\nConnection:       close\r\nFrom:             bingbot(at)microsoft.com\r\nHost:             tob.clanwolf.net\r\nPragma:           no-cache\r\nUser-Agent:       Mozilla/5.0 (compatible; bingbot/2.0; +http://www.bing.com/bingbot.htm)\r\nX-Accel-Internal: /internal-nginx-static-location\r\nX-Forwarded-For:  40.77.167.89\r\nX-Real-Ip:        40.77.167.89\r\n\r\n)"] []
[2018-11-09 09:28:16] System.DEBUG: No hook definitions found for 'application.dispatch.before'. Available hook definitions [["coinritual.route.beforeDispatch"]] []
[2018-11-09 09:28:16] System.INFO: Router Dispatcher initialized [] []
[2018-11-09 09:28:16] System.INFO: Trying to find match for (GET) 'language' [] []
[2018-11-09 09:28:16] System.INFO: Route match found [] []
[2018-11-09 09:28:16] System.DEBUG: No hook definitions found for 'router.dispatcher.beforeDispatch'. Available hook definitions [["coinritual.route.beforeDispatch"]] []
[2018-11-09 09:28:16] System.INFO: Executing route definition {"name":"~^language$~","action":"[object] (Closure: {})"} []
[2018-11-09 09:28:16] System.DEBUG: No hook definitions found for 'model.translation.before.init'. Available hook definitions [["coinritual.route.beforeDispatch"]] []
[2018-11-09 09:28:16] System.DEBUG: No hook definitions found for 'model.translation.after.init'. Available hook definitions [["coinritual.route.beforeDispatch"]] []
[2018-11-09 09:28:16] System.DEBUG: No hook definitions found for 'model.translation.before.select'. Available hook definitions [["coinritual.route.beforeDispatch"]] []
[2018-11-09 09:28:16] System.DEBUG: No hook definitions found for 'model.translation.after.select'. Available hook definitions [["coinritual.route.beforeDispatch"]] []
[2018-11-09 09:28:16] System.DEBUG: No hook definitions found for 'router.dispatcher.afterDispatch'. Available hook definitions [["coinritual.route.beforeDispatch"]] []
[2018-11-09 09:28:16] System.INFO: Request has finished processing, Response is ready to be sent to caller. [] []
[2018-11-09 09:28:16] System.DEBUG: No hook definitions found for 'application.dispatch.after'. Available hook definitions [["coinritual.route.beforeDispatch"]] []
[2018-11-09 09:28:16] System.DEBUG: Time taken to finish Request processing {"start":1541755696.222208,"end":1541755696.243542,"elapsed":0.021333932876586914,"uri":"/language"} []
[2018-11-09 14:17:29] System.INFO: Hooks component initialized [] []
[2018-11-09 14:17:29] System.DEBUG: Adding definition for hook 'coinritual.route.beforeDispatch' for the first time. [] []
[2018-11-09 14:17:29] System.INFO: Route Container initialized [] []
[2018-11-09 14:17:29] System.INFO: Route successfully added to Container {"uri":"~^language$~"} []
[2018-11-09 14:17:29] System.INFO: Route successfully added to Container {"uri":"~^[:params:]?/?oathmaster/?[:named:]?$|^[:params:]?/?observer/?[:named:]?$~"} []
[2018-11-09 14:17:29] System.INFO: Route successfully added to Container {"uri":"~^[:params:]?/?rules/?$~"} []
[2018-11-09 14:17:29] System.INFO: Route successfully added to Container {"uri":"~^[:params:]?/?bloodnamed/?$~"} []
[2018-11-09 14:17:29] System.INFO: Route successfully added to Container {"uri":"~^coinMachine/getResult/?$~"} []
[2018-11-09 14:17:29] System.INFO: Route successfully added to Container {"uri":"~^[:params:]?/?tables/?$~"} []
[2018-11-09 14:17:29] System.INFO: Route successfully added to Container {"uri":"~^fight/save/?$~"} []
[2018-11-09 14:17:29] System.INFO: Route successfully added to Container {"uri":"~^[:params:]?/?$|^[:params:]?/?fame/?$~"} []
[2018-11-09 14:17:29] System.INFO: Shutdown and error handlers have been registered [] []
[2018-11-09 14:17:29] System.INFO: Output manager initialized [] []
[2018-11-09 14:17:29] System.INFO: Application initialized [] []
[2018-11-09 14:17:29] System.DEBUG: No hook definitions found for 'application.init.after'. Available hook definitions [["coinritual.route.beforeDispatch"]] []
[2018-11-09 14:17:29] System.INFO: Beginning process for request. ["[object] (SlaxWeb\\Router\\Request: GET / HTTP/1.0\r\nAccept:           text/html,application/xhtml+xml,application/xml;q=0.9,*/*;q=0.8\r\nAccept-Encoding:  gzip,deflate,br\r\nConnection:       close\r\nFrom:             googlebot(at)googlebot.com\r\nHost:             tob.clanwolf.net\r\nUser-Agent:       Mozilla/5.0 (Linux; Android 6.0.1; Nexus 5X Build/MMB29P) AppleWebKit/537.36 (KHTML, like Gecko) Chrome/41.0.2272.96 Mobile Safari/537.36 (compatible; Googlebot/2.1; +http://www.google.com/bot.html)\r\nX-Accel-Internal: /internal-nginx-static-location\r\nX-Forwarded-For:  66.249.66.92\r\nX-Real-Ip:        66.249.66.92\r\n\r\n)"] []
[2018-11-09 14:17:29] System.DEBUG: No hook definitions found for 'application.dispatch.before'. Available hook definitions [["coinritual.route.beforeDispatch"]] []
[2018-11-09 14:17:29] System.INFO: Router Dispatcher initialized [] []
[2018-11-09 14:17:29] System.INFO: Trying to find match for (GET) '' [] []
[2018-11-09 14:17:29] System.INFO: Route match found [] []
[2018-11-09 14:17:29] System.INFO: Calling definition for hook 'coinritual.route.beforeDispatch' [] []
[2018-11-09 14:17:29] System.DEBUG: Hook definition parameters ["[object] (SlaxWeb\\Bootstrap\\Application: {})","[object] (SlaxWeb\\Router\\Route: {})"] []
[2018-11-09 14:17:30] System.INFO: Hooks component initialized [] []
[2018-11-09 14:17:30] System.DEBUG: Adding definition for hook 'coinritual.route.beforeDispatch' for the first time. [] []
[2018-11-09 14:17:30] System.INFO: Route Container initialized [] []
[2018-11-09 14:17:30] System.INFO: Route successfully added to Container {"uri":"~^language$~"} []
[2018-11-09 14:17:30] System.INFO: Route successfully added to Container {"uri":"~^[:params:]?/?oathmaster/?[:named:]?$|^[:params:]?/?observer/?[:named:]?$~"} []
[2018-11-09 14:17:30] System.INFO: Route successfully added to Container {"uri":"~^[:params:]?/?rules/?$~"} []
[2018-11-09 14:17:30] System.INFO: Route successfully added to Container {"uri":"~^[:params:]?/?bloodnamed/?$~"} []
[2018-11-09 14:17:30] System.INFO: Route successfully added to Container {"uri":"~^coinMachine/getResult/?$~"} []
[2018-11-09 14:17:30] System.INFO: Route successfully added to Container {"uri":"~^[:params:]?/?tables/?$~"} []
[2018-11-09 14:17:30] System.INFO: Route successfully added to Container {"uri":"~^fight/save/?$~"} []
[2018-11-09 14:17:30] System.INFO: Route successfully added to Container {"uri":"~^[:params:]?/?$|^[:params:]?/?fame/?$~"} []
[2018-11-09 14:17:30] System.INFO: Shutdown and error handlers have been registered [] []
[2018-11-09 14:17:30] System.INFO: Output manager initialized [] []
[2018-11-09 14:17:30] System.INFO: Application initialized [] []
[2018-11-09 14:17:30] System.DEBUG: No hook definitions found for 'application.init.after'. Available hook definitions [["coinritual.route.beforeDispatch"]] []
[2018-11-09 14:17:30] System.INFO: Beginning process for request. ["[object] (SlaxWeb\\Router\\Request: GET /language HTTP/1.0\r\nAccept:           text/html,application/xhtml+xml,application/xml;q=0.9,*/*;q=0.8\r\nAccept-Encoding:  gzip,deflate,br\r\nConnection:       close\r\nCookie:           PHPSESSID=ff4b2qf4jjs3ie4nglnenc5pcf\r\nFrom:             googlebot(at)googlebot.com\r\nHost:             tob.clanwolf.net\r\nUser-Agent:       Mozilla/5.0 (Linux; Android 6.0.1; Nexus 5X Build/MMB29P) AppleWebKit/537.36 (KHTML, like Gecko) Chrome/41.0.2272.96 Mobile Safari/537.36 (compatible; Googlebot/2.1; +http://www.google.com/bot.html)\r\nX-Accel-Internal: /internal-nginx-static-location\r\nX-Forwarded-For:  66.249.66.93\r\nX-Real-Ip:        66.249.66.93\r\n\r\n)"] []
[2018-11-09 14:17:30] System.DEBUG: No hook definitions found for 'application.dispatch.before'. Available hook definitions [["coinritual.route.beforeDispatch"]] []
[2018-11-09 14:17:30] System.INFO: Router Dispatcher initialized [] []
[2018-11-09 14:17:30] System.INFO: Trying to find match for (GET) 'language' [] []
[2018-11-09 14:17:30] System.INFO: Route match found [] []
[2018-11-09 14:17:30] System.DEBUG: No hook definitions found for 'router.dispatcher.beforeDispatch'. Available hook definitions [["coinritual.route.beforeDispatch"]] []
[2018-11-09 14:17:30] System.INFO: Executing route definition {"name":"~^language$~","action":"[object] (Closure: {})"} []
[2018-11-09 14:17:30] System.DEBUG: No hook definitions found for 'model.translation.before.init'. Available hook definitions [["coinritual.route.beforeDispatch"]] []
[2018-11-09 14:17:30] System.DEBUG: No hook definitions found for 'model.translation.after.init'. Available hook definitions [["coinritual.route.beforeDispatch"]] []
[2018-11-09 14:17:30] System.DEBUG: No hook definitions found for 'model.translation.before.select'. Available hook definitions [["coinritual.route.beforeDispatch"]] []
[2018-11-09 14:17:30] System.DEBUG: No hook definitions found for 'model.translation.after.select'. Available hook definitions [["coinritual.route.beforeDispatch"]] []
[2018-11-09 14:17:30] System.DEBUG: No hook definitions found for 'router.dispatcher.afterDispatch'. Available hook definitions [["coinritual.route.beforeDispatch"]] []
[2018-11-09 14:17:30] System.INFO: Request has finished processing, Response is ready to be sent to caller. [] []
[2018-11-09 14:17:30] System.DEBUG: No hook definitions found for 'application.dispatch.after'. Available hook definitions [["coinritual.route.beforeDispatch"]] []
[2018-11-09 14:17:30] System.DEBUG: Time taken to finish Request processing {"start":1541773050.610168,"end":1541773050.632801,"elapsed":0.022633075714111328,"uri":"/language"} []
[2018-11-09 19:11:03] System.INFO: Hooks component initialized [] []
[2018-11-09 19:11:03] System.DEBUG: Adding definition for hook 'coinritual.route.beforeDispatch' for the first time. [] []
[2018-11-09 19:11:03] System.INFO: Route Container initialized [] []
[2018-11-09 19:11:03] System.INFO: Route successfully added to Container {"uri":"~^language$~"} []
[2018-11-09 19:11:03] System.INFO: Route successfully added to Container {"uri":"~^[:params:]?/?oathmaster/?[:named:]?$|^[:params:]?/?observer/?[:named:]?$~"} []
[2018-11-09 19:11:03] System.INFO: Route successfully added to Container {"uri":"~^[:params:]?/?rules/?$~"} []
[2018-11-09 19:11:03] System.INFO: Route successfully added to Container {"uri":"~^[:params:]?/?bloodnamed/?$~"} []
[2018-11-09 19:11:03] System.INFO: Route successfully added to Container {"uri":"~^coinMachine/getResult/?$~"} []
[2018-11-09 19:11:03] System.INFO: Route successfully added to Container {"uri":"~^[:params:]?/?tables/?$~"} []
[2018-11-09 19:11:03] System.INFO: Route successfully added to Container {"uri":"~^fight/save/?$~"} []
[2018-11-09 19:11:03] System.INFO: Route successfully added to Container {"uri":"~^[:params:]?/?$|^[:params:]?/?fame/?$~"} []
[2018-11-09 19:11:03] System.INFO: Shutdown and error handlers have been registered [] []
[2018-11-09 19:11:03] System.INFO: Output manager initialized [] []
[2018-11-09 19:11:03] System.INFO: Application initialized [] []
[2018-11-09 19:11:03] System.DEBUG: No hook definitions found for 'application.init.after'. Available hook definitions [["coinritual.route.beforeDispatch"]] []
[2018-11-09 19:11:03] System.INFO: Beginning process for request. ["[object] (SlaxWeb\\Router\\Request: GET / HTTP/1.0\r\nAccept:           */*\r\nAccept-Encoding:  gzip, deflate\r\nCache-Control:    no-cache\r\nConnection:       close\r\nFrom:             bingbot(at)microsoft.com\r\nHost:             tob.clanwolf.net\r\nPragma:           no-cache\r\nUser-Agent:       Mozilla/5.0 (compatible; bingbot/2.0; +http://www.bing.com/bingbot.htm)\r\nX-Accel-Internal: /internal-nginx-static-location\r\nX-Forwarded-For:  40.77.167.102\r\nX-Real-Ip:        40.77.167.102\r\n\r\n)"] []
[2018-11-09 19:11:03] System.DEBUG: No hook definitions found for 'application.dispatch.before'. Available hook definitions [["coinritual.route.beforeDispatch"]] []
[2018-11-09 19:11:03] System.INFO: Router Dispatcher initialized [] []
[2018-11-09 19:11:03] System.INFO: Trying to find match for (GET) '' [] []
[2018-11-09 19:11:03] System.INFO: Route match found [] []
[2018-11-09 19:11:03] System.INFO: Calling definition for hook 'coinritual.route.beforeDispatch' [] []
[2018-11-09 19:11:03] System.DEBUG: Hook definition parameters ["[object] (SlaxWeb\\Bootstrap\\Application: {})","[object] (SlaxWeb\\Router\\Route: {})"] []
[2018-11-09 19:11:07] System.INFO: Hooks component initialized [] []
[2018-11-09 19:11:07] System.DEBUG: Adding definition for hook 'coinritual.route.beforeDispatch' for the first time. [] []
[2018-11-09 19:11:07] System.INFO: Route Container initialized [] []
[2018-11-09 19:11:07] System.INFO: Route successfully added to Container {"uri":"~^language$~"} []
[2018-11-09 19:11:07] System.INFO: Route successfully added to Container {"uri":"~^[:params:]?/?oathmaster/?[:named:]?$|^[:params:]?/?observer/?[:named:]?$~"} []
[2018-11-09 19:11:07] System.INFO: Route successfully added to Container {"uri":"~^[:params:]?/?rules/?$~"} []
[2018-11-09 19:11:07] System.INFO: Route successfully added to Container {"uri":"~^[:params:]?/?bloodnamed/?$~"} []
[2018-11-09 19:11:07] System.INFO: Route successfully added to Container {"uri":"~^coinMachine/getResult/?$~"} []
[2018-11-09 19:11:07] System.INFO: Route successfully added to Container {"uri":"~^[:params:]?/?tables/?$~"} []
[2018-11-09 19:11:07] System.INFO: Route successfully added to Container {"uri":"~^fight/save/?$~"} []
[2018-11-09 19:11:07] System.INFO: Route successfully added to Container {"uri":"~^[:params:]?/?$|^[:params:]?/?fame/?$~"} []
[2018-11-09 19:11:07] System.INFO: Shutdown and error handlers have been registered [] []
[2018-11-09 19:11:07] System.INFO: Output manager initialized [] []
[2018-11-09 19:11:07] System.INFO: Application initialized [] []
[2018-11-09 19:11:07] System.DEBUG: No hook definitions found for 'application.init.after'. Available hook definitions [["coinritual.route.beforeDispatch"]] []
[2018-11-09 19:11:07] System.INFO: Beginning process for request. ["[object] (SlaxWeb\\Router\\Request: GET /language HTTP/1.0\r\nAccept:           */*\r\nAccept-Encoding:  gzip, deflate\r\nCache-Control:    no-cache\r\nConnection:       close\r\nFrom:             bingbot(at)microsoft.com\r\nHost:             tob.clanwolf.net\r\nPragma:           no-cache\r\nUser-Agent:       Mozilla/5.0 (compatible; bingbot/2.0; +http://www.bing.com/bingbot.htm)\r\nX-Accel-Internal: /internal-nginx-static-location\r\nX-Forwarded-For:  40.77.167.102\r\nX-Real-Ip:        40.77.167.102\r\n\r\n)"] []
[2018-11-09 19:11:07] System.DEBUG: No hook definitions found for 'application.dispatch.before'. Available hook definitions [["coinritual.route.beforeDispatch"]] []
[2018-11-09 19:11:07] System.INFO: Router Dispatcher initialized [] []
[2018-11-09 19:11:07] System.INFO: Trying to find match for (GET) 'language' [] []
[2018-11-09 19:11:07] System.INFO: Route match found [] []
[2018-11-09 19:11:07] System.DEBUG: No hook definitions found for 'router.dispatcher.beforeDispatch'. Available hook definitions [["coinritual.route.beforeDispatch"]] []
[2018-11-09 19:11:07] System.INFO: Executing route definition {"name":"~^language$~","action":"[object] (Closure: {})"} []
[2018-11-09 19:11:07] System.DEBUG: No hook definitions found for 'model.translation.before.init'. Available hook definitions [["coinritual.route.beforeDispatch"]] []
[2018-11-09 19:11:07] System.DEBUG: No hook definitions found for 'model.translation.after.init'. Available hook definitions [["coinritual.route.beforeDispatch"]] []
[2018-11-09 19:11:07] System.DEBUG: No hook definitions found for 'model.translation.before.select'. Available hook definitions [["coinritual.route.beforeDispatch"]] []
[2018-11-09 19:11:07] System.DEBUG: No hook definitions found for 'model.translation.after.select'. Available hook definitions [["coinritual.route.beforeDispatch"]] []
[2018-11-09 19:11:07] System.DEBUG: No hook definitions found for 'router.dispatcher.afterDispatch'. Available hook definitions [["coinritual.route.beforeDispatch"]] []
[2018-11-09 19:11:07] System.INFO: Request has finished processing, Response is ready to be sent to caller. [] []
[2018-11-09 19:11:07] System.DEBUG: No hook definitions found for 'application.dispatch.after'. Available hook definitions [["coinritual.route.beforeDispatch"]] []
[2018-11-09 19:11:07] System.DEBUG: Time taken to finish Request processing {"start":1541790667.747175,"end":1541790667.773226,"elapsed":0.026051044464111328,"uri":"/language"} []
[2018-11-09 22:03:15] System.INFO: Hooks component initialized [] []
[2018-11-09 22:03:15] System.DEBUG: Adding definition for hook 'coinritual.route.beforeDispatch' for the first time. [] []
[2018-11-09 22:03:15] System.INFO: Route Container initialized [] []
[2018-11-09 22:03:15] System.INFO: Route successfully added to Container {"uri":"~^language$~"} []
[2018-11-09 22:03:15] System.INFO: Route successfully added to Container {"uri":"~^[:params:]?/?oathmaster/?[:named:]?$|^[:params:]?/?observer/?[:named:]?$~"} []
[2018-11-09 22:03:15] System.INFO: Route successfully added to Container {"uri":"~^[:params:]?/?rules/?$~"} []
[2018-11-09 22:03:15] System.INFO: Route successfully added to Container {"uri":"~^[:params:]?/?bloodnamed/?$~"} []
[2018-11-09 22:03:15] System.INFO: Route successfully added to Container {"uri":"~^coinMachine/getResult/?$~"} []
[2018-11-09 22:03:15] System.INFO: Route successfully added to Container {"uri":"~^[:params:]?/?tables/?$~"} []
[2018-11-09 22:03:15] System.INFO: Route successfully added to Container {"uri":"~^fight/save/?$~"} []
[2018-11-09 22:03:15] System.INFO: Route successfully added to Container {"uri":"~^[:params:]?/?$|^[:params:]?/?fame/?$~"} []
[2018-11-09 22:03:15] System.INFO: Shutdown and error handlers have been registered [] []
[2018-11-09 22:03:15] System.INFO: Output manager initialized [] []
[2018-11-09 22:03:15] System.INFO: Application initialized [] []
[2018-11-09 22:03:15] System.DEBUG: No hook definitions found for 'application.init.after'. Available hook definitions [["coinritual.route.beforeDispatch"]] []
[2018-11-09 22:03:15] System.INFO: Beginning process for request. ["[object] (SlaxWeb\\Router\\Request: GET / HTTP/1.0\r\nAccept:           */*\r\nAccept-Encoding:  gzip, deflate\r\nCache-Control:    no-cache\r\nConnection:       close\r\nFrom:             bingbot(at)microsoft.com\r\nHost:             tob.clanwolf.net\r\nPragma:           no-cache\r\nUser-Agent:       Mozilla/5.0 (compatible; bingbot/2.0; +http://www.bing.com/bingbot.htm)\r\nX-Accel-Internal: /internal-nginx-static-location\r\nX-Forwarded-For:  40.77.167.102\r\nX-Real-Ip:        40.77.167.102\r\n\r\n)"] []
[2018-11-09 22:03:15] System.DEBUG: No hook definitions found for 'application.dispatch.before'. Available hook definitions [["coinritual.route.beforeDispatch"]] []
[2018-11-09 22:03:15] System.INFO: Router Dispatcher initialized [] []
[2018-11-09 22:03:15] System.INFO: Trying to find match for (GET) '' [] []
[2018-11-09 22:03:15] System.INFO: Route match found [] []
[2018-11-09 22:03:15] System.INFO: Calling definition for hook 'coinritual.route.beforeDispatch' [] []
[2018-11-09 22:03:15] System.DEBUG: Hook definition parameters ["[object] (SlaxWeb\\Bootstrap\\Application: {})","[object] (SlaxWeb\\Router\\Route: {})"] []
[2018-11-09 22:51:32] System.INFO: Hooks component initialized [] []
[2018-11-09 22:51:32] System.DEBUG: Adding definition for hook 'coinritual.route.beforeDispatch' for the first time. [] []
[2018-11-09 22:51:32] System.INFO: Route Container initialized [] []
[2018-11-09 22:51:32] System.INFO: Route successfully added to Container {"uri":"~^language$~"} []
[2018-11-09 22:51:32] System.INFO: Route successfully added to Container {"uri":"~^[:params:]?/?oathmaster/?[:named:]?$|^[:params:]?/?observer/?[:named:]?$~"} []
[2018-11-09 22:51:32] System.INFO: Route successfully added to Container {"uri":"~^[:params:]?/?rules/?$~"} []
[2018-11-09 22:51:32] System.INFO: Route successfully added to Container {"uri":"~^[:params:]?/?bloodnamed/?$~"} []
[2018-11-09 22:51:32] System.INFO: Route successfully added to Container {"uri":"~^coinMachine/getResult/?$~"} []
[2018-11-09 22:51:32] System.INFO: Route successfully added to Container {"uri":"~^[:params:]?/?tables/?$~"} []
[2018-11-09 22:51:32] System.INFO: Route successfully added to Container {"uri":"~^fight/save/?$~"} []
[2018-11-09 22:51:32] System.INFO: Route successfully added to Container {"uri":"~^[:params:]?/?$|^[:params:]?/?fame/?$~"} []
[2018-11-09 22:51:32] System.INFO: Shutdown and error handlers have been registered [] []
[2018-11-09 22:51:32] System.INFO: Output manager initialized [] []
[2018-11-09 22:51:32] System.INFO: Application initialized [] []
[2018-11-09 22:51:32] System.DEBUG: No hook definitions found for 'application.init.after'. Available hook definitions [["coinritual.route.beforeDispatch"]] []
[2018-11-09 22:51:32] System.INFO: Beginning process for request. ["[object] (SlaxWeb\\Router\\Request: GET /home HTTP/1.0\r\nAccept:           */*\r\nAccept-Language:  en-US\r\nConnection:       close\r\nHost:             tob.clanwolf.net\r\nUser-Agent:       Mozilla/5.0 (compatible; Baiduspider/2.0; +http://www.baidu.com/search/spider.html)\r\nX-Accel-Internal: /internal-nginx-static-location\r\nX-Forwarded-For:  180.76.15.149\r\nX-Real-Ip:        180.76.15.149\r\n\r\n)"] []
[2018-11-09 22:51:32] System.DEBUG: No hook definitions found for 'application.dispatch.before'. Available hook definitions [["coinritual.route.beforeDispatch"]] []
[2018-11-09 22:51:32] System.INFO: Router Dispatcher initialized [] []
[2018-11-09 22:51:32] System.INFO: Trying to find match for (GET) 'home' [] []
[2018-11-09 22:51:32] System.INFO: Route match found [] []
[2018-11-09 22:51:32] System.INFO: Calling definition for hook 'coinritual.route.beforeDispatch' [] []
[2018-11-09 22:51:32] System.DEBUG: Hook definition parameters ["[object] (SlaxWeb\\Bootstrap\\Application: {})","[object] (SlaxWeb\\Router\\Route: {})"] []
