[2018-11-04 02:29:59] System.INFO: Hooks component initialized [] []
[2018-11-04 02:29:59] System.DEBUG: Adding definition for hook 'coinritual.route.beforeDispatch' for the first time. [] []
[2018-11-04 02:29:59] System.INFO: Route Container initialized [] []
[2018-11-04 02:29:59] System.INFO: Route successfully added to Container {"uri":"~^language$~"} []
[2018-11-04 02:29:59] System.INFO: Route successfully added to Container {"uri":"~^[:params:]?/?oathmaster/?[:named:]?$|^[:params:]?/?observer/?[:named:]?$~"} []
[2018-11-04 02:29:59] System.INFO: Route successfully added to Container {"uri":"~^[:params:]?/?rules/?$~"} []
[2018-11-04 02:29:59] System.INFO: Route successfully added to Container {"uri":"~^[:params:]?/?bloodnamed/?$~"} []
[2018-11-04 02:29:59] System.INFO: Route successfully added to Container {"uri":"~^coinMachine/getResult/?$~"} []
[2018-11-04 02:29:59] System.INFO: Route successfully added to Container {"uri":"~^[:params:]?/?tables/?$~"} []
[2018-11-04 02:29:59] System.INFO: Route successfully added to Container {"uri":"~^fight/save/?$~"} []
[2018-11-04 02:29:59] System.INFO: Route successfully added to Container {"uri":"~^[:params:]?/?$|^[:params:]?/?fame/?$~"} []
[2018-11-04 02:29:59] System.INFO: Shutdown and error handlers have been registered [] []
[2018-11-04 02:29:59] System.INFO: Output manager initialized [] []
[2018-11-04 02:29:59] System.INFO: Application initialized [] []
[2018-11-04 02:29:59] System.DEBUG: No hook definitions found for 'application.init.after'. Available hook definitions [["coinritual.route.beforeDispatch"]] []
[2018-11-04 02:29:59] System.INFO: Beginning process for request. ["[object] (SlaxWeb\\Router\\Request: GET /index.php?/sjsujfglchvl.html HTTP/1.0\r\nAccept:           text/html,application/xhtml+xml,application/xml;q=0.9,*/*;q=0.8\r\nAccept-Encoding:  gzip,deflate,br\r\nConnection:       close\r\nFrom:             googlebot(at)googlebot.com\r\nHost:             tob.clanwolf.net\r\nUser-Agent:       Mozilla/5.0 (compatible; Googlebot/2.1; +http://www.google.com/bot.html)\r\nX-Accel-Internal: /internal-nginx-static-location\r\nX-Forwarded-For:  66.249.66.94\r\nX-Real-Ip:        66.249.66.94\r\n\r\n)"] []
[2018-11-04 02:29:59] System.DEBUG: No hook definitions found for 'application.dispatch.before'. Available hook definitions [["coinritual.route.beforeDispatch"]] []
[2018-11-04 02:29:59] System.INFO: Router Dispatcher initialized [] []
[2018-11-04 02:29:59] System.INFO: Trying to find match for (GET) '' [] []
[2018-11-04 02:29:59] System.INFO: Route match found [] []
[2018-11-04 02:29:59] System.INFO: Calling definition for hook 'coinritual.route.beforeDispatch' [] []
[2018-11-04 02:29:59] System.DEBUG: Hook definition parameters ["[object] (SlaxWeb\\Bootstrap\\Application: {})","[object] (SlaxWeb\\Router\\Route: {})"] []
[2018-11-04 02:29:59] System.INFO: Hooks component initialized [] []
[2018-11-04 02:29:59] System.DEBUG: Adding definition for hook 'coinritual.route.beforeDispatch' for the first time. [] []
[2018-11-04 02:29:59] System.INFO: Route Container initialized [] []
[2018-11-04 02:29:59] System.INFO: Route successfully added to Container {"uri":"~^language$~"} []
[2018-11-04 02:29:59] System.INFO: Route successfully added to Container {"uri":"~^[:params:]?/?oathmaster/?[:named:]?$|^[:params:]?/?observer/?[:named:]?$~"} []
[2018-11-04 02:29:59] System.INFO: Route successfully added to Container {"uri":"~^[:params:]?/?rules/?$~"} []
[2018-11-04 02:29:59] System.INFO: Route successfully added to Container {"uri":"~^[:params:]?/?bloodnamed/?$~"} []
[2018-11-04 02:29:59] System.INFO: Route successfully added to Container {"uri":"~^coinMachine/getResult/?$~"} []
[2018-11-04 02:29:59] System.INFO: Route successfully added to Container {"uri":"~^[:params:]?/?tables/?$~"} []
[2018-11-04 02:29:59] System.INFO: Route successfully added to Container {"uri":"~^fight/save/?$~"} []
[2018-11-04 02:29:59] System.INFO: Route successfully added to Container {"uri":"~^[:params:]?/?$|^[:params:]?/?fame/?$~"} []
[2018-11-04 02:29:59] System.INFO: Shutdown and error handlers have been registered [] []
[2018-11-04 02:29:59] System.INFO: Output manager initialized [] []
[2018-11-04 02:29:59] System.INFO: Application initialized [] []
[2018-11-04 02:29:59] System.DEBUG: No hook definitions found for 'application.init.after'. Available hook definitions [["coinritual.route.beforeDispatch"]] []
[2018-11-04 02:29:59] System.INFO: Beginning process for request. ["[object] (SlaxWeb\\Router\\Request: GET /language HTTP/1.0\r\nAccept:           text/html,application/xhtml+xml,application/xml;q=0.9,*/*;q=0.8\r\nAccept-Encoding:  gzip,deflate,br\r\nConnection:       close\r\nCookie:           PHPSESSID=ijbvj9v8iro96k4gm03qfoc911\r\nFrom:             googlebot(at)googlebot.com\r\nHost:             tob.clanwolf.net\r\nUser-Agent:       Mozilla/5.0 (compatible; Googlebot/2.1; +http://www.google.com/bot.html)\r\nX-Accel-Internal: /internal-nginx-static-location\r\nX-Forwarded-For:  66.249.66.94\r\nX-Real-Ip:        66.249.66.94\r\n\r\n)"] []
[2018-11-04 02:29:59] System.DEBUG: No hook definitions found for 'application.dispatch.before'. Available hook definitions [["coinritual.route.beforeDispatch"]] []
[2018-11-04 02:29:59] System.INFO: Router Dispatcher initialized [] []
[2018-11-04 02:29:59] System.INFO: Trying to find match for (GET) 'language' [] []
[2018-11-04 02:29:59] System.INFO: Route match found [] []
[2018-11-04 02:29:59] System.DEBUG: No hook definitions found for 'router.dispatcher.beforeDispatch'. Available hook definitions [["coinritual.route.beforeDispatch"]] []
[2018-11-04 02:29:59] System.INFO: Executing route definition {"name":"~^language$~","action":"[object] (Closure: {})"} []
[2018-11-04 02:29:59] System.DEBUG: No hook definitions found for 'model.translation.before.init'. Available hook definitions [["coinritual.route.beforeDispatch"]] []
[2018-11-04 02:29:59] System.DEBUG: No hook definitions found for 'model.translation.after.init'. Available hook definitions [["coinritual.route.beforeDispatch"]] []
[2018-11-04 02:29:59] System.DEBUG: No hook definitions found for 'model.translation.before.select'. Available hook definitions [["coinritual.route.beforeDispatch"]] []
[2018-11-04 02:29:59] System.DEBUG: No hook definitions found for 'model.translation.after.select'. Available hook definitions [["coinritual.route.beforeDispatch"]] []
[2018-11-04 02:29:59] System.DEBUG: No hook definitions found for 'router.dispatcher.afterDispatch'. Available hook definitions [["coinritual.route.beforeDispatch"]] []
[2018-11-04 02:29:59] System.INFO: Request has finished processing, Response is ready to be sent to caller. [] []
[2018-11-04 02:29:59] System.DEBUG: No hook definitions found for 'application.dispatch.after'. Available hook definitions [["coinritual.route.beforeDispatch"]] []
[2018-11-04 02:29:59] System.DEBUG: Time taken to finish Request processing {"start":1541298599.556639,"end":1541298599.665023,"elapsed":0.1083841323852539,"uri":"/language"} []
[2018-11-04 04:21:23] System.INFO: Hooks component initialized [] []
[2018-11-04 04:21:23] System.DEBUG: Adding definition for hook 'coinritual.route.beforeDispatch' for the first time. [] []
[2018-11-04 04:21:23] System.INFO: Route Container initialized [] []
[2018-11-04 04:21:23] System.INFO: Route successfully added to Container {"uri":"~^language$~"} []
[2018-11-04 04:21:23] System.INFO: Route successfully added to Container {"uri":"~^[:params:]?/?oathmaster/?[:named:]?$|^[:params:]?/?observer/?[:named:]?$~"} []
[2018-11-04 04:21:23] System.INFO: Route successfully added to Container {"uri":"~^[:params:]?/?rules/?$~"} []
[2018-11-04 04:21:23] System.INFO: Route successfully added to Container {"uri":"~^[:params:]?/?bloodnamed/?$~"} []
[2018-11-04 04:21:23] System.INFO: Route successfully added to Container {"uri":"~^coinMachine/getResult/?$~"} []
[2018-11-04 04:21:23] System.INFO: Route successfully added to Container {"uri":"~^[:params:]?/?tables/?$~"} []
[2018-11-04 04:21:23] System.INFO: Route successfully added to Container {"uri":"~^fight/save/?$~"} []
[2018-11-04 04:21:23] System.INFO: Route successfully added to Container {"uri":"~^[:params:]?/?$|^[:params:]?/?fame/?$~"} []
[2018-11-04 04:21:23] System.INFO: Shutdown and error handlers have been registered [] []
[2018-11-04 04:21:23] System.INFO: Output manager initialized [] []
[2018-11-04 04:21:23] System.INFO: Application initialized [] []
[2018-11-04 04:21:23] System.DEBUG: No hook definitions found for 'application.init.after'. Available hook definitions [["coinritual.route.beforeDispatch"]] []
[2018-11-04 04:21:23] System.INFO: Beginning process for request. ["[object] (SlaxWeb\\Router\\Request: GET / HTTP/1.0\r\nAccept:           */*\r\nAccept-Encoding:  gzip, deflate\r\nCache-Control:    no-cache\r\nConnection:       close\r\nFrom:             bingbot(at)microsoft.com\r\nHost:             tob.clanwolf.net\r\nPragma:           no-cache\r\nUser-Agent:       Mozilla/5.0 (compatible; bingbot/2.0; +http://www.bing.com/bingbot.htm)\r\nX-Accel-Internal: /internal-nginx-static-location\r\nX-Forwarded-For:  207.46.13.29\r\nX-Real-Ip:        207.46.13.29\r\n\r\n)"] []
[2018-11-04 04:21:23] System.DEBUG: No hook definitions found for 'application.dispatch.before'. Available hook definitions [["coinritual.route.beforeDispatch"]] []
[2018-11-04 04:21:23] System.INFO: Router Dispatcher initialized [] []
[2018-11-04 04:21:23] System.INFO: Trying to find match for (GET) '' [] []
[2018-11-04 04:21:23] System.INFO: Route match found [] []
[2018-11-04 04:21:23] System.INFO: Calling definition for hook 'coinritual.route.beforeDispatch' [] []
[2018-11-04 04:21:23] System.DEBUG: Hook definition parameters ["[object] (SlaxWeb\\Bootstrap\\Application: {})","[object] (SlaxWeb\\Router\\Route: {})"] []
[2018-11-04 04:27:56] System.INFO: Hooks component initialized [] []
[2018-11-04 04:27:56] System.DEBUG: Adding definition for hook 'coinritual.route.beforeDispatch' for the first time. [] []
[2018-11-04 04:27:56] System.INFO: Route Container initialized [] []
[2018-11-04 04:27:56] System.INFO: Route successfully added to Container {"uri":"~^language$~"} []
[2018-11-04 04:27:56] System.INFO: Route successfully added to Container {"uri":"~^[:params:]?/?oathmaster/?[:named:]?$|^[:params:]?/?observer/?[:named:]?$~"} []
[2018-11-04 04:27:56] System.INFO: Route successfully added to Container {"uri":"~^[:params:]?/?rules/?$~"} []
[2018-11-04 04:27:56] System.INFO: Route successfully added to Container {"uri":"~^[:params:]?/?bloodnamed/?$~"} []
[2018-11-04 04:27:56] System.INFO: Route successfully added to Container {"uri":"~^coinMachine/getResult/?$~"} []
[2018-11-04 04:27:56] System.INFO: Route successfully added to Container {"uri":"~^[:params:]?/?tables/?$~"} []
[2018-11-04 04:27:56] System.INFO: Route successfully added to Container {"uri":"~^fight/save/?$~"} []
[2018-11-04 04:27:56] System.INFO: Route successfully added to Container {"uri":"~^[:params:]?/?$|^[:params:]?/?fame/?$~"} []
[2018-11-04 04:27:56] System.INFO: Shutdown and error handlers have been registered [] []
[2018-11-04 04:27:56] System.INFO: Output manager initialized [] []
[2018-11-04 04:27:56] System.INFO: Application initialized [] []
[2018-11-04 04:27:56] System.DEBUG: No hook definitions found for 'application.init.after'. Available hook definitions [["coinritual.route.beforeDispatch"]] []
[2018-11-04 04:27:56] System.INFO: Beginning process for request. ["[object] (SlaxWeb\\Router\\Request: GET / HTTP/1.0\r\nAccept:           text/html,application/xhtml+xml,application/xml;q=0.9,*/*;q=0.8\r\nAccept-Encoding:  gzip,deflate,br\r\nConnection:       close\r\nFrom:             googlebot(at)googlebot.com\r\nHost:             tob.clanwolf.net\r\nUser-Agent:       Mozilla/5.0 (Linux; Android 6.0.1; Nexus 5X Build/MMB29P) AppleWebKit/537.36 (KHTML, like Gecko) Chrome/41.0.2272.96 Mobile Safari/537.36 (compatible; Googlebot/2.1; +http://www.google.com/bot.html)\r\nX-Accel-Internal: /internal-nginx-static-location\r\nX-Forwarded-For:  66.249.66.93\r\nX-Real-Ip:        66.249.66.93\r\n\r\n)"] []
[2018-11-04 04:27:56] System.DEBUG: No hook definitions found for 'application.dispatch.before'. Available hook definitions [["coinritual.route.beforeDispatch"]] []
[2018-11-04 04:27:56] System.INFO: Router Dispatcher initialized [] []
[2018-11-04 04:27:56] System.INFO: Trying to find match for (GET) '' [] []
[2018-11-04 04:27:56] System.INFO: Route match found [] []
[2018-11-04 04:27:56] System.INFO: Calling definition for hook 'coinritual.route.beforeDispatch' [] []
[2018-11-04 04:27:56] System.DEBUG: Hook definition parameters ["[object] (SlaxWeb\\Bootstrap\\Application: {})","[object] (SlaxWeb\\Router\\Route: {})"] []
[2018-11-04 04:28:01] System.INFO: Hooks component initialized [] []
[2018-11-04 04:28:01] System.DEBUG: Adding definition for hook 'coinritual.route.beforeDispatch' for the first time. [] []
[2018-11-04 04:28:01] System.INFO: Route Container initialized [] []
[2018-11-04 04:28:01] System.INFO: Route successfully added to Container {"uri":"~^language$~"} []
[2018-11-04 04:28:01] System.INFO: Route successfully added to Container {"uri":"~^[:params:]?/?oathmaster/?[:named:]?$|^[:params:]?/?observer/?[:named:]?$~"} []
[2018-11-04 04:28:01] System.INFO: Route successfully added to Container {"uri":"~^[:params:]?/?rules/?$~"} []
[2018-11-04 04:28:01] System.INFO: Route successfully added to Container {"uri":"~^[:params:]?/?bloodnamed/?$~"} []
[2018-11-04 04:28:01] System.INFO: Route successfully added to Container {"uri":"~^coinMachine/getResult/?$~"} []
[2018-11-04 04:28:01] System.INFO: Route successfully added to Container {"uri":"~^[:params:]?/?tables/?$~"} []
[2018-11-04 04:28:01] System.INFO: Route successfully added to Container {"uri":"~^fight/save/?$~"} []
[2018-11-04 04:28:01] System.INFO: Route successfully added to Container {"uri":"~^[:params:]?/?$|^[:params:]?/?fame/?$~"} []
[2018-11-04 04:28:01] System.INFO: Shutdown and error handlers have been registered [] []
[2018-11-04 04:28:01] System.INFO: Output manager initialized [] []
[2018-11-04 04:28:01] System.INFO: Application initialized [] []
[2018-11-04 04:28:01] System.DEBUG: No hook definitions found for 'application.init.after'. Available hook definitions [["coinritual.route.beforeDispatch"]] []
[2018-11-04 04:28:01] System.INFO: Beginning process for request. ["[object] (SlaxWeb\\Router\\Request: GET /language HTTP/1.0\r\nAccept:           text/html,application/xhtml+xml,application/xml;q=0.9,*/*;q=0.8\r\nAccept-Encoding:  gzip,deflate,br\r\nConnection:       close\r\nCookie:           PHPSESSID=7mt2agjqcde5ecooeqbsrftd88\r\nFrom:             googlebot(at)googlebot.com\r\nHost:             tob.clanwolf.net\r\nUser-Agent:       Mozilla/5.0 (Linux; Android 6.0.1; Nexus 5X Build/MMB29P) AppleWebKit/537.36 (KHTML, like Gecko) Chrome/41.0.2272.96 Mobile Safari/537.36 (compatible; Googlebot/2.1; +http://www.google.com/bot.html)\r\nX-Accel-Internal: /internal-nginx-static-location\r\nX-Forwarded-For:  66.249.66.94\r\nX-Real-Ip:        66.249.66.94\r\n\r\n)"] []
[2018-11-04 04:28:01] System.DEBUG: No hook definitions found for 'application.dispatch.before'. Available hook definitions [["coinritual.route.beforeDispatch"]] []
[2018-11-04 04:28:01] System.INFO: Router Dispatcher initialized [] []
[2018-11-04 04:28:01] System.INFO: Trying to find match for (GET) 'language' [] []
[2018-11-04 04:28:01] System.INFO: Route match found [] []
[2018-11-04 04:28:01] System.DEBUG: No hook definitions found for 'router.dispatcher.beforeDispatch'. Available hook definitions [["coinritual.route.beforeDispatch"]] []
[2018-11-04 04:28:01] System.INFO: Executing route definition {"name":"~^language$~","action":"[object] (Closure: {})"} []
[2018-11-04 04:28:01] System.DEBUG: No hook definitions found for 'model.translation.before.init'. Available hook definitions [["coinritual.route.beforeDispatch"]] []
[2018-11-04 04:28:01] System.DEBUG: No hook definitions found for 'model.translation.after.init'. Available hook definitions [["coinritual.route.beforeDispatch"]] []
[2018-11-04 04:28:01] System.DEBUG: No hook definitions found for 'model.translation.before.select'. Available hook definitions [["coinritual.route.beforeDispatch"]] []
[2018-11-04 04:28:01] System.DEBUG: No hook definitions found for 'model.translation.after.select'. Available hook definitions [["coinritual.route.beforeDispatch"]] []
[2018-11-04 04:28:01] System.DEBUG: No hook definitions found for 'router.dispatcher.afterDispatch'. Available hook definitions [["coinritual.route.beforeDispatch"]] []
[2018-11-04 04:28:01] System.INFO: Request has finished processing, Response is ready to be sent to caller. [] []
[2018-11-04 04:28:01] System.DEBUG: No hook definitions found for 'application.dispatch.after'. Available hook definitions [["coinritual.route.beforeDispatch"]] []
[2018-11-04 04:28:01] System.DEBUG: Time taken to finish Request processing {"start":1541305681.332474,"end":1541305681.601148,"elapsed":0.2686738967895508,"uri":"/language"} []
[2018-11-04 17:10:01] System.INFO: Hooks component initialized [] []
[2018-11-04 17:10:01] System.DEBUG: Adding definition for hook 'coinritual.route.beforeDispatch' for the first time. [] []
[2018-11-04 17:10:01] System.INFO: Route Container initialized [] []
[2018-11-04 17:10:01] System.INFO: Route successfully added to Container {"uri":"~^language$~"} []
[2018-11-04 17:10:01] System.INFO: Route successfully added to Container {"uri":"~^[:params:]?/?oathmaster/?[:named:]?$|^[:params:]?/?observer/?[:named:]?$~"} []
[2018-11-04 17:10:01] System.INFO: Route successfully added to Container {"uri":"~^[:params:]?/?rules/?$~"} []
[2018-11-04 17:10:01] System.INFO: Route successfully added to Container {"uri":"~^[:params:]?/?bloodnamed/?$~"} []
[2018-11-04 17:10:01] System.INFO: Route successfully added to Container {"uri":"~^coinMachine/getResult/?$~"} []
[2018-11-04 17:10:01] System.INFO: Route successfully added to Container {"uri":"~^[:params:]?/?tables/?$~"} []
[2018-11-04 17:10:01] System.INFO: Route successfully added to Container {"uri":"~^fight/save/?$~"} []
[2018-11-04 17:10:01] System.INFO: Route successfully added to Container {"uri":"~^[:params:]?/?$|^[:params:]?/?fame/?$~"} []
[2018-11-04 17:10:01] System.INFO: Shutdown and error handlers have been registered [] []
[2018-11-04 17:10:01] System.INFO: Output manager initialized [] []
[2018-11-04 17:10:01] System.INFO: Application initialized [] []
[2018-11-04 17:10:01] System.DEBUG: No hook definitions found for 'application.init.after'. Available hook definitions [["coinritual.route.beforeDispatch"]] []
[2018-11-04 17:10:01] System.INFO: Beginning process for request. ["[object] (SlaxWeb\\Router\\Request: GET / HTTP/1.0\r\nAccept:           */*\r\nAccept-Encoding:  gzip,deflate\r\nAccept-Language:  ru, uk;q=0.8, be;q=0.8, en;q=0.7, *;q=0.01\r\nConnection:       close\r\nFrom:             support@search.yandex.ru\r\nHost:             tob.clanwolf.net\r\nUser-Agent:       Mozilla/5.0 (compatible; YandexBot/3.0; +http://yandex.com/bots)\r\nX-Accel-Internal: /internal-nginx-static-location\r\nX-Forwarded-For:  5.255.251.5\r\nX-Real-Ip:        5.255.251.5\r\n\r\n)"] []
[2018-11-04 17:10:01] System.DEBUG: No hook definitions found for 'application.dispatch.before'. Available hook definitions [["coinritual.route.beforeDispatch"]] []
[2018-11-04 17:10:01] System.INFO: Router Dispatcher initialized [] []
[2018-11-04 17:10:01] System.INFO: Trying to find match for (GET) '' [] []
[2018-11-04 17:10:01] System.INFO: Route match found [] []
[2018-11-04 17:10:01] System.INFO: Calling definition for hook 'coinritual.route.beforeDispatch' [] []
[2018-11-04 17:10:01] System.DEBUG: Hook definition parameters ["[object] (SlaxWeb\\Bootstrap\\Application: {})","[object] (SlaxWeb\\Router\\Route: {})"] []
[2018-11-04 17:10:12] System.INFO: Hooks component initialized [] []
[2018-11-04 17:10:12] System.DEBUG: Adding definition for hook 'coinritual.route.beforeDispatch' for the first time. [] []
[2018-11-04 17:10:12] System.INFO: Route Container initialized [] []
[2018-11-04 17:10:12] System.INFO: Route successfully added to Container {"uri":"~^language$~"} []
[2018-11-04 17:10:12] System.INFO: Route successfully added to Container {"uri":"~^[:params:]?/?oathmaster/?[:named:]?$|^[:params:]?/?observer/?[:named:]?$~"} []
[2018-11-04 17:10:12] System.INFO: Route successfully added to Container {"uri":"~^[:params:]?/?rules/?$~"} []
[2018-11-04 17:10:12] System.INFO: Route successfully added to Container {"uri":"~^[:params:]?/?bloodnamed/?$~"} []
[2018-11-04 17:10:12] System.INFO: Route successfully added to Container {"uri":"~^coinMachine/getResult/?$~"} []
[2018-11-04 17:10:12] System.INFO: Route successfully added to Container {"uri":"~^[:params:]?/?tables/?$~"} []
[2018-11-04 17:10:12] System.INFO: Route successfully added to Container {"uri":"~^fight/save/?$~"} []
[2018-11-04 17:10:12] System.INFO: Route successfully added to Container {"uri":"~^[:params:]?/?$|^[:params:]?/?fame/?$~"} []
[2018-11-04 17:10:12] System.INFO: Shutdown and error handlers have been registered [] []
[2018-11-04 17:10:12] System.INFO: Output manager initialized [] []
[2018-11-04 17:10:12] System.INFO: Application initialized [] []
[2018-11-04 17:10:12] System.DEBUG: No hook definitions found for 'application.init.after'. Available hook definitions [["coinritual.route.beforeDispatch"]] []
[2018-11-04 17:10:12] System.INFO: Beginning process for request. ["[object] (SlaxWeb\\Router\\Request: GET /language HTTP/1.0\r\nAccept:           */*\r\nAccept-Encoding:  gzip,deflate\r\nAccept-Language:  ru, uk;q=0.8, be;q=0.8, en;q=0.7, *;q=0.01\r\nConnection:       close\r\nFrom:             support@search.yandex.ru\r\nHost:             tob.clanwolf.net\r\nUser-Agent:       Mozilla/5.0 (compatible; YandexBot/3.0; +http://yandex.com/bots)\r\nX-Accel-Internal: /internal-nginx-static-location\r\nX-Forwarded-For:  141.8.141.139\r\nX-Real-Ip:        141.8.141.139\r\n\r\n)"] []
[2018-11-04 17:10:12] System.DEBUG: No hook definitions found for 'application.dispatch.before'. Available hook definitions [["coinritual.route.beforeDispatch"]] []
[2018-11-04 17:10:12] System.INFO: Router Dispatcher initialized [] []
[2018-11-04 17:10:12] System.INFO: Trying to find match for (GET) 'language' [] []
[2018-11-04 17:10:12] System.INFO: Route match found [] []
[2018-11-04 17:10:12] System.DEBUG: No hook definitions found for 'router.dispatcher.beforeDispatch'. Available hook definitions [["coinritual.route.beforeDispatch"]] []
[2018-11-04 17:10:12] System.INFO: Executing route definition {"name":"~^language$~","action":"[object] (Closure: {})"} []
[2018-11-04 17:10:12] System.DEBUG: No hook definitions found for 'model.translation.before.init'. Available hook definitions [["coinritual.route.beforeDispatch"]] []
[2018-11-04 17:10:12] System.DEBUG: No hook definitions found for 'model.translation.after.init'. Available hook definitions [["coinritual.route.beforeDispatch"]] []
[2018-11-04 17:10:12] System.DEBUG: No hook definitions found for 'model.translation.before.select'. Available hook definitions [["coinritual.route.beforeDispatch"]] []
[2018-11-04 17:10:12] System.DEBUG: No hook definitions found for 'model.translation.after.select'. Available hook definitions [["coinritual.route.beforeDispatch"]] []
[2018-11-04 17:10:12] System.DEBUG: No hook definitions found for 'router.dispatcher.afterDispatch'. Available hook definitions [["coinritual.route.beforeDispatch"]] []
[2018-11-04 17:10:12] System.INFO: Request has finished processing, Response is ready to be sent to caller. [] []
[2018-11-04 17:10:12] System.DEBUG: No hook definitions found for 'application.dispatch.after'. Available hook definitions [["coinritual.route.beforeDispatch"]] []
[2018-11-04 17:10:12] System.DEBUG: Time taken to finish Request processing {"start":1541351412.46096,"end":1541351412.588594,"elapsed":0.12763404846191406,"uri":"/language"} []
[2018-11-04 18:14:53] System.INFO: Hooks component initialized [] []
[2018-11-04 18:14:53] System.DEBUG: Adding definition for hook 'coinritual.route.beforeDispatch' for the first time. [] []
[2018-11-04 18:14:53] System.INFO: Route Container initialized [] []
[2018-11-04 18:14:53] System.INFO: Route successfully added to Container {"uri":"~^language$~"} []
[2018-11-04 18:14:53] System.INFO: Route successfully added to Container {"uri":"~^[:params:]?/?oathmaster/?[:named:]?$|^[:params:]?/?observer/?[:named:]?$~"} []
[2018-11-04 18:14:53] System.INFO: Route successfully added to Container {"uri":"~^[:params:]?/?rules/?$~"} []
[2018-11-04 18:14:53] System.INFO: Route successfully added to Container {"uri":"~^[:params:]?/?bloodnamed/?$~"} []
[2018-11-04 18:14:53] System.INFO: Route successfully added to Container {"uri":"~^coinMachine/getResult/?$~"} []
[2018-11-04 18:14:53] System.INFO: Route successfully added to Container {"uri":"~^[:params:]?/?tables/?$~"} []
[2018-11-04 18:14:53] System.INFO: Route successfully added to Container {"uri":"~^fight/save/?$~"} []
[2018-11-04 18:14:53] System.INFO: Route successfully added to Container {"uri":"~^[:params:]?/?$|^[:params:]?/?fame/?$~"} []
[2018-11-04 18:14:53] System.INFO: Shutdown and error handlers have been registered [] []
[2018-11-04 18:14:53] System.INFO: Output manager initialized [] []
[2018-11-04 18:14:53] System.INFO: Application initialized [] []
[2018-11-04 18:14:53] System.DEBUG: No hook definitions found for 'application.init.after'. Available hook definitions [["coinritual.route.beforeDispatch"]] []
[2018-11-04 18:14:53] System.INFO: Beginning process for request. ["[object] (SlaxWeb\\Router\\Request: GET / HTTP/1.0\r\nAccept:           */*\r\nAccept-Encoding:  gzip, deflate\r\nCache-Control:    no-cache\r\nConnection:       close\r\nFrom:             bingbot(at)microsoft.com\r\nHost:             tob.clanwolf.net\r\nPragma:           no-cache\r\nUser-Agent:       Mozilla/5.0 (compatible; bingbot/2.0; +http://www.bing.com/bingbot.htm)\r\nX-Accel-Internal: /internal-nginx-static-location\r\nX-Forwarded-For:  207.46.13.29\r\nX-Real-Ip:        207.46.13.29\r\n\r\n)"] []
[2018-11-04 18:14:53] System.DEBUG: No hook definitions found for 'application.dispatch.before'. Available hook definitions [["coinritual.route.beforeDispatch"]] []
[2018-11-04 18:14:53] System.INFO: Router Dispatcher initialized [] []
[2018-11-04 18:14:53] System.INFO: Trying to find match for (GET) '' [] []
[2018-11-04 18:14:53] System.INFO: Route match found [] []
[2018-11-04 18:14:53] System.INFO: Calling definition for hook 'coinritual.route.beforeDispatch' [] []
[2018-11-04 18:14:53] System.DEBUG: Hook definition parameters ["[object] (SlaxWeb\\Bootstrap\\Application: {})","[object] (SlaxWeb\\Router\\Route: {})"] []
[2018-11-04 18:14:55] System.INFO: Hooks component initialized [] []
[2018-11-04 18:14:55] System.DEBUG: Adding definition for hook 'coinritual.route.beforeDispatch' for the first time. [] []
[2018-11-04 18:14:55] System.INFO: Route Container initialized [] []
[2018-11-04 18:14:55] System.INFO: Route successfully added to Container {"uri":"~^language$~"} []
[2018-11-04 18:14:55] System.INFO: Route successfully added to Container {"uri":"~^[:params:]?/?oathmaster/?[:named:]?$|^[:params:]?/?observer/?[:named:]?$~"} []
[2018-11-04 18:14:55] System.INFO: Route successfully added to Container {"uri":"~^[:params:]?/?rules/?$~"} []
[2018-11-04 18:14:55] System.INFO: Route successfully added to Container {"uri":"~^[:params:]?/?bloodnamed/?$~"} []
[2018-11-04 18:14:55] System.INFO: Route successfully added to Container {"uri":"~^coinMachine/getResult/?$~"} []
[2018-11-04 18:14:55] System.INFO: Route successfully added to Container {"uri":"~^[:params:]?/?tables/?$~"} []
[2018-11-04 18:14:55] System.INFO: Route successfully added to Container {"uri":"~^fight/save/?$~"} []
[2018-11-04 18:14:55] System.INFO: Route successfully added to Container {"uri":"~^[:params:]?/?$|^[:params:]?/?fame/?$~"} []
[2018-11-04 18:14:55] System.INFO: Shutdown and error handlers have been registered [] []
[2018-11-04 18:14:55] System.INFO: Output manager initialized [] []
[2018-11-04 18:14:55] System.INFO: Application initialized [] []
[2018-11-04 18:14:55] System.DEBUG: No hook definitions found for 'application.init.after'. Available hook definitions [["coinritual.route.beforeDispatch"]] []
[2018-11-04 18:14:55] System.INFO: Beginning process for request. ["[object] (SlaxWeb\\Router\\Request: GET /language HTTP/1.0\r\nAccept:           */*\r\nAccept-Encoding:  gzip, deflate\r\nCache-Control:    no-cache\r\nConnection:       close\r\nFrom:             bingbot(at)microsoft.com\r\nHost:             tob.clanwolf.net\r\nPragma:           no-cache\r\nUser-Agent:       Mozilla/5.0 (compatible; bingbot/2.0; +http://www.bing.com/bingbot.htm)\r\nX-Accel-Internal: /internal-nginx-static-location\r\nX-Forwarded-For:  207.46.13.29\r\nX-Real-Ip:        207.46.13.29\r\n\r\n)"] []
[2018-11-04 18:14:55] System.DEBUG: No hook definitions found for 'application.dispatch.before'. Available hook definitions [["coinritual.route.beforeDispatch"]] []
[2018-11-04 18:14:55] System.INFO: Router Dispatcher initialized [] []
[2018-11-04 18:14:55] System.INFO: Trying to find match for (GET) 'language' [] []
[2018-11-04 18:14:55] System.INFO: Route match found [] []
[2018-11-04 18:14:55] System.DEBUG: No hook definitions found for 'router.dispatcher.beforeDispatch'. Available hook definitions [["coinritual.route.beforeDispatch"]] []
[2018-11-04 18:14:55] System.INFO: Executing route definition {"name":"~^language$~","action":"[object] (Closure: {})"} []
[2018-11-04 18:14:55] System.DEBUG: No hook definitions found for 'model.translation.before.init'. Available hook definitions [["coinritual.route.beforeDispatch"]] []
[2018-11-04 18:14:55] System.DEBUG: No hook definitions found for 'model.translation.after.init'. Available hook definitions [["coinritual.route.beforeDispatch"]] []
[2018-11-04 18:14:55] System.DEBUG: No hook definitions found for 'model.translation.before.select'. Available hook definitions [["coinritual.route.beforeDispatch"]] []
[2018-11-04 18:14:55] System.DEBUG: No hook definitions found for 'model.translation.after.select'. Available hook definitions [["coinritual.route.beforeDispatch"]] []
[2018-11-04 18:14:55] System.DEBUG: No hook definitions found for 'router.dispatcher.afterDispatch'. Available hook definitions [["coinritual.route.beforeDispatch"]] []
[2018-11-04 18:14:55] System.INFO: Request has finished processing, Response is ready to be sent to caller. [] []
[2018-11-04 18:14:55] System.DEBUG: No hook definitions found for 'application.dispatch.after'. Available hook definitions [["coinritual.route.beforeDispatch"]] []
[2018-11-04 18:14:55] System.DEBUG: Time taken to finish Request processing {"start":1541355295.150421,"end":1541355295.168811,"elapsed":0.018390178680419922,"uri":"/language"} []
[2018-11-04 19:28:03] System.INFO: Hooks component initialized [] []
[2018-11-04 19:28:03] System.DEBUG: Adding definition for hook 'coinritual.route.beforeDispatch' for the first time. [] []
[2018-11-04 19:28:03] System.INFO: Route Container initialized [] []
[2018-11-04 19:28:03] System.INFO: Route successfully added to Container {"uri":"~^language$~"} []
[2018-11-04 19:28:03] System.INFO: Route successfully added to Container {"uri":"~^[:params:]?/?oathmaster/?[:named:]?$|^[:params:]?/?observer/?[:named:]?$~"} []
[2018-11-04 19:28:03] System.INFO: Route successfully added to Container {"uri":"~^[:params:]?/?rules/?$~"} []
[2018-11-04 19:28:03] System.INFO: Route successfully added to Container {"uri":"~^[:params:]?/?bloodnamed/?$~"} []
[2018-11-04 19:28:03] System.INFO: Route successfully added to Container {"uri":"~^coinMachine/getResult/?$~"} []
[2018-11-04 19:28:03] System.INFO: Route successfully added to Container {"uri":"~^[:params:]?/?tables/?$~"} []
[2018-11-04 19:28:03] System.INFO: Route successfully added to Container {"uri":"~^fight/save/?$~"} []
[2018-11-04 19:28:03] System.INFO: Route successfully added to Container {"uri":"~^[:params:]?/?$|^[:params:]?/?fame/?$~"} []
[2018-11-04 19:28:03] System.INFO: Shutdown and error handlers have been registered [] []
[2018-11-04 19:28:03] System.INFO: Output manager initialized [] []
[2018-11-04 19:28:03] System.INFO: Application initialized [] []
[2018-11-04 19:28:03] System.DEBUG: No hook definitions found for 'application.init.after'. Available hook definitions [["coinritual.route.beforeDispatch"]] []
[2018-11-04 19:28:03] System.INFO: Beginning process for request. ["[object] (SlaxWeb\\Router\\Request: GET / HTTP/1.0\r\nAccept:           */*\r\nAccept-Encoding:  gzip, deflate\r\nCache-Control:    no-cache\r\nConnection:       close\r\nFrom:             bingbot(at)microsoft.com\r\nHost:             tob.clanwolf.net\r\nPragma:           no-cache\r\nUser-Agent:       Mozilla/5.0 (compatible; bingbot/2.0; +http://www.bing.com/bingbot.htm)\r\nX-Accel-Internal: /internal-nginx-static-location\r\nX-Forwarded-For:  207.46.13.29\r\nX-Real-Ip:        207.46.13.29\r\n\r\n)"] []
[2018-11-04 19:28:03] System.DEBUG: No hook definitions found for 'application.dispatch.before'. Available hook definitions [["coinritual.route.beforeDispatch"]] []
[2018-11-04 19:28:03] System.INFO: Router Dispatcher initialized [] []
[2018-11-04 19:28:03] System.INFO: Trying to find match for (GET) '' [] []
[2018-11-04 19:28:03] System.INFO: Route match found [] []
[2018-11-04 19:28:03] System.INFO: Calling definition for hook 'coinritual.route.beforeDispatch' [] []
[2018-11-04 19:28:03] System.DEBUG: Hook definition parameters ["[object] (SlaxWeb\\Bootstrap\\Application: {})","[object] (SlaxWeb\\Router\\Route: {})"] []
